#
# There is insufficient memory for the Java Runtime Environment to continue.
# Native memory allocation (mmap) failed to map 169869312 bytes for G1 virtual space
# Possible reasons:
#   The system is out of physical RAM or swap space
#   The process is running with CompressedOops enabled, and the Java Heap may be blocking the growth of the native heap
# Possible solutions:
#   Reduce memory load on the system
#   Increase physical memory or swap space
#   Check if swap backing store is full
#   Decrease Java heap size (-Xmx/-Xms)
#   Decrease number of Java threads
#   Decrease Java thread stack sizes (-Xss)
#   Set larger code cache with -XX:ReservedCodeCacheSize=
#   JVM is running with Zero Based Compressed Oops mode in which the Java heap is
#     placed in the first 32GB address space. The Java Heap base address is the
#     maximum limit for the native heap growth. Please use -XX:HeapBaseMinAddress
#     to set the Java Heap base and to place the Java Heap above 32GB virtual address.
# This output file may be truncated or incomplete.
#
#  Out of Memory Error (os_windows.cpp:3769), pid=11260, tid=4048
#
# JRE version: OpenJDK Runtime Environment (17.0.6) (build 17.0.6+0-b2043.56-10027231)
# Java VM: OpenJDK 64-Bit Server VM (17.0.6+0-b2043.56-10027231, mixed mode, tiered, compressed oops, compressed class ptrs, g1 gc, windows-amd64)
# No core dump will be written. Minidumps are not enabled by default on client versions of Windows
#

---------------  S U M M A R Y ------------

Command Line: org.jetbrains.kotlin.cli.jvm.K2JVMCompiler @C:\Users\Admin\AndroidStudioProjects\MoviesGearRent\app\build\20231228_14440938928334893014.compiler.options

Host: Intel(R) Core(TM) i5-8250U CPU @ 1.60GHz, 8 cores, 11G,  Windows 11 , 64 bit Build 22621 (10.0.22621.963)
Time: Thu Dec 28 10:22:21 2023 SE Asia Standard Time elapsed time: 13.468248 seconds (0d 0h 0m 13s)

---------------  T H R E A D  ---------------

Current thread (0x0000011e7fce6300):  VMThread "VM Thread" [stack: 0x000000146c000000,0x000000146c100000] [id=4048]

Stack: [0x000000146c000000,0x000000146c100000]
Native frames: (J=compiled Java code, j=interpreted, Vv=VM code, C=native code)
V  [jvm.dll+0x683c9a]
V  [jvm.dll+0x8427a4]
V  [jvm.dll+0x843f9e]
V  [jvm.dll+0x844603]
V  [jvm.dll+0x249b75]
V  [jvm.dll+0x680b69]
V  [jvm.dll+0x67505a]
V  [jvm.dll+0x309acb]
V  [jvm.dll+0x310f86]
V  [jvm.dll+0x3608ee]
V  [jvm.dll+0x360b1f]
V  [jvm.dll+0x2dfbf8]
V  [jvm.dll+0x2ddec4]
V  [jvm.dll+0x2dd4cc]
V  [jvm.dll+0x321f3b]
V  [jvm.dll+0x848ccb]
V  [jvm.dll+0x849a04]
V  [jvm.dll+0x849f1d]
V  [jvm.dll+0x84a2f4]
V  [jvm.dll+0x84a3c0]
V  [jvm.dll+0x7f274a]
V  [jvm.dll+0x682ad5]
C  [ucrtbase.dll+0x29363]
C  [KERNEL32.DLL+0x126bd]
C  [ntdll.dll+0x5dfb8]

VM_Operation (0x000000146baf31e0): G1CollectForAllocation, mode: safepoint, requested by thread 0x0000011e639c7990


---------------  P R O C E S S  ---------------

Threads class SMR info:
_java_thread_list=0x0000011e04aadac0, length=14, elements={
0x0000011e639c7990, 0x0000011e02846270, 0x0000011e02849850, 0x0000011e0285f960,
0x0000011e028861a0, 0x0000011e02860720, 0x0000011e028781c0, 0x0000011e0287d3e0,
0x0000011e0287e6a0, 0x0000011e0287f2a0, 0x0000011e02a123b0, 0x0000011e02a13f20,
0x0000011e03f25600, 0x0000011e03f27e80
}

Java Threads: ( => current thread )
  0x0000011e639c7990 JavaThread "main" [_thread_blocked, id=8784, stack(0x000000146ba00000,0x000000146bb00000)]
  0x0000011e02846270 JavaThread "Reference Handler" daemon [_thread_blocked, id=2296, stack(0x000000146c100000,0x000000146c200000)]
  0x0000011e02849850 JavaThread "Finalizer" daemon [_thread_blocked, id=696, stack(0x000000146c200000,0x000000146c300000)]
  0x0000011e0285f960 JavaThread "Signal Dispatcher" daemon [_thread_blocked, id=7140, stack(0x000000146c300000,0x000000146c400000)]
  0x0000011e028861a0 JavaThread "Attach Listener" daemon [_thread_blocked, id=6640, stack(0x000000146c400000,0x000000146c500000)]
  0x0000011e02860720 JavaThread "Service Thread" daemon [_thread_blocked, id=11180, stack(0x000000146c500000,0x000000146c600000)]
  0x0000011e028781c0 JavaThread "Monitor Deflation Thread" daemon [_thread_blocked, id=7296, stack(0x000000146c600000,0x000000146c700000)]
  0x0000011e0287d3e0 JavaThread "C2 CompilerThread0" daemon [_thread_blocked, id=8180, stack(0x000000146c700000,0x000000146c800000)]
  0x0000011e0287e6a0 JavaThread "C1 CompilerThread0" daemon [_thread_blocked, id=7800, stack(0x000000146c800000,0x000000146c900000)]
  0x0000011e0287f2a0 JavaThread "Sweeper thread" daemon [_thread_blocked, id=1660, stack(0x000000146c900000,0x000000146ca00000)]
  0x0000011e02a123b0 JavaThread "Notification Thread" daemon [_thread_blocked, id=8640, stack(0x000000146ca00000,0x000000146cb00000)]
  0x0000011e02a13f20 JavaThread "Common-Cleaner" daemon [_thread_blocked, id=5860, stack(0x000000146cc00000,0x000000146cd00000)]
  0x0000011e03f25600 JavaThread "C2 CompilerThread1" daemon [_thread_blocked, id=8032, stack(0x000000146cd00000,0x000000146ce00000)]
  0x0000011e03f27e80 JavaThread "C2 CompilerThread2" daemon [_thread_in_native, id=1900, stack(0x000000146d200000,0x000000146d300000)]

Other Threads:
=>0x0000011e7fce6300 VMThread "VM Thread" [stack: 0x000000146c000000,0x000000146c100000] [id=4048]
  0x0000011e02a13890 WatcherThread [stack: 0x000000146cb00000,0x000000146cc00000] [id=6160]
  0x0000011e63a21ee0 GCTaskThread "GC Thread#0" [stack: 0x000000146bb00000,0x000000146bc00000] [id=5356]
  0x0000011e02fd98f0 GCTaskThread "GC Thread#1" [stack: 0x000000146ce00000,0x000000146cf00000] [id=6104]
  0x0000011e02fd9ba0 GCTaskThread "GC Thread#2" [stack: 0x000000146cf00000,0x000000146d000000] [id=624]
  0x0000011e02fdd5f0 GCTaskThread "GC Thread#3" [stack: 0x000000146d000000,0x000000146d100000] [id=2732]
  0x0000011e02fcfc70 GCTaskThread "GC Thread#4" [stack: 0x000000146d100000,0x000000146d200000] [id=3660]
  0x0000011e03ce9ed0 GCTaskThread "GC Thread#5" [stack: 0x000000146d300000,0x000000146d400000] [id=6576]
  0x0000011e03fe30b0 GCTaskThread "GC Thread#6" [stack: 0x000000146d400000,0x000000146d500000] [id=9720]
  0x0000011e03f2c390 GCTaskThread "GC Thread#7" [stack: 0x000000146d500000,0x000000146d600000] [id=11160]
  0x0000011e63a4be30 ConcurrentGCThread "G1 Main Marker" [stack: 0x000000146bc00000,0x000000146bd00000] [id=1432]
  0x0000011e63a4de90 ConcurrentGCThread "G1 Conc#0" [stack: 0x000000146bd00000,0x000000146be00000] [id=10200]
  0x0000011e03f2ce50 ConcurrentGCThread "G1 Conc#1" [stack: 0x000000146d600000,0x000000146d700000] [id=6200]
  0x0000011e63a8cf10 ConcurrentGCThread "G1 Refine#0" [stack: 0x000000146be00000,0x000000146bf00000] [id=1472]
  0x0000011e63a8d7d0 ConcurrentGCThread "G1 Service" [stack: 0x000000146bf00000,0x000000146c000000] [id=1784]

Threads with active compile tasks:
C2 CompilerThread0    13492 9068       4       org.jetbrains.kotlin.protobuf.GeneratedMessageLite::parseUnknownField (518 bytes)
C2 CompilerThread1    13492 9082       4       org.jetbrains.kotlin.protobuf.SmallSortedMap::put (142 bytes)
C2 CompilerThread2    13492 9047 %     4       org.jetbrains.kotlin.cli.jvm.index.JvmDependenciesIndexImpl::search @ 178 (379 bytes)

VM state: at safepoint (normal execution)

VM Mutex/Monitor currently owned by a thread:  ([mutex/lock_event])
[0x0000011e639c3900] Threads_lock - owner thread: 0x0000011e7fce6300
[0x0000011e639c4050] Heap_lock - owner thread: 0x0000011e639c7990

Heap address: 0x0000000741c00000, size: 3044 MB, Compressed Oops mode: Zero based, Oop shift amount: 3

CDS archive(s) not mapped
Compressed class space mapped at: 0x0000000800000000-0x0000000840000000, reserved size: 1073741824
Narrow klass base: 0x0000000800000000, Narrow klass shift: 0, Narrow klass range: 0x40000000

GC Precious Log:
 CPUs: 8 total, 8 available
 Memory: 12174M
 Large Page Support: Disabled
 NUMA Support: Disabled
 Compressed Oops: Enabled (Zero based)
 Heap Region Size: 2M
 Heap Min Capacity: 8M
 Heap Initial Capacity: 192M
 Heap Max Capacity: 3044M
 Pre-touch: Disabled
 Parallel Workers: 8
 Concurrent Workers: 2
 Concurrent Refinement Workers: 8
 Periodic GC: Disabled

Heap:
 garbage-first heap   total 196608K, used 69457K [0x0000000741c00000, 0x0000000800000000)
  region size 2048K, 3 young (6144K), 3 survivors (6144K)
 Metaspace       used 64046K, committed 64384K, reserved 1105920K
  class space    used 7356K, committed 7488K, reserved 1048576K

Heap Regions: E=young(eden), S=young(survivor), O=old, HS=humongous(starts), HC=humongous(continues), CS=collection set, F=free, OA=open archive, CA=closed archive, TAMS=top-at-mark-start (previous, next)
|   0|0x0000000741c00000, 0x0000000741e00000, 0x0000000741e00000|100%|HS|  |TAMS 0x0000000741e00000, 0x0000000741c00000| Complete 
|   1|0x0000000741e00000, 0x0000000742000000, 0x0000000742000000|100%|HC|  |TAMS 0x0000000742000000, 0x0000000741e00000| Complete 
|   2|0x0000000742000000, 0x0000000742000000, 0x0000000742200000|  0%| F|  |TAMS 0x0000000742000000, 0x0000000742000000| Untracked 
|   3|0x0000000742200000, 0x0000000742400000, 0x0000000742400000|100%|HS|  |TAMS 0x0000000742400000, 0x0000000742200000| Complete 
|   4|0x0000000742400000, 0x0000000742600000, 0x0000000742600000|100%|HC|  |TAMS 0x0000000742600000, 0x0000000742400000| Complete 
|   5|0x0000000742600000, 0x0000000742800000, 0x0000000742800000|100%| O|  |TAMS 0x0000000742800000, 0x0000000742600000| Untracked 
|   6|0x0000000742800000, 0x0000000742a00000, 0x0000000742a00000|100%| O|  |TAMS 0x0000000742a00000, 0x0000000742800000| Untracked 
|   7|0x0000000742a00000, 0x0000000742c00000, 0x0000000742c00000|100%| O|  |TAMS 0x0000000742c00000, 0x0000000742a00000| Untracked 
|   8|0x0000000742c00000, 0x0000000742e00000, 0x0000000742e00000|100%| O|  |TAMS 0x0000000742e00000, 0x0000000742c00000| Untracked 
|   9|0x0000000742e00000, 0x0000000743000000, 0x0000000743000000|100%| O|  |TAMS 0x0000000743000000, 0x0000000742e00000| Untracked 
|  10|0x0000000743000000, 0x0000000743200000, 0x0000000743200000|100%| O|  |TAMS 0x0000000743200000, 0x0000000743000000| Untracked 
|  11|0x0000000743200000, 0x0000000743400000, 0x0000000743400000|100%|HS|  |TAMS 0x0000000743400000, 0x0000000743200000| Complete 
|  12|0x0000000743400000, 0x0000000743600000, 0x0000000743600000|100%| O|  |TAMS 0x0000000743600000, 0x0000000743400000| Untracked 
|  13|0x0000000743600000, 0x0000000743800000, 0x0000000743800000|100%|HS|  |TAMS 0x0000000743800000, 0x0000000743600000| Complete 
|  14|0x0000000743800000, 0x0000000743a00000, 0x0000000743a00000|100%| O|  |TAMS 0x0000000743a00000, 0x0000000743800000| Untracked 
|  15|0x0000000743a00000, 0x0000000743c00000, 0x0000000743c00000|100%| O|  |TAMS 0x0000000743c00000, 0x0000000743a00000| Untracked 
|  16|0x0000000743c00000, 0x0000000743e00000, 0x0000000743e00000|100%| O|  |TAMS 0x0000000743e00000, 0x0000000743c00000| Untracked 
|  17|0x0000000743e00000, 0x0000000744000000, 0x0000000744000000|100%| O|  |TAMS 0x0000000744000000, 0x0000000743e00000| Untracked 
|  18|0x0000000744000000, 0x0000000744200000, 0x0000000744200000|100%| O|  |TAMS 0x00000007440e4000, 0x0000000744000000| Untracked 
|  19|0x0000000744200000, 0x0000000744400000, 0x0000000744400000|100%| O|  |TAMS 0x0000000744200000, 0x0000000744200000| Untracked 
|  20|0x0000000744400000, 0x0000000744600000, 0x0000000744600000|100%| O|  |TAMS 0x0000000744400000, 0x0000000744400000| Untracked 
|  21|0x0000000744600000, 0x0000000744800000, 0x0000000744800000|100%| O|  |TAMS 0x0000000744600000, 0x0000000744600000| Untracked 
|  22|0x0000000744800000, 0x0000000744a00000, 0x0000000744a00000|100%| O|  |TAMS 0x0000000744800000, 0x0000000744800000| Untracked 
|  23|0x0000000744a00000, 0x0000000744c00000, 0x0000000744c00000|100%| O|  |TAMS 0x0000000744a00000, 0x0000000744a00000| Untracked 
|  24|0x0000000744c00000, 0x0000000744e00000, 0x0000000744e00000|100%| O|  |TAMS 0x0000000744c00000, 0x0000000744c00000| Untracked 
|  25|0x0000000744e00000, 0x0000000745000000, 0x0000000745000000|100%| O|  |TAMS 0x0000000744e00000, 0x0000000744e00000| Untracked 
|  26|0x0000000745000000, 0x0000000745200000, 0x0000000745200000|100%| O|  |TAMS 0x0000000745000000, 0x0000000745000000| Untracked 
|  27|0x0000000745200000, 0x0000000745400000, 0x0000000745400000|100%| O|  |TAMS 0x0000000745200000, 0x0000000745200000| Untracked 
|  28|0x0000000745400000, 0x0000000745600000, 0x0000000745600000|100%| O|  |TAMS 0x0000000745400000, 0x0000000745400000| Untracked 
|  29|0x0000000745600000, 0x0000000745800000, 0x0000000745800000|100%| O|  |TAMS 0x0000000745600000, 0x0000000745600000| Untracked 
|  30|0x0000000745800000, 0x0000000745a00000, 0x0000000745a00000|100%| O|  |TAMS 0x0000000745800000, 0x0000000745800000| Untracked 
|  31|0x0000000745a00000, 0x0000000745c00000, 0x0000000745c00000|100%| O|  |TAMS 0x0000000745a00000, 0x0000000745a00000| Untracked 
|  32|0x0000000745c00000, 0x0000000745c80a00, 0x0000000745e00000| 25%| O|  |TAMS 0x0000000745c00000, 0x0000000745c00000| Untracked 
|  33|0x0000000745e00000, 0x0000000745e00000, 0x0000000746000000|  0%| F|  |TAMS 0x0000000745e00000, 0x0000000745e00000| Untracked 
|  34|0x0000000746000000, 0x0000000746000000, 0x0000000746200000|  0%| F|  |TAMS 0x0000000746000000, 0x0000000746000000| Untracked 
|  35|0x0000000746200000, 0x0000000746200000, 0x0000000746400000|  0%| F|  |TAMS 0x0000000746200000, 0x0000000746200000| Untracked 
|  36|0x0000000746400000, 0x0000000746400000, 0x0000000746600000|  0%| F|  |TAMS 0x0000000746400000, 0x0000000746400000| Untracked 
|  37|0x0000000746600000, 0x0000000746600000, 0x0000000746800000|  0%| F|  |TAMS 0x0000000746600000, 0x0000000746600000| Untracked 
|  38|0x0000000746800000, 0x0000000746800000, 0x0000000746a00000|  0%| F|  |TAMS 0x0000000746800000, 0x0000000746800000| Untracked 
|  39|0x0000000746a00000, 0x0000000746a00000, 0x0000000746c00000|  0%| F|  |TAMS 0x0000000746a00000, 0x0000000746a00000| Untracked 
|  40|0x0000000746c00000, 0x0000000746c00000, 0x0000000746e00000|  0%| F|  |TAMS 0x0000000746c00000, 0x0000000746c00000| Untracked 
|  41|0x0000000746e00000, 0x0000000746e00000, 0x0000000747000000|  0%| F|  |TAMS 0x0000000746e00000, 0x0000000746e00000| Untracked 
|  42|0x0000000747000000, 0x0000000747000000, 0x0000000747200000|  0%| F|  |TAMS 0x0000000747000000, 0x0000000747000000| Untracked 
|  43|0x0000000747200000, 0x0000000747200000, 0x0000000747400000|  0%| F|  |TAMS 0x0000000747200000, 0x0000000747200000| Untracked 
|  44|0x0000000747400000, 0x0000000747400000, 0x0000000747600000|  0%| F|  |TAMS 0x0000000747400000, 0x0000000747400000| Untracked 
|  45|0x0000000747600000, 0x0000000747600000, 0x0000000747800000|  0%| F|  |TAMS 0x0000000747600000, 0x0000000747600000| Untracked 
|  46|0x0000000747800000, 0x0000000747800000, 0x0000000747a00000|  0%| F|  |TAMS 0x0000000747800000, 0x0000000747800000| Untracked 
|  47|0x0000000747a00000, 0x0000000747a00000, 0x0000000747c00000|  0%| F|  |TAMS 0x0000000747a00000, 0x0000000747a00000| Untracked 
|  48|0x0000000747c00000, 0x0000000747c00000, 0x0000000747e00000|  0%| F|  |TAMS 0x0000000747c00000, 0x0000000747c00000| Untracked 
|  49|0x0000000747e00000, 0x0000000747f53d80, 0x0000000748000000| 66%| S|CS|TAMS 0x0000000747e00000, 0x0000000747e00000| Complete 
|  50|0x0000000748000000, 0x0000000748200000, 0x0000000748200000|100%| S|CS|TAMS 0x0000000748000000, 0x0000000748000000| Complete 
|  51|0x0000000748200000, 0x0000000748400000, 0x0000000748400000|100%| S|CS|TAMS 0x0000000748200000, 0x0000000748200000| Complete 
|  52|0x0000000748400000, 0x0000000748400000, 0x0000000748600000|  0%| F|  |TAMS 0x0000000748400000, 0x0000000748400000| Untracked 
|  53|0x0000000748600000, 0x0000000748600000, 0x0000000748800000|  0%| F|  |TAMS 0x0000000748600000, 0x0000000748600000| Untracked 
|  54|0x0000000748800000, 0x0000000748800000, 0x0000000748a00000|  0%| F|  |TAMS 0x0000000748800000, 0x0000000748800000| Untracked 
|  55|0x0000000748a00000, 0x0000000748a00000, 0x0000000748c00000|  0%| F|  |TAMS 0x0000000748a00000, 0x0000000748a00000| Untracked 
|  56|0x0000000748c00000, 0x0000000748c00000, 0x0000000748e00000|  0%| F|  |TAMS 0x0000000748c00000, 0x0000000748c00000| Untracked 
|  57|0x0000000748e00000, 0x0000000748e00000, 0x0000000749000000|  0%| F|  |TAMS 0x0000000748e00000, 0x0000000748e00000| Untracked 
|  58|0x0000000749000000, 0x0000000749000000, 0x0000000749200000|  0%| F|  |TAMS 0x0000000749000000, 0x0000000749000000| Untracked 
|  59|0x0000000749200000, 0x0000000749200000, 0x0000000749400000|  0%| F|  |TAMS 0x0000000749200000, 0x0000000749200000| Untracked 
|  60|0x0000000749400000, 0x0000000749400000, 0x0000000749600000|  0%| F|  |TAMS 0x0000000749400000, 0x0000000749400000| Untracked 
|  61|0x0000000749600000, 0x0000000749600000, 0x0000000749800000|  0%| F|  |TAMS 0x0000000749600000, 0x0000000749600000| Untracked 
|  62|0x0000000749800000, 0x0000000749800000, 0x0000000749a00000|  0%| F|  |TAMS 0x0000000749800000, 0x0000000749800000| Untracked 
|  63|0x0000000749a00000, 0x0000000749a00000, 0x0000000749c00000|  0%| F|  |TAMS 0x0000000749a00000, 0x0000000749a00000| Untracked 
|  64|0x0000000749c00000, 0x0000000749c00000, 0x0000000749e00000|  0%| F|  |TAMS 0x0000000749c00000, 0x0000000749c00000| Untracked 
|  65|0x0000000749e00000, 0x0000000749e00000, 0x000000074a000000|  0%| F|  |TAMS 0x0000000749e00000, 0x0000000749e00000| Untracked 
|  66|0x000000074a000000, 0x000000074a000000, 0x000000074a200000|  0%| F|  |TAMS 0x000000074a000000, 0x000000074a000000| Untracked 
|  67|0x000000074a200000, 0x000000074a200000, 0x000000074a400000|  0%| F|  |TAMS 0x000000074a200000, 0x000000074a200000| Untracked 
|  68|0x000000074a400000, 0x000000074a400000, 0x000000074a600000|  0%| F|  |TAMS 0x000000074a400000, 0x000000074a400000| Untracked 
|  69|0x000000074a600000, 0x000000074a600000, 0x000000074a800000|  0%| F|  |TAMS 0x000000074a600000, 0x000000074a600000| Untracked 
|  70|0x000000074a800000, 0x000000074a800000, 0x000000074aa00000|  0%| F|  |TAMS 0x000000074a800000, 0x000000074a800000| Untracked 
|  71|0x000000074aa00000, 0x000000074aa00000, 0x000000074ac00000|  0%| F|  |TAMS 0x000000074aa00000, 0x000000074aa00000| Untracked 
|  72|0x000000074ac00000, 0x000000074ac00000, 0x000000074ae00000|  0%| F|  |TAMS 0x000000074ac00000, 0x000000074ac00000| Untracked 
|  73|0x000000074ae00000, 0x000000074ae00000, 0x000000074b000000|  0%| F|  |TAMS 0x000000074ae00000, 0x000000074ae00000| Untracked 
|  74|0x000000074b000000, 0x000000074b000000, 0x000000074b200000|  0%| F|  |TAMS 0x000000074b000000, 0x000000074b000000| Untracked 
|  75|0x000000074b200000, 0x000000074b200000, 0x000000074b400000|  0%| F|  |TAMS 0x000000074b200000, 0x000000074b200000| Untracked 
|  76|0x000000074b400000, 0x000000074b400000, 0x000000074b600000|  0%| F|  |TAMS 0x000000074b400000, 0x000000074b400000| Untracked 
|  77|0x000000074b600000, 0x000000074b600000, 0x000000074b800000|  0%| F|  |TAMS 0x000000074b600000, 0x000000074b600000| Untracked 
|  78|0x000000074b800000, 0x000000074b800000, 0x000000074ba00000|  0%| F|  |TAMS 0x000000074b800000, 0x000000074b800000| Untracked 
|  79|0x000000074ba00000, 0x000000074ba00000, 0x000000074bc00000|  0%| F|  |TAMS 0x000000074ba00000, 0x000000074ba00000| Untracked 
|  80|0x000000074bc00000, 0x000000074bc00000, 0x000000074be00000|  0%| F|  |TAMS 0x000000074bc00000, 0x000000074bc00000| Untracked 
|  81|0x000000074be00000, 0x000000074be00000, 0x000000074c000000|  0%| F|  |TAMS 0x000000074be00000, 0x000000074be00000| Untracked 
|  82|0x000000074c000000, 0x000000074c000000, 0x000000074c200000|  0%| F|  |TAMS 0x000000074c000000, 0x000000074c000000| Untracked 
|  83|0x000000074c200000, 0x000000074c200000, 0x000000074c400000|  0%| F|  |TAMS 0x000000074c200000, 0x000000074c200000| Untracked 
|  84|0x000000074c400000, 0x000000074c400000, 0x000000074c600000|  0%| F|  |TAMS 0x000000074c400000, 0x000000074c400000| Untracked 
|  85|0x000000074c600000, 0x000000074c600000, 0x000000074c800000|  0%| F|  |TAMS 0x000000074c600000, 0x000000074c600000| Untracked 
|  86|0x000000074c800000, 0x000000074c800000, 0x000000074ca00000|  0%| F|  |TAMS 0x000000074c800000, 0x000000074c800000| Untracked 
|  87|0x000000074ca00000, 0x000000074ca00000, 0x000000074cc00000|  0%| F|  |TAMS 0x000000074ca00000, 0x000000074ca00000| Untracked 
|  88|0x000000074cc00000, 0x000000074cc00000, 0x000000074ce00000|  0%| F|  |TAMS 0x000000074cc00000, 0x000000074cc00000| Untracked 
|  89|0x000000074ce00000, 0x000000074ce00000, 0x000000074d000000|  0%| F|  |TAMS 0x000000074ce00000, 0x000000074ce00000| Untracked 
|  90|0x000000074d000000, 0x000000074d000000, 0x000000074d200000|  0%| F|  |TAMS 0x000000074d000000, 0x000000074d000000| Untracked 
|  91|0x000000074d200000, 0x000000074d200000, 0x000000074d400000|  0%| F|  |TAMS 0x000000074d200000, 0x000000074d200000| Untracked 
|  92|0x000000074d400000, 0x000000074d400000, 0x000000074d600000|  0%| F|  |TAMS 0x000000074d400000, 0x000000074d400000| Untracked 
|  93|0x000000074d600000, 0x000000074d600000, 0x000000074d800000|  0%| F|  |TAMS 0x000000074d600000, 0x000000074d600000| Untracked 
|  94|0x000000074d800000, 0x000000074d800000, 0x000000074da00000|  0%| F|  |TAMS 0x000000074d800000, 0x000000074d800000| Untracked 
|  95|0x000000074da00000, 0x000000074da00000, 0x000000074dc00000|  0%| F|  |TAMS 0x000000074da00000, 0x000000074da00000| Untracked 

Card table byte_map: [0x0000011e786d0000,0x0000011e78cd0000] _byte_map_base: 0x0000011e74cc2000

Marking Bits (Prev, Next): (CMBitMap*) 0x0000011e63a22530, (CMBitMap*) 0x0000011e63a224f0
 Prev Bits: [0x0000011e7c260000, 0x0000011e7f1f0000)
 Next Bits: [0x0000011e792d0000, 0x0000011e7c260000)

Polling page: 0x0000011e68640000

Metaspace:

Usage:
  Non-class:     55.36 MB used.
      Class:      7.18 MB used.
       Both:     62.55 MB used.

Virtual space:
  Non-class space:       56.00 MB reserved,      55.56 MB (>99%) committed,  7 nodes.
      Class space:        1.00 GB reserved,       7.31 MB ( <1%) committed,  1 nodes.
             Both:        1.05 GB reserved,      62.88 MB (  6%) committed. 

Chunk freelists:
   Non-Class:  48.00 KB
       Class:  640.00 KB
        Both:  688.00 KB

MaxMetaspaceSize: unlimited
CompressedClassSpaceSize: 1.00 GB
Initial GC threshold: 21.00 MB
Current GC threshold: 99.38 MB
CDS: off
MetaspaceReclaimPolicy: balanced
 - commit_granule_bytes: 65536.
 - commit_granule_words: 8192.
 - virtual_space_node_default_size: 1048576.
 - enlarge_chunks_in_place: 1.
 - new_chunks_are_fully_committed: 0.
 - uncommit_free_chunks: 1.
 - use_allocation_guard: 0.
 - handle_deallocations: 1.


Internal statistics:

num_allocs_failed_limit: 9.
num_arena_births: 294.
num_arena_deaths: 0.
num_vsnodes_births: 8.
num_vsnodes_deaths: 0.
num_space_committed: 1004.
num_space_uncommitted: 0.
num_chunks_returned_to_freelist: 9.
num_chunks_taken_from_freelist: 2276.
num_chunk_merges: 9.
num_chunk_splits: 1809.
num_chunks_enlarged: 1575.
num_purges: 0.
num_inconsistent_stats: 0.

CodeHeap 'non-profiled nmethods': size=120000Kb used=4697Kb max_used=4697Kb free=115302Kb
 bounds [0x0000011e70130000, 0x0000011e705d0000, 0x0000011e77660000]
CodeHeap 'profiled nmethods': size=120000Kb used=22682Kb max_used=22682Kb free=97317Kb
 bounds [0x0000011e68660000, 0x0000011e69c90000, 0x0000011e6fb90000]
CodeHeap 'non-nmethods': size=5760Kb used=1314Kb max_used=1400Kb free=4445Kb
 bounds [0x0000011e6fb90000, 0x0000011e6fe00000, 0x0000011e70130000]
 total_blobs=8824 nmethods=8194 adapters=538
 compilation: enabled
              stopped_count=0, restarted_count=0
 full_count=0

Compilation events (20 events):
Event: 13.425 Thread 0x0000011e0287e6a0 9081   !   3       org.jetbrains.kotlin.protobuf.AbstractParser::parsePartialFrom (37 bytes)
Event: 13.426 Thread 0x0000011e0287e6a0 nmethod 9081 0x0000011e69c7f910 code [0x0000011e69c7fb00, 0x0000011e69c800f8]
Event: 13.426 Thread 0x0000011e0287e6a0 9069       3       org.jetbrains.kotlin.metadata.ProtoBuf$Package$1::parsePartialFrom (7 bytes)
Event: 13.426 Thread 0x0000011e0287e6a0 nmethod 9069 0x0000011e69c80390 code [0x0000011e69c80520, 0x0000011e69c80668]
Event: 13.426 Thread 0x0000011e0287e6a0 9070       3       org.jetbrains.kotlin.metadata.ProtoBuf$Package$1::parsePartialFrom (11 bytes)
Event: 13.426 Thread 0x0000011e0287e6a0 nmethod 9070 0x0000011e69c80710 code [0x0000011e69c808c0, 0x0000011e69c80ac8]
Event: 13.426 Thread 0x0000011e0287e6a0 9071       3       org.jetbrains.kotlin.metadata.ProtoBuf$Package::<init> (7 bytes)
Event: 13.426 Thread 0x0000011e0287e6a0 nmethod 9071 0x0000011e69c80c10 code [0x0000011e69c80da0, 0x0000011e69c80ee8]
Event: 13.426 Thread 0x0000011e0287e6a0 9075       3       org.jetbrains.kotlin.load.kotlin.JvmPackagePartSource::toString (34 bytes)
Event: 13.427 Thread 0x0000011e0287e6a0 nmethod 9075 0x0000011e69c80f90 code [0x0000011e69c811e0, 0x0000011e69c819a8]
Event: 13.427 Thread 0x0000011e0287e6a0 9079       3       org.jetbrains.kotlin.load.kotlin.JvmPackagePartSource::<init> (125 bytes)
Event: 13.432 Thread 0x0000011e0287e6a0 nmethod 9079 0x0000011e69c81c90 code [0x0000011e69c82160, 0x0000011e69c84408]
Event: 13.432 Thread 0x0000011e0287e6a0 9083       3       org.jetbrains.kotlin.protobuf.CodedInputStream::<init> (69 bytes)
Event: 13.432 Thread 0x0000011e0287e6a0 nmethod 9083 0x0000011e69c85010 code [0x0000011e69c851c0, 0x0000011e69c85518]
Event: 13.432 Thread 0x0000011e0287e6a0 9078       3       org.jetbrains.kotlin.load.java.lazy.descriptors.LazyJavaPackageFragment::toString (41 bytes)
Event: 13.434 Thread 0x0000011e0287e6a0 nmethod 9078 0x0000011e69c85610 code [0x0000011e69c858c0, 0x0000011e69c86368]
Event: 13.435 Thread 0x0000011e03f25600 nmethod 9042 0x0000011e705c4d10 code [0x0000011e705c4f00, 0x0000011e705c5d28]
Event: 13.435 Thread 0x0000011e03f25600 9082       4       org.jetbrains.kotlin.protobuf.SmallSortedMap::put (142 bytes)
Event: 13.447 Thread 0x0000011e0287e6a0 9087 %     3       org.jetbrains.kotlin.metadata.jvm.deserialization.JvmNameResolverKt::toExpandedRecordsList @ 36 (106 bytes)
Event: 13.448 Thread 0x0000011e0287e6a0 nmethod 9087% 0x0000011e69c86790 code [0x0000011e69c86a60, 0x0000011e69c87c28]

GC Heap History (20 events):
Event: 3.363 GC heap after
{Heap after GC invocations=8 (full 0):
 garbage-first heap   total 83968K, used 26862K [0x0000000741c00000, 0x0000000800000000)
  region size 2048K, 2 young (4096K), 2 survivors (4096K)
 Metaspace       used 34909K, committed 35200K, reserved 1081344K
  class space    used 4427K, committed 4544K, reserved 1048576K
}
Event: 3.514 GC heap before
{Heap before GC invocations=8 (full 0):
 garbage-first heap   total 83968K, used 30958K [0x0000000741c00000, 0x0000000800000000)
  region size 2048K, 5 young (10240K), 2 survivors (4096K)
 Metaspace       used 35914K, committed 36096K, reserved 1081344K
  class space    used 4535K, committed 4608K, reserved 1048576K
}
Event: 3.523 GC heap after
{Heap after GC invocations=9 (full 0):
 garbage-first heap   total 83968K, used 27856K [0x0000000741c00000, 0x0000000800000000)
  region size 2048K, 1 young (2048K), 1 survivors (2048K)
 Metaspace       used 35914K, committed 36096K, reserved 1081344K
  class space    used 4535K, committed 4608K, reserved 1048576K
}
Event: 4.097 GC heap before
{Heap before GC invocations=10 (full 0):
 garbage-first heap   total 83968K, used 58576K [0x0000000741c00000, 0x0000000800000000)
  region size 2048K, 15 young (30720K), 1 survivors (2048K)
 Metaspace       used 39705K, committed 40064K, reserved 1089536K
  class space    used 4946K, committed 5120K, reserved 1048576K
}
Event: 4.111 GC heap after
{Heap after GC invocations=11 (full 0):
 garbage-first heap   total 83968K, used 32219K [0x0000000741c00000, 0x0000000800000000)
  region size 2048K, 2 young (4096K), 2 survivors (4096K)
 Metaspace       used 39705K, committed 40064K, reserved 1089536K
  class space    used 4946K, committed 5120K, reserved 1048576K
}
Event: 4.143 GC heap before
{Heap before GC invocations=11 (full 0):
 garbage-first heap   total 83968K, used 32219K [0x0000000741c00000, 0x0000000800000000)
  region size 2048K, 3 young (6144K), 2 survivors (4096K)
 Metaspace       used 40087K, committed 40384K, reserved 1089536K
  class space    used 4976K, committed 5120K, reserved 1048576K
}
Event: 4.158 GC heap after
{Heap after GC invocations=12 (full 0):
 garbage-first heap   total 83968K, used 32351K [0x0000000741c00000, 0x0000000800000000)
  region size 2048K, 1 young (2048K), 1 survivors (2048K)
 Metaspace       used 40087K, committed 40384K, reserved 1089536K
  class space    used 4976K, committed 5120K, reserved 1048576K
}
Event: 4.835 GC heap before
{Heap before GC invocations=12 (full 0):
 garbage-first heap   total 83968K, used 54879K [0x0000000741c00000, 0x0000000800000000)
  region size 2048K, 13 young (26624K), 1 survivors (2048K)
 Metaspace       used 46046K, committed 46336K, reserved 1089536K
  class space    used 5551K, committed 5696K, reserved 1048576K
}
Event: 4.844 GC heap after
{Heap after GC invocations=13 (full 0):
 garbage-first heap   total 83968K, used 34355K [0x0000000741c00000, 0x0000000800000000)
  region size 2048K, 2 young (4096K), 2 survivors (4096K)
 Metaspace       used 46046K, committed 46336K, reserved 1089536K
  class space    used 5551K, committed 5696K, reserved 1048576K
}
Event: 5.628 GC heap before
{Heap before GC invocations=13 (full 0):
 garbage-first heap   total 83968K, used 58931K [0x0000000741c00000, 0x0000000800000000)
  region size 2048K, 14 young (28672K), 2 survivors (4096K)
 Metaspace       used 50205K, committed 50496K, reserved 1097728K
  class space    used 6054K, committed 6208K, reserved 1048576K
}
Event: 5.650 GC heap after
{Heap after GC invocations=14 (full 0):
 garbage-first heap   total 167936K, used 40515K [0x0000000741c00000, 0x0000000800000000)
  region size 2048K, 2 young (4096K), 2 survivors (4096K)
 Metaspace       used 50205K, committed 50496K, reserved 1097728K
  class space    used 6054K, committed 6208K, reserved 1048576K
}
Event: 7.507 GC heap before
{Heap before GC invocations=14 (full 0):
 garbage-first heap   total 167936K, used 116291K [0x0000000741c00000, 0x0000000800000000)
  region size 2048K, 39 young (79872K), 2 survivors (4096K)
 Metaspace       used 57470K, committed 57792K, reserved 1105920K
  class space    used 6852K, committed 6976K, reserved 1048576K
}
Event: 7.538 GC heap after
{Heap after GC invocations=15 (full 0):
 garbage-first heap   total 167936K, used 48016K [0x0000000741c00000, 0x0000000800000000)
  region size 2048K, 5 young (10240K), 5 survivors (10240K)
 Metaspace       used 57470K, committed 57792K, reserved 1105920K
  class space    used 6852K, committed 6976K, reserved 1048576K
}
Event: 9.803 GC heap before
{Heap before GC invocations=15 (full 0):
 garbage-first heap   total 167936K, used 101264K [0x0000000741c00000, 0x0000000800000000)
  region size 2048K, 32 young (65536K), 5 survivors (10240K)
 Metaspace       used 60465K, committed 60736K, reserved 1105920K
  class space    used 7060K, committed 7168K, reserved 1048576K
}
Event: 9.847 GC heap after
{Heap after GC invocations=16 (full 0):
 garbage-first heap   total 167936K, used 56105K [0x0000000741c00000, 0x0000000800000000)
  region size 2048K, 4 young (8192K), 4 survivors (8192K)
 Metaspace       used 60465K, committed 60736K, reserved 1105920K
  class space    used 7060K, committed 7168K, reserved 1048576K
}
Event: 12.910 GC heap before
{Heap before GC invocations=17 (full 0):
 garbage-first heap   total 167936K, used 121641K [0x0000000741c00000, 0x0000000800000000)
  region size 2048K, 36 young (73728K), 4 survivors (8192K)
 Metaspace       used 64034K, committed 64320K, reserved 1105920K
  class space    used 7355K, committed 7488K, reserved 1048576K
}
Event: 12.945 GC heap after
{Heap after GC invocations=18 (full 0):
 garbage-first heap   total 167936K, used 64494K [0x0000000741c00000, 0x0000000800000000)
  region size 2048K, 4 young (8192K), 4 survivors (8192K)
 Metaspace       used 64034K, committed 64320K, reserved 1105920K
  class space    used 7355K, committed 7488K, reserved 1048576K
}
Event: 12.970 GC heap before
{Heap before GC invocations=18 (full 0):
 garbage-first heap   total 167936K, used 66542K [0x0000000741c00000, 0x0000000800000000)
  region size 2048K, 5 young (10240K), 4 survivors (8192K)
 Metaspace       used 64034K, committed 64320K, reserved 1105920K
  class space    used 7355K, committed 7488K, reserved 1048576K
}
Event: 12.999 GC heap after
{Heap after GC invocations=19 (full 0):
 garbage-first heap   total 167936K, used 65531K [0x0000000741c00000, 0x0000000800000000)
  region size 2048K, 1 young (2048K), 1 survivors (2048K)
 Metaspace       used 64034K, committed 64320K, reserved 1105920K
  class space    used 7355K, committed 7488K, reserved 1048576K
}
Event: 13.456 GC heap before
{Heap before GC invocations=19 (full 0):
 garbage-first heap   total 167936K, used 124923K [0x0000000741c00000, 0x0000000800000000)
  region size 2048K, 30 young (61440K), 1 survivors (2048K)
 Metaspace       used 64046K, committed 64384K, reserved 1105920K
  class space    used 7356K, committed 7488K, reserved 1048576K
}

Dll operation events (2 events):
Event: 0.011 Loaded shared library C:\Program Files\Android\Android Studio\jbr\bin\java.dll
Event: 1.632 Loaded shared library C:\Program Files\Android\Android Studio\jbr\bin\verify.dll

Deoptimization events (20 events):
Event: 12.600 Thread 0x0000011e639c7990 Uncommon trap: trap_request=0xffffff45 fr.pc=0x0000011e70547d80 relative=0x00000000000000e0
Event: 12.600 Thread 0x0000011e639c7990 Uncommon trap: reason=unstable_if action=reinterpret pc=0x0000011e70547d80 method=org.jetbrains.kotlin.psi.KtPsiUtil.deparenthesizeOnce(Lorg/jetbrains/kotlin/psi/KtExpression;Z)Lorg/jetbrains/kotlin/psi/KtExpression; @ 55 c2
Event: 12.600 Thread 0x0000011e639c7990 DEOPT PACKING pc=0x0000011e70547d80 sp=0x000000146baf8640
Event: 12.600 Thread 0x0000011e639c7990 DEOPT UNPACKING pc=0x0000011e6fbe69a3 sp=0x000000146baf85d0 mode 2
Event: 12.670 Thread 0x0000011e639c7990 Uncommon trap: trap_request=0xffffffd6 fr.pc=0x0000011e7058f1b0 relative=0x0000000000000e10
Event: 12.670 Thread 0x0000011e639c7990 Uncommon trap: reason=array_check action=maybe_recompile pc=0x0000011e7058f1b0 method=org.jetbrains.kotlin.com.intellij.extapi.psi.StubBasedPsiElementBase.getStubOrPsiChildren(Lorg/jetbrains/kotlin/com/intellij/psi/stubs/IStubElementType;Lorg/jetbrains/ko
Event: 12.670 Thread 0x0000011e639c7990 DEOPT PACKING pc=0x0000011e7058f1b0 sp=0x000000146bafaff0
Event: 12.670 Thread 0x0000011e639c7990 DEOPT UNPACKING pc=0x0000011e6fbe69a3 sp=0x000000146bafafb8 mode 2
Event: 12.671 Thread 0x0000011e639c7990 Uncommon trap: trap_request=0xffffffd6 fr.pc=0x0000011e7058f1b0 relative=0x0000000000000e10
Event: 12.671 Thread 0x0000011e639c7990 Uncommon trap: reason=array_check action=maybe_recompile pc=0x0000011e7058f1b0 method=org.jetbrains.kotlin.com.intellij.extapi.psi.StubBasedPsiElementBase.getStubOrPsiChildren(Lorg/jetbrains/kotlin/com/intellij/psi/stubs/IStubElementType;Lorg/jetbrains/ko
Event: 12.671 Thread 0x0000011e639c7990 DEOPT PACKING pc=0x0000011e7058f1b0 sp=0x000000146bafb2b0
Event: 12.671 Thread 0x0000011e639c7990 DEOPT UNPACKING pc=0x0000011e6fbe69a3 sp=0x000000146bafb278 mode 2
Event: 12.672 Thread 0x0000011e639c7990 Uncommon trap: trap_request=0xffffffd6 fr.pc=0x0000011e7058f1b0 relative=0x0000000000000e10
Event: 12.672 Thread 0x0000011e639c7990 Uncommon trap: reason=array_check action=maybe_recompile pc=0x0000011e7058f1b0 method=org.jetbrains.kotlin.com.intellij.extapi.psi.StubBasedPsiElementBase.getStubOrPsiChildren(Lorg/jetbrains/kotlin/com/intellij/psi/stubs/IStubElementType;Lorg/jetbrains/ko
Event: 12.672 Thread 0x0000011e639c7990 DEOPT PACKING pc=0x0000011e7058f1b0 sp=0x000000146bafbde0
Event: 12.672 Thread 0x0000011e639c7990 DEOPT UNPACKING pc=0x0000011e6fbe69a3 sp=0x000000146bafbda8 mode 2
Event: 12.685 Thread 0x0000011e639c7990 Uncommon trap: trap_request=0xffffffd6 fr.pc=0x0000011e7058f1b0 relative=0x0000000000000e10
Event: 12.685 Thread 0x0000011e639c7990 Uncommon trap: reason=array_check action=maybe_recompile pc=0x0000011e7058f1b0 method=org.jetbrains.kotlin.com.intellij.extapi.psi.StubBasedPsiElementBase.getStubOrPsiChildren(Lorg/jetbrains/kotlin/com/intellij/psi/stubs/IStubElementType;Lorg/jetbrains/ko
Event: 12.685 Thread 0x0000011e639c7990 DEOPT PACKING pc=0x0000011e7058f1b0 sp=0x000000146bafb450
Event: 12.685 Thread 0x0000011e639c7990 DEOPT UNPACKING pc=0x0000011e6fbe69a3 sp=0x000000146bafb418 mode 2

Classes unloaded (0 events):
No events

Classes redefined (0 events):
No events

Internal exceptions (20 events):
Event: 6.888 Thread 0x0000011e639c7990 Exception <a 'java/lang/NoSuchMethodError'{0x0000000748302850}: 'java.lang.Object java.lang.invoke.DirectMethodHandle$Holder.newInvokeSpecial(java.lang.Object, java.lang.Object, java.lang.Object, java.lang.Object, int)'> (0x0000000748302850) 
thrown [s\src\hotspot\share\interpreter\linkResolver.cpp, line 771]
Event: 6.888 Thread 0x0000011e639c7990 Exception <a 'java/lang/NoSuchMethodError'{0x00000007483070d8}: 'java.lang.Object java.lang.invoke.DirectMethodHandle$Holder.invokeSpecial(java.lang.Object, java.lang.Object, java.lang.Object, java.lang.Object, java.lang.Object, int)'> (0x00000007483070d8) 
thrown [s\src\hotspot\share\interpreter\linkResolver.cpp, line 771]
Event: 6.889 Thread 0x0000011e639c7990 Exception <a 'java/lang/NoSuchMethodError'{0x000000074830b310}: 'java.lang.Object java.lang.invoke.Invokers$Holder.linkToTargetMethod(java.lang.Object, java.lang.Object, java.lang.Object, int, java.lang.Object)'> (0x000000074830b310) 
thrown [s\src\hotspot\share\interpreter\linkResolver.cpp, line 771]
Event: 7.270 Thread 0x0000011e639c7990 Exception <a 'java/lang/NoSuchMethodError'{0x0000000747ad2cd0}: 'java.lang.Object java.lang.invoke.DirectMethodHandle$Holder.invokeStaticInit(java.lang.Object, java.lang.Object, java.lang.Object)'> (0x0000000747ad2cd0) 
thrown [s\src\hotspot\share\interpreter\linkResolver.cpp, line 771]
Event: 8.264 Thread 0x0000011e639c7990 Implicit null exception at 0x0000011e7018170f to 0x0000011e7018199c
Event: 8.265 Thread 0x0000011e639c7990 Implicit null exception at 0x0000011e7018880f to 0x0000011e70188889
Event: 8.491 Thread 0x0000011e639c7990 Implicit null exception at 0x0000011e7025b0c5 to 0x0000011e7025b4f8
Event: 8.494 Thread 0x0000011e639c7990 Implicit null exception at 0x0000011e702599ef to 0x0000011e70259c58
Event: 8.616 Thread 0x0000011e639c7990 Exception <a 'java/lang/NoSuchMethodError'{0x000000074a08ece0}: 'int java.lang.invoke.DirectMethodHandle$Holder.invokeStaticInit(java.lang.Object, int)'> (0x000000074a08ece0) 
thrown [s\src\hotspot\share\interpreter\linkResolver.cpp, line 771]
Event: 9.590 Thread 0x0000011e639c7990 Implicit null exception at 0x0000011e70423dc0 to 0x0000011e704243d8
Event: 9.743 Thread 0x0000011e639c7990 Implicit null exception at 0x0000011e701dd9a0 to 0x0000011e701ddb30
Event: 9.743 Thread 0x0000011e639c7990 Implicit null exception at 0x0000011e70196660 to 0x0000011e701966fa
Event: 10.113 Thread 0x0000011e639c7990 Exception <a 'java/lang/NoSuchMethodError'{0x000000074d374618}: 'java.lang.Object java.lang.invoke.DirectMethodHandle$Holder.newInvokeSpecial(java.lang.Object, java.lang.Object, java.lang.Object, java.lang.Object, java.lang.Object, java.lang.Object, java.lang.Object)'> (0x000000074d374618) 
thrown [s\src\hotspot\share\interpreter\linkResolver.cpp, line 771]
Event: 10.114 Thread 0x0000011e639c7990 Exception <a 'java/lang/NoSuchMethodError'{0x000000074d379478}: 'java.lang.Object java.lang.invoke.Invokers$Holder.linkToTargetMethod(java.lang.Object, java.lang.Object, java.lang.Object, java.lang.Object, java.lang.Object, java.lang.Object, java.lang.Object)'> (0x000000074d379478) 
thrown [s\src\hotspot\share\interpreter\linkResolver.cpp, line 771]
Event: 10.719 Thread 0x0000011e639c7990 Implicit null exception at 0x0000011e7047e675 to 0x0000011e7047ee08
Event: 10.734 Thread 0x0000011e639c7990 Exception <a 'java/lang/NoSuchMethodError'{0x000000074a8cd2e0}: 'java.lang.Object java.lang.invoke.DirectMethodHandle$Holder.invokeInterface(java.lang.Object, java.lang.Object, java.lang.Object)'> (0x000000074a8cd2e0) 
thrown [s\src\hotspot\share\interpreter\linkResolver.cpp, line 771]
Event: 10.735 Thread 0x0000011e639c7990 Exception <a 'java/lang/IncompatibleClassChangeError'{0x000000074a8d0ef8}: Found class java.lang.Object, but interface was expected> (0x000000074a8d0ef8) 
thrown [s\src\hotspot\share\interpreter\linkResolver.cpp, line 838]
Event: 10.747 Thread 0x0000011e639c7990 Implicit null exception at 0x0000011e70491e72 to 0x0000011e70492604
Event: 11.829 Thread 0x0000011e639c7990 Implicit null exception at 0x0000011e701ec840 to 0x0000011e701ed178
Event: 11.915 Thread 0x0000011e639c7990 Implicit null exception at 0x0000011e704cd740 to 0x0000011e704cdf94

VM Operations (20 events):
Event: 11.893 Executing VM operation: HandshakeAllThreads done
Event: 11.902 Executing VM operation: HandshakeAllThreads
Event: 11.902 Executing VM operation: HandshakeAllThreads done
Event: 11.913 Executing VM operation: HandshakeAllThreads
Event: 11.913 Executing VM operation: HandshakeAllThreads done
Event: 11.927 Executing VM operation: ICBufferFull
Event: 11.927 Executing VM operation: ICBufferFull done
Event: 12.133 Executing VM operation: HandshakeAllThreads
Event: 12.133 Executing VM operation: HandshakeAllThreads done
Event: 12.168 Executing VM operation: ICBufferFull
Event: 12.169 Executing VM operation: ICBufferFull done
Event: 12.381 Executing VM operation: ICBufferFull
Event: 12.381 Executing VM operation: ICBufferFull done
Event: 12.628 Executing VM operation: ICBufferFull
Event: 12.629 Executing VM operation: ICBufferFull done
Event: 12.909 Executing VM operation: G1CollectForAllocation
Event: 12.945 Executing VM operation: G1CollectForAllocation done
Event: 12.970 Executing VM operation: G1CollectForAllocation
Event: 12.999 Executing VM operation: G1CollectForAllocation done
Event: 13.456 Executing VM operation: G1CollectForAllocation

Events (20 events):
Event: 9.622 loading class jdk/internal/math/FloatingDecimal$ExceptionalBinaryToASCIIBuffer done
Event: 9.622 loading class jdk/internal/math/FloatingDecimal$BinaryToASCIIBuffer
Event: 9.622 loading class jdk/internal/math/FloatingDecimal$BinaryToASCIIBuffer done
Event: 9.623 loading class jdk/internal/math/FloatingDecimal$1
Event: 9.623 loading class jdk/internal/math/FloatingDecimal$1 done
Event: 9.623 loading class jdk/internal/math/FloatingDecimal$PreparedASCIIToBinaryBuffer
Event: 9.623 loading class jdk/internal/math/FloatingDecimal$ASCIIToBinaryConverter
Event: 9.623 loading class jdk/internal/math/FloatingDecimal$ASCIIToBinaryConverter done
Event: 9.623 loading class jdk/internal/math/FloatingDecimal$PreparedASCIIToBinaryBuffer done
Event: 9.623 loading class jdk/internal/math/FloatingDecimal$ASCIIToBinaryBuffer
Event: 9.623 loading class jdk/internal/math/FloatingDecimal$ASCIIToBinaryBuffer done
Event: 9.715 loading class java/util/regex/Pattern$Bound
Event: 9.715 loading class java/util/regex/Pattern$Bound done
Event: 9.715 loading class java/util/regex/Pattern$NotBehind
Event: 9.715 loading class java/util/regex/Pattern$NotBehind done
Event: 10.520 Thread 0x0000011e0287f2a0 flushing nmethod 0x0000011e68bb5690
Event: 10.521 Thread 0x0000011e0287f2a0 flushing nmethod 0x0000011e68d01910
Event: 10.522 Thread 0x0000011e0287f2a0 flushing nmethod 0x0000011e68db3f90
Event: 11.739 loading class java/util/concurrent/locks/AbstractQueuedSynchronizer$Node
Event: 11.739 loading class java/util/concurrent/locks/AbstractQueuedSynchronizer$Node done


Dynamic libraries:
0x00007ff6ea790000 - 0x00007ff6ea79a000 	C:\Program Files\Android\Android Studio\jbr\bin\java.exe
0x00007ff8a5670000 - 0x00007ff8a5884000 	C:\Windows\SYSTEM32\ntdll.dll
0x00007ff8a3b20000 - 0x00007ff8a3be3000 	C:\Windows\System32\KERNEL32.DLL
0x00007ff8a2d90000 - 0x00007ff8a312d000 	C:\Windows\System32\KERNELBASE.dll
0x00007ff8a3130000 - 0x00007ff8a3241000 	C:\Windows\System32\ucrtbase.dll
0x00007ff8967e0000 - 0x00007ff8967f7000 	C:\Program Files\Android\Android Studio\jbr\bin\jli.dll
0x00007ff8837c0000 - 0x00007ff8837db000 	C:\Program Files\Android\Android Studio\jbr\bin\VCRUNTIME140.dll
0x00007ff8a50d0000 - 0x00007ff8a527d000 	C:\Windows\System32\USER32.dll
0x00007ff8a3250000 - 0x00007ff8a3276000 	C:\Windows\System32\win32u.dll
0x00007ff8a3af0000 - 0x00007ff8a3b19000 	C:\Windows\System32\GDI32.dll
0x00007ff88a220000 - 0x00007ff88a4ae000 	C:\Windows\WinSxS\amd64_microsoft.windows.common-controls_6595b64144ccf1df_6.0.22621.608_none_a9444ca7c10bb01d\COMCTL32.dll
0x00007ff8a3280000 - 0x00007ff8a3392000 	C:\Windows\System32\gdi32full.dll
0x00007ff8a2b10000 - 0x00007ff8a2baa000 	C:\Windows\System32\msvcp_win.dll
0x00007ff8a5490000 - 0x00007ff8a5537000 	C:\Windows\System32\msvcrt.dll
0x00007ff8a3790000 - 0x00007ff8a37c2000 	C:\Windows\System32\IMM32.DLL
0x00007ff884310000 - 0x00007ff88431c000 	C:\Program Files\Android\Android Studio\jbr\bin\vcruntime140_1.dll
0x00007ff852080000 - 0x00007ff85210d000 	C:\Program Files\Android\Android Studio\jbr\bin\msvcp140.dll
0x00007ff85c090000 - 0x00007ff85ccfe000 	C:\Program Files\Android\Android Studio\jbr\bin\server\jvm.dll
0x00007ff8a5020000 - 0x00007ff8a50ce000 	C:\Windows\System32\ADVAPI32.dll
0x00007ff8a36e0000 - 0x00007ff8a3784000 	C:\Windows\System32\sechost.dll
0x00007ff8a4f00000 - 0x00007ff8a5015000 	C:\Windows\System32\RPCRT4.dll
0x00007ff89bcc0000 - 0x00007ff89bcf4000 	C:\Windows\SYSTEM32\WINMM.dll
0x00007ff89fdf0000 - 0x00007ff89fdf9000 	C:\Windows\SYSTEM32\WSOCK32.dll
0x00007ff89bf60000 - 0x00007ff89bf6a000 	C:\Windows\SYSTEM32\VERSION.dll
0x00007ff8a5350000 - 0x00007ff8a53c1000 	C:\Windows\System32\WS2_32.dll
0x00007ff8a1ad0000 - 0x00007ff8a1ae8000 	C:\Windows\SYSTEM32\kernel.appcore.dll
0x00007ff89fdb0000 - 0x00007ff89fdba000 	C:\Program Files\Android\Android Studio\jbr\bin\jimage.dll
0x00007ff893050000 - 0x00007ff89327e000 	C:\Windows\SYSTEM32\DBGHELP.DLL
0x00007ff8a4b70000 - 0x00007ff8a4efa000 	C:\Windows\System32\combase.dll
0x00007ff8a35d0000 - 0x00007ff8a36a7000 	C:\Windows\System32\OLEAUT32.dll
0x00007ff897060000 - 0x00007ff897092000 	C:\Windows\SYSTEM32\dbgcore.DLL
0x00007ff8a2a90000 - 0x00007ff8a2b0b000 	C:\Windows\System32\bcryptPrimitives.dll
0x00007ff8994e0000 - 0x00007ff899505000 	C:\Program Files\Android\Android Studio\jbr\bin\java.dll
0x00007ff89f700000 - 0x00007ff89f718000 	C:\Program Files\Android\Android Studio\jbr\bin\zip.dll
0x00007ff8a4270000 - 0x00007ff8a4a5f000 	C:\Windows\System32\SHELL32.dll
0x00007ff8a0aa0000 - 0x00007ff8a1368000 	C:\Windows\SYSTEM32\windows.storage.dll
0x00007ff8a0960000 - 0x00007ff8a0a9e000 	C:\Windows\SYSTEM32\wintypes.dll
0x00007ff8a4a60000 - 0x00007ff8a4b51000 	C:\Windows\System32\SHCORE.dll
0x00007ff8a37d0000 - 0x00007ff8a382e000 	C:\Windows\System32\shlwapi.dll
0x00007ff8a29c0000 - 0x00007ff8a29e1000 	C:\Windows\SYSTEM32\profapi.dll
0x00007ff89e690000 - 0x00007ff89e6a9000 	C:\Program Files\Android\Android Studio\jbr\bin\net.dll
0x00007ff89b930000 - 0x00007ff89ba5f000 	C:\Windows\SYSTEM32\WINHTTP.dll
0x00007ff8a1f30000 - 0x00007ff8a1f99000 	C:\Windows\system32\mswsock.dll
0x00007ff89ca80000 - 0x00007ff89ca96000 	C:\Program Files\Android\Android Studio\jbr\bin\nio.dll
0x00007ff89f6a0000 - 0x00007ff89f6b0000 	C:\Program Files\Android\Android Studio\jbr\bin\verify.dll

dbghelp: loaded successfully - version: 4.0.5 - missing functions: none
symbol engine: initialized successfully - sym options: 0x614 - pdb path: .;C:\Program Files\Android\Android Studio\jbr\bin;C:\Windows\SYSTEM32;C:\Windows\WinSxS\amd64_microsoft.windows.common-controls_6595b64144ccf1df_6.0.22621.608_none_a9444ca7c10bb01d;C:\Program Files\Android\Android Studio\jbr\bin\server

VM Arguments:
java_command: org.jetbrains.kotlin.cli.jvm.K2JVMCompiler @C:\Users\Admin\AndroidStudioProjects\MoviesGearRent\app\build\20231228_14440938928334893014.compiler.options
java_class_path (initial): C:\Users\Admin\.gradle\caches\modules-2\files-2.1\org.jetbrains.kotlin\kotlin-compiler-embeddable\1.8.10\b0757fd774344d54ce93f5ad6c30ba1c1731c8ff\kotlin-compiler-embeddable-1.8.10.jar;C:\Users\Admin\.gradle\caches\modules-2\files-2.1\org.jetbrains.kotlin\kotlin-stdlib\1.8.10\6d5560a229477df9406943d5feda5618e98eb64c\kotlin-stdlib-1.8.10.jar;C:\Users\Admin\.gradle\caches\modules-2\files-2.1\org.jetbrains.kotlin\kotlin-script-runtime\1.8.10\b13ea9c7e46d589139e56086a878763290e20bd5\kotlin-script-runtime-1.8.10.jar;C:\Users\Admin\.gradle\caches\modules-2\files-2.1\org.jetbrains.kotlin\kotlin-reflect\1.6.10\1cbe9c92c12a94eea200d23c2bbaedaf3daf5132\kotlin-reflect-1.6.10.jar;C:\Users\Admin\.gradle\caches\modules-2\files-2.1\org.jetbrains.kotlin\kotlin-daemon-embeddable\1.8.10\ad8541d9bc1cf9e52c3204161247910c2cf601d4\kotlin-daemon-embeddable-1.8.10.jar;C:\Users\Admin\.gradle\caches\modules-2\files-2.1\org.jetbrains.intellij.deps\trove4j\1.0.20200330\3afb14d5f9ceb459d724e907a21145e8ff394f02\trove4j-1.0.20200330.jar;C:\Users\Admin\.gradle\caches\modules-2\files-2.1\net.java.dev.jna\jna\5.6.0\330f2244e9030119ab3030fc3fededc86713d9cc\jna-5.6.0.jar;C:\Users\Admin\.gradle\caches\modules-2\files-2.1\org.jetbrains.kotlin\kotlin-stdlib-common\1.8.10\a61b182458550492c12aee66157d7b524a63a5ec\kotlin-stdlib-common-1.8.10.jar;C:\Users\Admin\.gradle\caches\modules-2\files-2.1\org.jetbrains\annotations\13.0\919f0dfe192fb4e063e7dacadee7f8bb9a2672a9\annotations-13.0.jar
Launcher Type: SUN_STANDARD

[Global flags]
     intx CICompilerCount                          = 4                                         {product} {ergonomic}
     uint ConcGCThreads                            = 2                                         {product} {ergonomic}
     uint G1ConcRefinementThreads                  = 8                                         {product} {ergonomic}
   size_t G1HeapRegionSize                         = 2097152                                   {product} {ergonomic}
    uintx GCDrainStackTargetSize                   = 64                                        {product} {ergonomic}
   size_t InitialHeapSize                          = 201326592                                 {product} {ergonomic}
   size_t MarkStackSize                            = 4194304                                   {product} {ergonomic}
   size_t MaxHeapSize                              = 3191865344                                {product} {ergonomic}
   size_t MaxNewSize                               = 1914699776                                {product} {ergonomic}
   size_t MinHeapDeltaBytes                        = 2097152                                   {product} {ergonomic}
   size_t MinHeapSize                              = 8388608                                   {product} {ergonomic}
    uintx NonNMethodCodeHeapSize                   = 5839372                                {pd product} {ergonomic}
    uintx NonProfiledCodeHeapSize                  = 122909434                              {pd product} {ergonomic}
    uintx ProfiledCodeHeapSize                     = 122909434                              {pd product} {ergonomic}
    uintx ReservedCodeCacheSize                    = 251658240                              {pd product} {ergonomic}
     bool SegmentedCodeCache                       = true                                      {product} {ergonomic}
   size_t SoftMaxHeapSize                          = 3191865344                             {manageable} {ergonomic}
     bool UseCompressedClassPointers               = true                           {product lp64_product} {ergonomic}
     bool UseCompressedOops                        = true                           {product lp64_product} {ergonomic}
     bool UseG1GC                                  = true                                      {product} {ergonomic}
     bool UseLargePagesIndividualAllocation        = false                                  {pd product} {ergonomic}

Logging:
Log output configuration:
 #0: stdout all=warning uptime,level,tags
 #1: stderr all=off uptime,level,tags

Environment Variables:
PATH=C:\Program Files\Eclipse Adoptium\jdk-17.0.6.10-hotspot\bin;C:\Windows\system32;C:\Windows;C:\Windows\System32\Wbem;C:\Windows\System32\WindowsPowerShell\v1.0\;C:\Windows\System32\OpenSSH\;C:\xampp\php;C:\ProgramData\ComposerSetup\bin;C:\Program Files\Git\cmd;C:\Program Files\nodejs\;C:\ProgramData\chocolatey\bin;C:\Program Files\Cloudflare\Cloudflare WARP\;C:\Users\Admin\AppData\Local\Microsoft\WindowsApps;C:\Users\Admin\AppData\Local\Programs\Microsoft VS Code\bin;C:\Users\Admin\AppData\Roaming\Composer\vendor\bin;C:\Users\Admin\AppData\Roaming\npm;C:\xampp\mysql\bin;C:\Users\Admin\AppData\Local\GitHubDesktop\bin;C:\ProgramData\Admin\GitHubDesktop\bin
USERNAME=Admin
OS=Windows_NT
PROCESSOR_IDENTIFIER=Intel64 Family 6 Model 142 Stepping 10, GenuineIntel
TMP=C:\Users\Admin\AppData\Local\Temp
TEMP=C:\Users\Admin\AppData\Local\Temp


JNI global refs:
JNI global refs: 12, weak refs: 7

JNI global refs memory usage: 843, weak refs: 841


---------------  S Y S T E M  ---------------

OS:
 Windows 11 , 64 bit Build 22621 (10.0.22621.963)
OS uptime: 0 days 1:38 hours

CPU: total 8 (initial active 8) (4 cores per cpu, 2 threads per core) family 6 model 142 stepping 10 microcode 0xe0, cx8, cmov, fxsr, ht, mmx, 3dnowpref, sse, sse2, sse3, ssse3, sse4.1, sse4.2, popcnt, lzcnt, tsc, tscinvbit, avx, avx2, aes, erms, clmul, bmi1, bmi2, adx, fma, vzeroupper, clflush, clflushopt

Memory: 4k page, system-wide physical 12174M (495M free)
TotalPageFile size 12174M (AvailPageFile size 41M)
current process WorkingSet (physical memory assigned to process): 342M, peak: 350M
current process commit charge ("private bytes"): 416M, peak: 575M

vm_info: OpenJDK 64-Bit Server VM (17.0.6+0-b2043.56-10027231) for windows-amd64 JRE (17.0.6+0-b2043.56-10027231), built on Apr 28 2023 00:43:19 by "androidbuild" with MS VC++ 16.10 / 16.11 (VS2019)

END.
