#
# There is insufficient memory for the Java Runtime Environment to continue.
# Native memory allocation (malloc) failed to allocate 624816 bytes for Chunk::new
# Possible reasons:
#   The system is out of physical RAM or swap space
#   The process is running with CompressedOops enabled, and the Java Heap may be blocking the growth of the native heap
# Possible solutions:
#   Reduce memory load on the system
#   Increase physical memory or swap space
#   Check if swap backing store is full
#   Decrease Java heap size (-Xmx/-Xms)
#   Decrease number of Java threads
#   Decrease Java thread stack sizes (-Xss)
#   Set larger code cache with -XX:ReservedCodeCacheSize=
#   JVM is running with Zero Based Compressed Oops mode in which the Java heap is
#     placed in the first 32GB address space. The Java Heap base address is the
#     maximum limit for the native heap growth. Please use -XX:HeapBaseMinAddress
#     to set the Java Heap base and to place the Java Heap above 32GB virtual address.
# This output file may be truncated or incomplete.
#
#  Out of Memory Error (arena.cpp:189), pid=9520, tid=5092
#
# JRE version: OpenJDK Runtime Environment (17.0.6) (build 17.0.6+0-b2043.56-10027231)
# Java VM: OpenJDK 64-Bit Server VM (17.0.6+0-b2043.56-10027231, mixed mode, tiered, compressed oops, compressed class ptrs, g1 gc, windows-amd64)
# No core dump will be written. Minidumps are not enabled by default on client versions of Windows
#

---------------  S U M M A R Y ------------

Command Line: org.jetbrains.kotlin.cli.jvm.K2JVMCompiler @C:\Users\Admin\AndroidStudioProjects\MoviesGearRent\app\build\20231127_3911985044223955523.compiler.options

Host: Intel(R) Core(TM) i5-8250U CPU @ 1.60GHz, 8 cores, 11G,  Windows 11 , 64 bit Build 22621 (10.0.22621.963)
Time: Mon Nov 27 19:22:51 2023 SE Asia Standard Time elapsed time: 12.853161 seconds (0d 0h 0m 12s)

---------------  T H R E A D  ---------------

Current thread (0x000001cbebc2fa70):  JavaThread "C2 CompilerThread1" daemon [_thread_in_native, id=5092, stack(0x0000003f8bc00000,0x0000003f8bd00000)]


Current CompileTask:
C2:  12853 6121       4       org.jetbrains.kotlin.metadata.ProtoBuf$Type::writeTo (354 bytes)

Stack: [0x0000003f8bc00000,0x0000003f8bd00000]
Native frames: (J=compiled Java code, j=interpreted, Vv=VM code, C=native code)
V  [jvm.dll+0x683c9a]
V  [jvm.dll+0x8427a4]
V  [jvm.dll+0x843f9e]
V  [jvm.dll+0x844603]
V  [jvm.dll+0x249b75]
V  [jvm.dll+0xabcac]
V  [jvm.dll+0xac27c]
V  [jvm.dll+0x368857]
V  [jvm.dll+0x332f31]
V  [jvm.dll+0x3323da]
V  [jvm.dll+0x21c201]
V  [jvm.dll+0x21b621]
V  [jvm.dll+0x1a4fdd]
V  [jvm.dll+0x22b098]
V  [jvm.dll+0x229159]
V  [jvm.dll+0x7f81ec]
V  [jvm.dll+0x7f274a]
V  [jvm.dll+0x682ad5]
C  [ucrtbase.dll+0x29363]
C  [KERNEL32.DLL+0x126bd]
C  [ntdll.dll+0x5dfb8]


---------------  P R O C E S S  ---------------

Threads class SMR info:
_java_thread_list=0x000001cbec2f4ec0, length=13, elements={
0x000001cbcb4d78f0, 0x000001cbe842cf90, 0x000001cbe842e2e0, 0x000001cbe846cd10,
0x000001cbe8491d50, 0x000001cbe8492610, 0x000001cbe8492ed0, 0x000001cbe8493bb0,
0x000001cbe8486130, 0x000001cbe848b7d0, 0x000001cbe85ea150, 0x000001cbe85fece0,
0x000001cbebc2fa70
}

Java Threads: ( => current thread )
  0x000001cbcb4d78f0 JavaThread "main" [_thread_in_vm, id=7676, stack(0x0000003f8a500000,0x0000003f8a600000)]
  0x000001cbe842cf90 JavaThread "Reference Handler" daemon [_thread_blocked, id=1520, stack(0x0000003f8ac00000,0x0000003f8ad00000)]
  0x000001cbe842e2e0 JavaThread "Finalizer" daemon [_thread_blocked, id=2824, stack(0x0000003f8ad00000,0x0000003f8ae00000)]
  0x000001cbe846cd10 JavaThread "Signal Dispatcher" daemon [_thread_blocked, id=9048, stack(0x0000003f8ae00000,0x0000003f8af00000)]
  0x000001cbe8491d50 JavaThread "Attach Listener" daemon [_thread_blocked, id=8288, stack(0x0000003f8af00000,0x0000003f8b000000)]
  0x000001cbe8492610 JavaThread "Service Thread" daemon [_thread_blocked, id=8556, stack(0x0000003f8b000000,0x0000003f8b100000)]
  0x000001cbe8492ed0 JavaThread "Monitor Deflation Thread" daemon [_thread_blocked, id=4904, stack(0x0000003f8b100000,0x0000003f8b200000)]
  0x000001cbe8493bb0 JavaThread "C2 CompilerThread0" daemon [_thread_in_native, id=1404, stack(0x0000003f8b200000,0x0000003f8b300000)]
  0x000001cbe8486130 JavaThread "C1 CompilerThread0" daemon [_thread_blocked, id=8104, stack(0x0000003f8b300000,0x0000003f8b400000)]
  0x000001cbe848b7d0 JavaThread "Sweeper thread" daemon [_thread_blocked, id=10092, stack(0x0000003f8b400000,0x0000003f8b500000)]
  0x000001cbe85ea150 JavaThread "Notification Thread" daemon [_thread_blocked, id=9540, stack(0x0000003f8b500000,0x0000003f8b600000)]
  0x000001cbe85fece0 JavaThread "Common-Cleaner" daemon [_thread_blocked, id=8056, stack(0x0000003f8b700000,0x0000003f8b800000)]
=>0x000001cbebc2fa70 JavaThread "C2 CompilerThread1" daemon [_thread_in_native, id=5092, stack(0x0000003f8bc00000,0x0000003f8bd00000)]

Other Threads:
  0x000001cbe786e930 VMThread "VM Thread" [stack: 0x0000003f8ab00000,0x0000003f8ac00000] [id=7444]
  0x000001cbe85ea620 WatcherThread [stack: 0x0000003f8b600000,0x0000003f8b700000] [id=7012]
  0x000001cbcb532560 GCTaskThread "GC Thread#0" [stack: 0x0000003f8a600000,0x0000003f8a700000] [id=8688]
  0x000001cbe8b83a70 GCTaskThread "GC Thread#1" [stack: 0x0000003f8b800000,0x0000003f8b900000] [id=9188]
  0x000001cbe8bfac10 GCTaskThread "GC Thread#2" [stack: 0x0000003f8b900000,0x0000003f8ba00000] [id=8116]
  0x000001cbe8bfaec0 GCTaskThread "GC Thread#3" [stack: 0x0000003f8ba00000,0x0000003f8bb00000] [id=7756]
  0x000001cbe8c32450 GCTaskThread "GC Thread#4" [stack: 0x0000003f8bb00000,0x0000003f8bc00000] [id=9764]
  0x000001cbe9c371e0 GCTaskThread "GC Thread#5" [stack: 0x0000003f8bd00000,0x0000003f8be00000] [id=2388]
  0x000001cbe9c37f50 GCTaskThread "GC Thread#6" [stack: 0x0000003f8be00000,0x0000003f8bf00000] [id=512]
  0x000001cbe9c36f30 GCTaskThread "GC Thread#7" [stack: 0x0000003f8bf00000,0x0000003f8c000000] [id=2376]
  0x000001cbcb53f440 ConcurrentGCThread "G1 Main Marker" [stack: 0x0000003f8a700000,0x0000003f8a800000] [id=9744]
  0x000001cbcb5405f0 ConcurrentGCThread "G1 Conc#0" [stack: 0x0000003f8a800000,0x0000003f8a900000] [id=8848]
  0x000001cbe9c384b0 ConcurrentGCThread "G1 Conc#1" [stack: 0x0000003f8c000000,0x0000003f8c100000] [id=9612]
  0x000001cbcb59e8b0 ConcurrentGCThread "G1 Refine#0" [stack: 0x0000003f8a900000,0x0000003f8aa00000] [id=6556]
  0x000001cbed756930 ConcurrentGCThread "G1 Refine#1" [stack: 0x0000003f8c100000,0x0000003f8c200000] [id=9788]
  0x000001cbed754c70 ConcurrentGCThread "G1 Refine#2" [stack: 0x0000003f8c200000,0x0000003f8c300000] [id=7520]
  0x000001cbed7574b0 ConcurrentGCThread "G1 Refine#3" [stack: 0x0000003f8c300000,0x0000003f8c400000] [id=8280]
  0x000001cbe76f1360 ConcurrentGCThread "G1 Service" [stack: 0x0000003f8aa00000,0x0000003f8ab00000] [id=3288]

Threads with active compile tasks:
C2 CompilerThread0    12890 6135       4       org.jetbrains.org.objectweb.asm.ClassReader::readMethod (1061 bytes)
C2 CompilerThread1    12890 6121       4       org.jetbrains.kotlin.metadata.ProtoBuf$Type::writeTo (354 bytes)

VM state: not at safepoint (normal execution)

VM Mutex/Monitor currently owned by a thread:  ([mutex/lock_event])
[0x000001cbc93558d0] Metaspace_lock - owner thread: 0x000001cbcb4d78f0

Heap address: 0x0000000741c00000, size: 3044 MB, Compressed Oops mode: Zero based, Oop shift amount: 3

CDS archive(s) not mapped
Compressed class space mapped at: 0x0000000800000000-0x0000000840000000, reserved size: 1073741824
Narrow klass base: 0x0000000800000000, Narrow klass shift: 0, Narrow klass range: 0x40000000

GC Precious Log:
 CPUs: 8 total, 8 available
 Memory: 12174M
 Large Page Support: Disabled
 NUMA Support: Disabled
 Compressed Oops: Enabled (Zero based)
 Heap Region Size: 2M
 Heap Min Capacity: 8M
 Heap Initial Capacity: 192M
 Heap Max Capacity: 3044M
 Pre-touch: Disabled
 Parallel Workers: 8
 Concurrent Workers: 2
 Concurrent Refinement Workers: 8
 Periodic GC: Disabled

Heap:
 garbage-first heap   total 118784K, used 51963K [0x0000000741c00000, 0x0000000800000000)
  region size 2048K, 8 young (16384K), 4 survivors (8192K)
 Metaspace       used 59177K, committed 59456K, reserved 1105920K
  class space    used 6995K, committed 7104K, reserved 1048576K

Heap Regions: E=young(eden), S=young(survivor), O=old, HS=humongous(starts), HC=humongous(continues), CS=collection set, F=free, OA=open archive, CA=closed archive, TAMS=top-at-mark-start (previous, next)
|   0|0x0000000741c00000, 0x0000000741e00000, 0x0000000741e00000|100%|HS|  |TAMS 0x0000000741e00000, 0x0000000741c00000| Complete 
|   1|0x0000000741e00000, 0x0000000742000000, 0x0000000742000000|100%|HC|  |TAMS 0x0000000742000000, 0x0000000741e00000| Complete 
|   2|0x0000000742000000, 0x0000000742200000, 0x0000000742200000|100%|HS|  |TAMS 0x0000000742200000, 0x0000000742000000| Complete 
|   3|0x0000000742200000, 0x0000000742400000, 0x0000000742400000|100%|HC|  |TAMS 0x0000000742400000, 0x0000000742200000| Complete 
|   4|0x0000000742400000, 0x0000000742600000, 0x0000000742600000|100%| O|  |TAMS 0x0000000742400000, 0x0000000742400000| Untracked 
|   5|0x0000000742600000, 0x0000000742800000, 0x0000000742800000|100%| O|  |TAMS 0x0000000742800000, 0x0000000742600000| Untracked 
|   6|0x0000000742800000, 0x0000000742a00000, 0x0000000742a00000|100%|HS|  |TAMS 0x0000000742800000, 0x0000000742800000| Complete 
|   7|0x0000000742a00000, 0x0000000742c00000, 0x0000000742c00000|100%| O|  |TAMS 0x0000000742a00000, 0x0000000742a00000| Untracked 
|   8|0x0000000742c00000, 0x0000000742e00000, 0x0000000742e00000|100%| O|  |TAMS 0x0000000742c00000, 0x0000000742c00000| Untracked 
|   9|0x0000000742e00000, 0x0000000743000000, 0x0000000743000000|100%| O|  |TAMS 0x0000000743000000, 0x0000000742e00000| Untracked 
|  10|0x0000000743000000, 0x0000000743200000, 0x0000000743200000|100%| O|  |TAMS 0x0000000743200000, 0x0000000743000000| Untracked 
|  11|0x0000000743200000, 0x0000000743400000, 0x0000000743400000|100%| O|  |TAMS 0x0000000743400000, 0x0000000743200000| Untracked 
|  12|0x0000000743400000, 0x0000000743600000, 0x0000000743600000|100%| O|  |TAMS 0x0000000743400000, 0x0000000743400000| Untracked 
|  13|0x0000000743600000, 0x0000000743800000, 0x0000000743800000|100%| O|  |TAMS 0x0000000743600000, 0x0000000743600000| Untracked 
|  14|0x0000000743800000, 0x0000000743a00000, 0x0000000743a00000|100%| O|  |TAMS 0x0000000743800000, 0x0000000743800000| Untracked 
|  15|0x0000000743a00000, 0x0000000743c00000, 0x0000000743c00000|100%| O|  |TAMS 0x0000000743a00000, 0x0000000743a00000| Untracked 
|  16|0x0000000743c00000, 0x0000000743e00000, 0x0000000743e00000|100%| O|  |TAMS 0x0000000743c00000, 0x0000000743c00000| Untracked 
|  17|0x0000000743e00000, 0x0000000744000000, 0x0000000744000000|100%| O|  |TAMS 0x0000000743e00000, 0x0000000743e00000| Untracked 
|  18|0x0000000744000000, 0x00000007440bee00, 0x0000000744200000| 37%| O|  |TAMS 0x0000000744000000, 0x0000000744000000| Untracked 
|  19|0x0000000744200000, 0x0000000744200000, 0x0000000744400000|  0%| F|  |TAMS 0x0000000744200000, 0x0000000744200000| Untracked 
|  20|0x0000000744400000, 0x0000000744400000, 0x0000000744600000|  0%| F|  |TAMS 0x0000000744400000, 0x0000000744400000| Untracked 
|  21|0x0000000744600000, 0x0000000744600000, 0x0000000744800000|  0%| F|  |TAMS 0x0000000744600000, 0x0000000744600000| Untracked 
|  22|0x0000000744800000, 0x0000000744800000, 0x0000000744a00000|  0%| F|  |TAMS 0x0000000744800000, 0x0000000744800000| Untracked 
|  23|0x0000000744a00000, 0x0000000744a00000, 0x0000000744c00000|  0%| F|  |TAMS 0x0000000744a00000, 0x0000000744a00000| Untracked 
|  24|0x0000000744c00000, 0x0000000744c00000, 0x0000000744e00000|  0%| F|  |TAMS 0x0000000744c00000, 0x0000000744c00000| Untracked 
|  25|0x0000000744e00000, 0x0000000745000000, 0x0000000745000000|100%| S|CS|TAMS 0x0000000744e00000, 0x0000000744e00000| Complete 
|  26|0x0000000745000000, 0x0000000745200000, 0x0000000745200000|100%| S|CS|TAMS 0x0000000745000000, 0x0000000745000000| Complete 
|  27|0x0000000745200000, 0x0000000745400000, 0x0000000745400000|100%| S|CS|TAMS 0x0000000745200000, 0x0000000745200000| Complete 
|  28|0x0000000745400000, 0x0000000745400000, 0x0000000745600000|  0%| F|  |TAMS 0x0000000745400000, 0x0000000745400000| Untracked 
|  29|0x0000000745600000, 0x0000000745600000, 0x0000000745800000|  0%| F|  |TAMS 0x0000000745600000, 0x0000000745600000| Untracked 
|  30|0x0000000745800000, 0x0000000745800000, 0x0000000745a00000|  0%| F|  |TAMS 0x0000000745800000, 0x0000000745800000| Untracked 
|  31|0x0000000745a00000, 0x0000000745a00000, 0x0000000745c00000|  0%| F|  |TAMS 0x0000000745a00000, 0x0000000745a00000| Untracked 
|  32|0x0000000745c00000, 0x0000000745e00000, 0x0000000745e00000|100%| S|CS|TAMS 0x0000000745c00000, 0x0000000745c00000| Complete 
|  33|0x0000000745e00000, 0x0000000745e00000, 0x0000000746000000|  0%| F|  |TAMS 0x0000000745e00000, 0x0000000745e00000| Untracked 
|  34|0x0000000746000000, 0x0000000746000000, 0x0000000746200000|  0%| F|  |TAMS 0x0000000746000000, 0x0000000746000000| Untracked 
|  35|0x0000000746200000, 0x0000000746200000, 0x0000000746400000|  0%| F|  |TAMS 0x0000000746200000, 0x0000000746200000| Untracked 
|  36|0x0000000746400000, 0x0000000746400000, 0x0000000746600000|  0%| F|  |TAMS 0x0000000746400000, 0x0000000746400000| Untracked 
|  37|0x0000000746600000, 0x0000000746600000, 0x0000000746800000|  0%| F|  |TAMS 0x0000000746600000, 0x0000000746600000| Untracked 
|  38|0x0000000746800000, 0x0000000746800000, 0x0000000746a00000|  0%| F|  |TAMS 0x0000000746800000, 0x0000000746800000| Untracked 
|  39|0x0000000746a00000, 0x0000000746a00000, 0x0000000746c00000|  0%| F|  |TAMS 0x0000000746a00000, 0x0000000746a00000| Untracked 
|  40|0x0000000746c00000, 0x0000000746c00000, 0x0000000746e00000|  0%| F|  |TAMS 0x0000000746c00000, 0x0000000746c00000| Untracked 
|  41|0x0000000746e00000, 0x0000000746e00000, 0x0000000747000000|  0%| F|  |TAMS 0x0000000746e00000, 0x0000000746e00000| Untracked 
|  42|0x0000000747000000, 0x0000000747000000, 0x0000000747200000|  0%| F|  |TAMS 0x0000000747000000, 0x0000000747000000| Untracked 
|  43|0x0000000747200000, 0x0000000747200000, 0x0000000747400000|  0%| F|  |TAMS 0x0000000747200000, 0x0000000747200000| Untracked 
|  44|0x0000000747400000, 0x0000000747400000, 0x0000000747600000|  0%| F|  |TAMS 0x0000000747400000, 0x0000000747400000| Untracked 
|  45|0x0000000747600000, 0x0000000747600000, 0x0000000747800000|  0%| F|  |TAMS 0x0000000747600000, 0x0000000747600000| Untracked 
|  46|0x0000000747800000, 0x0000000747800000, 0x0000000747a00000|  0%| F|  |TAMS 0x0000000747800000, 0x0000000747800000| Untracked 
|  47|0x0000000747a00000, 0x0000000747a00000, 0x0000000747c00000|  0%| F|  |TAMS 0x0000000747a00000, 0x0000000747a00000| Untracked 
|  48|0x0000000747c00000, 0x0000000747c00000, 0x0000000747e00000|  0%| F|  |TAMS 0x0000000747c00000, 0x0000000747c00000| Untracked 
|  49|0x0000000747e00000, 0x0000000747e00000, 0x0000000748000000|  0%| F|  |TAMS 0x0000000747e00000, 0x0000000747e00000| Untracked 
|  50|0x0000000748000000, 0x0000000748000000, 0x0000000748200000|  0%| F|  |TAMS 0x0000000748000000, 0x0000000748000000| Untracked 
|  51|0x0000000748200000, 0x0000000748200000, 0x0000000748400000|  0%| F|  |TAMS 0x0000000748200000, 0x0000000748200000| Untracked 
|  52|0x0000000748400000, 0x0000000748400000, 0x0000000748600000|  0%| F|  |TAMS 0x0000000748400000, 0x0000000748400000| Untracked 
|  90|0x000000074d000000, 0x000000074d000000, 0x000000074d200000|  0%| F|  |TAMS 0x000000074d000000, 0x000000074d000000| Untracked 
|  91|0x000000074d200000, 0x000000074d3aa820, 0x000000074d400000| 83%| E|  |TAMS 0x000000074d200000, 0x000000074d200000| Complete 
|  92|0x000000074d400000, 0x000000074d600000, 0x000000074d600000|100%| E|CS|TAMS 0x000000074d400000, 0x000000074d400000| Complete 
|  93|0x000000074d600000, 0x000000074d800000, 0x000000074d800000|100%| E|CS|TAMS 0x000000074d600000, 0x000000074d600000| Complete 
|  95|0x000000074da00000, 0x000000074dc00000, 0x000000074dc00000|100%| E|CS|TAMS 0x000000074da00000, 0x000000074da00000| Complete 

Card table byte_map: [0x000001cbde2d0000,0x000001cbde8d0000] _byte_map_base: 0x000001cbda8c2000

Marking Bits (Prev, Next): (CMBitMap*) 0x000001cbcb532b70, (CMBitMap*) 0x000001cbcb532bb0
 Prev Bits: [0x000001cbdeed0000, 0x000001cbe1e60000)
 Next Bits: [0x000001cbe1e60000, 0x000001cbe4df0000)

Polling page: 0x000001cbc9470000

Metaspace:

Usage:
  Non-class:     50.96 MB used.
      Class:      6.83 MB used.
       Both:     57.79 MB used.

Virtual space:
  Non-class space:       56.00 MB reserved,      51.12 MB ( 91%) committed,  7 nodes.
      Class space:        1.00 GB reserved,       6.94 MB ( <1%) committed,  1 nodes.
             Both:        1.05 GB reserved,      58.06 MB (  5%) committed. 

Chunk freelists:
   Non-Class:  78.00 KB
       Class:  1023.00 KB
        Both:  1.08 MB

MaxMetaspaceSize: unlimited
CompressedClassSpaceSize: 1.00 GB
Initial GC threshold: 21.00 MB
Current GC threshold: 59.00 MB
CDS: off
MetaspaceReclaimPolicy: balanced
 - commit_granule_bytes: 65536.
 - commit_granule_words: 8192.
 - virtual_space_node_default_size: 1048576.
 - enlarge_chunks_in_place: 1.
 - new_chunks_are_fully_committed: 0.
 - uncommit_free_chunks: 1.
 - use_allocation_guard: 0.
 - handle_deallocations: 1.


Internal statistics:

num_allocs_failed_limit: 6.
num_arena_births: 260.
num_arena_deaths: 0.
num_vsnodes_births: 8.
num_vsnodes_deaths: 0.
num_space_committed: 927.
num_space_uncommitted: 0.
num_chunks_returned_to_freelist: 6.
num_chunks_taken_from_freelist: 2019.
num_chunk_merges: 3.
num_chunk_splits: 1626.
num_chunks_enlarged: 1439.
num_purges: 0.
num_inconsistent_stats: 0.

CodeHeap 'non-profiled nmethods': size=120000Kb used=2429Kb max_used=2721Kb free=117570Kb
 bounds [0x000001cbd6470000, 0x000001cbd6720000, 0x000001cbdd9a0000]
CodeHeap 'profiled nmethods': size=120000Kb used=12143Kb max_used=13927Kb free=107856Kb
 bounds [0x000001cbce9a0000, 0x000001cbcf740000, 0x000001cbd5ed0000]
CodeHeap 'non-nmethods': size=5760Kb used=1303Kb max_used=1373Kb free=4456Kb
 bounds [0x000001cbd5ed0000, 0x000001cbd6140000, 0x000001cbd6470000]
 total_blobs=5916 nmethods=5294 adapters=533
 compilation: enabled
              stopped_count=0, restarted_count=0
 full_count=0

Compilation events (20 events):
Event: 12.797 Thread 0x000001cbe8486130 nmethod 6158 0x000001cbceb7b990 code [0x000001cbceb7bb80, 0x000001cbceb7c058]
Event: 12.799 Thread 0x000001cbe8486130 6159   !   3       org.jetbrains.kotlin.com.intellij.util.io.FileAccessorCache::get (72 bytes)
Event: 12.800 Thread 0x000001cbe8493bb0 nmethod 6104 0x000001cbd6537190 code [0x000001cbd65373a0, 0x000001cbd65381d8]
Event: 12.800 Thread 0x000001cbe8493bb0 6135       4       org.jetbrains.org.objectweb.asm.ClassReader::readMethod (1061 bytes)
Event: 12.801 Thread 0x000001cbe8486130 nmethod 6159 0x000001cbcecdc790 code [0x000001cbcecdc9a0, 0x000001cbcecdd018]
Event: 12.801 Thread 0x000001cbe8486130 6160  s    3       org.jetbrains.kotlin.com.intellij.openapi.vfs.impl.ZipHandler::isSameFileAttributes (46 bytes)
Event: 12.801 Thread 0x000001cbe8486130 nmethod 6160 0x000001cbcf02ba90 code [0x000001cbcf02bc60, 0x000001cbcf02bfb8]
Event: 12.801 Thread 0x000001cbe8486130 6161       1       org.jetbrains.kotlin.load.kotlin.FileBasedKotlinClass::access$100 (5 bytes)
Event: 12.801 Thread 0x000001cbe8486130 nmethod 6161 0x000001cbd64eda90 code [0x000001cbd64edc20, 0x000001cbd64edcd8]
Event: 12.839 Thread 0x000001cbe8486130 6162       3       org.jetbrains.kotlin.psi.KtElementImplStub::getStubOrPsiChildrenAsList (31 bytes)
Event: 12.841 Thread 0x000001cbe8486130 nmethod 6162 0x000001cbced2f110 code [0x000001cbced2f320, 0x000001cbced2faf8]
Event: 12.841 Thread 0x000001cbe8486130 6164       3       java.lang.Character::digit (10 bytes)
Event: 12.841 Thread 0x000001cbe8486130 nmethod 6164 0x000001cbcee1ee90 code [0x000001cbcee1f040, 0x000001cbcee1f238]
Event: 12.841 Thread 0x000001cbe8486130 6163       1       org.jetbrains.kotlin.descriptors.annotations.AnnotationSplitter$LazySplitAnnotations::getTarget (5 bytes)
Event: 12.841 Thread 0x000001cbe8486130 nmethod 6163 0x000001cbd64ed790 code [0x000001cbd64ed920, 0x000001cbd64ed9f8]
Event: 12.841 Thread 0x000001cbe8486130 6165       1       java.util.Formatter$Flags::valueOf (5 bytes)
Event: 12.841 Thread 0x000001cbe8486130 nmethod 6165 0x000001cbd64ed490 code [0x000001cbd64ed620, 0x000001cbd64ed6f8]
Event: 12.842 Thread 0x000001cbe8486130 6167       3       org.jetbrains.kotlin.util.collectionUtils.ScopeUtilsKt::concat (61 bytes)
Event: 12.844 Thread 0x000001cbe8486130 nmethod 6167 0x000001cbceb19990 code [0x000001cbceb19c60, 0x000001cbceb1aaf8]
Event: 12.844 Thread 0x000001cbe8486130 6166       3       org.jetbrains.kotlin.resolve.calls.tower.NoExplicitReceiverScopeTowerProcessor::simpleProcess (947 bytes)

GC Heap History (20 events):
Event: 4.110 GC heap before
{Heap before GC invocations=5 (full 0):
 garbage-first heap   total 49152K, used 31058K [0x0000000741c00000, 0x0000000800000000)
  region size 2048K, 12 young (24576K), 5 survivors (10240K)
 Metaspace       used 31471K, committed 31744K, reserved 1081344K
  class space    used 3826K, committed 3904K, reserved 1048576K
}
Event: 4.135 GC heap after
{Heap after GC invocations=6 (full 0):
 garbage-first heap   total 49152K, used 18277K [0x0000000741c00000, 0x0000000800000000)
  region size 2048K, 2 young (4096K), 2 survivors (4096K)
 Metaspace       used 31471K, committed 31744K, reserved 1081344K
  class space    used 3826K, committed 3904K, reserved 1048576K
}
Event: 4.766 GC heap before
{Heap before GC invocations=6 (full 0):
 garbage-first heap   total 49152K, used 38757K [0x0000000741c00000, 0x0000000800000000)
  region size 2048K, 11 young (22528K), 2 survivors (4096K)
 Metaspace       used 34008K, committed 34240K, reserved 1081344K
  class space    used 4331K, committed 4416K, reserved 1048576K
}
Event: 4.795 GC heap after
{Heap after GC invocations=7 (full 0):
 garbage-first heap   total 49152K, used 24323K [0x0000000741c00000, 0x0000000800000000)
  region size 2048K, 2 young (4096K), 2 survivors (4096K)
 Metaspace       used 34008K, committed 34240K, reserved 1081344K
  class space    used 4331K, committed 4416K, reserved 1048576K
}
Event: 5.090 GC heap before
{Heap before GC invocations=7 (full 0):
 garbage-first heap   total 49152K, used 28419K [0x0000000741c00000, 0x0000000800000000)
  region size 2048K, 6 young (12288K), 2 survivors (4096K)
 Metaspace       used 35770K, committed 35968K, reserved 1081344K
  class space    used 4518K, committed 4608K, reserved 1048576K
}
Event: 5.114 GC heap after
{Heap after GC invocations=8 (full 0):
 garbage-first heap   total 63488K, used 25849K [0x0000000741c00000, 0x0000000800000000)
  region size 2048K, 1 young (2048K), 1 survivors (2048K)
 Metaspace       used 35770K, committed 35968K, reserved 1081344K
  class space    used 4518K, committed 4608K, reserved 1048576K
}
Event: 5.651 GC heap before
{Heap before GC invocations=9 (full 0):
 garbage-first heap   total 63488K, used 44281K [0x0000000741c00000, 0x0000000800000000)
  region size 2048K, 10 young (20480K), 1 survivors (2048K)
 Metaspace       used 38701K, committed 38912K, reserved 1089536K
  class space    used 4865K, committed 4928K, reserved 1048576K
}
Event: 5.666 GC heap after
{Heap after GC invocations=10 (full 0):
 garbage-first heap   total 63488K, used 26275K [0x0000000741c00000, 0x0000000800000000)
  region size 2048K, 2 young (4096K), 2 survivors (4096K)
 Metaspace       used 38701K, committed 38912K, reserved 1089536K
  class space    used 4865K, committed 4928K, reserved 1048576K
}
Event: 5.708 GC heap before
{Heap before GC invocations=10 (full 0):
 garbage-first heap   total 63488K, used 28323K [0x0000000741c00000, 0x0000000800000000)
  region size 2048K, 3 young (6144K), 2 survivors (4096K)
 Metaspace       used 39077K, committed 39360K, reserved 1089536K
  class space    used 4888K, committed 4992K, reserved 1048576K
}
Event: 5.721 GC heap after
{Heap after GC invocations=11 (full 0):
 garbage-first heap   total 63488K, used 26185K [0x0000000741c00000, 0x0000000800000000)
  region size 2048K, 1 young (2048K), 1 survivors (2048K)
 Metaspace       used 39077K, committed 39360K, reserved 1089536K
  class space    used 4888K, committed 4992K, reserved 1048576K
}
Event: 6.262 GC heap before
{Heap before GC invocations=11 (full 0):
 garbage-first heap   total 63488K, used 42569K [0x0000000741c00000, 0x0000000800000000)
  region size 2048K, 10 young (20480K), 1 survivors (2048K)
 Metaspace       used 42771K, committed 43072K, reserved 1089536K
  class space    used 5209K, committed 5376K, reserved 1048576K
}
Event: 6.269 GC heap after
{Heap after GC invocations=12 (full 0):
 garbage-first heap   total 63488K, used 27481K [0x0000000741c00000, 0x0000000800000000)
  region size 2048K, 1 young (2048K), 1 survivors (2048K)
 Metaspace       used 42771K, committed 43072K, reserved 1089536K
  class space    used 5209K, committed 5376K, reserved 1048576K
}
Event: 7.141 GC heap before
{Heap before GC invocations=12 (full 0):
 garbage-first heap   total 63488K, used 45913K [0x0000000741c00000, 0x0000000800000000)
  region size 2048K, 10 young (20480K), 1 survivors (2048K)
 Metaspace       used 47361K, committed 47616K, reserved 1097728K
  class space    used 5717K, committed 5824K, reserved 1048576K
}
Event: 7.158 GC heap after
{Heap after GC invocations=13 (full 0):
 garbage-first heap   total 63488K, used 29353K [0x0000000741c00000, 0x0000000800000000)
  region size 2048K, 2 young (4096K), 2 survivors (4096K)
 Metaspace       used 47361K, committed 47616K, reserved 1097728K
  class space    used 5717K, committed 5824K, reserved 1048576K
}
Event: 8.014 GC heap before
{Heap before GC invocations=13 (full 0):
 garbage-first heap   total 63488K, used 47785K [0x0000000741c00000, 0x0000000800000000)
  region size 2048K, 10 young (20480K), 2 survivors (4096K)
 Metaspace       used 50033K, committed 50304K, reserved 1097728K
  class space    used 6040K, committed 6144K, reserved 1048576K
}
Event: 8.044 GC heap after
{Heap after GC invocations=14 (full 0):
 garbage-first heap   total 118784K, used 34235K [0x0000000741c00000, 0x0000000800000000)
  region size 2048K, 2 young (4096K), 2 survivors (4096K)
 Metaspace       used 50033K, committed 50304K, reserved 1097728K
  class space    used 6040K, committed 6144K, reserved 1048576K
}
Event: 9.481 GC heap before
{Heap before GC invocations=14 (full 0):
 garbage-first heap   total 118784K, used 87483K [0x0000000741c00000, 0x0000000800000000)
  region size 2048K, 28 young (57344K), 2 survivors (4096K)
 Metaspace       used 53595K, committed 53888K, reserved 1097728K
  class space    used 6422K, committed 6528K, reserved 1048576K
}
Event: 9.521 GC heap after
{Heap after GC invocations=15 (full 0):
 garbage-first heap   total 118784K, used 38003K [0x0000000741c00000, 0x0000000800000000)
  region size 2048K, 4 young (8192K), 4 survivors (8192K)
 Metaspace       used 53595K, committed 53888K, reserved 1097728K
  class space    used 6422K, committed 6528K, reserved 1048576K
}
Event: 12.381 GC heap before
{Heap before GC invocations=15 (full 0):
 garbage-first heap   total 118784K, used 87155K [0x0000000741c00000, 0x0000000800000000)
  region size 2048K, 29 young (59392K), 4 survivors (8192K)
 Metaspace       used 58284K, committed 58624K, reserved 1105920K
  class space    used 6876K, committed 7040K, reserved 1048576K
}
Event: 12.438 GC heap after
{Heap after GC invocations=16 (full 0):
 garbage-first heap   total 118784K, used 45819K [0x0000000741c00000, 0x0000000800000000)
  region size 2048K, 4 young (8192K), 4 survivors (8192K)
 Metaspace       used 58284K, committed 58624K, reserved 1105920K
  class space    used 6876K, committed 7040K, reserved 1048576K
}

Dll operation events (2 events):
Event: 0.012 Loaded shared library C:\Program Files\Android\Android Studio\jbr\bin\java.dll
Event: 2.310 Loaded shared library C:\Program Files\Android\Android Studio\jbr\bin\verify.dll

Deoptimization events (20 events):
Event: 12.558 Thread 0x000001cbcb4d78f0 DEOPT PACKING pc=0x000001cbd66e9fa0 sp=0x0000003f8a5fe410
Event: 12.558 Thread 0x000001cbcb4d78f0 DEOPT UNPACKING pc=0x000001cbd5f269a3 sp=0x0000003f8a5fe3d0 mode 2
Event: 12.629 Thread 0x000001cbcb4d78f0 DEOPT PACKING pc=0x000001cbcf1c62e3 sp=0x0000003f8a5fbc10
Event: 12.629 Thread 0x000001cbcb4d78f0 DEOPT UNPACKING pc=0x000001cbd5f27143 sp=0x0000003f8a5fb118 mode 0
Event: 12.688 Thread 0x000001cbcb4d78f0 DEOPT PACKING pc=0x000001cbcf2c7024 sp=0x0000003f8a5fb8c0
Event: 12.688 Thread 0x000001cbcb4d78f0 DEOPT UNPACKING pc=0x000001cbd5f27143 sp=0x0000003f8a5fae70 mode 0
Event: 12.718 Thread 0x000001cbcb4d78f0 DEOPT PACKING pc=0x000001cbcf5abd1d sp=0x0000003f8a5fbe10
Event: 12.718 Thread 0x000001cbcb4d78f0 DEOPT UNPACKING pc=0x000001cbd5f27143 sp=0x0000003f8a5fb2a0 mode 0
Event: 12.735 Thread 0x000001cbcb4d78f0 Uncommon trap: trap_request=0xffffffc6 fr.pc=0x000001cbd670e208 relative=0x0000000000002448
Event: 12.735 Thread 0x000001cbcb4d78f0 Uncommon trap: reason=bimorphic_or_optimized_type_check action=maybe_recompile pc=0x000001cbd670e208 method=org.jetbrains.kotlin.load.kotlin.FileBasedKotlinClass$3$1.visit(Ljava/lang/String;Ljava/lang/Object;)V @ 46 c2
Event: 12.735 Thread 0x000001cbcb4d78f0 DEOPT PACKING pc=0x000001cbd670e208 sp=0x0000003f8a5fb9d0
Event: 12.735 Thread 0x000001cbcb4d78f0 DEOPT UNPACKING pc=0x000001cbd5f269a3 sp=0x0000003f8a5fb8d8 mode 2
Event: 12.752 Thread 0x000001cbcb4d78f0 Uncommon trap: trap_request=0xffffff45 fr.pc=0x000001cbd668b71c relative=0x000000000000017c
Event: 12.752 Thread 0x000001cbcb4d78f0 Uncommon trap: reason=unstable_if action=reinterpret pc=0x000001cbd668b71c method=org.jetbrains.kotlin.com.intellij.lang.LanguageExtension.forLanguage(Lorg/jetbrains/kotlin/com/intellij/lang/Language;)Ljava/lang/Object; @ 19 c2
Event: 12.752 Thread 0x000001cbcb4d78f0 DEOPT PACKING pc=0x000001cbd668b71c sp=0x0000003f8a5fc400
Event: 12.752 Thread 0x000001cbcb4d78f0 DEOPT UNPACKING pc=0x000001cbd5f269a3 sp=0x0000003f8a5fc3b0 mode 2
Event: 12.765 Thread 0x000001cbcb4d78f0 Uncommon trap: trap_request=0xffffffc6 fr.pc=0x000001cbd66f0a18 relative=0x00000000000005f8
Event: 12.765 Thread 0x000001cbcb4d78f0 Uncommon trap: reason=bimorphic_or_optimized_type_check action=maybe_recompile pc=0x000001cbd66f0a18 method=org.jetbrains.kotlin.types.model.TypeSystemContext.typeConstructor(Lorg/jetbrains/kotlin/types/model/KotlinTypeMarker;)Lorg/jetbrains/kotlin/types/
Event: 12.765 Thread 0x000001cbcb4d78f0 DEOPT PACKING pc=0x000001cbd66f0a18 sp=0x0000003f8a5fc720
Event: 12.765 Thread 0x000001cbcb4d78f0 DEOPT UNPACKING pc=0x000001cbd5f269a3 sp=0x0000003f8a5fc6c0 mode 2

Classes unloaded (0 events):
No events

Classes redefined (0 events):
No events

Internal exceptions (20 events):
Event: 6.583 Thread 0x000001cbcb4d78f0 Implicit null exception at 0x000001cbd65ad8c1 to 0x000001cbd65ad9e4
Event: 6.593 Thread 0x000001cbcb4d78f0 Implicit null exception at 0x000001cbd65ad450 to 0x000001cbd65ad52c
Event: 6.669 Thread 0x000001cbcb4d78f0 Implicit null exception at 0x000001cbd65aff4c to 0x000001cbd65b0054
Event: 6.754 Thread 0x000001cbcb4d78f0 Exception <a 'java/lang/NoSuchMethodError'{0x000000074d18e6e0}: 'java.lang.Object java.lang.invoke.DirectMethodHandle$Holder.newInvokeSpecial(java.lang.Object, java.lang.Object, java.lang.Object, int)'> (0x000000074d18e6e0) 
thrown [s\src\hotspot\share\interpreter\linkResolver.cpp, line 771]
Event: 6.755 Thread 0x000001cbcb4d78f0 Exception <a 'java/lang/NoSuchMethodError'{0x000000074d192d68}: 'java.lang.Object java.lang.invoke.DirectMethodHandle$Holder.invokeSpecial(java.lang.Object, java.lang.Object, java.lang.Object, java.lang.Object, int)'> (0x000000074d192d68) 
thrown [s\src\hotspot\share\interpreter\linkResolver.cpp, line 771]
Event: 6.756 Thread 0x000001cbcb4d78f0 Exception <a 'java/lang/NoSuchMethodError'{0x000000074d196bd8}: 'java.lang.Object java.lang.invoke.Invokers$Holder.linkToTargetMethod(java.lang.Object, java.lang.Object, int, java.lang.Object)'> (0x000000074d196bd8) 
thrown [s\src\hotspot\share\interpreter\linkResolver.cpp, line 771]
Event: 7.299 Thread 0x000001cbcb4d78f0 Exception <a 'java/lang/NoSuchMethodError'{0x000000074d696130}: 'java.lang.Object java.lang.invoke.DirectMethodHandle$Holder.invokeInterface(java.lang.Object, java.lang.Object)'> (0x000000074d696130) 
thrown [s\src\hotspot\share\interpreter\linkResolver.cpp, line 771]
Event: 8.321 Thread 0x000001cbcb4d78f0 Exception <a 'java/lang/NoSuchMethodError'{0x000000074d4b6150}: 'java.lang.Object java.lang.invoke.DirectMethodHandle$Holder.newInvokeSpecial(java.lang.Object, java.lang.Object, java.lang.Object, java.lang.Object, java.lang.Object, java.lang.Object)'> (0x000000074d4b6150) 
thrown [s\src\hotspot\share\interpreter\linkResolver.cpp, line 771]
Event: 10.069 Thread 0x000001cbcb4d78f0 Exception <a 'java/lang/NoSuchMethodError'{0x000000074d051a80}: 'java.lang.Object java.lang.invoke.DirectMethodHandle$Holder.invokeStatic(java.lang.Object, java.lang.Object, java.lang.Object, java.lang.Object, int)'> (0x000000074d051a80) 
thrown [s\src\hotspot\share\interpreter\linkResolver.cpp, line 771]
Event: 10.070 Thread 0x000001cbcb4d78f0 Exception <a 'java/lang/NoSuchMethodError'{0x000000074d05b4c0}: 'java.lang.Object java.lang.invoke.DirectMethodHandle$Holder.newInvokeSpecial(java.lang.Object, java.lang.Object, java.lang.Object, java.lang.Object, int)'> (0x000000074d05b4c0) 
thrown [s\src\hotspot\share\interpreter\linkResolver.cpp, line 771]
Event: 10.071 Thread 0x000001cbcb4d78f0 Exception <a 'java/lang/NoSuchMethodError'{0x000000074d05fd48}: 'java.lang.Object java.lang.invoke.DirectMethodHandle$Holder.invokeSpecial(java.lang.Object, java.lang.Object, java.lang.Object, java.lang.Object, java.lang.Object, int)'> (0x000000074d05fd48) 
thrown [s\src\hotspot\share\interpreter\linkResolver.cpp, line 771]
Event: 10.072 Thread 0x000001cbcb4d78f0 Exception <a 'java/lang/NoSuchMethodError'{0x000000074d063f80}: 'java.lang.Object java.lang.invoke.Invokers$Holder.linkToTargetMethod(java.lang.Object, java.lang.Object, java.lang.Object, int, java.lang.Object)'> (0x000000074d063f80) 
thrown [s\src\hotspot\share\interpreter\linkResolver.cpp, line 771]
Event: 10.494 Thread 0x000001cbcb4d78f0 Exception <a 'java/lang/NoSuchMethodError'{0x0000000748108540}: 'java.lang.Object java.lang.invoke.DirectMethodHandle$Holder.invokeStaticInit(java.lang.Object, java.lang.Object, java.lang.Object)'> (0x0000000748108540) 
thrown [s\src\hotspot\share\interpreter\linkResolver.cpp, line 771]
Event: 12.119 Thread 0x000001cbcb4d78f0 Exception <a 'java/lang/NoSuchMethodError'{0x0000000746728018}: 'java.lang.Object java.lang.invoke.DirectMethodHandle$Holder.newInvokeSpecial(java.lang.Object, int, java.lang.Object)'> (0x0000000746728018) 
thrown [s\src\hotspot\share\interpreter\linkResolver.cpp, line 771]
Event: 12.121 Thread 0x000001cbcb4d78f0 Exception <a 'java/lang/NoSuchMethodError'{0x000000074672e3c0}: 'int java.lang.invoke.DirectMethodHandle$Holder.invokeInterface(java.lang.Object, java.lang.Object)'> (0x000000074672e3c0) 
thrown [s\src\hotspot\share\interpreter\linkResolver.cpp, line 771]
Event: 12.145 Thread 0x000001cbcb4d78f0 Implicit null exception at 0x000001cbd64be88f to 0x000001cbd64beb1c
Event: 12.145 Thread 0x000001cbcb4d78f0 Implicit null exception at 0x000001cbd656678f to 0x000001cbd6566809
Event: 12.463 Thread 0x000001cbcb4d78f0 Implicit null exception at 0x000001cbd6707c4c to 0x000001cbd6708088
Event: 12.468 Thread 0x000001cbcb4d78f0 Implicit null exception at 0x000001cbd670aaef to 0x000001cbd670ad4c
Event: 12.551 Thread 0x000001cbcb4d78f0 Exception <a 'java/lang/NoSuchMethodError'{0x000000074dbf0488}: 'int java.lang.invoke.DirectMethodHandle$Holder.invokeStaticInit(java.lang.Object, int)'> (0x000000074dbf0488) 
thrown [s\src\hotspot\share\interpreter\linkResolver.cpp, line 771]

VM Operations (20 events):
Event: 11.751 Executing VM operation: ICBufferFull
Event: 11.751 Executing VM operation: ICBufferFull done
Event: 12.100 Executing VM operation: HandshakeAllThreads
Event: 12.100 Executing VM operation: HandshakeAllThreads done
Event: 12.122 Executing VM operation: ICBufferFull
Event: 12.123 Executing VM operation: ICBufferFull done
Event: 12.217 Executing VM operation: HandshakeAllThreads
Event: 12.217 Executing VM operation: HandshakeAllThreads done
Event: 12.248 Executing VM operation: HandshakeAllThreads
Event: 12.248 Executing VM operation: HandshakeAllThreads done
Event: 12.264 Executing VM operation: ICBufferFull
Event: 12.265 Executing VM operation: ICBufferFull done
Event: 12.274 Executing VM operation: HandshakeAllThreads
Event: 12.274 Executing VM operation: HandshakeAllThreads done
Event: 12.381 Executing VM operation: G1CollectForAllocation
Event: 12.438 Executing VM operation: G1CollectForAllocation done
Event: 12.572 Executing VM operation: HandshakeAllThreads
Event: 12.572 Executing VM operation: HandshakeAllThreads done
Event: 12.688 Executing VM operation: HandshakeAllThreads
Event: 12.688 Executing VM operation: HandshakeAllThreads done

Events (20 events):
Event: 12.288 Thread 0x000001cbe848b7d0 flushing nmethod 0x000001cbcf38a790
Event: 12.288 Thread 0x000001cbe848b7d0 flushing nmethod 0x000001cbcf38e790
Event: 12.288 Thread 0x000001cbe848b7d0 flushing nmethod 0x000001cbcf38eb10
Event: 12.288 Thread 0x000001cbe848b7d0 flushing nmethod 0x000001cbcf38fd10
Event: 12.288 Thread 0x000001cbe848b7d0 flushing nmethod 0x000001cbcf397710
Event: 12.288 Thread 0x000001cbe848b7d0 flushing nmethod 0x000001cbcf3ae190
Event: 12.288 Thread 0x000001cbe848b7d0 flushing nmethod 0x000001cbcf3bf190
Event: 12.288 Thread 0x000001cbe848b7d0 flushing nmethod 0x000001cbcf3cc810
Event: 12.289 Thread 0x000001cbe848b7d0 flushing nmethod 0x000001cbcf3dc490
Event: 12.289 Thread 0x000001cbe848b7d0 flushing nmethod 0x000001cbcf3e6610
Event: 12.289 Thread 0x000001cbe848b7d0 flushing nmethod 0x000001cbcf3e6910
Event: 12.289 Thread 0x000001cbe848b7d0 flushing nmethod 0x000001cbcf3f5f10
Event: 12.289 Thread 0x000001cbe848b7d0 flushing nmethod 0x000001cbcf416e90
Event: 12.289 Thread 0x000001cbe848b7d0 flushing nmethod 0x000001cbcf41d710
Event: 12.289 Thread 0x000001cbe848b7d0 flushing nmethod 0x000001cbcf41ef90
Event: 12.289 Thread 0x000001cbe848b7d0 flushing nmethod 0x000001cbcf440a10
Event: 12.289 Thread 0x000001cbe848b7d0 flushing nmethod 0x000001cbcf4c6390
Event: 12.290 Thread 0x000001cbe848b7d0 flushing nmethod 0x000001cbcf523210
Event: 12.291 Thread 0x000001cbe848b7d0 flushing nmethod 0x000001cbcf656690
Event: 12.291 Thread 0x000001cbe848b7d0 flushing nmethod 0x000001cbcf66e490


Dynamic libraries:
0x00007ff76eae0000 - 0x00007ff76eaea000 	C:\Program Files\Android\Android Studio\jbr\bin\java.exe
0x00007ffc23610000 - 0x00007ffc23824000 	C:\Windows\SYSTEM32\ntdll.dll
0x00007ffc21d30000 - 0x00007ffc21df3000 	C:\Windows\System32\KERNEL32.DLL
0x00007ffc20e80000 - 0x00007ffc2121d000 	C:\Windows\System32\KERNELBASE.dll
0x00007ffc20a30000 - 0x00007ffc20b41000 	C:\Windows\System32\ucrtbase.dll
0x00007ffc092c0000 - 0x00007ffc092d7000 	C:\Program Files\Android\Android Studio\jbr\bin\jli.dll
0x00007ffc02630000 - 0x00007ffc0264b000 	C:\Program Files\Android\Android Studio\jbr\bin\VCRUNTIME140.dll
0x00007ffc22340000 - 0x00007ffc224ed000 	C:\Windows\System32\USER32.dll
0x00007ffc08800000 - 0x00007ffc08a8e000 	C:\Windows\WinSxS\amd64_microsoft.windows.common-controls_6595b64144ccf1df_6.0.22621.608_none_a9444ca7c10bb01d\COMCTL32.dll
0x00007ffc20ce0000 - 0x00007ffc20d06000 	C:\Windows\System32\win32u.dll
0x00007ffc228a0000 - 0x00007ffc22947000 	C:\Windows\System32\msvcrt.dll
0x00007ffc21400000 - 0x00007ffc21429000 	C:\Windows\System32\GDI32.dll
0x00007ffc20b50000 - 0x00007ffc20c62000 	C:\Windows\System32\gdi32full.dll
0x00007ffc21220000 - 0x00007ffc212ba000 	C:\Windows\System32\msvcp_win.dll
0x00007ffc214c0000 - 0x00007ffc214f2000 	C:\Windows\System32\IMM32.DLL
0x00007ffc026f0000 - 0x00007ffc026fc000 	C:\Program Files\Android\Android Studio\jbr\bin\vcruntime140_1.dll
0x00007ffbf1280000 - 0x00007ffbf130d000 	C:\Program Files\Android\Android Studio\jbr\bin\msvcp140.dll
0x00007ffbf1aa0000 - 0x00007ffbf270e000 	C:\Program Files\Android\Android Studio\jbr\bin\server\jvm.dll
0x00007ffc22bd0000 - 0x00007ffc22c7e000 	C:\Windows\System32\ADVAPI32.dll
0x00007ffc22b20000 - 0x00007ffc22bc4000 	C:\Windows\System32\sechost.dll
0x00007ffc21560000 - 0x00007ffc21675000 	C:\Windows\System32\RPCRT4.dll
0x00007ffc1b310000 - 0x00007ffc1b319000 	C:\Windows\SYSTEM32\WSOCK32.dll
0x00007ffc1a5c0000 - 0x00007ffc1a5f4000 	C:\Windows\SYSTEM32\WINMM.dll
0x00007ffc23470000 - 0x00007ffc234e1000 	C:\Windows\System32\WS2_32.dll
0x00007ffc1ab40000 - 0x00007ffc1ab4a000 	C:\Windows\SYSTEM32\VERSION.dll
0x00007ffc1fa70000 - 0x00007ffc1fa88000 	C:\Windows\SYSTEM32\kernel.appcore.dll
0x00007ffc1b280000 - 0x00007ffc1b28a000 	C:\Program Files\Android\Android Studio\jbr\bin\jimage.dll
0x00007ffc0c080000 - 0x00007ffc0c2ae000 	C:\Windows\SYSTEM32\DBGHELP.DLL
0x00007ffc22510000 - 0x00007ffc2289a000 	C:\Windows\System32\combase.dll
0x00007ffc234f0000 - 0x00007ffc235c7000 	C:\Windows\System32\OLEAUT32.dll
0x00007ffc09ec0000 - 0x00007ffc09ef2000 	C:\Windows\SYSTEM32\dbgcore.DLL
0x00007ffc21380000 - 0x00007ffc213fb000 	C:\Windows\System32\bcryptPrimitives.dll
0x00007ffc0bce0000 - 0x00007ffc0bd05000 	C:\Program Files\Android\Android Studio\jbr\bin\java.dll
0x00007ffc0a270000 - 0x00007ffc0a288000 	C:\Program Files\Android\Android Studio\jbr\bin\zip.dll
0x00007ffc22c80000 - 0x00007ffc2346f000 	C:\Windows\System32\SHELL32.dll
0x00007ffc1ea40000 - 0x00007ffc1f308000 	C:\Windows\SYSTEM32\windows.storage.dll
0x00007ffc1e900000 - 0x00007ffc1ea3e000 	C:\Windows\SYSTEM32\wintypes.dll
0x00007ffc21b10000 - 0x00007ffc21c01000 	C:\Windows\System32\SHCORE.dll
0x00007ffc21500000 - 0x00007ffc2155e000 	C:\Windows\System32\shlwapi.dll
0x00007ffc20960000 - 0x00007ffc20981000 	C:\Windows\SYSTEM32\profapi.dll
0x00007ffc0a0a0000 - 0x00007ffc0a0b9000 	C:\Program Files\Android\Android Studio\jbr\bin\net.dll
0x00007ffc19ed0000 - 0x00007ffc19fff000 	C:\Windows\SYSTEM32\WINHTTP.dll
0x00007ffc1fed0000 - 0x00007ffc1ff39000 	C:\Windows\system32\mswsock.dll
0x00007ffc0a080000 - 0x00007ffc0a096000 	C:\Program Files\Android\Android Studio\jbr\bin\nio.dll
0x00007ffc1ad00000 - 0x00007ffc1ad10000 	C:\Program Files\Android\Android Studio\jbr\bin\verify.dll

dbghelp: loaded successfully - version: 4.0.5 - missing functions: none
symbol engine: initialized successfully - sym options: 0x614 - pdb path: .;C:\Program Files\Android\Android Studio\jbr\bin;C:\Windows\SYSTEM32;C:\Windows\WinSxS\amd64_microsoft.windows.common-controls_6595b64144ccf1df_6.0.22621.608_none_a9444ca7c10bb01d;C:\Program Files\Android\Android Studio\jbr\bin\server

VM Arguments:
java_command: org.jetbrains.kotlin.cli.jvm.K2JVMCompiler @C:\Users\Admin\AndroidStudioProjects\MoviesGearRent\app\build\20231127_3911985044223955523.compiler.options
java_class_path (initial): C:\Users\Admin\.gradle\caches\modules-2\files-2.1\org.jetbrains.kotlin\kotlin-compiler-embeddable\1.8.10\b0757fd774344d54ce93f5ad6c30ba1c1731c8ff\kotlin-compiler-embeddable-1.8.10.jar;C:\Users\Admin\.gradle\caches\modules-2\files-2.1\org.jetbrains.kotlin\kotlin-stdlib\1.8.10\6d5560a229477df9406943d5feda5618e98eb64c\kotlin-stdlib-1.8.10.jar;C:\Users\Admin\.gradle\caches\modules-2\files-2.1\org.jetbrains.kotlin\kotlin-script-runtime\1.8.10\b13ea9c7e46d589139e56086a878763290e20bd5\kotlin-script-runtime-1.8.10.jar;C:\Users\Admin\.gradle\caches\modules-2\files-2.1\org.jetbrains.kotlin\kotlin-reflect\1.6.10\1cbe9c92c12a94eea200d23c2bbaedaf3daf5132\kotlin-reflect-1.6.10.jar;C:\Users\Admin\.gradle\caches\modules-2\files-2.1\org.jetbrains.kotlin\kotlin-daemon-embeddable\1.8.10\ad8541d9bc1cf9e52c3204161247910c2cf601d4\kotlin-daemon-embeddable-1.8.10.jar;C:\Users\Admin\.gradle\caches\modules-2\files-2.1\org.jetbrains.intellij.deps\trove4j\1.0.20200330\3afb14d5f9ceb459d724e907a21145e8ff394f02\trove4j-1.0.20200330.jar;C:\Users\Admin\.gradle\caches\modules-2\files-2.1\net.java.dev.jna\jna\5.6.0\330f2244e9030119ab3030fc3fededc86713d9cc\jna-5.6.0.jar;C:\Users\Admin\.gradle\caches\modules-2\files-2.1\org.jetbrains.kotlin\kotlin-stdlib-common\1.8.10\a61b182458550492c12aee66157d7b524a63a5ec\kotlin-stdlib-common-1.8.10.jar;C:\Users\Admin\.gradle\caches\modules-2\files-2.1\org.jetbrains\annotations\13.0\919f0dfe192fb4e063e7dacadee7f8bb9a2672a9\annotations-13.0.jar
Launcher Type: SUN_STANDARD

[Global flags]
     intx CICompilerCount                          = 4                                         {product} {ergonomic}
     uint ConcGCThreads                            = 2                                         {product} {ergonomic}
     uint G1ConcRefinementThreads                  = 8                                         {product} {ergonomic}
   size_t G1HeapRegionSize                         = 2097152                                   {product} {ergonomic}
    uintx GCDrainStackTargetSize                   = 64                                        {product} {ergonomic}
   size_t InitialHeapSize                          = 201326592                                 {product} {ergonomic}
   size_t MarkStackSize                            = 4194304                                   {product} {ergonomic}
   size_t MaxHeapSize                              = 3191865344                                {product} {ergonomic}
   size_t MaxNewSize                               = 1914699776                                {product} {ergonomic}
   size_t MinHeapDeltaBytes                        = 2097152                                   {product} {ergonomic}
   size_t MinHeapSize                              = 8388608                                   {product} {ergonomic}
    uintx NonNMethodCodeHeapSize                   = 5839372                                {pd product} {ergonomic}
    uintx NonProfiledCodeHeapSize                  = 122909434                              {pd product} {ergonomic}
    uintx ProfiledCodeHeapSize                     = 122909434                              {pd product} {ergonomic}
    uintx ReservedCodeCacheSize                    = 251658240                              {pd product} {ergonomic}
     bool SegmentedCodeCache                       = true                                      {product} {ergonomic}
   size_t SoftMaxHeapSize                          = 3191865344                             {manageable} {ergonomic}
     bool UseCompressedClassPointers               = true                           {product lp64_product} {ergonomic}
     bool UseCompressedOops                        = true                           {product lp64_product} {ergonomic}
     bool UseG1GC                                  = true                                      {product} {ergonomic}
     bool UseLargePagesIndividualAllocation        = false                                  {pd product} {ergonomic}

Logging:
Log output configuration:
 #0: stdout all=warning uptime,level,tags
 #1: stderr all=off uptime,level,tags

Environment Variables:
PATH=C:\Program Files\Eclipse Adoptium\jdk-17.0.6.10-hotspot\bin;C:\Windows\system32;C:\Windows;C:\Windows\System32\Wbem;C:\Windows\System32\WindowsPowerShell\v1.0\;C:\Windows\System32\OpenSSH\;C:\xampp\php;C:\ProgramData\ComposerSetup\bin;C:\Program Files\Git\cmd;C:\Program Files\nodejs\;C:\ProgramData\chocolatey\bin;C:\Program Files\Cloudflare\Cloudflare WARP\;C:\Users\Admin\AppData\Local\Microsoft\WindowsApps;C:\Users\Admin\AppData\Local\Programs\Microsoft VS Code\bin;C:\Users\Admin\AppData\Roaming\Composer\vendor\bin;C:\Users\Admin\AppData\Roaming\npm;C:\xampp\mysql\bin;C:\Users\Admin\AppData\Local\GitHubDesktop\bin;C:\ProgramData\Admin\GitHubDesktop\bin
USERNAME=Admin
OS=Windows_NT
PROCESSOR_IDENTIFIER=Intel64 Family 6 Model 142 Stepping 10, GenuineIntel
TMP=C:\Users\Admin\AppData\Local\Temp
TEMP=C:\Users\Admin\AppData\Local\Temp


JNI global refs:
JNI global refs: 11, weak refs: 7

JNI global refs memory usage: 843, weak refs: 841


---------------  S Y S T E M  ---------------

OS:
 Windows 11 , 64 bit Build 22621 (10.0.22621.963)
OS uptime: 0 days 1:19 hours

CPU: total 8 (initial active 8) (4 cores per cpu, 2 threads per core) family 6 model 142 stepping 10 microcode 0xe0, cx8, cmov, fxsr, ht, mmx, 3dnowpref, sse, sse2, sse3, ssse3, sse4.1, sse4.2, popcnt, lzcnt, tsc, tscinvbit, avx, avx2, aes, erms, clmul, bmi1, bmi2, adx, fma, vzeroupper, clflush, clflushopt

Memory: 4k page, system-wide physical 12174M (401M free)
TotalPageFile size 12174M (AvailPageFile size 3M)
current process WorkingSet (physical memory assigned to process): 261M, peak: 262M
current process commit charge ("private bytes"): 300M, peak: 305M

vm_info: OpenJDK 64-Bit Server VM (17.0.6+0-b2043.56-10027231) for windows-amd64 JRE (17.0.6+0-b2043.56-10027231), built on Apr 28 2023 00:43:19 by "androidbuild" with MS VC++ 16.10 / 16.11 (VS2019)

END.
