#
# There is insufficient memory for the Java Runtime Environment to continue.
# Native memory allocation (malloc) failed to allocate 1670256 bytes for Chunk::new
# Possible reasons:
#   The system is out of physical RAM or swap space
#   The process is running with CompressedOops enabled, and the Java Heap may be blocking the growth of the native heap
# Possible solutions:
#   Reduce memory load on the system
#   Increase physical memory or swap space
#   Check if swap backing store is full
#   Decrease Java heap size (-Xmx/-Xms)
#   Decrease number of Java threads
#   Decrease Java thread stack sizes (-Xss)
#   Set larger code cache with -XX:ReservedCodeCacheSize=
#   JVM is running with Unscaled Compressed Oops mode in which the Java heap is
#     placed in the first 4GB address space. The Java Heap base address is the
#     maximum limit for the native heap growth. Please use -XX:HeapBaseMinAddress
#     to set the Java Heap base and to place the Java Heap above 4GB virtual address.
# This output file may be truncated or incomplete.
#
#  Out of Memory Error (arena.cpp:189), pid=6460, tid=10488
#
# JRE version: OpenJDK Runtime Environment (17.0.6) (build 17.0.6+0-b2043.56-10027231)
# Java VM: OpenJDK 64-Bit Server VM (17.0.6+0-b2043.56-10027231, mixed mode, tiered, compressed oops, compressed class ptrs, g1 gc, windows-amd64)
# No core dump will be written. Minidumps are not enabled by default on client versions of Windows
#

---------------  S U M M A R Y ------------

Command Line: --add-opens=java.base/java.util=ALL-UNNAMED --add-opens=java.base/java.lang=ALL-UNNAMED --add-opens=java.base/java.lang.invoke=ALL-UNNAMED --add-opens=java.prefs/java.util.prefs=ALL-UNNAMED --add-opens=java.base/java.nio.charset=ALL-UNNAMED --add-opens=java.base/java.net=ALL-UNNAMED --add-opens=java.base/java.util.concurrent.atomic=ALL-UNNAMED -Xmx2048m -Dfile.encoding=UTF-8 -Duser.country=ID -Duser.language=en -Duser.variant org.gradle.launcher.daemon.bootstrap.GradleDaemon 8.0

Host: Intel(R) Core(TM) i5-8250U CPU @ 1.60GHz, 8 cores, 11G,  Windows 11 , 64 bit Build 22621 (10.0.22621.963)
Time: Wed Dec 27 15:14:07 2023 SE Asia Standard Time elapsed time: 13.610658 seconds (0d 0h 0m 13s)

---------------  T H R E A D  ---------------

Current thread (0x000001b476e85f90):  JavaThread "C2 CompilerThread1" daemon [_thread_in_native, id=10488, stack(0x0000003caca00000,0x0000003cacb00000)]


Current CompileTask:
C2:  13610 6493   !   4       java.net.URLClassLoader::findClass (47 bytes)

Stack: [0x0000003caca00000,0x0000003cacb00000]
Native frames: (J=compiled Java code, j=interpreted, Vv=VM code, C=native code)
V  [jvm.dll+0x683c9a]
V  [jvm.dll+0x8427a4]
V  [jvm.dll+0x843f9e]
V  [jvm.dll+0x844603]
V  [jvm.dll+0x249b75]
V  [jvm.dll+0xabcac]
V  [jvm.dll+0xac27c]
V  [jvm.dll+0x368802]
V  [jvm.dll+0x332f31]
V  [jvm.dll+0x3323da]
V  [jvm.dll+0x21c201]
V  [jvm.dll+0x21b621]
V  [jvm.dll+0x1a4fdd]
V  [jvm.dll+0x22b098]
V  [jvm.dll+0x229159]
V  [jvm.dll+0x7f81ec]
V  [jvm.dll+0x7f274a]
V  [jvm.dll+0x682ad5]
C  [ucrtbase.dll+0x29363]
C  [KERNEL32.DLL+0x126bd]
C  [ntdll.dll+0x5dfb8]


---------------  P R O C E S S  ---------------

Threads class SMR info:
_java_thread_list=0x000001b470519c90, length=127, elements={
0x000001b4511e8410, 0x000001b46dc5e250, 0x000001b46dc1c710, 0x000001b46dc7b1e0,
0x000001b46dc7bc90, 0x000001b46dc8ddc0, 0x000001b46dc8ea80, 0x000001b46dc8f760,
0x000001b46dc90200, 0x000001b46dc91000, 0x000001b46de22170, 0x000001b46de24e60,
0x000001b46f73a650, 0x000001b46f44ddf0, 0x000001b46f39b5d0, 0x000001b46ebff840,
0x000001b470ed28f0, 0x000001b470a165c0, 0x000001b46e8a4050, 0x000001b46f78dd20,
0x000001b46f78d380, 0x000001b46f78ceb0, 0x000001b46f78d850, 0x000001b46f78e1f0,
0x000001b46f78f060, 0x000001b46f78e6c0, 0x000001b46f78f530, 0x000001b46f78eb90,
0x000001b46f78fa00, 0x000001b46f78c040, 0x000001b46f78c510, 0x000001b46f78c9e0,
0x000001b472df4ed0, 0x000001b472df9230, 0x000001b472df9bd0, 0x000001b472df66e0,
0x000001b472dfa0a0, 0x000001b472df7080, 0x000001b472df83c0, 0x000001b472dfa570,
0x000001b472df6210, 0x000001b472dfb3e0, 0x000001b472df5870, 0x000001b472df8890,
0x000001b472dfb8b0, 0x000001b472df6bb0, 0x000001b472df4530, 0x000001b472df4a00,
0x000001b472df7550, 0x000001b472df7a20, 0x000001b472df7ef0, 0x000001b476b8dbb0,
0x000001b476b89850, 0x000001b476b8ab90, 0x000001b476b8cd40, 0x000001b476b8e080,
0x000001b476b8b060, 0x000001b476b8c870, 0x000001b476b8d210, 0x000001b476b8d6e0,
0x000001b476b8ea20, 0x000001b476b889e0, 0x000001b476b8b530, 0x000001b476b88eb0,
0x000001b476b89380, 0x000001b476b8eef0, 0x000001b476b8e550, 0x000001b476b8ba00,
0x000001b476b8a1f0, 0x000001b476b8a6c0, 0x000001b476b8f3c0, 0x000001b476b8bed0,
0x000001b476b8f890, 0x000001b476b88040, 0x000001b476b88510, 0x000001b476b8c3a0,
0x000001b476b89d20, 0x000001b477315f70, 0x000001b477318f90, 0x000001b4773138f0,
0x000001b477312f50, 0x000001b477319930, 0x000001b477315100, 0x000001b477319460,
0x000001b477313dc0, 0x000001b477313420, 0x000001b477314290, 0x000001b47731a7a0,
0x000001b4773155d0, 0x000001b477318ac0, 0x000001b477316de0, 0x000001b477314760,
0x000001b477314c30, 0x000001b477318120, 0x000001b477315aa0, 0x000001b477316440,
0x000001b477316910, 0x000001b477319e00, 0x000001b4773172b0, 0x000001b477317780,
0x000001b477317c50, 0x000001b4773185f0, 0x000001b47731a2d0, 0x000001b476c3df50,
0x000001b476c3b8d0, 0x000001b476c3bda0, 0x000001b476c3e420, 0x000001b476c3edc0,
0x000001b476c383e0, 0x000001b476c39bf0, 0x000001b476c388b0, 0x000001b476c3f760,
0x000001b476c3a0c0, 0x000001b476c38d80, 0x000001b476c3a590, 0x000001b476c3aa60,
0x000001b476c3c740, 0x000001b476c3d0e0, 0x000001b476c39250, 0x000001b476c37f10,
0x000001b476c39720, 0x000001b476c3af30, 0x000001b476c3f290, 0x000001b476c3b400,
0x000001b476e85f90, 0x000001b476c3c270, 0x000001b476c3e8f0
}

Java Threads: ( => current thread )
  0x000001b4511e8410 JavaThread "main" [_thread_blocked, id=6472, stack(0x0000003caa200000,0x0000003caa300000)]
  0x000001b46dc5e250 JavaThread "Reference Handler" daemon [_thread_blocked, id=11524, stack(0x0000003caa900000,0x0000003caaa00000)]
  0x000001b46dc1c710 JavaThread "Finalizer" daemon [_thread_blocked, id=8532, stack(0x0000003caaa00000,0x0000003caab00000)]
  0x000001b46dc7b1e0 JavaThread "Signal Dispatcher" daemon [_thread_blocked, id=10916, stack(0x0000003caab00000,0x0000003caac00000)]
  0x000001b46dc7bc90 JavaThread "Attach Listener" daemon [_thread_blocked, id=9696, stack(0x0000003caac00000,0x0000003caad00000)]
  0x000001b46dc8ddc0 JavaThread "Service Thread" daemon [_thread_blocked, id=10860, stack(0x0000003caad00000,0x0000003caae00000)]
  0x000001b46dc8ea80 JavaThread "Monitor Deflation Thread" daemon [_thread_blocked, id=6604, stack(0x0000003caae00000,0x0000003caaf00000)]
  0x000001b46dc8f760 JavaThread "C2 CompilerThread0" daemon [_thread_in_native, id=10808, stack(0x0000003caaf00000,0x0000003cab000000)]
  0x000001b46dc90200 JavaThread "C1 CompilerThread0" daemon [_thread_blocked, id=9136, stack(0x0000003cab000000,0x0000003cab100000)]
  0x000001b46dc91000 JavaThread "Sweeper thread" daemon [_thread_blocked, id=6992, stack(0x0000003cab100000,0x0000003cab200000)]
  0x000001b46de22170 JavaThread "Common-Cleaner" daemon [_thread_blocked, id=11704, stack(0x0000003cab200000,0x0000003cab300000)]
  0x000001b46de24e60 JavaThread "Notification Thread" daemon [_thread_blocked, id=10748, stack(0x0000003cab300000,0x0000003cab400000)]
  0x000001b46f73a650 JavaThread "Daemon health stats" [_thread_blocked, id=11860, stack(0x0000003cabb00000,0x0000003cabc00000)]
  0x000001b46f44ddf0 JavaThread "Incoming local TCP Connector on port 51810" [_thread_in_native, id=9884, stack(0x0000003cabc00000,0x0000003cabd00000)]
  0x000001b46f39b5d0 JavaThread "Daemon periodic checks" [_thread_blocked, id=10956, stack(0x0000003cabd00000,0x0000003cabe00000)]
  0x000001b46ebff840 JavaThread "Daemon" [_thread_blocked, id=3812, stack(0x0000003cabe00000,0x0000003cabf00000)]
  0x000001b470ed28f0 JavaThread "Handler for socket connection from /127.0.0.1:51810 to /127.0.0.1:51811" [_thread_in_native, id=10408, stack(0x0000003cabf00000,0x0000003cac000000)]
  0x000001b470a165c0 JavaThread "Cancel handler" [_thread_blocked, id=616, stack(0x0000003cab500000,0x0000003cab600000)]
  0x000001b46e8a4050 JavaThread "Daemon worker" [_thread_in_Java, id=9852, stack(0x0000003cab900000,0x0000003caba00000)]
  0x000001b46f78dd20 JavaThread "Asynchronous log dispatcher for DefaultDaemonConnection: socket connection from /127.0.0.1:51810 to /127.0.0.1:51811" [_thread_blocked, id=8284, stack(0x0000003cac000000,0x0000003cac100000)]
  0x000001b46f78d380 JavaThread "Stdin handler" [_thread_blocked, id=7256, stack(0x0000003cac100000,0x0000003cac200000)]
  0x000001b46f78ceb0 JavaThread "Daemon client event forwarder" [_thread_blocked, id=5056, stack(0x0000003cac200000,0x0000003cac300000)]
  0x000001b46f78d850 JavaThread "Cache worker for journal cache (C:\Users\Admin\.gradle\caches\journal-1)" [_thread_blocked, id=9732, stack(0x0000003cac700000,0x0000003cac800000)]
  0x000001b46f78e1f0 JavaThread "File lock request listener" [_thread_in_native, id=11420, stack(0x0000003cac800000,0x0000003cac900000)]
  0x000001b46f78f060 JavaThread "Cache worker for file hash cache (C:\Users\Admin\.gradle\caches\8.0\fileHashes)" [_thread_blocked, id=8904, stack(0x0000003cac900000,0x0000003caca00000)]
  0x000001b46f78e6c0 JavaThread "File watcher server" daemon [_thread_in_native, id=6552, stack(0x0000003cacc00000,0x0000003cacd00000)]
  0x000001b46f78f530 JavaThread "File watcher consumer" daemon [_thread_blocked, id=9008, stack(0x0000003cacd00000,0x0000003cace00000)]
  0x000001b46f78eb90 JavaThread "Cache worker for checksums cache (C:\Users\Admin\AndroidStudioProjects\MoviesGearRent\.gradle\8.0\checksums)" [_thread_blocked, id=7372, stack(0x0000003cace00000,0x0000003cacf00000)]
  0x000001b46f78fa00 JavaThread "Cache worker for cache directory md-rule (C:\Users\Admin\.gradle\caches\8.0\md-rule)" [_thread_blocked, id=11952, stack(0x0000003cacf00000,0x0000003cad000000)]
  0x000001b46f78c040 JavaThread "Cache worker for file content cache (C:\Users\Admin\.gradle\caches\8.0\fileContent)" [_thread_blocked, id=11536, stack(0x0000003cad000000,0x0000003cad100000)]
  0x000001b46f78c510 JavaThread "Cache worker for file hash cache (C:\Users\Admin\AndroidStudioProjects\MoviesGearRent\.gradle\8.0\fileHashes)" [_thread_blocked, id=9188, stack(0x0000003cad100000,0x0000003cad200000)]
  0x000001b46f78c9e0 JavaThread "Cache worker for cache directory md-supplier (C:\Users\Admin\.gradle\caches\8.0\md-supplier)" [_thread_blocked, id=2984, stack(0x0000003cad200000,0x0000003cad300000)]
  0x000001b472df4ed0 JavaThread "Cache worker for execution history cache (C:\Users\Admin\.gradle\caches\8.0\executionHistory)" [_thread_blocked, id=10716, stack(0x0000003cacb00000,0x0000003cacc00000)]
  0x000001b472df9230 JavaThread "jar transforms" [_thread_blocked, id=9204, stack(0x0000003cad300000,0x0000003cad400000)]
  0x000001b472df9bd0 JavaThread "jar transforms Thread 2" [_thread_blocked, id=6476, stack(0x0000003cad400000,0x0000003cad500000)]
  0x000001b472df66e0 JavaThread "Cache worker for kotlin-dsl (C:\Users\Admin\.gradle\caches\8.0\kotlin-dsl)" [_thread_blocked, id=11456, stack(0x0000003cad700000,0x0000003cad800000)]
  0x000001b472dfa0a0 JavaThread "jar transforms Thread 3" [_thread_blocked, id=580, stack(0x0000003cad800000,0x0000003cad900000)]
  0x000001b472df7080 JavaThread "jar transforms Thread 4" [_thread_blocked, id=3464, stack(0x0000003cad900000,0x0000003cada00000)]
  0x000001b472df83c0 JavaThread "Cache worker for dependencies-accessors (C:\Users\Admin\AndroidStudioProjects\MoviesGearRent\.gradle\8.0\dependencies-accessors)" [_thread_blocked, id=716, stack(0x0000003cada00000,0x0000003cadb00000)]
  0x000001b472dfa570 JavaThread "Cache worker for Build Output Cleanup Cache (C:\Users\Admin\AndroidStudioProjects\MoviesGearRent\.gradle\buildOutputCleanup)" [_thread_blocked, id=7432, stack(0x0000003cadb00000,0x0000003cadc00000)]
  0x000001b472df6210 JavaThread "jar transforms Thread 5" [_thread_blocked, id=5804, stack(0x0000003cadc00000,0x0000003cadd00000)]
  0x000001b472dfb3e0 JavaThread "Unconstrained build operations" [_thread_blocked, id=6452, stack(0x0000003cadd00000,0x0000003cade00000)]
  0x000001b472df5870 JavaThread "Unconstrained build operations Thread 2" [_thread_blocked, id=11480, stack(0x0000003cade00000,0x0000003cadf00000)]
  0x000001b472df8890 JavaThread "Unconstrained build operations Thread 3" [_thread_blocked, id=6640, stack(0x0000003cadf00000,0x0000003cae000000)]
  0x000001b472dfb8b0 JavaThread "Unconstrained build operations Thread 4" [_thread_blocked, id=5240, stack(0x0000003cae000000,0x0000003cae100000)]
  0x000001b472df6bb0 JavaThread "Unconstrained build operations Thread 5" [_thread_blocked, id=12012, stack(0x0000003cae100000,0x0000003cae200000)]
  0x000001b472df4530 JavaThread "Unconstrained build operations Thread 6" [_thread_blocked, id=11980, stack(0x0000003cae200000,0x0000003cae300000)]
  0x000001b472df4a00 JavaThread "Unconstrained build operations Thread 7" [_thread_blocked, id=2936, stack(0x0000003cae300000,0x0000003cae400000)]
  0x000001b472df7550 JavaThread "Unconstrained build operations Thread 8" [_thread_blocked, id=4788, stack(0x0000003cae400000,0x0000003cae500000)]
  0x000001b472df7a20 JavaThread "Unconstrained build operations Thread 9" [_thread_blocked, id=10092, stack(0x0000003cae500000,0x0000003cae600000)]
  0x000001b472df7ef0 JavaThread "Unconstrained build operations Thread 10" [_thread_blocked, id=3484, stack(0x0000003cae600000,0x0000003cae700000)]
  0x000001b476b8dbb0 JavaThread "Unconstrained build operations Thread 11" [_thread_blocked, id=9220, stack(0x0000003cae700000,0x0000003cae800000)]
  0x000001b476b89850 JavaThread "Unconstrained build operations Thread 12" [_thread_blocked, id=11312, stack(0x0000003cae800000,0x0000003cae900000)]
  0x000001b476b8ab90 JavaThread "Unconstrained build operations Thread 13" [_thread_blocked, id=7780, stack(0x0000003cae900000,0x0000003caea00000)]
  0x000001b476b8cd40 JavaThread "Unconstrained build operations Thread 14" [_thread_blocked, id=4360, stack(0x0000003caea00000,0x0000003caeb00000)]
  0x000001b476b8e080 JavaThread "Unconstrained build operations Thread 15" [_thread_blocked, id=2148, stack(0x0000003caeb00000,0x0000003caec00000)]
  0x000001b476b8b060 JavaThread "Unconstrained build operations Thread 16" [_thread_blocked, id=10572, stack(0x0000003caec00000,0x0000003caed00000)]
  0x000001b476b8c870 JavaThread "Unconstrained build operations Thread 17" [_thread_blocked, id=11348, stack(0x0000003caed00000,0x0000003caee00000)]
  0x000001b476b8d210 JavaThread "Unconstrained build operations Thread 18" [_thread_blocked, id=10072, stack(0x0000003caee00000,0x0000003caef00000)]
  0x000001b476b8d6e0 JavaThread "Unconstrained build operations Thread 19" [_thread_blocked, id=9092, stack(0x0000003caef00000,0x0000003caf000000)]
  0x000001b476b8ea20 JavaThread "Unconstrained build operations Thread 20" [_thread_blocked, id=7840, stack(0x0000003caf000000,0x0000003caf100000)]
  0x000001b476b889e0 JavaThread "Unconstrained build operations Thread 21" [_thread_blocked, id=9664, stack(0x0000003caf100000,0x0000003caf200000)]
  0x000001b476b8b530 JavaThread "Unconstrained build operations Thread 22" [_thread_blocked, id=10276, stack(0x0000003caf200000,0x0000003caf300000)]
  0x000001b476b88eb0 JavaThread "Unconstrained build operations Thread 23" [_thread_blocked, id=6400, stack(0x0000003caf300000,0x0000003caf400000)]
  0x000001b476b89380 JavaThread "Unconstrained build operations Thread 24" [_thread_blocked, id=7356, stack(0x0000003caf400000,0x0000003caf500000)]
  0x000001b476b8eef0 JavaThread "Unconstrained build operations Thread 25" [_thread_blocked, id=10872, stack(0x0000003caf500000,0x0000003caf600000)]
  0x000001b476b8e550 JavaThread "Unconstrained build operations Thread 26" [_thread_blocked, id=11260, stack(0x0000003caf600000,0x0000003caf700000)]
  0x000001b476b8ba00 JavaThread "Unconstrained build operations Thread 27" [_thread_blocked, id=3604, stack(0x0000003caf700000,0x0000003caf800000)]
  0x000001b476b8a1f0 JavaThread "Unconstrained build operations Thread 28" [_thread_blocked, id=9228, stack(0x0000003caf800000,0x0000003caf900000)]
  0x000001b476b8a6c0 JavaThread "Unconstrained build operations Thread 29" [_thread_blocked, id=10112, stack(0x0000003caf900000,0x0000003cafa00000)]
  0x000001b476b8f3c0 JavaThread "Unconstrained build operations Thread 30" [_thread_blocked, id=4880, stack(0x0000003cafa00000,0x0000003cafb00000)]
  0x000001b476b8bed0 JavaThread "Unconstrained build operations Thread 31" [_thread_blocked, id=5160, stack(0x0000003cafb00000,0x0000003cafc00000)]
  0x000001b476b8f890 JavaThread "Unconstrained build operations Thread 32" [_thread_blocked, id=9680, stack(0x0000003cafc00000,0x0000003cafd00000)]
  0x000001b476b88040 JavaThread "Unconstrained build operations Thread 33" [_thread_blocked, id=11008, stack(0x0000003cafd00000,0x0000003cafe00000)]
  0x000001b476b88510 JavaThread "Unconstrained build operations Thread 34" [_thread_blocked, id=11656, stack(0x0000003cafe00000,0x0000003caff00000)]
  0x000001b476b8c3a0 JavaThread "Unconstrained build operations Thread 35" [_thread_blocked, id=9824, stack(0x0000003caff00000,0x0000003cb0000000)]
  0x000001b476b89d20 JavaThread "Unconstrained build operations Thread 36" [_thread_blocked, id=11772, stack(0x0000003cb0000000,0x0000003cb0100000)]
  0x000001b477315f70 JavaThread "Unconstrained build operations Thread 37" [_thread_blocked, id=10828, stack(0x0000003cb0100000,0x0000003cb0200000)]
  0x000001b477318f90 JavaThread "Unconstrained build operations Thread 38" [_thread_blocked, id=5996, stack(0x0000003cb0200000,0x0000003cb0300000)]
  0x000001b4773138f0 JavaThread "Unconstrained build operations Thread 39" [_thread_blocked, id=10316, stack(0x0000003cb0300000,0x0000003cb0400000)]
  0x000001b477312f50 JavaThread "Unconstrained build operations Thread 40" [_thread_blocked, id=7360, stack(0x0000003cb0400000,0x0000003cb0500000)]
  0x000001b477319930 JavaThread "Unconstrained build operations Thread 41" [_thread_blocked, id=11740, stack(0x0000003cb0500000,0x0000003cb0600000)]
  0x000001b477315100 JavaThread "Unconstrained build operations Thread 42" [_thread_blocked, id=12000, stack(0x0000003cb0600000,0x0000003cb0700000)]
  0x000001b477319460 JavaThread "Unconstrained build operations Thread 43" [_thread_blocked, id=11600, stack(0x0000003cb0700000,0x0000003cb0800000)]
  0x000001b477313dc0 JavaThread "Unconstrained build operations Thread 44" [_thread_blocked, id=2644, stack(0x0000003cb0800000,0x0000003cb0900000)]
  0x000001b477313420 JavaThread "Unconstrained build operations Thread 45" [_thread_blocked, id=11648, stack(0x0000003cb0900000,0x0000003cb0a00000)]
  0x000001b477314290 JavaThread "Unconstrained build operations Thread 46" [_thread_blocked, id=2336, stack(0x0000003cb0a00000,0x0000003cb0b00000)]
  0x000001b47731a7a0 JavaThread "Unconstrained build operations Thread 47" [_thread_blocked, id=1404, stack(0x0000003cb0b00000,0x0000003cb0c00000)]
  0x000001b4773155d0 JavaThread "Unconstrained build operations Thread 48" [_thread_blocked, id=3608, stack(0x0000003cb0c00000,0x0000003cb0d00000)]
  0x000001b477318ac0 JavaThread "Unconstrained build operations Thread 49" [_thread_blocked, id=11488, stack(0x0000003cb0d00000,0x0000003cb0e00000)]
  0x000001b477316de0 JavaThread "Unconstrained build operations Thread 50" [_thread_blocked, id=10260, stack(0x0000003cb0e00000,0x0000003cb0f00000)]
  0x000001b477314760 JavaThread "Unconstrained build operations Thread 51" [_thread_blocked, id=10816, stack(0x0000003cb0f00000,0x0000003cb1000000)]
  0x000001b477314c30 JavaThread "Unconstrained build operations Thread 52" [_thread_blocked, id=4588, stack(0x0000003cb1000000,0x0000003cb1100000)]
  0x000001b477318120 JavaThread "Unconstrained build operations Thread 53" [_thread_blocked, id=6756, stack(0x0000003cb1100000,0x0000003cb1200000)]
  0x000001b477315aa0 JavaThread "Unconstrained build operations Thread 54" [_thread_blocked, id=8340, stack(0x0000003cb1200000,0x0000003cb1300000)]
  0x000001b477316440 JavaThread "Unconstrained build operations Thread 55" [_thread_blocked, id=11448, stack(0x0000003cb1300000,0x0000003cb1400000)]
  0x000001b477316910 JavaThread "Unconstrained build operations Thread 56" [_thread_blocked, id=10752, stack(0x0000003cb1400000,0x0000003cb1500000)]
  0x000001b477319e00 JavaThread "Unconstrained build operations Thread 57" [_thread_blocked, id=9752, stack(0x0000003cb1500000,0x0000003cb1600000)]
  0x000001b4773172b0 JavaThread "Unconstrained build operations Thread 58" [_thread_blocked, id=712, stack(0x0000003cb1600000,0x0000003cb1700000)]
  0x000001b477317780 JavaThread "Unconstrained build operations Thread 59" [_thread_blocked, id=11052, stack(0x0000003cb1700000,0x0000003cb1800000)]
  0x000001b477317c50 JavaThread "Unconstrained build operations Thread 60" [_thread_blocked, id=9292, stack(0x0000003cb1800000,0x0000003cb1900000)]
  0x000001b4773185f0 JavaThread "Unconstrained build operations Thread 61" [_thread_blocked, id=10776, stack(0x0000003cb1900000,0x0000003cb1a00000)]
  0x000001b47731a2d0 JavaThread "Unconstrained build operations Thread 62" [_thread_blocked, id=8212, stack(0x0000003cb1a00000,0x0000003cb1b00000)]
  0x000001b476c3df50 JavaThread "Unconstrained build operations Thread 63" [_thread_blocked, id=11604, stack(0x0000003cb1b00000,0x0000003cb1c00000)]
  0x000001b476c3b8d0 JavaThread "Unconstrained build operations Thread 64" [_thread_blocked, id=4700, stack(0x0000003cb1c00000,0x0000003cb1d00000)]
  0x000001b476c3bda0 JavaThread "Unconstrained build operations Thread 65" [_thread_blocked, id=6944, stack(0x0000003cb1d00000,0x0000003cb1e00000)]
  0x000001b476c3e420 JavaThread "Unconstrained build operations Thread 66" [_thread_blocked, id=7828, stack(0x0000003cb1e00000,0x0000003cb1f00000)]
  0x000001b476c3edc0 JavaThread "Unconstrained build operations Thread 67" [_thread_blocked, id=11532, stack(0x0000003cb1f00000,0x0000003cb2000000)]
  0x000001b476c383e0 JavaThread "Unconstrained build operations Thread 68" [_thread_blocked, id=11748, stack(0x0000003cb2000000,0x0000003cb2100000)]
  0x000001b476c39bf0 JavaThread "Unconstrained build operations Thread 69" [_thread_blocked, id=10984, stack(0x0000003cb2100000,0x0000003cb2200000)]
  0x000001b476c388b0 JavaThread "Unconstrained build operations Thread 70" [_thread_blocked, id=9284, stack(0x0000003cb2200000,0x0000003cb2300000)]
  0x000001b476c3f760 JavaThread "Unconstrained build operations Thread 71" [_thread_blocked, id=9152, stack(0x0000003cb2300000,0x0000003cb2400000)]
  0x000001b476c3a0c0 JavaThread "Unconstrained build operations Thread 72" [_thread_blocked, id=10736, stack(0x0000003cb2400000,0x0000003cb2500000)]
  0x000001b476c38d80 JavaThread "Unconstrained build operations Thread 73" [_thread_blocked, id=3488, stack(0x0000003cb2500000,0x0000003cb2600000)]
  0x000001b476c3a590 JavaThread "Unconstrained build operations Thread 74" [_thread_blocked, id=11472, stack(0x0000003cb2600000,0x0000003cb2700000)]
  0x000001b476c3aa60 JavaThread "Unconstrained build operations Thread 75" [_thread_blocked, id=9720, stack(0x0000003cb2700000,0x0000003cb2800000)]
  0x000001b476c3c740 JavaThread "Unconstrained build operations Thread 76" [_thread_blocked, id=10176, stack(0x0000003cb2800000,0x0000003cb2900000)]
  0x000001b476c3d0e0 JavaThread "Unconstrained build operations Thread 77" [_thread_blocked, id=2764, stack(0x0000003cb2900000,0x0000003cb2a00000)]
  0x000001b476c39250 JavaThread "Unconstrained build operations Thread 78" [_thread_blocked, id=9976, stack(0x0000003cb2a00000,0x0000003cb2b00000)]
  0x000001b476c37f10 JavaThread "Unconstrained build operations Thread 79" [_thread_blocked, id=6104, stack(0x0000003cb2b00000,0x0000003cb2c00000)]
  0x000001b476c39720 JavaThread "Unconstrained build operations Thread 80" [_thread_blocked, id=6808, stack(0x0000003cb2c00000,0x0000003cb2d00000)]
  0x000001b476c3af30 JavaThread "jar transforms Thread 6" [_thread_blocked, id=5816, stack(0x0000003cb2d00000,0x0000003cb2e00000)]
  0x000001b476c3f290 JavaThread "jar transforms Thread 7" [_thread_blocked, id=6072, stack(0x0000003cb2e00000,0x0000003cb2f00000)]
  0x000001b476c3b400 JavaThread "jar transforms Thread 8" [_thread_blocked, id=3272, stack(0x0000003cb2f00000,0x0000003cb3000000)]
=>0x000001b476e85f90 JavaThread "C2 CompilerThread1" daemon [_thread_in_native, id=10488, stack(0x0000003caca00000,0x0000003cacb00000)]
  0x000001b476c3c270 JavaThread "build event listener" [_thread_blocked, id=12120, stack(0x0000003cad500000,0x0000003cad600000)]
  0x000001b476c3e8f0 JavaThread "Memory manager" [_thread_blocked, id=10460, stack(0x0000003cb3000000,0x0000003cb3100000)]

Other Threads:
  0x000001b46dc4bc50 VMThread "VM Thread" [stack: 0x0000003caa800000,0x0000003caa900000] [id=10188]
  0x000001b45125fd00 WatcherThread [stack: 0x0000003cab400000,0x0000003cab500000] [id=9796]
  0x000001b451243230 GCTaskThread "GC Thread#0" [stack: 0x0000003caa300000,0x0000003caa400000] [id=9940]
  0x000001b46e4ca660 GCTaskThread "GC Thread#1" [stack: 0x0000003cab600000,0x0000003cab700000] [id=11720]
  0x000001b46eb0b6d0 GCTaskThread "GC Thread#2" [stack: 0x0000003cab700000,0x0000003cab800000] [id=2872]
  0x000001b46e9e1020 GCTaskThread "GC Thread#3" [stack: 0x0000003cab800000,0x0000003cab900000] [id=11568]
  0x000001b46df15a10 GCTaskThread "GC Thread#4" [stack: 0x0000003caba00000,0x0000003cabb00000] [id=5800]
  0x000001b46f5e9220 GCTaskThread "GC Thread#5" [stack: 0x0000003cac300000,0x0000003cac400000] [id=7144]
  0x000001b46f4fdad0 GCTaskThread "GC Thread#6" [stack: 0x0000003cac400000,0x0000003cac500000] [id=10604]
  0x000001b46f4fdd80 GCTaskThread "GC Thread#7" [stack: 0x0000003cac500000,0x0000003cac600000] [id=9840]
  0x000001b451254170 ConcurrentGCThread "G1 Main Marker" [stack: 0x0000003caa400000,0x0000003caa500000] [id=10692]
  0x000001b451254ce0 ConcurrentGCThread "G1 Conc#0" [stack: 0x0000003caa500000,0x0000003caa600000] [id=2704]
  0x000001b47058fb60 ConcurrentGCThread "G1 Conc#1" [stack: 0x0000003cac600000,0x0000003cac700000] [id=6236]
  0x000001b46cedae90 ConcurrentGCThread "G1 Refine#0" [stack: 0x0000003caa600000,0x0000003caa700000] [id=11668]
  0x000001b4732626d0 ConcurrentGCThread "G1 Refine#1" [stack: 0x0000003cad600000,0x0000003cad700000] [id=10968]
  0x000001b46cedb660 ConcurrentGCThread "G1 Service" [stack: 0x0000003caa700000,0x0000003caa800000] [id=10400]

Threads with active compile tasks:
C2 CompilerThread0    13711 6530       4       org.objectweb.asm.MethodWriter::computeAllFrames (510 bytes)
C1 CompilerThread0    13712 6654       3       org.gradle.internal.instantiation.generator.AsmBackedClassGenerator$ClassBuilderImpl::addConventionSetter (58 bytes)
C2 CompilerThread1    13712 6493   !   4       java.net.URLClassLoader::findClass (47 bytes)

VM state: not at safepoint (normal execution)

VM Mutex/Monitor currently owned by a thread: None

Heap address: 0x0000000080000000, size: 2048 MB, Compressed Oops mode: 32-bit

CDS archive(s) not mapped
Compressed class space mapped at: 0x0000000100000000-0x0000000140000000, reserved size: 1073741824
Narrow klass base: 0x0000000000000000, Narrow klass shift: 3, Narrow klass range: 0x140000000

GC Precious Log:
 CPUs: 8 total, 8 available
 Memory: 12174M
 Large Page Support: Disabled
 NUMA Support: Disabled
 Compressed Oops: Enabled (32-bit)
 Heap Region Size: 1M
 Heap Min Capacity: 8M
 Heap Initial Capacity: 192M
 Heap Max Capacity: 2G
 Pre-touch: Disabled
 Parallel Workers: 8
 Concurrent Workers: 2
 Concurrent Refinement Workers: 8
 Periodic GC: Disabled

Heap:
 garbage-first heap   total 147456K, used 70785K [0x0000000080000000, 0x0000000100000000)
  region size 1024K, 16 young (16384K), 3 survivors (3072K)
 Metaspace       used 66117K, committed 66688K, reserved 1114112K
  class space    used 8786K, committed 9024K, reserved 1048576K

Heap Regions: E=young(eden), S=young(survivor), O=old, HS=humongous(starts), HC=humongous(continues), CS=collection set, F=free, OA=open archive, CA=closed archive, TAMS=top-at-mark-start (previous, next)
|   0|0x0000000080000000, 0x0000000080100000, 0x0000000080100000|100%|HS|  |TAMS 0x0000000080100000, 0x0000000080000000| Complete 
|   1|0x0000000080100000, 0x0000000080200000, 0x0000000080200000|100%|HC|  |TAMS 0x0000000080200000, 0x0000000080100000| Complete 
|   2|0x0000000080200000, 0x0000000080300000, 0x0000000080300000|100%|HC|  |TAMS 0x0000000080300000, 0x0000000080200000| Complete 
|   3|0x0000000080300000, 0x0000000080400000, 0x0000000080400000|100%|HC|  |TAMS 0x0000000080400000, 0x0000000080300000| Complete 
|   4|0x0000000080400000, 0x0000000080500000, 0x0000000080500000|100%| O|  |TAMS 0x0000000080500000, 0x0000000080400000| Untracked 
|   5|0x0000000080500000, 0x0000000080600000, 0x0000000080600000|100%| O|  |TAMS 0x0000000080600000, 0x0000000080500000| Untracked 
|   6|0x0000000080600000, 0x0000000080700000, 0x0000000080700000|100%| O|  |TAMS 0x0000000080700000, 0x0000000080600000| Untracked 
|   7|0x0000000080700000, 0x0000000080800000, 0x0000000080800000|100%| O|  |TAMS 0x0000000080800000, 0x0000000080700000| Untracked 
|   8|0x0000000080800000, 0x0000000080900000, 0x0000000080900000|100%| O|  |TAMS 0x0000000080900000, 0x0000000080800000| Untracked 
|   9|0x0000000080900000, 0x0000000080a00000, 0x0000000080a00000|100%| O|  |TAMS 0x0000000080a00000, 0x0000000080900000| Untracked 
|  10|0x0000000080a00000, 0x0000000080b00000, 0x0000000080b00000|100%| O|  |TAMS 0x0000000080b00000, 0x0000000080a00000| Untracked 
|  11|0x0000000080b00000, 0x0000000080b00000, 0x0000000080c00000|  0%| F|  |TAMS 0x0000000080b00000, 0x0000000080b00000| Untracked 
|  12|0x0000000080c00000, 0x0000000080d00000, 0x0000000080d00000|100%| O|  |TAMS 0x0000000080d00000, 0x0000000080c00000| Untracked 
|  13|0x0000000080d00000, 0x0000000080e00000, 0x0000000080e00000|100%| O|  |TAMS 0x0000000080e00000, 0x0000000080d00000| Untracked 
|  14|0x0000000080e00000, 0x0000000080f00000, 0x0000000080f00000|100%| O|  |TAMS 0x0000000080f00000, 0x0000000080e00000| Untracked 
|  15|0x0000000080f00000, 0x0000000081000000, 0x0000000081000000|100%| O|  |TAMS 0x0000000081000000, 0x0000000080f00000| Untracked 
|  16|0x0000000081000000, 0x0000000081100000, 0x0000000081100000|100%| O|  |TAMS 0x0000000081100000, 0x0000000081000000| Untracked 
|  17|0x0000000081100000, 0x0000000081200000, 0x0000000081200000|100%| O|  |TAMS 0x0000000081200000, 0x0000000081100000| Untracked 
|  18|0x0000000081200000, 0x0000000081300000, 0x0000000081300000|100%| O|  |TAMS 0x0000000081300000, 0x0000000081200000| Untracked 
|  19|0x0000000081300000, 0x0000000081400000, 0x0000000081400000|100%| O|  |TAMS 0x0000000081400000, 0x0000000081300000| Untracked 
|  20|0x0000000081400000, 0x0000000081500000, 0x0000000081500000|100%| O|  |TAMS 0x0000000081500000, 0x0000000081400000| Untracked 
|  21|0x0000000081500000, 0x0000000081600000, 0x0000000081600000|100%| O|  |TAMS 0x0000000081600000, 0x0000000081500000| Untracked 
|  22|0x0000000081600000, 0x0000000081700000, 0x0000000081700000|100%| O|  |TAMS 0x0000000081700000, 0x0000000081600000| Untracked 
|  23|0x0000000081700000, 0x0000000081800000, 0x0000000081800000|100%| O|  |TAMS 0x0000000081800000, 0x0000000081700000| Untracked 
|  24|0x0000000081800000, 0x0000000081900000, 0x0000000081900000|100%| O|  |TAMS 0x0000000081900000, 0x0000000081800000| Untracked 
|  25|0x0000000081900000, 0x0000000081a00000, 0x0000000081a00000|100%| O|  |TAMS 0x0000000081a00000, 0x0000000081900000| Untracked 
|  26|0x0000000081a00000, 0x0000000081b00000, 0x0000000081b00000|100%| O|  |TAMS 0x0000000081b00000, 0x0000000081a00000| Untracked 
|  27|0x0000000081b00000, 0x0000000081c00000, 0x0000000081c00000|100%| O|  |TAMS 0x0000000081c00000, 0x0000000081b00000| Untracked 
|  28|0x0000000081c00000, 0x0000000081d00000, 0x0000000081d00000|100%| O|  |TAMS 0x0000000081d00000, 0x0000000081c00000| Untracked 
|  29|0x0000000081d00000, 0x0000000081e00000, 0x0000000081e00000|100%| O|  |TAMS 0x0000000081e00000, 0x0000000081d00000| Untracked 
|  30|0x0000000081e00000, 0x0000000081f00000, 0x0000000081f00000|100%| O|  |TAMS 0x0000000081f00000, 0x0000000081e00000| Untracked 
|  31|0x0000000081f00000, 0x0000000082000000, 0x0000000082000000|100%| O|  |TAMS 0x0000000082000000, 0x0000000081f00000| Untracked 
|  32|0x0000000082000000, 0x0000000082100000, 0x0000000082100000|100%|HS|  |TAMS 0x0000000082100000, 0x0000000082000000| Complete 
|  33|0x0000000082100000, 0x0000000082200000, 0x0000000082200000|100%|HS|  |TAMS 0x0000000082200000, 0x0000000082100000| Complete 
|  34|0x0000000082200000, 0x0000000082300000, 0x0000000082300000|100%|HS|  |TAMS 0x0000000082300000, 0x0000000082200000| Complete 
|  35|0x0000000082300000, 0x0000000082400000, 0x0000000082400000|100%|HC|  |TAMS 0x0000000082400000, 0x0000000082300000| Complete 
|  36|0x0000000082400000, 0x0000000082500000, 0x0000000082500000|100%| O|  |TAMS 0x0000000082500000, 0x0000000082400000| Untracked 
|  37|0x0000000082500000, 0x0000000082600000, 0x0000000082600000|100%| O|  |TAMS 0x0000000082600000, 0x0000000082500000| Untracked 
|  38|0x0000000082600000, 0x0000000082700000, 0x0000000082700000|100%| O|  |TAMS 0x0000000082700000, 0x0000000082600000| Untracked 
|  39|0x0000000082700000, 0x0000000082800000, 0x0000000082800000|100%| O|  |TAMS 0x0000000082800000, 0x0000000082700000| Untracked 
|  40|0x0000000082800000, 0x0000000082900000, 0x0000000082900000|100%|HS|  |TAMS 0x0000000082900000, 0x0000000082800000| Complete 
|  41|0x0000000082900000, 0x0000000082a00000, 0x0000000082a00000|100%| O|  |TAMS 0x0000000082a00000, 0x0000000082900000| Untracked 
|  42|0x0000000082a00000, 0x0000000082b00000, 0x0000000082b00000|100%| O|  |TAMS 0x0000000082b00000, 0x0000000082a00000| Untracked 
|  43|0x0000000082b00000, 0x0000000082c00000, 0x0000000082c00000|100%| O|  |TAMS 0x0000000082c00000, 0x0000000082b00000| Untracked 
|  44|0x0000000082c00000, 0x0000000082d00000, 0x0000000082d00000|100%|HS|  |TAMS 0x0000000082d00000, 0x0000000082c00000| Complete 
|  45|0x0000000082d00000, 0x0000000082e00000, 0x0000000082e00000|100%|HC|  |TAMS 0x0000000082e00000, 0x0000000082d00000| Complete 
|  46|0x0000000082e00000, 0x0000000082f00000, 0x0000000082f00000|100%|HC|  |TAMS 0x0000000082f00000, 0x0000000082e00000| Complete 
|  47|0x0000000082f00000, 0x0000000083000000, 0x0000000083000000|100%|HC|  |TAMS 0x0000000083000000, 0x0000000082f00000| Complete 
|  48|0x0000000083000000, 0x0000000083100000, 0x0000000083100000|100%| O|  |TAMS 0x0000000083100000, 0x0000000083000000| Untracked 
|  49|0x0000000083100000, 0x0000000083200000, 0x0000000083200000|100%| O|  |TAMS 0x0000000083200000, 0x0000000083100000| Untracked 
|  50|0x0000000083200000, 0x0000000083300000, 0x0000000083300000|100%| O|  |TAMS 0x0000000083300000, 0x0000000083200000| Untracked 
|  51|0x0000000083300000, 0x0000000083400000, 0x0000000083400000|100%| O|  |TAMS 0x0000000083400000, 0x0000000083300000| Untracked 
|  52|0x0000000083400000, 0x0000000083500000, 0x0000000083500000|100%| O|  |TAMS 0x0000000083500000, 0x0000000083400000| Untracked 
|  53|0x0000000083500000, 0x0000000083600000, 0x0000000083600000|100%| O|  |TAMS 0x0000000083600000, 0x0000000083500000| Untracked 
|  54|0x0000000083600000, 0x0000000083700000, 0x0000000083700000|100%| O|  |TAMS 0x000000008361d800, 0x0000000083600000| Untracked 
|  55|0x0000000083700000, 0x0000000083700000, 0x0000000083800000|  0%| F|  |TAMS 0x0000000083700000, 0x0000000083700000| Untracked 
|  56|0x0000000083800000, 0x0000000083800000, 0x0000000083900000|  0%| F|  |TAMS 0x0000000083800000, 0x0000000083800000| Untracked 
|  57|0x0000000083900000, 0x0000000083900000, 0x0000000083a00000|  0%| F|  |TAMS 0x0000000083900000, 0x0000000083900000| Untracked 
|  58|0x0000000083a00000, 0x0000000083a00000, 0x0000000083b00000|  0%| F|  |TAMS 0x0000000083a00000, 0x0000000083a00000| Untracked 
|  59|0x0000000083b00000, 0x0000000083b00000, 0x0000000083c00000|  0%| F|  |TAMS 0x0000000083b00000, 0x0000000083b00000| Untracked 
|  60|0x0000000083c00000, 0x0000000083c93a00, 0x0000000083d00000| 57%| O|  |TAMS 0x0000000083c00000, 0x0000000083c00000| Untracked 
|  61|0x0000000083d00000, 0x0000000083d00000, 0x0000000083e00000|  0%| F|  |TAMS 0x0000000083d00000, 0x0000000083d00000| Untracked 
|  62|0x0000000083e00000, 0x0000000083e00000, 0x0000000083f00000|  0%| F|  |TAMS 0x0000000083e00000, 0x0000000083e00000| Untracked 
|  63|0x0000000083f00000, 0x0000000083f00000, 0x0000000084000000|  0%| F|  |TAMS 0x0000000083f00000, 0x0000000083f00000| Untracked 
|  64|0x0000000084000000, 0x0000000084000000, 0x0000000084100000|  0%| F|  |TAMS 0x0000000084000000, 0x0000000084000000| Untracked 
|  65|0x0000000084100000, 0x0000000084100000, 0x0000000084200000|  0%| F|  |TAMS 0x0000000084100000, 0x0000000084100000| Untracked 
|  66|0x0000000084200000, 0x0000000084200000, 0x0000000084300000|  0%| F|  |TAMS 0x0000000084200000, 0x0000000084200000| Untracked 
|  67|0x0000000084300000, 0x0000000084300000, 0x0000000084400000|  0%| F|  |TAMS 0x0000000084300000, 0x0000000084300000| Untracked 
|  68|0x0000000084400000, 0x0000000084400000, 0x0000000084500000|  0%| F|  |TAMS 0x0000000084400000, 0x0000000084400000| Untracked 
|  69|0x0000000084500000, 0x0000000084500000, 0x0000000084600000|  0%| F|  |TAMS 0x0000000084500000, 0x0000000084500000| Untracked 
|  70|0x0000000084600000, 0x0000000084600000, 0x0000000084700000|  0%| F|  |TAMS 0x0000000084600000, 0x0000000084600000| Untracked 
|  71|0x0000000084700000, 0x0000000084700000, 0x0000000084800000|  0%| F|  |TAMS 0x0000000084700000, 0x0000000084700000| Untracked 
|  72|0x0000000084800000, 0x0000000084800000, 0x0000000084900000|  0%| F|  |TAMS 0x0000000084800000, 0x0000000084800000| Untracked 
|  73|0x0000000084900000, 0x0000000084900000, 0x0000000084a00000|  0%| F|  |TAMS 0x0000000084900000, 0x0000000084900000| Untracked 
|  74|0x0000000084a00000, 0x0000000084a00000, 0x0000000084b00000|  0%| F|  |TAMS 0x0000000084a00000, 0x0000000084a00000| Untracked 
|  75|0x0000000084b00000, 0x0000000084b00000, 0x0000000084c00000|  0%| F|  |TAMS 0x0000000084b00000, 0x0000000084b00000| Untracked 
|  76|0x0000000084c00000, 0x0000000084c00000, 0x0000000084d00000|  0%| F|  |TAMS 0x0000000084c00000, 0x0000000084c00000| Untracked 
|  77|0x0000000084d00000, 0x0000000084d00000, 0x0000000084e00000|  0%| F|  |TAMS 0x0000000084d00000, 0x0000000084d00000| Untracked 
|  78|0x0000000084e00000, 0x0000000084e00000, 0x0000000084f00000|  0%| F|  |TAMS 0x0000000084e00000, 0x0000000084e00000| Untracked 
|  79|0x0000000084f00000, 0x0000000084f00000, 0x0000000085000000|  0%| F|  |TAMS 0x0000000084f00000, 0x0000000084f00000| Untracked 
|  80|0x0000000085000000, 0x0000000085000000, 0x0000000085100000|  0%| F|  |TAMS 0x0000000085000000, 0x0000000085000000| Untracked 
|  81|0x0000000085100000, 0x0000000085100000, 0x0000000085200000|  0%| F|  |TAMS 0x0000000085100000, 0x0000000085100000| Untracked 
|  82|0x0000000085200000, 0x0000000085200000, 0x0000000085300000|  0%| F|  |TAMS 0x0000000085200000, 0x0000000085200000| Untracked 
|  83|0x0000000085300000, 0x0000000085300000, 0x0000000085400000|  0%| F|  |TAMS 0x0000000085300000, 0x0000000085300000| Untracked 
|  84|0x0000000085400000, 0x0000000085400000, 0x0000000085500000|  0%| F|  |TAMS 0x0000000085400000, 0x0000000085400000| Untracked 
|  85|0x0000000085500000, 0x0000000085500000, 0x0000000085600000|  0%| F|  |TAMS 0x0000000085500000, 0x0000000085500000| Untracked 
|  86|0x0000000085600000, 0x0000000085600000, 0x0000000085700000|  0%| F|  |TAMS 0x0000000085600000, 0x0000000085600000| Untracked 
|  87|0x0000000085700000, 0x0000000085700000, 0x0000000085800000|  0%| F|  |TAMS 0x0000000085700000, 0x0000000085700000| Untracked 
|  88|0x0000000085800000, 0x0000000085800000, 0x0000000085900000|  0%| F|  |TAMS 0x0000000085800000, 0x0000000085800000| Untracked 
|  89|0x0000000085900000, 0x0000000085900000, 0x0000000085a00000|  0%| F|  |TAMS 0x0000000085900000, 0x0000000085900000| Untracked 
|  90|0x0000000085a00000, 0x0000000085a00000, 0x0000000085b00000|  0%| F|  |TAMS 0x0000000085a00000, 0x0000000085a00000| Untracked 
|  91|0x0000000085b00000, 0x0000000085b00000, 0x0000000085c00000|  0%| F|  |TAMS 0x0000000085b00000, 0x0000000085b00000| Untracked 
|  92|0x0000000085c00000, 0x0000000085c00000, 0x0000000085d00000|  0%| F|  |TAMS 0x0000000085c00000, 0x0000000085c00000| Untracked 
|  93|0x0000000085d00000, 0x0000000085d00000, 0x0000000085e00000|  0%| F|  |TAMS 0x0000000085d00000, 0x0000000085d00000| Untracked 
|  94|0x0000000085e00000, 0x0000000085e00000, 0x0000000085f00000|  0%| F|  |TAMS 0x0000000085e00000, 0x0000000085e00000| Untracked 
|  95|0x0000000085f00000, 0x0000000085f00000, 0x0000000086000000|  0%| F|  |TAMS 0x0000000085f00000, 0x0000000085f00000| Untracked 
|  96|0x0000000086000000, 0x0000000086000000, 0x0000000086100000|  0%| F|  |TAMS 0x0000000086000000, 0x0000000086000000| Untracked 
|  97|0x0000000086100000, 0x0000000086100000, 0x0000000086200000|  0%| F|  |TAMS 0x0000000086100000, 0x0000000086100000| Untracked 
|  98|0x0000000086200000, 0x0000000086200000, 0x0000000086300000|  0%| F|  |TAMS 0x0000000086200000, 0x0000000086200000| Untracked 
|  99|0x0000000086300000, 0x000000008638caa0, 0x0000000086400000| 54%| S|CS|TAMS 0x0000000086300000, 0x0000000086300000| Complete 
| 100|0x0000000086400000, 0x0000000086500000, 0x0000000086500000|100%| S|CS|TAMS 0x0000000086400000, 0x0000000086400000| Complete 
| 101|0x0000000086500000, 0x0000000086600000, 0x0000000086600000|100%| S|CS|TAMS 0x0000000086500000, 0x0000000086500000| Complete 
| 102|0x0000000086600000, 0x0000000086600000, 0x0000000086700000|  0%| F|  |TAMS 0x0000000086600000, 0x0000000086600000| Untracked 
| 103|0x0000000086700000, 0x0000000086700000, 0x0000000086800000|  0%| F|  |TAMS 0x0000000086700000, 0x0000000086700000| Untracked 
| 104|0x0000000086800000, 0x0000000086800000, 0x0000000086900000|  0%| F|  |TAMS 0x0000000086800000, 0x0000000086800000| Untracked 
| 105|0x0000000086900000, 0x0000000086900000, 0x0000000086a00000|  0%| F|  |TAMS 0x0000000086900000, 0x0000000086900000| Untracked 
| 106|0x0000000086a00000, 0x0000000086a00000, 0x0000000086b00000|  0%| F|  |TAMS 0x0000000086a00000, 0x0000000086a00000| Untracked 
| 107|0x0000000086b00000, 0x0000000086b00000, 0x0000000086c00000|  0%| F|  |TAMS 0x0000000086b00000, 0x0000000086b00000| Untracked 
| 108|0x0000000086c00000, 0x0000000086c00000, 0x0000000086d00000|  0%| F|  |TAMS 0x0000000086c00000, 0x0000000086c00000| Untracked 
| 109|0x0000000086d00000, 0x0000000086d00000, 0x0000000086e00000|  0%| F|  |TAMS 0x0000000086d00000, 0x0000000086d00000| Untracked 
| 110|0x0000000086e00000, 0x0000000086e00000, 0x0000000086f00000|  0%| F|  |TAMS 0x0000000086e00000, 0x0000000086e00000| Untracked 
| 111|0x0000000086f00000, 0x0000000086f00000, 0x0000000087000000|  0%| F|  |TAMS 0x0000000086f00000, 0x0000000086f00000| Untracked 
| 112|0x0000000087000000, 0x0000000087000000, 0x0000000087100000|  0%| F|  |TAMS 0x0000000087000000, 0x0000000087000000| Untracked 
| 113|0x0000000087100000, 0x0000000087100000, 0x0000000087200000|  0%| F|  |TAMS 0x0000000087100000, 0x0000000087100000| Untracked 
| 114|0x0000000087200000, 0x0000000087200000, 0x0000000087300000|  0%| F|  |TAMS 0x0000000087200000, 0x0000000087200000| Untracked 
| 115|0x0000000087300000, 0x0000000087300000, 0x0000000087400000|  0%| F|  |TAMS 0x0000000087300000, 0x0000000087300000| Untracked 
| 116|0x0000000087400000, 0x0000000087400000, 0x0000000087500000|  0%| F|  |TAMS 0x0000000087400000, 0x0000000087400000| Untracked 
| 117|0x0000000087500000, 0x0000000087500000, 0x0000000087600000|  0%| F|  |TAMS 0x0000000087500000, 0x0000000087500000| Untracked 
| 118|0x0000000087600000, 0x0000000087600000, 0x0000000087700000|  0%| F|  |TAMS 0x0000000087600000, 0x0000000087600000| Untracked 
| 119|0x0000000087700000, 0x0000000087700000, 0x0000000087800000|  0%| F|  |TAMS 0x0000000087700000, 0x0000000087700000| Untracked 
| 120|0x0000000087800000, 0x0000000087800000, 0x0000000087900000|  0%| F|  |TAMS 0x0000000087800000, 0x0000000087800000| Untracked 
| 121|0x0000000087900000, 0x0000000087900000, 0x0000000087a00000|  0%| F|  |TAMS 0x0000000087900000, 0x0000000087900000| Untracked 
| 122|0x0000000087a00000, 0x0000000087a00000, 0x0000000087b00000|  0%| F|  |TAMS 0x0000000087a00000, 0x0000000087a00000| Untracked 
| 123|0x0000000087b00000, 0x0000000087b00000, 0x0000000087c00000|  0%| F|  |TAMS 0x0000000087b00000, 0x0000000087b00000| Untracked 
| 124|0x0000000087c00000, 0x0000000087c00000, 0x0000000087d00000|  0%| F|  |TAMS 0x0000000087c00000, 0x0000000087c00000| Untracked 
| 125|0x0000000087d00000, 0x0000000087d00000, 0x0000000087e00000|  0%| F|  |TAMS 0x0000000087d00000, 0x0000000087d00000| Untracked 
| 126|0x0000000087e00000, 0x0000000087e00000, 0x0000000087f00000|  0%| F|  |TAMS 0x0000000087e00000, 0x0000000087e00000| Untracked 
| 127|0x0000000087f00000, 0x0000000087f00000, 0x0000000088000000|  0%| F|  |TAMS 0x0000000087f00000, 0x0000000087f00000| Untracked 
| 128|0x0000000088000000, 0x0000000088000000, 0x0000000088100000|  0%| F|  |TAMS 0x0000000088000000, 0x0000000088000000| Untracked 
| 129|0x0000000088100000, 0x0000000088100000, 0x0000000088200000|  0%| F|  |TAMS 0x0000000088100000, 0x0000000088100000| Untracked 
| 130|0x0000000088200000, 0x0000000088280800, 0x0000000088300000| 50%| E|  |TAMS 0x0000000088200000, 0x0000000088200000| Complete 
| 131|0x0000000088300000, 0x0000000088400000, 0x0000000088400000|100%| E|CS|TAMS 0x0000000088300000, 0x0000000088300000| Complete 
| 132|0x0000000088400000, 0x0000000088500000, 0x0000000088500000|100%| E|CS|TAMS 0x0000000088400000, 0x0000000088400000| Complete 
| 133|0x0000000088500000, 0x0000000088600000, 0x0000000088600000|100%| E|CS|TAMS 0x0000000088500000, 0x0000000088500000| Complete 
| 134|0x0000000088600000, 0x0000000088700000, 0x0000000088700000|100%| E|CS|TAMS 0x0000000088600000, 0x0000000088600000| Complete 
| 143|0x0000000088f00000, 0x0000000089000000, 0x0000000089000000|100%| E|CS|TAMS 0x0000000088f00000, 0x0000000088f00000| Complete 
| 144|0x0000000089000000, 0x0000000089100000, 0x0000000089100000|100%| E|CS|TAMS 0x0000000089000000, 0x0000000089000000| Complete 
| 145|0x0000000089100000, 0x0000000089200000, 0x0000000089200000|100%| E|CS|TAMS 0x0000000089100000, 0x0000000089100000| Complete 
| 146|0x0000000089200000, 0x0000000089300000, 0x0000000089300000|100%| E|CS|TAMS 0x0000000089200000, 0x0000000089200000| Complete 
| 147|0x0000000089300000, 0x0000000089400000, 0x0000000089400000|100%| E|CS|TAMS 0x0000000089300000, 0x0000000089300000| Complete 
| 148|0x0000000089400000, 0x0000000089500000, 0x0000000089500000|100%| E|CS|TAMS 0x0000000089400000, 0x0000000089400000| Complete 
| 149|0x0000000089500000, 0x0000000089600000, 0x0000000089600000|100%| E|CS|TAMS 0x0000000089500000, 0x0000000089500000| Complete 
| 150|0x0000000089600000, 0x0000000089700000, 0x0000000089700000|100%| E|CS|TAMS 0x0000000089600000, 0x0000000089600000| Complete 
| 191|0x000000008bf00000, 0x000000008c000000, 0x000000008c000000|100%| E|CS|TAMS 0x000000008bf00000, 0x000000008bf00000| Complete 

Card table byte_map: [0x000001b465d40000,0x000001b466140000] _byte_map_base: 0x000001b465940000

Marking Bits (Prev, Next): (CMBitMap*) 0x000001b451243840, (CMBitMap*) 0x000001b451243880
 Prev Bits: [0x000001b466540000, 0x000001b468540000)
 Next Bits: [0x000001b468540000, 0x000001b46a540000)

Polling page: 0x000001b4512b0000

Metaspace:

Usage:
  Non-class:     55.99 MB used.
      Class:      8.58 MB used.
       Both:     64.57 MB used.

Virtual space:
  Non-class space:       64.00 MB reserved,      56.31 MB ( 88%) committed,  8 nodes.
      Class space:        1.00 GB reserved,       8.81 MB ( <1%) committed,  1 nodes.
             Both:        1.06 GB reserved,      65.12 MB (  6%) committed. 

Chunk freelists:
   Non-Class:  3.23 MB
       Class:  3.22 MB
        Both:  6.45 MB

MaxMetaspaceSize: unlimited
CompressedClassSpaceSize: 1.00 GB
Initial GC threshold: 21.00 MB
Current GC threshold: 105.12 MB
CDS: off
MetaspaceReclaimPolicy: balanced
 - commit_granule_bytes: 65536.
 - commit_granule_words: 8192.
 - virtual_space_node_default_size: 1048576.
 - enlarge_chunks_in_place: 1.
 - new_chunks_are_fully_committed: 0.
 - uncommit_free_chunks: 1.
 - use_allocation_guard: 0.
 - handle_deallocations: 1.


Internal statistics:

num_allocs_failed_limit: 6.
num_arena_births: 716.
num_arena_deaths: 0.
num_vsnodes_births: 9.
num_vsnodes_deaths: 0.
num_space_committed: 1042.
num_space_uncommitted: 0.
num_chunks_returned_to_freelist: 6.
num_chunks_taken_from_freelist: 2859.
num_chunk_merges: 6.
num_chunk_splits: 1916.
num_chunks_enlarged: 1331.
num_purges: 0.
num_inconsistent_stats: 0.

CodeHeap 'non-profiled nmethods': size=120000Kb used=3190Kb max_used=3730Kb free=116810Kb
 bounds [0x000001b45d990000, 0x000001b45dd40000, 0x000001b464ec0000]
CodeHeap 'profiled nmethods': size=120000Kb used=10890Kb max_used=12020Kb free=109109Kb
 bounds [0x000001b455ec0000, 0x000001b456a80000, 0x000001b45d3f0000]
CodeHeap 'non-nmethods': size=5760Kb used=2352Kb max_used=2427Kb free=3407Kb
 bounds [0x000001b45d3f0000, 0x000001b45d660000, 0x000001b45d990000]
 total_blobs=6675 nmethods=5797 adapters=790
 compilation: enabled
              stopped_count=0, restarted_count=0
 full_count=0

Compilation events (20 events):
Event: 13.589 Thread 0x000001b46dc90200 nmethod 6599 0x000001b45627a590 code [0x000001b45627a740, 0x000001b45627aa88]
Event: 13.600 Thread 0x000001b46dc90200 6600       3       org.objectweb.asm.MethodVisitor::<init> (94 bytes)
Event: 13.602 Thread 0x000001b46dc90200 nmethod 6600 0x000001b456411390 code [0x000001b4564115e0, 0x000001b456411ee8]
Event: 13.602 Thread 0x000001b46dc90200 6602       3       org.objectweb.asm.Handler::getExceptionTableLength (21 bytes)
Event: 13.602 Thread 0x000001b46dc90200 nmethod 6602 0x000001b455f8cb10 code [0x000001b455f8cca0, 0x000001b455f8ce38]
Event: 13.602 Thread 0x000001b46dc90200 6601       3       org.objectweb.asm.Handler::getExceptionTableSize (10 bytes)
Event: 13.603 Thread 0x000001b46dc90200 nmethod 6601 0x000001b455f8c610 code [0x000001b455f8c7c0, 0x000001b455f8c9b8]
Event: 13.603 Thread 0x000001b46dc90200 6603       1       org.objectweb.asm.MethodWriter::hasAsmInstructions (5 bytes)
Event: 13.603 Thread 0x000001b46dc90200 nmethod 6603 0x000001b45d9ddf90 code [0x000001b45d9de120, 0x000001b45d9de1f8]
Event: 13.603 Thread 0x000001b46dc90200 6605       1       org.gradle.model.internal.asm.AsmClassGenerator::getTargetType (5 bytes)
Event: 13.603 Thread 0x000001b46dc90200 nmethod 6605 0x000001b45d9ddc90 code [0x000001b45d9dde20, 0x000001b45d9ddef8]
Event: 13.603 Thread 0x000001b46dc90200 6606       1       org.gradle.internal.instantiation.generator.AsmBackedClassGenerator$ClassBuilderImpl::access$7500 (5 bytes)
Event: 13.603 Thread 0x000001b46dc90200 nmethod 6606 0x000001b45d9dd990 code [0x000001b45d9ddb20, 0x000001b45d9ddbd8]
Event: 13.603 Thread 0x000001b46dc90200 6607       1       org.gradle.internal.instantiation.generator.AsmBackedClassGenerator$ClassBuilderImpl::access$7600 (5 bytes)
Event: 13.604 Thread 0x000001b46dc90200 nmethod 6607 0x000001b45d9dd490 code [0x000001b45d9dd620, 0x000001b45d9dd6d8]
Event: 13.604 Thread 0x000001b46dc90200 6608       1       org.gradle.internal.instantiation.generator.AsmBackedClassGenerator$ClassBuilderImpl::access$4200 (5 bytes)
Event: 13.604 Thread 0x000001b46dc90200 nmethod 6608 0x000001b45db50010 code [0x000001b45db501a0, 0x000001b45db50258]
Event: 13.605 Thread 0x000001b46dc90200 6609       3       sun.reflect.annotation.AnnotationParser::parseConst (209 bytes)
Event: 13.608 Thread 0x000001b46dc90200 nmethod 6609 0x000001b4562c7590 code [0x000001b4562c79e0, 0x000001b4562c93f8]
Event: 13.608 Thread 0x000001b46dc90200 6610       3       java.util.regex.Matcher::find (69 bytes)

GC Heap History (20 events):
Event: 7.151 GC heap before
{Heap before GC invocations=12 (full 0):
 garbage-first heap   total 82944K, used 61500K [0x0000000080000000, 0x0000000100000000)
  region size 1024K, 34 young (34816K), 5 survivors (5120K)
 Metaspace       used 50143K, committed 50560K, reserved 1097728K
  class space    used 6706K, committed 6912K, reserved 1048576K
}
Event: 7.159 GC heap after
{Heap after GC invocations=13 (full 0):
 garbage-first heap   total 82944K, used 33560K [0x0000000080000000, 0x0000000100000000)
  region size 1024K, 4 young (4096K), 4 survivors (4096K)
 Metaspace       used 50143K, committed 50560K, reserved 1097728K
  class space    used 6706K, committed 6912K, reserved 1048576K
}
Event: 8.382 GC heap before
{Heap before GC invocations=13 (full 0):
 garbage-first heap   total 82944K, used 63256K [0x0000000080000000, 0x0000000100000000)
  region size 1024K, 33 young (33792K), 4 survivors (4096K)
 Metaspace       used 52867K, committed 53376K, reserved 1097728K
  class space    used 7076K, committed 7296K, reserved 1048576K
}
Event: 8.393 GC heap after
{Heap after GC invocations=14 (full 0):
 garbage-first heap   total 82944K, used 36009K [0x0000000080000000, 0x0000000100000000)
  region size 1024K, 5 young (5120K), 5 survivors (5120K)
 Metaspace       used 52867K, committed 53376K, reserved 1097728K
  class space    used 7076K, committed 7296K, reserved 1048576K
}
Event: 9.142 GC heap before
{Heap before GC invocations=14 (full 0):
 garbage-first heap   total 82944K, used 61609K [0x0000000080000000, 0x0000000100000000)
  region size 1024K, 28 young (28672K), 5 survivors (5120K)
 Metaspace       used 53484K, committed 53952K, reserved 1097728K
  class space    used 7135K, committed 7360K, reserved 1048576K
}
Event: 9.151 GC heap after
{Heap after GC invocations=15 (full 0):
 garbage-first heap   total 82944K, used 43262K [0x0000000080000000, 0x0000000100000000)
  region size 1024K, 4 young (4096K), 4 survivors (4096K)
 Metaspace       used 53484K, committed 53952K, reserved 1097728K
  class space    used 7135K, committed 7360K, reserved 1048576K
}
Event: 9.347 GC heap before
{Heap before GC invocations=16 (full 0):
 garbage-first heap   total 82944K, used 46334K [0x0000000080000000, 0x0000000100000000)
  region size 1024K, 7 young (7168K), 4 survivors (4096K)
 Metaspace       used 53484K, committed 53952K, reserved 1097728K
  class space    used 7135K, committed 7360K, reserved 1048576K
}
Event: 9.351 GC heap after
{Heap after GC invocations=17 (full 0):
 garbage-first heap   total 82944K, used 46057K [0x0000000080000000, 0x0000000100000000)
  region size 1024K, 3 young (3072K), 3 survivors (3072K)
 Metaspace       used 53484K, committed 53952K, reserved 1097728K
  class space    used 7135K, committed 7360K, reserved 1048576K
}
Event: 10.206 GC heap before
{Heap before GC invocations=18 (full 0):
 garbage-first heap   total 94208K, used 65513K [0x0000000080000000, 0x0000000100000000)
  region size 1024K, 18 young (18432K), 3 survivors (3072K)
 Metaspace       used 54979K, committed 55488K, reserved 1097728K
  class space    used 7338K, committed 7552K, reserved 1048576K
}
Event: 10.211 GC heap after
{Heap after GC invocations=19 (full 0):
 garbage-first heap   total 94208K, used 53439K [0x0000000080000000, 0x0000000100000000)
  region size 1024K, 3 young (3072K), 3 survivors (3072K)
 Metaspace       used 54979K, committed 55488K, reserved 1097728K
  class space    used 7338K, committed 7552K, reserved 1048576K
}
Event: 11.156 GC heap before
{Heap before GC invocations=19 (full 0):
 garbage-first heap   total 94208K, used 69823K [0x0000000080000000, 0x0000000100000000)
  region size 1024K, 19 young (19456K), 3 survivors (3072K)
 Metaspace       used 57154K, committed 57664K, reserved 1105920K
  class space    used 7647K, committed 7872K, reserved 1048576K
}
Event: 11.160 GC heap after
{Heap after GC invocations=20 (full 0):
 garbage-first heap   total 94208K, used 54008K [0x0000000080000000, 0x0000000100000000)
  region size 1024K, 1 young (1024K), 1 survivors (1024K)
 Metaspace       used 57154K, committed 57664K, reserved 1105920K
  class space    used 7647K, committed 7872K, reserved 1048576K
}
Event: 12.049 GC heap before
{Heap before GC invocations=21 (full 0):
 garbage-first heap   total 97280K, used 70392K [0x0000000080000000, 0x0000000100000000)
  region size 1024K, 18 young (18432K), 1 survivors (1024K)
 Metaspace       used 60046K, committed 60672K, reserved 1105920K
  class space    used 7977K, committed 8256K, reserved 1048576K
}
Event: 12.054 GC heap after
{Heap after GC invocations=22 (full 0):
 garbage-first heap   total 97280K, used 54497K [0x0000000080000000, 0x0000000100000000)
  region size 1024K, 2 young (2048K), 2 survivors (2048K)
 Metaspace       used 60046K, committed 60672K, reserved 1105920K
  class space    used 7977K, committed 8256K, reserved 1048576K
}
Event: 12.138 GC heap before
{Heap before GC invocations=22 (full 0):
 garbage-first heap   total 97280K, used 56545K [0x0000000080000000, 0x0000000100000000)
  region size 1024K, 4 young (4096K), 2 survivors (2048K)
 Metaspace       used 60257K, committed 60800K, reserved 1105920K
  class space    used 8018K, committed 8256K, reserved 1048576K
}
Event: 12.142 GC heap after
{Heap after GC invocations=23 (full 0):
 garbage-first heap   total 97280K, used 54625K [0x0000000080000000, 0x0000000100000000)
  region size 1024K, 1 young (1024K), 1 survivors (1024K)
 Metaspace       used 60257K, committed 60800K, reserved 1105920K
  class space    used 8018K, committed 8256K, reserved 1048576K
}
Event: 13.008 GC heap before
{Heap before GC invocations=23 (full 0):
 garbage-first heap   total 97280K, used 69985K [0x0000000080000000, 0x0000000100000000)
  region size 1024K, 18 young (18432K), 1 survivors (1024K)
 Metaspace       used 64014K, committed 64576K, reserved 1105920K
  class space    used 8508K, committed 8768K, reserved 1048576K
}
Event: 13.013 GC heap after
{Heap after GC invocations=24 (full 0):
 garbage-first heap   total 97280K, used 56518K [0x0000000080000000, 0x0000000100000000)
  region size 1024K, 3 young (3072K), 3 survivors (3072K)
 Metaspace       used 64014K, committed 64576K, reserved 1105920K
  class space    used 8508K, committed 8768K, reserved 1048576K
}
Event: 13.364 GC heap before
{Heap before GC invocations=25 (full 0):
 garbage-first heap   total 122880K, used 81094K [0x0000000080000000, 0x0000000100000000)
  region size 1024K, 21 young (21504K), 3 survivors (3072K)
 Metaspace       used 64887K, committed 65408K, reserved 1105920K
  class space    used 8633K, committed 8896K, reserved 1048576K
}
Event: 13.373 GC heap after
{Heap after GC invocations=26 (full 0):
 garbage-first heap   total 147456K, used 58497K [0x0000000080000000, 0x0000000100000000)
  region size 1024K, 3 young (3072K), 3 survivors (3072K)
 Metaspace       used 64887K, committed 65408K, reserved 1105920K
  class space    used 8633K, committed 8896K, reserved 1048576K
}

Dll operation events (2 events):
Event: 0.010 Loaded shared library C:\Program Files\Android\Android Studio\jbr\bin\java.dll
Event: 0.508 Loaded shared library C:\Program Files\Android\Android Studio\jbr\bin\verify.dll

Deoptimization events (20 events):
Event: 13.140 Thread 0x000001b46e8a4050 DEOPT PACKING pc=0x000001b456113c66 sp=0x0000003cab9f1df0
Event: 13.140 Thread 0x000001b46e8a4050 DEOPT UNPACKING pc=0x000001b45d447143 sp=0x0000003cab9f1270 mode 0
Event: 13.142 Thread 0x000001b46e8a4050 DEOPT PACKING pc=0x000001b456113c66 sp=0x0000003cab9f1df0
Event: 13.142 Thread 0x000001b46e8a4050 DEOPT UNPACKING pc=0x000001b45d447143 sp=0x0000003cab9f1270 mode 0
Event: 13.146 Thread 0x000001b46e8a4050 DEOPT PACKING pc=0x000001b456113c66 sp=0x0000003cab9f1df0
Event: 13.146 Thread 0x000001b46e8a4050 DEOPT UNPACKING pc=0x000001b45d447143 sp=0x0000003cab9f1270 mode 0
Event: 13.151 Thread 0x000001b46e8a4050 DEOPT PACKING pc=0x000001b456113c66 sp=0x0000003cab9f1df0
Event: 13.151 Thread 0x000001b46e8a4050 DEOPT UNPACKING pc=0x000001b45d447143 sp=0x0000003cab9f1270 mode 0
Event: 13.155 Thread 0x000001b46e8a4050 DEOPT PACKING pc=0x000001b456113c66 sp=0x0000003cab9f1df0
Event: 13.155 Thread 0x000001b46e8a4050 DEOPT UNPACKING pc=0x000001b45d447143 sp=0x0000003cab9f1270 mode 0
Event: 13.160 Thread 0x000001b46e8a4050 DEOPT PACKING pc=0x000001b456113c66 sp=0x0000003cab9f1df0
Event: 13.160 Thread 0x000001b46e8a4050 DEOPT UNPACKING pc=0x000001b45d447143 sp=0x0000003cab9f1270 mode 0
Event: 13.179 Thread 0x000001b46e8a4050 Uncommon trap: trap_request=0xffffff45 fr.pc=0x000001b45dd12fd0 relative=0x00000000000000b0
Event: 13.179 Thread 0x000001b46e8a4050 Uncommon trap: reason=unstable_if action=reinterpret pc=0x000001b45dd12fd0 method=java.security.CodeSource.matchCerts(Ljava/security/CodeSource;Z)Z @ 11 c2
Event: 13.179 Thread 0x000001b46e8a4050 DEOPT PACKING pc=0x000001b45dd12fd0 sp=0x0000003cab9f0cc0
Event: 13.179 Thread 0x000001b46e8a4050 DEOPT UNPACKING pc=0x000001b45d4469a3 sp=0x0000003cab9f0c58 mode 2
Event: 13.325 Thread 0x000001b46e8a4050 Uncommon trap: trap_request=0xffffff45 fr.pc=0x000001b45dc5716c relative=0x0000000000002fec
Event: 13.325 Thread 0x000001b46e8a4050 Uncommon trap: reason=unstable_if action=reinterpret pc=0x000001b45dc5716c method=java.util.regex.Pattern.has(I)Z @ 6 c2
Event: 13.325 Thread 0x000001b46e8a4050 DEOPT PACKING pc=0x000001b45dc5716c sp=0x0000003cab9f5c80
Event: 13.325 Thread 0x000001b46e8a4050 DEOPT UNPACKING pc=0x000001b45d4469a3 sp=0x0000003cab9f5c00 mode 2

Classes unloaded (0 events):
No events

Classes redefined (0 events):
No events

Internal exceptions (20 events):
Event: 8.726 Thread 0x000001b46e8a4050 Exception <a 'java/lang/NoSuchMethodError'{0x00000000844cf030}: 'long java.lang.invoke.DirectMethodHandle$Holder.invokeVirtual(java.lang.Object, java.lang.Object)'> (0x00000000844cf030) 
thrown [s\src\hotspot\share\interpreter\linkResolver.cpp, line 771]
Event: 8.740 Thread 0x000001b46f78ceb0 Exception <a 'java/lang/NoSuchMethodError'{0x0000000084307bd0}: static Lorg/gradle/internal/build/event/types/DefaultOperationFinishedProgressEvent;.<clinit>()V> (0x0000000084307bd0) 
thrown [s\src\hotspot\share\prims\jni.cpp, line 1108]
Event: 8.746 Thread 0x000001b46f78ceb0 Exception <a 'java/lang/NoSuchMethodError'{0x000000008432d300}: static Lorg/gradle/internal/build/event/types/DefaultProjectConfigurationSuccessResult;.<clinit>()V> (0x000000008432d300) 
thrown [s\src\hotspot\share\prims\jni.cpp, line 1108]
Event: 8.747 Thread 0x000001b46f78ceb0 Exception <a 'java/lang/NoSuchMethodError'{0x000000008432e608}: static Lorg/gradle/internal/build/event/types/AbstractProjectConfigurationResult;.<clinit>()V> (0x000000008432e608) 
thrown [s\src\hotspot\share\prims\jni.cpp, line 1108]
Event: 8.747 Thread 0x000001b46f78ceb0 Exception <a 'java/lang/NoSuchMethodError'{0x000000008432fb00}: static Lorg/gradle/internal/build/event/types/AbstractOperationResult;.<clinit>()V> (0x000000008432fb00) 
thrown [s\src\hotspot\share\prims\jni.cpp, line 1108]
Event: 8.747 Thread 0x000001b46f78ceb0 Exception <a 'java/lang/NoSuchMethodError'{0x0000000084330d08}: static Lorg/gradle/internal/build/event/types/AbstractResult;.<clinit>()V> (0x0000000084330d08) 
thrown [s\src\hotspot\share\prims\jni.cpp, line 1108]
Event: 8.753 Thread 0x000001b46f78ceb0 Exception <a 'java/lang/NoSuchMethodError'{0x00000000843c69e8}: static Lorg/gradle/internal/build/event/types/DefaultPluginApplicationResult;.<clinit>()V> (0x00000000843c69e8) 
thrown [s\src\hotspot\share\prims\jni.cpp, line 1108]
Event: 8.755 Thread 0x000001b46f78ceb0 Exception <a 'java/lang/NoSuchMethodError'{0x00000000843d1b38}: static Lorg/gradle/internal/build/event/types/DefaultBinaryPluginIdentifier;.<clinit>()V> (0x00000000843d1b38) 
thrown [s\src\hotspot\share\prims\jni.cpp, line 1108]
Event: 8.761 Thread 0x000001b46f78ceb0 Exception <a 'java/lang/NoSuchMethodError'{0x00000000843e7d48}: static Lorg/gradle/internal/build/event/types/DefaultScriptPluginIdentifier;.<clinit>()V> (0x00000000843e7d48) 
thrown [s\src\hotspot\share\prims\jni.cpp, line 1108]
Event: 8.979 Thread 0x000001b46e8a4050 Implicit null exception at 0x000001b45dc60f8f to 0x000001b45dc6164c
Event: 9.650 Thread 0x000001b46e8a4050 Exception <a 'java/lang/ClassNotFoundException'{0x0000000089021260}: org/gradle/api/internal/plugins/DefaultObjectConfigurationActionBeanInfo> (0x0000000089021260) 
thrown [s\src\hotspot\share\classfile\systemDictionary.cpp, line 256]
Event: 9.652 Thread 0x000001b46e8a4050 Exception <a 'java/lang/ClassNotFoundException'{0x0000000089034fe8}: org/gradle/api/internal/plugins/DefaultObjectConfigurationActionCustomizer> (0x0000000089034fe8) 
thrown [s\src\hotspot\share\classfile\systemDictionary.cpp, line 256]
Event: 10.204 Thread 0x000001b46e8a4050 Exception <a 'java/lang/NoSuchMethodError'{0x0000000084af4410}: 'java.lang.Object java.lang.invoke.DirectMethodHandle$Holder.newInvokeSpecial(java.lang.Object, java.lang.Object, java.lang.Object, java.lang.Object, int)'> (0x0000000084af4410) 
thrown [s\src\hotspot\share\interpreter\linkResolver.cpp, line 771]
Event: 10.205 Thread 0x000001b46e8a4050 Exception <a 'java/lang/NoSuchMethodError'{0x0000000084af9858}: 'java.lang.Object java.lang.invoke.DirectMethodHandle$Holder.invokeSpecial(java.lang.Object, java.lang.Object, java.lang.Object, java.lang.Object, java.lang.Object, int)'> (0x0000000084af9858) 
thrown [s\src\hotspot\share\interpreter\linkResolver.cpp, line 771]
Event: 10.206 Thread 0x000001b46e8a4050 Exception <a 'java/lang/NoSuchMethodError'{0x0000000084afe5d8}: 'java.lang.Object java.lang.invoke.Invokers$Holder.linkToTargetMethod(java.lang.Object, java.lang.Object, java.lang.Object, int, java.lang.Object)'> (0x0000000084afe5d8) 
thrown [s\src\hotspot\share\interpreter\linkResolver.cpp, line 771]
Event: 10.985 Thread 0x000001b46e8a4050 Exception <a 'java/lang/NoSuchMethodError'{0x0000000084f8fcb8}: 'int java.lang.invoke.DirectMethodHandle$Holder.invokeInterface(java.lang.Object, java.lang.Object, java.lang.Object, java.lang.Object)'> (0x0000000084f8fcb8) 
thrown [s\src\hotspot\share\interpreter\linkResolver.cpp, line 771]
Event: 12.320 Thread 0x000001b46e8a4050 Exception <a 'java/lang/IncompatibleClassChangeError'{0x0000000089389658}: Found class java.lang.Object, but interface was expected> (0x0000000089389658) 
thrown [s\src\hotspot\share\interpreter\linkResolver.cpp, line 838]
Event: 12.456 Thread 0x000001b46e8a4050 Implicit null exception at 0x000001b45dc5d360 to 0x000001b45dc5d508
Event: 12.801 Thread 0x000001b46e8a4050 Implicit null exception at 0x000001b45db50e8c to 0x000001b45db50fc2
Event: 13.184 Thread 0x000001b46e8a4050 Exception <a 'sun/nio/fs/WindowsException'{0x0000000086cc2f28}> (0x0000000086cc2f28) 
thrown [s\src\hotspot\share\prims\jni.cpp, line 517]

VM Operations (20 events):
Event: 12.048 Executing VM operation: G1CollectForAllocation
Event: 12.054 Executing VM operation: G1CollectForAllocation done
Event: 12.058 Executing VM operation: HandshakeAllThreads
Event: 12.059 Executing VM operation: HandshakeAllThreads done
Event: 12.093 Executing VM operation: HandshakeAllThreads
Event: 12.094 Executing VM operation: HandshakeAllThreads done
Event: 12.138 Executing VM operation: G1CollectForAllocation
Event: 12.142 Executing VM operation: G1CollectForAllocation done
Event: 12.730 Executing VM operation: HandshakeAllThreads
Event: 12.730 Executing VM operation: HandshakeAllThreads done
Event: 12.825 Executing VM operation: HandshakeAllThreads
Event: 12.825 Executing VM operation: HandshakeAllThreads done
Event: 13.007 Executing VM operation: G1TryInitiateConcMark
Event: 13.013 Executing VM operation: G1TryInitiateConcMark done
Event: 13.104 Executing VM operation: G1Concurrent
Event: 13.116 Executing VM operation: G1Concurrent done
Event: 13.156 Executing VM operation: G1Concurrent
Event: 13.157 Executing VM operation: G1Concurrent done
Event: 13.364 Executing VM operation: G1CollectForAllocation
Event: 13.373 Executing VM operation: G1CollectForAllocation done

Events (20 events):
Event: 12.902 loading class java/security/cert/CertPathValidatorException$Reason done
Event: 12.902 loading class java/security/cert/CertPathValidatorException$BasicReason done
Event: 12.903 loading class java/security/SignatureException
Event: 12.903 loading class java/security/SignatureException done
Event: 12.912 loading class sun/security/rsa/RSASignature$SHA256withRSA
Event: 12.912 loading class sun/security/rsa/RSASignature$SHA256withRSA done
Event: 12.917 loading class sun/security/provider/DSA$SHA256withDSA
Event: 12.917 loading class sun/security/provider/DSA$SHA256withDSA done
Event: 12.992 loading class java/util/Base64
Event: 12.992 loading class java/util/Base64 done
Event: 12.992 loading class java/util/Base64$Decoder
Event: 12.993 loading class java/util/Base64$Decoder done
Event: 12.993 loading class java/util/Base64$Encoder
Event: 12.993 loading class java/util/Base64$Encoder done
Event: 12.994 loading class java/util/jar/JarVerifier$VerifierStream
Event: 12.995 loading class java/util/jar/JarVerifier$VerifierStream done
Event: 12.995 loading class sun/security/util/ManifestEntryVerifier$SunProviderHolder
Event: 12.995 loading class sun/security/util/ManifestEntryVerifier$SunProviderHolder done
Event: 13.184 loading class sun/nio/fs/WindowsException
Event: 13.184 loading class sun/nio/fs/WindowsException done


Dynamic libraries:
0x00007ff6b9360000 - 0x00007ff6b936a000 	C:\Program Files\Android\Android Studio\jbr\bin\java.exe
0x00007ff9ea6f0000 - 0x00007ff9ea904000 	C:\Windows\SYSTEM32\ntdll.dll
0x00007ff9e84e0000 - 0x00007ff9e85a3000 	C:\Windows\System32\KERNEL32.DLL
0x00007ff9e80a0000 - 0x00007ff9e843d000 	C:\Windows\System32\KERNELBASE.dll
0x00007ff9e7da0000 - 0x00007ff9e7eb1000 	C:\Windows\System32\ucrtbase.dll
0x00007ff9e39e0000 - 0x00007ff9e39f7000 	C:\Program Files\Android\Android Studio\jbr\bin\jli.dll
0x00007ff9ca920000 - 0x00007ff9ca93b000 	C:\Program Files\Android\Android Studio\jbr\bin\VCRUNTIME140.dll
0x00007ff9e9110000 - 0x00007ff9e92bd000 	C:\Windows\System32\USER32.dll
0x00007ff9e8440000 - 0x00007ff9e8466000 	C:\Windows\System32\win32u.dll
0x00007ff9cf030000 - 0x00007ff9cf2be000 	C:\Windows\WinSxS\amd64_microsoft.windows.common-controls_6595b64144ccf1df_6.0.22621.608_none_a9444ca7c10bb01d\COMCTL32.dll
0x00007ff9e90e0000 - 0x00007ff9e9109000 	C:\Windows\System32\GDI32.dll
0x00007ff9ea2a0000 - 0x00007ff9ea347000 	C:\Windows\System32\msvcrt.dll
0x00007ff9e7f80000 - 0x00007ff9e8092000 	C:\Windows\System32\gdi32full.dll
0x00007ff9e7b90000 - 0x00007ff9e7c2a000 	C:\Windows\System32\msvcp_win.dll
0x00007ff9e8710000 - 0x00007ff9e8742000 	C:\Windows\System32\IMM32.DLL
0x00007ff9ccce0000 - 0x00007ff9cccec000 	C:\Program Files\Android\Android Studio\jbr\bin\vcruntime140_1.dll
0x00007ff98cd80000 - 0x00007ff98ce0d000 	C:\Program Files\Android\Android Studio\jbr\bin\msvcp140.dll
0x00007ff9a0fc0000 - 0x00007ff9a1c2e000 	C:\Program Files\Android\Android Studio\jbr\bin\server\jvm.dll
0x00007ff9ea1f0000 - 0x00007ff9ea29e000 	C:\Windows\System32\ADVAPI32.dll
0x00007ff9e97a0000 - 0x00007ff9e9844000 	C:\Windows\System32\sechost.dll
0x00007ff9ea520000 - 0x00007ff9ea635000 	C:\Windows\System32\RPCRT4.dll
0x00007ff9e0cf0000 - 0x00007ff9e0d24000 	C:\Windows\SYSTEM32\WINMM.dll
0x00007ff9e48f0000 - 0x00007ff9e48f9000 	C:\Windows\SYSTEM32\WSOCK32.dll
0x00007ff9e1220000 - 0x00007ff9e122a000 	C:\Windows\SYSTEM32\VERSION.dll
0x00007ff9ea350000 - 0x00007ff9ea3c1000 	C:\Windows\System32\WS2_32.dll
0x00007ff9e6b50000 - 0x00007ff9e6b68000 	C:\Windows\SYSTEM32\kernel.appcore.dll
0x00007ff9e44d0000 - 0x00007ff9e44da000 	C:\Program Files\Android\Android Studio\jbr\bin\jimage.dll
0x00007ff9d6c10000 - 0x00007ff9d6e3e000 	C:\Windows\SYSTEM32\DBGHELP.DLL
0x00007ff9e9410000 - 0x00007ff9e979a000 	C:\Windows\System32\combase.dll
0x00007ff9e85b0000 - 0x00007ff9e8687000 	C:\Windows\System32\OLEAUT32.dll
0x00007ff9dce70000 - 0x00007ff9dcea2000 	C:\Windows\SYSTEM32\dbgcore.DLL
0x00007ff9e7b10000 - 0x00007ff9e7b8b000 	C:\Windows\System32\bcryptPrimitives.dll
0x00007ff9e44a0000 - 0x00007ff9e44c5000 	C:\Program Files\Android\Android Studio\jbr\bin\java.dll
0x00007ff9e4480000 - 0x00007ff9e4498000 	C:\Program Files\Android\Android Studio\jbr\bin\zip.dll
0x00007ff9e9850000 - 0x00007ff9ea03f000 	C:\Windows\System32\SHELL32.dll
0x00007ff9e5b20000 - 0x00007ff9e63e8000 	C:\Windows\SYSTEM32\windows.storage.dll
0x00007ff9e59e0000 - 0x00007ff9e5b1e000 	C:\Windows\SYSTEM32\wintypes.dll
0x00007ff9ea3d0000 - 0x00007ff9ea4c1000 	C:\Windows\System32\SHCORE.dll
0x00007ff9ea050000 - 0x00007ff9ea0ae000 	C:\Windows\System32\shlwapi.dll
0x00007ff9e7a40000 - 0x00007ff9e7a61000 	C:\Windows\SYSTEM32\profapi.dll
0x00007ff9e3b30000 - 0x00007ff9e3b49000 	C:\Program Files\Android\Android Studio\jbr\bin\net.dll
0x00007ff9e06c0000 - 0x00007ff9e07ef000 	C:\Windows\SYSTEM32\WINHTTP.dll
0x00007ff9e6fb0000 - 0x00007ff9e7019000 	C:\Windows\system32\mswsock.dll
0x00007ff9e3b10000 - 0x00007ff9e3b26000 	C:\Program Files\Android\Android Studio\jbr\bin\nio.dll
0x00007ff9e3a70000 - 0x00007ff9e3a80000 	C:\Program Files\Android\Android Studio\jbr\bin\verify.dll
0x00007ff9c9c40000 - 0x00007ff9c9c67000 	C:\Users\Admin\.gradle\native\68d5fa5c4cc2d200863cafc0d521ce42e7d3e7ee720ec0a83991735586a16f82\windows-amd64\native-platform.dll
0x00007ff98c550000 - 0x00007ff98c694000 	C:\Users\Admin\.gradle\native\e376f236ea51e6404a007f0833ffe2c6e607c4080706a723a18a27aeea778392\windows-amd64\native-platform-file-events.dll
0x00007ff9e3a20000 - 0x00007ff9e3a29000 	C:\Program Files\Android\Android Studio\jbr\bin\management.dll
0x00007ff9e3a10000 - 0x00007ff9e3a1b000 	C:\Program Files\Android\Android Studio\jbr\bin\management_ext.dll
0x00007ff9e8760000 - 0x00007ff9e8768000 	C:\Windows\System32\PSAPI.DLL
0x00007ff9e7210000 - 0x00007ff9e722b000 	C:\Windows\SYSTEM32\CRYPTSP.dll
0x00007ff9e6ac0000 - 0x00007ff9e6af5000 	C:\Windows\system32\rsaenh.dll
0x00007ff9e70a0000 - 0x00007ff9e70c8000 	C:\Windows\SYSTEM32\USERENV.dll
0x00007ff9e73e0000 - 0x00007ff9e7408000 	C:\Windows\SYSTEM32\bcrypt.dll
0x00007ff9e7200000 - 0x00007ff9e720c000 	C:\Windows\SYSTEM32\CRYPTBASE.dll
0x00007ff9e6640000 - 0x00007ff9e666d000 	C:\Windows\SYSTEM32\IPHLPAPI.DLL
0x00007ff9e9340000 - 0x00007ff9e9349000 	C:\Windows\System32\NSI.dll
0x00007ff9e04b0000 - 0x00007ff9e04c9000 	C:\Windows\SYSTEM32\dhcpcsvc6.DLL
0x00007ff9e0350000 - 0x00007ff9e036f000 	C:\Windows\SYSTEM32\dhcpcsvc.DLL
0x00007ff9e6700000 - 0x00007ff9e67f2000 	C:\Windows\SYSTEM32\DNSAPI.dll
0x00007ff9ccad0000 - 0x00007ff9ccad8000 	C:\Windows\system32\wshunix.dll

dbghelp: loaded successfully - version: 4.0.5 - missing functions: none
symbol engine: initialized successfully - sym options: 0x614 - pdb path: .;C:\Program Files\Android\Android Studio\jbr\bin;C:\Windows\SYSTEM32;C:\Windows\WinSxS\amd64_microsoft.windows.common-controls_6595b64144ccf1df_6.0.22621.608_none_a9444ca7c10bb01d;C:\Program Files\Android\Android Studio\jbr\bin\server;C:\Users\Admin\.gradle\native\68d5fa5c4cc2d200863cafc0d521ce42e7d3e7ee720ec0a83991735586a16f82\windows-amd64;C:\Users\Admin\.gradle\native\e376f236ea51e6404a007f0833ffe2c6e607c4080706a723a18a27aeea778392\windows-amd64

VM Arguments:
jvm_args: --add-opens=java.base/java.util=ALL-UNNAMED --add-opens=java.base/java.lang=ALL-UNNAMED --add-opens=java.base/java.lang.invoke=ALL-UNNAMED --add-opens=java.prefs/java.util.prefs=ALL-UNNAMED --add-opens=java.base/java.nio.charset=ALL-UNNAMED --add-opens=java.base/java.net=ALL-UNNAMED --add-opens=java.base/java.util.concurrent.atomic=ALL-UNNAMED -Xmx2048m -Dfile.encoding=UTF-8 -Duser.country=ID -Duser.language=en -Duser.variant 
java_command: org.gradle.launcher.daemon.bootstrap.GradleDaemon 8.0
java_class_path (initial): C:\Users\Admin\.gradle\wrapper\dists\gradle-8.0-bin\ca5e32bp14vu59qr306oxotwh\gradle-8.0\lib\gradle-launcher-8.0.jar
Launcher Type: SUN_STANDARD

[Global flags]
     intx CICompilerCount                          = 4                                         {product} {ergonomic}
     uint ConcGCThreads                            = 2                                         {product} {ergonomic}
     uint G1ConcRefinementThreads                  = 8                                         {product} {ergonomic}
   size_t G1HeapRegionSize                         = 1048576                                   {product} {ergonomic}
    uintx GCDrainStackTargetSize                   = 64                                        {product} {ergonomic}
   size_t InitialHeapSize                          = 201326592                                 {product} {ergonomic}
   size_t MarkStackSize                            = 4194304                                   {product} {ergonomic}
   size_t MaxHeapSize                              = 2147483648                                {product} {command line}
   size_t MaxNewSize                               = 1287651328                                {product} {ergonomic}
   size_t MinHeapDeltaBytes                        = 1048576                                   {product} {ergonomic}
   size_t MinHeapSize                              = 8388608                                   {product} {ergonomic}
    uintx NonNMethodCodeHeapSize                   = 5839372                                {pd product} {ergonomic}
    uintx NonProfiledCodeHeapSize                  = 122909434                              {pd product} {ergonomic}
    uintx ProfiledCodeHeapSize                     = 122909434                              {pd product} {ergonomic}
    uintx ReservedCodeCacheSize                    = 251658240                              {pd product} {ergonomic}
     bool SegmentedCodeCache                       = true                                      {product} {ergonomic}
   size_t SoftMaxHeapSize                          = 2147483648                             {manageable} {ergonomic}
     bool UseCompressedClassPointers               = true                           {product lp64_product} {ergonomic}
     bool UseCompressedOops                        = true                           {product lp64_product} {ergonomic}
     bool UseG1GC                                  = true                                      {product} {ergonomic}
     bool UseLargePagesIndividualAllocation        = false                                  {pd product} {ergonomic}

Logging:
Log output configuration:
 #0: stdout all=warning uptime,level,tags
 #1: stderr all=off uptime,level,tags

Environment Variables:
PATH=C:\Program Files\Eclipse Adoptium\jdk-17.0.6.10-hotspot\bin;C:\Windows\system32;C:\Windows;C:\Windows\System32\Wbem;C:\Windows\System32\WindowsPowerShell\v1.0\;C:\Windows\System32\OpenSSH\;C:\xampp\php;C:\ProgramData\ComposerSetup\bin;C:\Program Files\Git\cmd;C:\Program Files\nodejs\;C:\ProgramData\chocolatey\bin;C:\Program Files\Cloudflare\Cloudflare WARP\;C:\Users\Admin\AppData\Local\Microsoft\WindowsApps;C:\Users\Admin\AppData\Local\Programs\Microsoft VS Code\bin;C:\Users\Admin\AppData\Roaming\Composer\vendor\bin;C:\Users\Admin\AppData\Roaming\npm;C:\xampp\mysql\bin;C:\Users\Admin\AppData\Local\GitHubDesktop\bin;C:\ProgramData\Admin\GitHubDesktop\bin
USERNAME=Admin
OS=Windows_NT
PROCESSOR_IDENTIFIER=Intel64 Family 6 Model 142 Stepping 10, GenuineIntel
TMP=C:\Users\Admin\AppData\Local\Temp
TEMP=C:\Users\Admin\AppData\Local\Temp


JNI global refs:
JNI global refs: 25, weak refs: 6

JNI global refs memory usage: 843, weak refs: 841


---------------  S Y S T E M  ---------------

OS:
 Windows 11 , 64 bit Build 22621 (10.0.22621.963)
OS uptime: 0 days 1:05 hours

CPU: total 8 (initial active 8) (4 cores per cpu, 2 threads per core) family 6 model 142 stepping 10 microcode 0xe0, cx8, cmov, fxsr, ht, mmx, 3dnowpref, sse, sse2, sse3, ssse3, sse4.1, sse4.2, popcnt, lzcnt, tsc, tscinvbit, avx, avx2, aes, erms, clmul, bmi1, bmi2, adx, fma, vzeroupper, clflush, clflushopt

Memory: 4k page, system-wide physical 12174M (527M free)
TotalPageFile size 12174M (AvailPageFile size 7M)
current process WorkingSet (physical memory assigned to process): 317M, peak: 317M
current process commit charge ("private bytes"): 387M, peak: 388M

vm_info: OpenJDK 64-Bit Server VM (17.0.6+0-b2043.56-10027231) for windows-amd64 JRE (17.0.6+0-b2043.56-10027231), built on Apr 28 2023 00:43:19 by "androidbuild" with MS VC++ 16.10 / 16.11 (VS2019)

END.
