#
# There is insufficient memory for the Java Runtime Environment to continue.
# Native memory allocation (malloc) failed to allocate 2127328 bytes for Chunk::new
# Possible reasons:
#   The system is out of physical RAM or swap space
#   The process is running with CompressedOops enabled, and the Java Heap may be blocking the growth of the native heap
# Possible solutions:
#   Reduce memory load on the system
#   Increase physical memory or swap space
#   Check if swap backing store is full
#   Decrease Java heap size (-Xmx/-Xms)
#   Decrease number of Java threads
#   Decrease Java thread stack sizes (-Xss)
#   Set larger code cache with -XX:ReservedCodeCacheSize=
#   JVM is running with Unscaled Compressed Oops mode in which the Java heap is
#     placed in the first 4GB address space. The Java Heap base address is the
#     maximum limit for the native heap growth. Please use -XX:HeapBaseMinAddress
#     to set the Java Heap base and to place the Java Heap above 4GB virtual address.
# This output file may be truncated or incomplete.
#
#  Out of Memory Error (arena.cpp:189), pid=9912, tid=10372
#
# JRE version: OpenJDK Runtime Environment (17.0.6) (build 17.0.6+0-b2043.56-10027231)
# Java VM: OpenJDK 64-Bit Server VM (17.0.6+0-b2043.56-10027231, mixed mode, tiered, compressed oops, compressed class ptrs, g1 gc, windows-amd64)
# No core dump will be written. Minidumps are not enabled by default on client versions of Windows
#

---------------  S U M M A R Y ------------

Command Line: --add-opens=java.base/java.util=ALL-UNNAMED --add-opens=java.base/java.lang=ALL-UNNAMED --add-opens=java.base/java.lang.invoke=ALL-UNNAMED --add-opens=java.prefs/java.util.prefs=ALL-UNNAMED --add-opens=java.base/java.nio.charset=ALL-UNNAMED --add-opens=java.base/java.net=ALL-UNNAMED --add-opens=java.base/java.util.concurrent.atomic=ALL-UNNAMED -Xmx2048m -Dfile.encoding=UTF-8 -Duser.country=ID -Duser.language=en -Duser.variant org.gradle.launcher.daemon.bootstrap.GradleDaemon 8.0

Host: Intel(R) Core(TM) i5-8250U CPU @ 1.60GHz, 8 cores, 11G,  Windows 11 , 64 bit Build 22621 (10.0.22621.963)
Time: Thu Nov 23 19:06:00 2023 SE Asia Standard Time elapsed time: 27.219812 seconds (0d 0h 0m 27s)

---------------  T H R E A D  ---------------

Current thread (0x000001f2b4096900):  JavaThread "C2 CompilerThread1" daemon [_thread_in_native, id=10372, stack(0x0000002d73e00000,0x0000002d73f00000)]


Current CompileTask:
C2:  27219 7070   !   4       java.net.URLClassLoader::findClass (47 bytes)

Stack: [0x0000002d73e00000,0x0000002d73f00000]
Native frames: (J=compiled Java code, j=interpreted, Vv=VM code, C=native code)
V  [jvm.dll+0x683c9a]
V  [jvm.dll+0x8427a4]
V  [jvm.dll+0x843f9e]
V  [jvm.dll+0x844603]
V  [jvm.dll+0x249b75]
V  [jvm.dll+0xabcac]
V  [jvm.dll+0xac27c]
V  [jvm.dll+0x368857]
V  [jvm.dll+0x1bd0b8]
V  [jvm.dll+0x21c359]
V  [jvm.dll+0x21b621]
V  [jvm.dll+0x1a4fdd]
V  [jvm.dll+0x22b098]
V  [jvm.dll+0x229159]
V  [jvm.dll+0x7f81ec]
V  [jvm.dll+0x7f274a]
V  [jvm.dll+0x682ad5]
C  [ucrtbase.dll+0x29363]
C  [KERNEL32.DLL+0x126bd]
C  [ntdll.dll+0x5dfb8]


---------------  P R O C E S S  ---------------

Threads class SMR info:
_java_thread_list=0x000001f2b2b86200, length=127, elements={
0x000001f295a58310, 0x000001f2af8ce440, 0x000001f2af8c6690, 0x000001f2b0441cb0,
0x000001f2b0442660, 0x000001f2b0445020, 0x000001f2b04459d0, 0x000001f2b0446760,
0x000001f2b0457770, 0x000001f2b0460170, 0x000001f2b05e7040, 0x000001f2b05eb520,
0x000001f2b360d7a0, 0x000001f2b1cfdff0, 0x000001f2b17467d0, 0x000001f2b1faf2a0,
0x000001f2b0bf95d0, 0x000001f2b16fa320, 0x000001f2b1408000, 0x000001f2b2ac2c20,
0x000001f2b092eeb0, 0x000001f2b092f380, 0x000001f2b092c830, 0x000001f2b092c360,
0x000001f2b092cd00, 0x000001f2b092d1d0, 0x000001f2b092d6a0, 0x000001f2b092db70,
0x000001f2b092e510, 0x000001f2b092b9c0, 0x000001f2b092e9e0, 0x000001f2b092be90,
0x000001f2b12538c0, 0x000001f2b1254730, 0x000001f2b12520b0, 0x000001f2b1255f40,
0x000001f2b1252f20, 0x000001f2b1251be0, 0x000001f2b12533f0, 0x000001f2b4096900,
0x000001f2b12568e0, 0x000001f2b12555a0, 0x000001f2b1255a70, 0x000001f2b1256410,
0x000001f2b1252a50, 0x000001f2b124f560, 0x000001f2b124f090, 0x000001f2b1254260,
0x000001f2b124fa30, 0x000001f2b124ff00, 0x000001f2b12503d0, 0x000001f2b1251240,
0x000001f2b12508a0, 0x000001f2b1250d70, 0x000001f2b341f550, 0x000001f2b3421230,
0x000001f2b3422570, 0x000001f2b341d3a0, 0x000001f2b341d870, 0x000001f2b341fef0,
0x000001f2b3422f10, 0x000001f2b341fa20, 0x000001f2b34203c0, 0x000001f2b3422a40,
0x000001f2b34238b0, 0x000001f2b341dd40, 0x000001f2b34233e0, 0x000001f2b341ca00,
0x000001f2b3421700, 0x000001f2b341e210, 0x000001f2b341e6e0, 0x000001f2b3423d80,
0x000001f2b341ebb0, 0x000001f2b341ced0, 0x000001f2b3424250, 0x000001f2b341f080,
0x000001f2b34220a0, 0x000001f2b3420890, 0x000001f2b3420d60, 0x000001f2b3421bd0,
0x000001f2b416a770, 0x000001f2b416ac40, 0x000001f2b41702e0, 0x000001f2b416b5e0,
0x000001f2b416bab0, 0x000001f2b416fe10, 0x000001f2b416dc60, 0x000001f2b416bf80,
0x000001f2b4168a90, 0x000001f2b416efa0, 0x000001f2b4169900, 0x000001f2b416f940,
0x000001f2b416e600, 0x000001f2b416c450, 0x000001f2b416c920, 0x000001f2b4169dd0,
0x000001f2b4168f60, 0x000001f2b416e130, 0x000001f2b4169430, 0x000001f2b416a2a0,
0x000001f2b416cdf0, 0x000001f2b416b110, 0x000001f2b416d2c0, 0x000001f2b416d790,
0x000001f2b416ead0, 0x000001f2b416f470, 0x000001f2b3caed60, 0x000001f2b3cb2bf0,
0x000001f2b3cb4400, 0x000001f2b3cae3c0, 0x000001f2b3cafbd0, 0x000001f2b3cb00a0,
0x000001f2b3cb13e0, 0x000001f2b3cb2720, 0x000001f2b3caf230, 0x000001f2b3cb3590,
0x000001f2b3cb0570, 0x000001f2b3cb4da0, 0x000001f2b3cb18b0, 0x000001f2b3cb1d80,
0x000001f2b3cae890, 0x000001f2b3cadef0, 0x000001f2b3cb48d0, 0x000001f2b3cb2250,
0x000001f2b3cb0a40, 0x000001f2b3cb30c0, 0x000001f2b3cb3a60
}

Java Threads: ( => current thread )
  0x000001f295a58310 JavaThread "main" [_thread_blocked, id=10912, stack(0x0000002d71100000,0x0000002d71200000)]
  0x000001f2af8ce440 JavaThread "Reference Handler" daemon [_thread_blocked, id=8836, stack(0x0000002d71800000,0x0000002d71900000)]
  0x000001f2af8c6690 JavaThread "Finalizer" daemon [_thread_blocked, id=6124, stack(0x0000002d71900000,0x0000002d71a00000)]
  0x000001f2b0441cb0 JavaThread "Signal Dispatcher" daemon [_thread_blocked, id=11176, stack(0x0000002d71a00000,0x0000002d71b00000)]
  0x000001f2b0442660 JavaThread "Attach Listener" daemon [_thread_blocked, id=10220, stack(0x0000002d71b00000,0x0000002d71c00000)]
  0x000001f2b0445020 JavaThread "Service Thread" daemon [_thread_blocked, id=11060, stack(0x0000002d71c00000,0x0000002d71d00000)]
  0x000001f2b04459d0 JavaThread "Monitor Deflation Thread" daemon [_thread_blocked, id=8616, stack(0x0000002d71d00000,0x0000002d71e00000)]
  0x000001f2b0446760 JavaThread "C2 CompilerThread0" daemon [_thread_in_native, id=9604, stack(0x0000002d71e00000,0x0000002d71f00000)]
  0x000001f2b0457770 JavaThread "C1 CompilerThread0" daemon [_thread_blocked, id=5088, stack(0x0000002d71f00000,0x0000002d72000000)]
  0x000001f2b0460170 JavaThread "Sweeper thread" daemon [_thread_blocked, id=9760, stack(0x0000002d72000000,0x0000002d72100000)]
  0x000001f2b05e7040 JavaThread "Common-Cleaner" daemon [_thread_blocked, id=4116, stack(0x0000002d72100000,0x0000002d72200000)]
  0x000001f2b05eb520 JavaThread "Notification Thread" daemon [_thread_blocked, id=11164, stack(0x0000002d72200000,0x0000002d72300000)]
  0x000001f2b360d7a0 JavaThread "Daemon health stats" [_thread_blocked, id=11048, stack(0x0000002d72a00000,0x0000002d72b00000)]
  0x000001f2b1cfdff0 JavaThread "Incoming local TCP Connector on port 52365" [_thread_in_native, id=2060, stack(0x0000002d72900000,0x0000002d72a00000)]
  0x000001f2b17467d0 JavaThread "Daemon periodic checks" [_thread_blocked, id=5252, stack(0x0000002d72b00000,0x0000002d72c00000)]
  0x000001f2b1faf2a0 JavaThread "Daemon" [_thread_blocked, id=8180, stack(0x0000002d72c00000,0x0000002d72d00000)]
  0x000001f2b0bf95d0 JavaThread "Handler for socket connection from /127.0.0.1:52365 to /127.0.0.1:52366" [_thread_in_native, id=8592, stack(0x0000002d72d00000,0x0000002d72e00000)]
  0x000001f2b16fa320 JavaThread "Cancel handler" [_thread_blocked, id=2408, stack(0x0000002d72e00000,0x0000002d72f00000)]
  0x000001f2b1408000 JavaThread "Daemon worker" [_thread_in_native, id=9232, stack(0x0000002d72f00000,0x0000002d73000000)]
  0x000001f2b2ac2c20 JavaThread "Asynchronous log dispatcher for DefaultDaemonConnection: socket connection from /127.0.0.1:52365 to /127.0.0.1:52366" [_thread_blocked, id=9484, stack(0x0000002d73000000,0x0000002d73100000)]
  0x000001f2b092eeb0 JavaThread "Stdin handler" [_thread_blocked, id=9056, stack(0x0000002d73100000,0x0000002d73200000)]
  0x000001f2b092f380 JavaThread "Daemon client event forwarder" [_thread_blocked, id=2152, stack(0x0000002d73200000,0x0000002d73300000)]
  0x000001f2b092c830 JavaThread "Cache worker for journal cache (C:\Users\Admin\.gradle\caches\journal-1)" [_thread_blocked, id=3752, stack(0x0000002d73600000,0x0000002d73700000)]
  0x000001f2b092c360 JavaThread "File lock request listener" [_thread_in_native, id=5304, stack(0x0000002d73700000,0x0000002d73800000)]
  0x000001f2b092cd00 JavaThread "Cache worker for file hash cache (C:\Users\Admin\.gradle\caches\8.0\fileHashes)" [_thread_blocked, id=9964, stack(0x0000002d73900000,0x0000002d73a00000)]
  0x000001f2b092d1d0 JavaThread "File watcher server" daemon [_thread_in_native, id=5020, stack(0x0000002d73b00000,0x0000002d73c00000)]
  0x000001f2b092d6a0 JavaThread "File watcher consumer" daemon [_thread_blocked, id=11072, stack(0x0000002d73c00000,0x0000002d73d00000)]
  0x000001f2b092db70 JavaThread "Cache worker for checksums cache (C:\Users\Admin\AndroidStudioProjects\MoviesGearRent\.gradle\8.0\checksums)" [_thread_blocked, id=10876, stack(0x0000002d73800000,0x0000002d73900000)]
  0x000001f2b092e510 JavaThread "Cache worker for cache directory md-rule (C:\Users\Admin\.gradle\caches\8.0\md-rule)" [_thread_blocked, id=11184, stack(0x0000002d73a00000,0x0000002d73b00000)]
  0x000001f2b092b9c0 JavaThread "Cache worker for file content cache (C:\Users\Admin\.gradle\caches\8.0\fileContent)" [_thread_blocked, id=8780, stack(0x0000002d73d00000,0x0000002d73e00000)]
  0x000001f2b092e9e0 JavaThread "Cache worker for file hash cache (C:\Users\Admin\AndroidStudioProjects\MoviesGearRent\.gradle\8.0\fileHashes)" [_thread_blocked, id=2796, stack(0x0000002d73f00000,0x0000002d74000000)]
  0x000001f2b092be90 JavaThread "Cache worker for cache directory md-supplier (C:\Users\Admin\.gradle\caches\8.0\md-supplier)" [_thread_blocked, id=2568, stack(0x0000002d74000000,0x0000002d74100000)]
  0x000001f2b12538c0 JavaThread "Cache worker for execution history cache (C:\Users\Admin\.gradle\caches\8.0\executionHistory)" [_thread_blocked, id=3744, stack(0x0000002d74100000,0x0000002d74200000)]
  0x000001f2b1254730 JavaThread "jar transforms" [_thread_blocked, id=5444, stack(0x0000002d74200000,0x0000002d74300000)]
  0x000001f2b12520b0 JavaThread "jar transforms Thread 2" [_thread_blocked, id=10588, stack(0x0000002d74400000,0x0000002d74500000)]
  0x000001f2b1255f40 JavaThread "Cache worker for kotlin-dsl (C:\Users\Admin\.gradle\caches\8.0\kotlin-dsl)" [_thread_blocked, id=10300, stack(0x0000002d74500000,0x0000002d74600000)]
  0x000001f2b1252f20 JavaThread "jar transforms Thread 3" [_thread_blocked, id=9580, stack(0x0000002d74600000,0x0000002d74700000)]
  0x000001f2b1251be0 JavaThread "jar transforms Thread 4" [_thread_blocked, id=5788, stack(0x0000002d74300000,0x0000002d74400000)]
  0x000001f2b12533f0 JavaThread "Cache worker for dependencies-accessors (C:\Users\Admin\AndroidStudioProjects\MoviesGearRent\.gradle\8.0\dependencies-accessors)" [_thread_blocked, id=4924, stack(0x0000002d74700000,0x0000002d74800000)]
=>0x000001f2b4096900 JavaThread "C2 CompilerThread1" daemon [_thread_in_native, id=10372, stack(0x0000002d73e00000,0x0000002d73f00000)]
  0x000001f2b12568e0 JavaThread "Cache worker for Build Output Cleanup Cache (C:\Users\Admin\AndroidStudioProjects\MoviesGearRent\.gradle\buildOutputCleanup)" [_thread_blocked, id=2028, stack(0x0000002d74800000,0x0000002d74900000)]
  0x000001f2b12555a0 JavaThread "jar transforms Thread 5" [_thread_blocked, id=10076, stack(0x0000002d74900000,0x0000002d74a00000)]
  0x000001f2b1255a70 JavaThread "Unconstrained build operations" [_thread_blocked, id=7648, stack(0x0000002d74a00000,0x0000002d74b00000)]
  0x000001f2b1256410 JavaThread "Unconstrained build operations Thread 2" [_thread_blocked, id=10080, stack(0x0000002d74b00000,0x0000002d74c00000)]
  0x000001f2b1252a50 JavaThread "Unconstrained build operations Thread 3" [_thread_blocked, id=9448, stack(0x0000002d74c00000,0x0000002d74d00000)]
  0x000001f2b124f560 JavaThread "Unconstrained build operations Thread 4" [_thread_blocked, id=11076, stack(0x0000002d74d00000,0x0000002d74e00000)]
  0x000001f2b124f090 JavaThread "Unconstrained build operations Thread 5" [_thread_blocked, id=9560, stack(0x0000002d74e00000,0x0000002d74f00000)]
  0x000001f2b1254260 JavaThread "Unconstrained build operations Thread 6" [_thread_blocked, id=3500, stack(0x0000002d74f00000,0x0000002d75000000)]
  0x000001f2b124fa30 JavaThread "Unconstrained build operations Thread 7" [_thread_blocked, id=5704, stack(0x0000002d75000000,0x0000002d75100000)]
  0x000001f2b124ff00 JavaThread "Unconstrained build operations Thread 8" [_thread_blocked, id=2332, stack(0x0000002d75100000,0x0000002d75200000)]
  0x000001f2b12503d0 JavaThread "Unconstrained build operations Thread 9" [_thread_blocked, id=10156, stack(0x0000002d75200000,0x0000002d75300000)]
  0x000001f2b1251240 JavaThread "Unconstrained build operations Thread 10" [_thread_blocked, id=8968, stack(0x0000002d75300000,0x0000002d75400000)]
  0x000001f2b12508a0 JavaThread "Unconstrained build operations Thread 11" [_thread_blocked, id=7196, stack(0x0000002d75400000,0x0000002d75500000)]
  0x000001f2b1250d70 JavaThread "Unconstrained build operations Thread 12" [_thread_blocked, id=9540, stack(0x0000002d75500000,0x0000002d75600000)]
  0x000001f2b341f550 JavaThread "Unconstrained build operations Thread 13" [_thread_blocked, id=1508, stack(0x0000002d75600000,0x0000002d75700000)]
  0x000001f2b3421230 JavaThread "Unconstrained build operations Thread 14" [_thread_blocked, id=10248, stack(0x0000002d75700000,0x0000002d75800000)]
  0x000001f2b3422570 JavaThread "Unconstrained build operations Thread 15" [_thread_blocked, id=5432, stack(0x0000002d75800000,0x0000002d75900000)]
  0x000001f2b341d3a0 JavaThread "Unconstrained build operations Thread 16" [_thread_blocked, id=1648, stack(0x0000002d75900000,0x0000002d75a00000)]
  0x000001f2b341d870 JavaThread "Unconstrained build operations Thread 17" [_thread_blocked, id=5364, stack(0x0000002d75a00000,0x0000002d75b00000)]
  0x000001f2b341fef0 JavaThread "Unconstrained build operations Thread 18" [_thread_blocked, id=10492, stack(0x0000002d75b00000,0x0000002d75c00000)]
  0x000001f2b3422f10 JavaThread "Unconstrained build operations Thread 19" [_thread_blocked, id=10952, stack(0x0000002d75c00000,0x0000002d75d00000)]
  0x000001f2b341fa20 JavaThread "Unconstrained build operations Thread 20" [_thread_blocked, id=11172, stack(0x0000002d75d00000,0x0000002d75e00000)]
  0x000001f2b34203c0 JavaThread "Unconstrained build operations Thread 21" [_thread_blocked, id=11252, stack(0x0000002d75e00000,0x0000002d75f00000)]
  0x000001f2b3422a40 JavaThread "Unconstrained build operations Thread 22" [_thread_blocked, id=11004, stack(0x0000002d75f00000,0x0000002d76000000)]
  0x000001f2b34238b0 JavaThread "Unconstrained build operations Thread 23" [_thread_blocked, id=9280, stack(0x0000002d76000000,0x0000002d76100000)]
  0x000001f2b341dd40 JavaThread "Unconstrained build operations Thread 24" [_thread_blocked, id=3704, stack(0x0000002d76100000,0x0000002d76200000)]
  0x000001f2b34233e0 JavaThread "Unconstrained build operations Thread 25" [_thread_blocked, id=2368, stack(0x0000002d76200000,0x0000002d76300000)]
  0x000001f2b341ca00 JavaThread "Unconstrained build operations Thread 26" [_thread_blocked, id=164, stack(0x0000002d76300000,0x0000002d76400000)]
  0x000001f2b3421700 JavaThread "Unconstrained build operations Thread 27" [_thread_blocked, id=4372, stack(0x0000002d76400000,0x0000002d76500000)]
  0x000001f2b341e210 JavaThread "Unconstrained build operations Thread 28" [_thread_blocked, id=9244, stack(0x0000002d76500000,0x0000002d76600000)]
  0x000001f2b341e6e0 JavaThread "Unconstrained build operations Thread 29" [_thread_blocked, id=2588, stack(0x0000002d76600000,0x0000002d76700000)]
  0x000001f2b3423d80 JavaThread "Unconstrained build operations Thread 30" [_thread_blocked, id=9548, stack(0x0000002d76700000,0x0000002d76800000)]
  0x000001f2b341ebb0 JavaThread "Unconstrained build operations Thread 31" [_thread_blocked, id=10496, stack(0x0000002d76800000,0x0000002d76900000)]
  0x000001f2b341ced0 JavaThread "Unconstrained build operations Thread 32" [_thread_blocked, id=5036, stack(0x0000002d76900000,0x0000002d76a00000)]
  0x000001f2b3424250 JavaThread "Unconstrained build operations Thread 33" [_thread_blocked, id=10684, stack(0x0000002d76a00000,0x0000002d76b00000)]
  0x000001f2b341f080 JavaThread "Unconstrained build operations Thread 34" [_thread_blocked, id=10796, stack(0x0000002d76b00000,0x0000002d76c00000)]
  0x000001f2b34220a0 JavaThread "Unconstrained build operations Thread 35" [_thread_blocked, id=10456, stack(0x0000002d76c00000,0x0000002d76d00000)]
  0x000001f2b3420890 JavaThread "Unconstrained build operations Thread 36" [_thread_blocked, id=10120, stack(0x0000002d76d00000,0x0000002d76e00000)]
  0x000001f2b3420d60 JavaThread "Unconstrained build operations Thread 37" [_thread_blocked, id=11128, stack(0x0000002d76e00000,0x0000002d76f00000)]
  0x000001f2b3421bd0 JavaThread "Unconstrained build operations Thread 38" [_thread_blocked, id=9488, stack(0x0000002d76f00000,0x0000002d77000000)]
  0x000001f2b416a770 JavaThread "Unconstrained build operations Thread 39" [_thread_blocked, id=10664, stack(0x0000002d77000000,0x0000002d77100000)]
  0x000001f2b416ac40 JavaThread "Unconstrained build operations Thread 40" [_thread_blocked, id=8540, stack(0x0000002d77100000,0x0000002d77200000)]
  0x000001f2b41702e0 JavaThread "Unconstrained build operations Thread 41" [_thread_blocked, id=10552, stack(0x0000002d77200000,0x0000002d77300000)]
  0x000001f2b416b5e0 JavaThread "Unconstrained build operations Thread 42" [_thread_blocked, id=5908, stack(0x0000002d77300000,0x0000002d77400000)]
  0x000001f2b416bab0 JavaThread "Unconstrained build operations Thread 43" [_thread_blocked, id=10608, stack(0x0000002d77400000,0x0000002d77500000)]
  0x000001f2b416fe10 JavaThread "Unconstrained build operations Thread 44" [_thread_blocked, id=7344, stack(0x0000002d77500000,0x0000002d77600000)]
  0x000001f2b416dc60 JavaThread "Unconstrained build operations Thread 45" [_thread_blocked, id=7076, stack(0x0000002d77600000,0x0000002d77700000)]
  0x000001f2b416bf80 JavaThread "Unconstrained build operations Thread 46" [_thread_blocked, id=3160, stack(0x0000002d77700000,0x0000002d77800000)]
  0x000001f2b4168a90 JavaThread "Unconstrained build operations Thread 47" [_thread_blocked, id=11120, stack(0x0000002d77800000,0x0000002d77900000)]
  0x000001f2b416efa0 JavaThread "Unconstrained build operations Thread 48" [_thread_blocked, id=5520, stack(0x0000002d77900000,0x0000002d77a00000)]
  0x000001f2b4169900 JavaThread "Unconstrained build operations Thread 49" [_thread_blocked, id=10788, stack(0x0000002d77a00000,0x0000002d77b00000)]
  0x000001f2b416f940 JavaThread "Unconstrained build operations Thread 50" [_thread_blocked, id=10720, stack(0x0000002d77b00000,0x0000002d77c00000)]
  0x000001f2b416e600 JavaThread "Unconstrained build operations Thread 51" [_thread_blocked, id=10752, stack(0x0000002d77c00000,0x0000002d77d00000)]
  0x000001f2b416c450 JavaThread "Unconstrained build operations Thread 52" [_thread_blocked, id=2160, stack(0x0000002d77d00000,0x0000002d77e00000)]
  0x000001f2b416c920 JavaThread "Unconstrained build operations Thread 53" [_thread_blocked, id=1764, stack(0x0000002d77e00000,0x0000002d77f00000)]
  0x000001f2b4169dd0 JavaThread "Unconstrained build operations Thread 54" [_thread_blocked, id=10736, stack(0x0000002d77f00000,0x0000002d78000000)]
  0x000001f2b4168f60 JavaThread "Unconstrained build operations Thread 55" [_thread_blocked, id=11020, stack(0x0000002d78000000,0x0000002d78100000)]
  0x000001f2b416e130 JavaThread "Unconstrained build operations Thread 56" [_thread_blocked, id=8200, stack(0x0000002d78100000,0x0000002d78200000)]
  0x000001f2b4169430 JavaThread "Unconstrained build operations Thread 57" [_thread_blocked, id=1828, stack(0x0000002d78200000,0x0000002d78300000)]
  0x000001f2b416a2a0 JavaThread "Unconstrained build operations Thread 58" [_thread_blocked, id=9836, stack(0x0000002d78300000,0x0000002d78400000)]
  0x000001f2b416cdf0 JavaThread "Unconstrained build operations Thread 59" [_thread_blocked, id=10780, stack(0x0000002d78400000,0x0000002d78500000)]
  0x000001f2b416b110 JavaThread "Unconstrained build operations Thread 60" [_thread_blocked, id=9644, stack(0x0000002d78500000,0x0000002d78600000)]
  0x000001f2b416d2c0 JavaThread "Unconstrained build operations Thread 61" [_thread_blocked, id=10532, stack(0x0000002d78600000,0x0000002d78700000)]
  0x000001f2b416d790 JavaThread "Unconstrained build operations Thread 62" [_thread_blocked, id=10992, stack(0x0000002d78700000,0x0000002d78800000)]
  0x000001f2b416ead0 JavaThread "Unconstrained build operations Thread 63" [_thread_blocked, id=5428, stack(0x0000002d78900000,0x0000002d78a00000)]
  0x000001f2b416f470 JavaThread "Unconstrained build operations Thread 64" [_thread_blocked, id=10636, stack(0x0000002d78a00000,0x0000002d78b00000)]
  0x000001f2b3caed60 JavaThread "Unconstrained build operations Thread 65" [_thread_blocked, id=3788, stack(0x0000002d78b00000,0x0000002d78c00000)]
  0x000001f2b3cb2bf0 JavaThread "Unconstrained build operations Thread 66" [_thread_blocked, id=9308, stack(0x0000002d78c00000,0x0000002d78d00000)]
  0x000001f2b3cb4400 JavaThread "Unconstrained build operations Thread 67" [_thread_blocked, id=6960, stack(0x0000002d78d00000,0x0000002d78e00000)]
  0x000001f2b3cae3c0 JavaThread "Unconstrained build operations Thread 68" [_thread_blocked, id=2064, stack(0x0000002d78e00000,0x0000002d78f00000)]
  0x000001f2b3cafbd0 JavaThread "Unconstrained build operations Thread 69" [_thread_blocked, id=11040, stack(0x0000002d78f00000,0x0000002d79000000)]
  0x000001f2b3cb00a0 JavaThread "Unconstrained build operations Thread 70" [_thread_blocked, id=9320, stack(0x0000002d79000000,0x0000002d79100000)]
  0x000001f2b3cb13e0 JavaThread "Unconstrained build operations Thread 71" [_thread_blocked, id=9428, stack(0x0000002d79100000,0x0000002d79200000)]
  0x000001f2b3cb2720 JavaThread "Unconstrained build operations Thread 72" [_thread_blocked, id=10984, stack(0x0000002d79200000,0x0000002d79300000)]
  0x000001f2b3caf230 JavaThread "Unconstrained build operations Thread 73" [_thread_blocked, id=10924, stack(0x0000002d79300000,0x0000002d79400000)]
  0x000001f2b3cb3590 JavaThread "Unconstrained build operations Thread 74" [_thread_blocked, id=7172, stack(0x0000002d79400000,0x0000002d79500000)]
  0x000001f2b3cb0570 JavaThread "Unconstrained build operations Thread 75" [_thread_blocked, id=11188, stack(0x0000002d79500000,0x0000002d79600000)]
  0x000001f2b3cb4da0 JavaThread "Unconstrained build operations Thread 76" [_thread_blocked, id=10716, stack(0x0000002d79600000,0x0000002d79700000)]
  0x000001f2b3cb18b0 JavaThread "Unconstrained build operations Thread 77" [_thread_blocked, id=10504, stack(0x0000002d79700000,0x0000002d79800000)]
  0x000001f2b3cb1d80 JavaThread "Unconstrained build operations Thread 78" [_thread_blocked, id=10896, stack(0x0000002d79800000,0x0000002d79900000)]
  0x000001f2b3cae890 JavaThread "Unconstrained build operations Thread 79" [_thread_blocked, id=3260, stack(0x0000002d79900000,0x0000002d79a00000)]
  0x000001f2b3cadef0 JavaThread "Unconstrained build operations Thread 80" [_thread_blocked, id=11056, stack(0x0000002d79a00000,0x0000002d79b00000)]
  0x000001f2b3cb48d0 JavaThread "jar transforms Thread 6" [_thread_blocked, id=8080, stack(0x0000002d79b00000,0x0000002d79c00000)]
  0x000001f2b3cb2250 JavaThread "jar transforms Thread 7" [_thread_blocked, id=68, stack(0x0000002d79c00000,0x0000002d79d00000)]
  0x000001f2b3cb0a40 JavaThread "jar transforms Thread 8" [_thread_blocked, id=10864, stack(0x0000002d79d00000,0x0000002d79e00000)]
  0x000001f2b3cb30c0 JavaThread "build event listener" [_thread_blocked, id=8340, stack(0x0000002d79e00000,0x0000002d79f00000)]
  0x000001f2b3cb3a60 JavaThread "Memory manager" [_thread_blocked, id=10792, stack(0x0000002d79f00000,0x0000002d7a000000)]

Other Threads:
  0x000001f2b041e940 VMThread "VM Thread" [stack: 0x0000002d71700000,0x0000002d71800000] [id=10388]
  0x000001f2b05eb9f0 WatcherThread [stack: 0x0000002d72300000,0x0000002d72400000] [id=2808]
  0x000001f295ab3490 GCTaskThread "GC Thread#0" [stack: 0x0000002d71200000,0x0000002d71300000] [id=11200]
  0x000001f2b18247c0 GCTaskThread "GC Thread#1" [stack: 0x0000002d72500000,0x0000002d72600000] [id=9500]
  0x000001f2b1824a70 GCTaskThread "GC Thread#2" [stack: 0x0000002d72600000,0x0000002d72700000] [id=9888]
  0x000001f2b10ad590 GCTaskThread "GC Thread#3" [stack: 0x0000002d72700000,0x0000002d72800000] [id=9396]
  0x000001f2b1e4cc30 GCTaskThread "GC Thread#4" [stack: 0x0000002d72800000,0x0000002d72900000] [id=10548]
  0x000001f2b1d8a5a0 GCTaskThread "GC Thread#5" [stack: 0x0000002d72400000,0x0000002d72500000] [id=10728]
  0x000001f2b2a99900 GCTaskThread "GC Thread#6" [stack: 0x0000002d73300000,0x0000002d73400000] [id=10844]
  0x000001f2b16c35b0 GCTaskThread "GC Thread#7" [stack: 0x0000002d73400000,0x0000002d73500000] [id=11016]
  0x000001f295ac43d0 ConcurrentGCThread "G1 Main Marker" [stack: 0x0000002d71300000,0x0000002d71400000] [id=11112]
  0x000001f295ac50a0 ConcurrentGCThread "G1 Conc#0" [stack: 0x0000002d71400000,0x0000002d71500000] [id=9348]
  0x000001f2b1cfe4c0 ConcurrentGCThread "G1 Conc#1" [stack: 0x0000002d73500000,0x0000002d73600000] [id=6808]
  0x000001f295b1de40 ConcurrentGCThread "G1 Refine#0" [stack: 0x0000002d71500000,0x0000002d71600000] [id=7656]
  0x000001f295b1e860 ConcurrentGCThread "G1 Service" [stack: 0x0000002d71600000,0x0000002d71700000] [id=10364]

Threads with active compile tasks:
C2 CompilerThread0    27324 7068   !   4       java.security.AccessController::doPrivileged (26 bytes)
C2 CompilerThread1    27324 7070   !   4       java.net.URLClassLoader::findClass (47 bytes)

VM state: not at safepoint (normal execution)

VM Mutex/Monitor currently owned by a thread: None

Heap address: 0x0000000080000000, size: 2048 MB, Compressed Oops mode: 32-bit

CDS archive(s) not mapped
Compressed class space mapped at: 0x0000000100000000-0x0000000140000000, reserved size: 1073741824
Narrow klass base: 0x0000000000000000, Narrow klass shift: 3, Narrow klass range: 0x140000000

GC Precious Log:
 CPUs: 8 total, 8 available
 Memory: 12174M
 Large Page Support: Disabled
 NUMA Support: Disabled
 Compressed Oops: Enabled (32-bit)
 Heap Region Size: 1M
 Heap Min Capacity: 8M
 Heap Initial Capacity: 192M
 Heap Max Capacity: 2G
 Pre-touch: Disabled
 Parallel Workers: 8
 Concurrent Workers: 2
 Concurrent Refinement Workers: 8
 Periodic GC: Disabled

Heap:
 garbage-first heap   total 116736K, used 69116K [0x0000000080000000, 0x0000000100000000)
  region size 1024K, 12 young (12288K), 4 survivors (4096K)
 Metaspace       used 71900K, committed 72512K, reserved 1114112K
  class space    used 9553K, committed 9856K, reserved 1048576K

Heap Regions: E=young(eden), S=young(survivor), O=old, HS=humongous(starts), HC=humongous(continues), CS=collection set, F=free, OA=open archive, CA=closed archive, TAMS=top-at-mark-start (previous, next)
|   0|0x0000000080000000, 0x0000000080100000, 0x0000000080100000|100%|HS|  |TAMS 0x0000000080100000, 0x0000000080000000| Complete 
|   1|0x0000000080100000, 0x0000000080200000, 0x0000000080200000|100%|HC|  |TAMS 0x0000000080200000, 0x0000000080100000| Complete 
|   2|0x0000000080200000, 0x0000000080300000, 0x0000000080300000|100%|HC|  |TAMS 0x0000000080300000, 0x0000000080200000| Complete 
|   3|0x0000000080300000, 0x0000000080400000, 0x0000000080400000|100%|HC|  |TAMS 0x0000000080400000, 0x0000000080300000| Complete 
|   4|0x0000000080400000, 0x0000000080500000, 0x0000000080500000|100%| O|  |TAMS 0x0000000080500000, 0x0000000080400000| Untracked 
|   5|0x0000000080500000, 0x0000000080600000, 0x0000000080600000|100%| O|  |TAMS 0x0000000080600000, 0x0000000080500000| Untracked 
|   6|0x0000000080600000, 0x0000000080700000, 0x0000000080700000|100%| O|  |TAMS 0x0000000080700000, 0x0000000080600000| Untracked 
|   7|0x0000000080700000, 0x0000000080800000, 0x0000000080800000|100%| O|  |TAMS 0x0000000080800000, 0x0000000080700000| Untracked 
|   8|0x0000000080800000, 0x0000000080900000, 0x0000000080900000|100%| O|  |TAMS 0x0000000080900000, 0x0000000080800000| Untracked 
|   9|0x0000000080900000, 0x0000000080a00000, 0x0000000080a00000|100%| O|  |TAMS 0x0000000080a00000, 0x0000000080900000| Untracked 
|  10|0x0000000080a00000, 0x0000000080b00000, 0x0000000080b00000|100%| O|  |TAMS 0x0000000080b00000, 0x0000000080a00000| Untracked 
|  11|0x0000000080b00000, 0x0000000080c00000, 0x0000000080c00000|100%| O|  |TAMS 0x0000000080c00000, 0x0000000080b00000| Untracked 
|  12|0x0000000080c00000, 0x0000000080d00000, 0x0000000080d00000|100%| O|  |TAMS 0x0000000080d00000, 0x0000000080c00000| Untracked 
|  13|0x0000000080d00000, 0x0000000080e00000, 0x0000000080e00000|100%| O|  |TAMS 0x0000000080e00000, 0x0000000080d00000| Untracked 
|  14|0x0000000080e00000, 0x0000000080f00000, 0x0000000080f00000|100%| O|  |TAMS 0x0000000080f00000, 0x0000000080e00000| Untracked 
|  15|0x0000000080f00000, 0x0000000081000000, 0x0000000081000000|100%| O|  |TAMS 0x0000000081000000, 0x0000000080f00000| Untracked 
|  16|0x0000000081000000, 0x0000000081100000, 0x0000000081100000|100%| O|  |TAMS 0x0000000081100000, 0x0000000081000000| Untracked 
|  17|0x0000000081100000, 0x0000000081200000, 0x0000000081200000|100%| O|  |TAMS 0x0000000081200000, 0x0000000081100000| Untracked 
|  18|0x0000000081200000, 0x0000000081300000, 0x0000000081300000|100%| O|  |TAMS 0x0000000081300000, 0x0000000081200000| Untracked 
|  19|0x0000000081300000, 0x0000000081400000, 0x0000000081400000|100%| O|  |TAMS 0x0000000081400000, 0x0000000081300000| Untracked 
|  20|0x0000000081400000, 0x0000000081500000, 0x0000000081500000|100%| O|  |TAMS 0x0000000081500000, 0x0000000081400000| Untracked 
|  21|0x0000000081500000, 0x0000000081600000, 0x0000000081600000|100%| O|  |TAMS 0x0000000081600000, 0x0000000081500000| Untracked 
|  22|0x0000000081600000, 0x0000000081700000, 0x0000000081700000|100%| O|  |TAMS 0x0000000081700000, 0x0000000081600000| Untracked 
|  23|0x0000000081700000, 0x0000000081800000, 0x0000000081800000|100%| O|  |TAMS 0x0000000081800000, 0x0000000081700000| Untracked 
|  24|0x0000000081800000, 0x0000000081900000, 0x0000000081900000|100%| O|  |TAMS 0x0000000081900000, 0x0000000081800000| Untracked 
|  25|0x0000000081900000, 0x0000000081a00000, 0x0000000081a00000|100%| O|  |TAMS 0x0000000081a00000, 0x0000000081900000| Untracked 
|  26|0x0000000081a00000, 0x0000000081b00000, 0x0000000081b00000|100%| O|  |TAMS 0x0000000081b00000, 0x0000000081a00000| Untracked 
|  27|0x0000000081b00000, 0x0000000081c00000, 0x0000000081c00000|100%| O|  |TAMS 0x0000000081c00000, 0x0000000081b00000| Untracked 
|  28|0x0000000081c00000, 0x0000000081d00000, 0x0000000081d00000|100%| O|  |TAMS 0x0000000081d00000, 0x0000000081c00000| Untracked 
|  29|0x0000000081d00000, 0x0000000081e00000, 0x0000000081e00000|100%| O|  |TAMS 0x0000000081e00000, 0x0000000081d00000| Untracked 
|  30|0x0000000081e00000, 0x0000000081f00000, 0x0000000081f00000|100%|HS|  |TAMS 0x0000000081f00000, 0x0000000081e00000| Complete 
|  31|0x0000000081f00000, 0x0000000082000000, 0x0000000082000000|100%|HS|  |TAMS 0x0000000082000000, 0x0000000081f00000| Complete 
|  32|0x0000000082000000, 0x0000000082100000, 0x0000000082100000|100%|HS|  |TAMS 0x0000000082100000, 0x0000000082000000| Complete 
|  33|0x0000000082100000, 0x0000000082200000, 0x0000000082200000|100%|HC|  |TAMS 0x0000000082200000, 0x0000000082100000| Complete 
|  34|0x0000000082200000, 0x0000000082300000, 0x0000000082300000|100%|HS|  |TAMS 0x0000000082300000, 0x0000000082200000| Complete 
|  35|0x0000000082300000, 0x0000000082400000, 0x0000000082400000|100%|HS|  |TAMS 0x0000000082400000, 0x0000000082300000| Complete 
|  36|0x0000000082400000, 0x0000000082500000, 0x0000000082500000|100%|HC|  |TAMS 0x0000000082500000, 0x0000000082400000| Complete 
|  37|0x0000000082500000, 0x0000000082600000, 0x0000000082600000|100%|HC|  |TAMS 0x0000000082600000, 0x0000000082500000| Complete 
|  38|0x0000000082600000, 0x0000000082700000, 0x0000000082700000|100%|HC|  |TAMS 0x0000000082700000, 0x0000000082600000| Complete 
|  39|0x0000000082700000, 0x0000000082800000, 0x0000000082800000|100%| O|  |TAMS 0x0000000082800000, 0x0000000082700000| Untracked 
|  40|0x0000000082800000, 0x0000000082900000, 0x0000000082900000|100%| O|  |TAMS 0x0000000082900000, 0x0000000082800000| Untracked 
|  41|0x0000000082900000, 0x0000000082a00000, 0x0000000082a00000|100%| O|  |TAMS 0x0000000082a00000, 0x0000000082900000| Untracked 
|  42|0x0000000082a00000, 0x0000000082b00000, 0x0000000082b00000|100%| O|  |TAMS 0x0000000082b00000, 0x0000000082a00000| Untracked 
|  43|0x0000000082b00000, 0x0000000082c00000, 0x0000000082c00000|100%| O|  |TAMS 0x0000000082c00000, 0x0000000082b00000| Untracked 
|  44|0x0000000082c00000, 0x0000000082d00000, 0x0000000082d00000|100%| O|  |TAMS 0x0000000082d00000, 0x0000000082c00000| Untracked 
|  45|0x0000000082d00000, 0x0000000082e00000, 0x0000000082e00000|100%| O|  |TAMS 0x0000000082e00000, 0x0000000082d00000| Untracked 
|  46|0x0000000082e00000, 0x0000000082f00000, 0x0000000082f00000|100%| O|  |TAMS 0x0000000082f00000, 0x0000000082e00000| Untracked 
|  47|0x0000000082f00000, 0x0000000083000000, 0x0000000083000000|100%| O|  |TAMS 0x0000000083000000, 0x0000000082f00000| Untracked 
|  48|0x0000000083000000, 0x0000000083100000, 0x0000000083100000|100%| O|  |TAMS 0x0000000083100000, 0x0000000083000000| Untracked 
|  49|0x0000000083100000, 0x0000000083200000, 0x0000000083200000|100%| O|  |TAMS 0x0000000083200000, 0x0000000083100000| Untracked 
|  50|0x0000000083200000, 0x0000000083300000, 0x0000000083300000|100%| O|  |TAMS 0x0000000083300000, 0x0000000083200000| Untracked 
|  51|0x0000000083300000, 0x00000000833de400, 0x0000000083400000| 86%| O|  |TAMS 0x0000000083300000, 0x0000000083300000| Untracked 
|  52|0x0000000083400000, 0x0000000083400000, 0x0000000083500000|  0%| F|  |TAMS 0x0000000083400000, 0x0000000083400000| Untracked 
|  53|0x0000000083500000, 0x0000000083500000, 0x0000000083600000|  0%| F|  |TAMS 0x0000000083500000, 0x0000000083500000| Untracked 
|  54|0x0000000083600000, 0x0000000083600000, 0x0000000083700000|  0%| F|  |TAMS 0x0000000083600000, 0x0000000083600000| Untracked 
|  55|0x0000000083700000, 0x0000000083800000, 0x0000000083800000|100%| O|  |TAMS 0x0000000083800000, 0x0000000083700000| Untracked 
|  56|0x0000000083800000, 0x0000000083900000, 0x0000000083900000|100%| O|  |TAMS 0x0000000083900000, 0x0000000083800000| Untracked 
|  57|0x0000000083900000, 0x0000000083900000, 0x0000000083a00000|  0%| F|  |TAMS 0x0000000083900000, 0x0000000083900000| Untracked 
|  58|0x0000000083a00000, 0x0000000083b00000, 0x0000000083b00000|100%| O|  |TAMS 0x0000000083b00000, 0x0000000083a00000| Untracked 
|  59|0x0000000083b00000, 0x0000000083c00000, 0x0000000083c00000|100%| O|  |TAMS 0x0000000083b14800, 0x0000000083b00000| Untracked 
|  60|0x0000000083c00000, 0x0000000083c00000, 0x0000000083d00000|  0%| F|  |TAMS 0x0000000083c00000, 0x0000000083c00000| Untracked 
|  61|0x0000000083d00000, 0x0000000083d00000, 0x0000000083e00000|  0%| F|  |TAMS 0x0000000083d00000, 0x0000000083d00000| Untracked 
|  62|0x0000000083e00000, 0x0000000083e00000, 0x0000000083f00000|  0%| F|  |TAMS 0x0000000083e00000, 0x0000000083e00000| Untracked 
|  63|0x0000000083f00000, 0x0000000083f00000, 0x0000000084000000|  0%| F|  |TAMS 0x0000000083f00000, 0x0000000083f00000| Untracked 
|  64|0x0000000084000000, 0x0000000084000000, 0x0000000084100000|  0%| F|  |TAMS 0x0000000084000000, 0x0000000084000000| Untracked 
|  65|0x0000000084100000, 0x0000000084100000, 0x0000000084200000|  0%| F|  |TAMS 0x0000000084100000, 0x0000000084100000| Untracked 
|  66|0x0000000084200000, 0x0000000084200000, 0x0000000084300000|  0%| F|  |TAMS 0x0000000084200000, 0x0000000084200000| Untracked 
|  67|0x0000000084300000, 0x0000000084300000, 0x0000000084400000|  0%| F|  |TAMS 0x0000000084300000, 0x0000000084300000| Untracked 
|  68|0x0000000084400000, 0x0000000084400000, 0x0000000084500000|  0%| F|  |TAMS 0x0000000084400000, 0x0000000084400000| Untracked 
|  69|0x0000000084500000, 0x0000000084500000, 0x0000000084600000|  0%| F|  |TAMS 0x0000000084500000, 0x0000000084500000| Untracked 
|  70|0x0000000084600000, 0x0000000084600000, 0x0000000084700000|  0%| F|  |TAMS 0x0000000084600000, 0x0000000084600000| Untracked 
|  71|0x0000000084700000, 0x0000000084700000, 0x0000000084800000|  0%| F|  |TAMS 0x0000000084700000, 0x0000000084700000| Untracked 
|  72|0x0000000084800000, 0x0000000084800000, 0x0000000084900000|  0%| F|  |TAMS 0x0000000084800000, 0x0000000084800000| Untracked 
|  73|0x0000000084900000, 0x0000000084900000, 0x0000000084a00000|  0%| F|  |TAMS 0x0000000084900000, 0x0000000084900000| Untracked 
|  74|0x0000000084a00000, 0x0000000084a00000, 0x0000000084b00000|  0%| F|  |TAMS 0x0000000084a00000, 0x0000000084a00000| Untracked 
|  75|0x0000000084b00000, 0x0000000084b00000, 0x0000000084c00000|  0%| F|  |TAMS 0x0000000084b00000, 0x0000000084b00000| Untracked 
|  76|0x0000000084c00000, 0x0000000084c00000, 0x0000000084d00000|  0%| F|  |TAMS 0x0000000084c00000, 0x0000000084c00000| Untracked 
|  77|0x0000000084d00000, 0x0000000084d00000, 0x0000000084e00000|  0%| F|  |TAMS 0x0000000084d00000, 0x0000000084d00000| Untracked 
|  78|0x0000000084e00000, 0x0000000084e00000, 0x0000000084f00000|  0%| F|  |TAMS 0x0000000084e00000, 0x0000000084e00000| Untracked 
|  79|0x0000000084f00000, 0x0000000084f00000, 0x0000000085000000|  0%| F|  |TAMS 0x0000000084f00000, 0x0000000084f00000| Untracked 
|  80|0x0000000085000000, 0x00000000850a0e40, 0x0000000085100000| 62%| S|CS|TAMS 0x0000000085000000, 0x0000000085000000| Complete 
|  81|0x0000000085100000, 0x0000000085200000, 0x0000000085200000|100%| S|CS|TAMS 0x0000000085100000, 0x0000000085100000| Complete 
|  82|0x0000000085200000, 0x0000000085300000, 0x0000000085300000|100%| S|CS|TAMS 0x0000000085200000, 0x0000000085200000| Complete 
|  83|0x0000000085300000, 0x0000000085300000, 0x0000000085400000|  0%| F|  |TAMS 0x0000000085300000, 0x0000000085300000| Untracked 
|  84|0x0000000085400000, 0x0000000085400000, 0x0000000085500000|  0%| F|  |TAMS 0x0000000085400000, 0x0000000085400000| Untracked 
|  85|0x0000000085500000, 0x0000000085600000, 0x0000000085600000|100%| S|CS|TAMS 0x0000000085500000, 0x0000000085500000| Complete 
|  86|0x0000000085600000, 0x0000000085600000, 0x0000000085700000|  0%| F|  |TAMS 0x0000000085600000, 0x0000000085600000| Untracked 
|  87|0x0000000085700000, 0x0000000085700000, 0x0000000085800000|  0%| F|  |TAMS 0x0000000085700000, 0x0000000085700000| Untracked 
|  88|0x0000000085800000, 0x0000000085800000, 0x0000000085900000|  0%| F|  |TAMS 0x0000000085800000, 0x0000000085800000| Untracked 
|  89|0x0000000085900000, 0x0000000085900000, 0x0000000085a00000|  0%| F|  |TAMS 0x0000000085900000, 0x0000000085900000| Untracked 
|  90|0x0000000085a00000, 0x0000000085a00000, 0x0000000085b00000|  0%| F|  |TAMS 0x0000000085a00000, 0x0000000085a00000| Untracked 
|  91|0x0000000085b00000, 0x0000000085b00000, 0x0000000085c00000|  0%| F|  |TAMS 0x0000000085b00000, 0x0000000085b00000| Untracked 
|  92|0x0000000085c00000, 0x0000000085c00000, 0x0000000085d00000|  0%| F|  |TAMS 0x0000000085c00000, 0x0000000085c00000| Untracked 
|  93|0x0000000085d00000, 0x0000000085d00000, 0x0000000085e00000|  0%| F|  |TAMS 0x0000000085d00000, 0x0000000085d00000| Untracked 
|  94|0x0000000085e00000, 0x0000000085e00000, 0x0000000085f00000|  0%| F|  |TAMS 0x0000000085e00000, 0x0000000085e00000| Untracked 
|  95|0x0000000085f00000, 0x0000000085f00000, 0x0000000086000000|  0%| F|  |TAMS 0x0000000085f00000, 0x0000000085f00000| Untracked 
|  96|0x0000000086000000, 0x0000000086000000, 0x0000000086100000|  0%| F|  |TAMS 0x0000000086000000, 0x0000000086000000| Untracked 
|  97|0x0000000086100000, 0x0000000086100000, 0x0000000086200000|  0%| F|  |TAMS 0x0000000086100000, 0x0000000086100000| Untracked 
|  98|0x0000000086200000, 0x0000000086200000, 0x0000000086300000|  0%| F|  |TAMS 0x0000000086200000, 0x0000000086200000| Untracked 
|  99|0x0000000086300000, 0x0000000086300000, 0x0000000086400000|  0%| F|  |TAMS 0x0000000086300000, 0x0000000086300000| Untracked 
| 100|0x0000000086400000, 0x0000000086400000, 0x0000000086500000|  0%| F|  |TAMS 0x0000000086400000, 0x0000000086400000| Untracked 
| 101|0x0000000086500000, 0x0000000086500000, 0x0000000086600000|  0%| F|  |TAMS 0x0000000086500000, 0x0000000086500000| Untracked 
| 102|0x0000000086600000, 0x0000000086600000, 0x0000000086700000|  0%| F|  |TAMS 0x0000000086600000, 0x0000000086600000| Untracked 
| 103|0x0000000086700000, 0x0000000086700000, 0x0000000086800000|  0%| F|  |TAMS 0x0000000086700000, 0x0000000086700000| Untracked 
| 142|0x0000000088e00000, 0x0000000088e00000, 0x0000000088f00000|  0%| F|  |TAMS 0x0000000088e00000, 0x0000000088e00000| Untracked 
| 143|0x0000000088f00000, 0x0000000089000000, 0x0000000089000000|100%| E|  |TAMS 0x0000000088f00000, 0x0000000088f00000| Complete 
| 144|0x0000000089000000, 0x0000000089100000, 0x0000000089100000|100%| E|CS|TAMS 0x0000000089000000, 0x0000000089000000| Complete 
| 145|0x0000000089100000, 0x0000000089200000, 0x0000000089200000|100%| E|CS|TAMS 0x0000000089100000, 0x0000000089100000| Complete 
| 146|0x0000000089200000, 0x0000000089300000, 0x0000000089300000|100%| E|CS|TAMS 0x0000000089200000, 0x0000000089200000| Complete 
| 147|0x0000000089300000, 0x0000000089400000, 0x0000000089400000|100%| E|CS|TAMS 0x0000000089300000, 0x0000000089300000| Complete 
| 148|0x0000000089400000, 0x0000000089500000, 0x0000000089500000|100%| E|CS|TAMS 0x0000000089400000, 0x0000000089400000| Complete 
| 149|0x0000000089500000, 0x0000000089600000, 0x0000000089600000|100%| E|CS|TAMS 0x0000000089500000, 0x0000000089500000| Complete 
| 191|0x000000008bf00000, 0x000000008c000000, 0x000000008c000000|100%| E|CS|TAMS 0x000000008bf00000, 0x000000008bf00000| Complete 
|2047|0x00000000fff00000, 0x0000000100000000, 0x0000000100000000|100%| O|  |TAMS 0x0000000100000000, 0x00000000fff00000| Untracked 

Card table byte_map: [0x000001f2a8650000,0x000001f2a8a50000] _byte_map_base: 0x000001f2a8250000

Marking Bits (Prev, Next): (CMBitMap*) 0x000001f295ab3aa0, (CMBitMap*) 0x000001f295ab3ae0
 Prev Bits: [0x000001f2a8e50000, 0x000001f2aae50000)
 Next Bits: [0x000001f2aae50000, 0x000001f2ace50000)

Polling page: 0x000001f293990000

Metaspace:

Usage:
  Non-class:     60.89 MB used.
      Class:      9.33 MB used.
       Both:     70.22 MB used.

Virtual space:
  Non-class space:       64.00 MB reserved,      61.19 MB ( 96%) committed,  8 nodes.
      Class space:        1.00 GB reserved,       9.62 MB ( <1%) committed,  1 nodes.
             Both:        1.06 GB reserved,      70.81 MB (  7%) committed. 

Chunk freelists:
   Non-Class:  2.50 MB
       Class:  2.42 MB
        Both:  4.92 MB

MaxMetaspaceSize: unlimited
CompressedClassSpaceSize: 1.00 GB
Initial GC threshold: 21.00 MB
Current GC threshold: 112.94 MB
CDS: off
MetaspaceReclaimPolicy: balanced
 - commit_granule_bytes: 65536.
 - commit_granule_words: 8192.
 - virtual_space_node_default_size: 1048576.
 - enlarge_chunks_in_place: 1.
 - new_chunks_are_fully_committed: 0.
 - uncommit_free_chunks: 1.
 - use_allocation_guard: 0.
 - handle_deallocations: 1.


Internal statistics:

num_allocs_failed_limit: 9.
num_arena_births: 746.
num_arena_deaths: 0.
num_vsnodes_births: 9.
num_vsnodes_deaths: 0.
num_space_committed: 1133.
num_space_uncommitted: 0.
num_chunks_returned_to_freelist: 9.
num_chunks_taken_from_freelist: 3153.
num_chunk_merges: 9.
num_chunk_splits: 2125.
num_chunks_enlarged: 1472.
num_purges: 0.
num_inconsistent_stats: 0.

CodeHeap 'non-profiled nmethods': size=120000Kb used=3840Kb max_used=3840Kb free=116159Kb
 bounds [0x000001f2a09f0000, 0x000001f2a0dc0000, 0x000001f2a7f20000]
CodeHeap 'profiled nmethods': size=120000Kb used=12200Kb max_used=12200Kb free=107799Kb
 bounds [0x000001f298f20000, 0x000001f299b10000, 0x000001f2a0450000]
CodeHeap 'non-nmethods': size=5760Kb used=2359Kb max_used=2485Kb free=3400Kb
 bounds [0x000001f2a0450000, 0x000001f2a06e0000, 0x000001f2a09f0000]
 total_blobs=7291 nmethods=6404 adapters=799
 compilation: enabled
              stopped_count=0, restarted_count=0
 full_count=0

Compilation events (20 events):
Event: 27.005 Thread 0x000001f2b0457770 7242       3       kotlin.reflect.jvm.internal.ReflectProperties$Val::<init> (5 bytes)
Event: 27.005 Thread 0x000001f2b0457770 nmethod 7242 0x000001f299b07290 code [0x000001f299b07420, 0x000001f299b07578]
Event: 27.093 Thread 0x000001f2b0457770 7243       3       kotlin.reflect.jvm.internal.impl.name.Name::asString (13 bytes)
Event: 27.093 Thread 0x000001f2b0457770 nmethod 7243 0x000001f299b07610 code [0x000001f299b077c0, 0x000001f299b07948]
Event: 27.097 Thread 0x000001f2b0457770 7244       3       kotlin.reflect.jvm.internal.impl.name.FqNameUnsafe::isRoot (8 bytes)
Event: 27.097 Thread 0x000001f2b0457770 nmethod 7244 0x000001f299b07a10 code [0x000001f299b07bc0, 0x000001f299b07d98]
Event: 27.097 Thread 0x000001f2b0457770 7245       3       kotlin.reflect.jvm.internal.impl.name.FqNameUnsafe::hashCode (8 bytes)
Event: 27.097 Thread 0x000001f2b0457770 nmethod 7245 0x000001f299b07e90 code [0x000001f299b08040, 0x000001f299b08188]
Event: 27.098 Thread 0x000001f2b0457770 7246       3       kotlin.reflect.jvm.internal.impl.name.FqNameUnsafe::<init> (28 bytes)
Event: 27.099 Thread 0x000001f2b0457770 nmethod 7246 0x000001f299b08290 code [0x000001f299b08440, 0x000001f299b08748]
Event: 27.099 Thread 0x000001f2b0457770 7247       3       kotlin.reflect.jvm.internal.impl.name.FqName::toUnsafe (13 bytes)
Event: 27.099 Thread 0x000001f2b0457770 nmethod 7247 0x000001f299b08810 code [0x000001f299b089c0, 0x000001f299b08b48]
Event: 27.100 Thread 0x000001f2b0457770 7248       3       kotlin.reflect.jvm.internal.impl.name.Name::<init> (23 bytes)
Event: 27.100 Thread 0x000001f2b0457770 nmethod 7248 0x000001f299b08c10 code [0x000001f299b08dc0, 0x000001f299b09008]
Event: 27.100 Thread 0x000001f2b0457770 7250       3       kotlin.reflect.jvm.internal.impl.name.FqName::asString (16 bytes)
Event: 27.101 Thread 0x000001f2b0457770 nmethod 7250 0x000001f299b09110 code [0x000001f299b092c0, 0x000001f299b09518]
Event: 27.101 Thread 0x000001f2b0457770 7249       3       kotlin.reflect.jvm.internal.impl.name.Name::identifier (18 bytes)
Event: 27.102 Thread 0x000001f2b0457770 nmethod 7249 0x000001f299b09610 code [0x000001f299b097e0, 0x000001f299b09b38]
Event: 27.102 Thread 0x000001f2b0457770 7251       3       kotlin.reflect.jvm.internal.impl.name.FqName::<init> (18 bytes)
Event: 27.102 Thread 0x000001f2b0457770 nmethod 7251 0x000001f299b09c90 code [0x000001f299b09e40, 0x000001f299b0a068]

GC Heap History (20 events):
Event: 17.022 GC heap before
{Heap before GC invocations=13 (full 0):
 garbage-first heap   total 95232K, used 72380K [0x0000000080000000, 0x0000000100000000)
  region size 1024K, 43 young (44032K), 2 survivors (2048K)
 Metaspace       used 50250K, committed 50688K, reserved 1097728K
  class space    used 6715K, committed 6912K, reserved 1048576K
}
Event: 17.031 GC heap after
{Heap after GC invocations=14 (full 0):
 garbage-first heap   total 95232K, used 32666K [0x0000000080000000, 0x0000000100000000)
  region size 1024K, 4 young (4096K), 4 survivors (4096K)
 Metaspace       used 50250K, committed 50688K, reserved 1097728K
  class space    used 6715K, committed 6912K, reserved 1048576K
}
Event: 18.955 GC heap before
{Heap before GC invocations=14 (full 0):
 garbage-first heap   total 95232K, used 73626K [0x0000000080000000, 0x0000000100000000)
  region size 1024K, 44 young (45056K), 4 survivors (4096K)
 Metaspace       used 53137K, committed 53632K, reserved 1097728K
  class space    used 7090K, committed 7296K, reserved 1048576K
}
Event: 18.971 GC heap after
{Heap after GC invocations=15 (full 0):
 garbage-first heap   total 95232K, used 36207K [0x0000000080000000, 0x0000000100000000)
  region size 1024K, 6 young (6144K), 6 survivors (6144K)
 Metaspace       used 53137K, committed 53632K, reserved 1097728K
  class space    used 7090K, committed 7296K, reserved 1048576K
}
Event: 20.923 GC heap before
{Heap before GC invocations=15 (full 0):
 garbage-first heap   total 95232K, used 81263K [0x0000000080000000, 0x0000000100000000)
  region size 1024K, 42 young (43008K), 6 survivors (6144K)
 Metaspace       used 56046K, committed 56512K, reserved 1097728K
  class space    used 7483K, committed 7680K, reserved 1048576K
}
Event: 20.935 GC heap after
{Heap after GC invocations=16 (full 0):
 garbage-first heap   total 96256K, used 52081K [0x0000000080000000, 0x0000000100000000)
  region size 1024K, 6 young (6144K), 6 survivors (6144K)
 Metaspace       used 56046K, committed 56512K, reserved 1097728K
  class space    used 7483K, committed 7680K, reserved 1048576K
}
Event: 22.012 GC heap before
{Heap before GC invocations=16 (full 0):
 garbage-first heap   total 96256K, used 72561K [0x0000000080000000, 0x0000000100000000)
  region size 1024K, 28 young (28672K), 6 survivors (6144K)
 Metaspace       used 59672K, committed 60160K, reserved 1105920K
  class space    used 7906K, committed 8128K, reserved 1048576K
}
Event: 22.020 GC heap after
{Heap after GC invocations=17 (full 0):
 garbage-first heap   total 96256K, used 52786K [0x0000000080000000, 0x0000000100000000)
  region size 1024K, 1 young (1024K), 1 survivors (1024K)
 Metaspace       used 59672K, committed 60160K, reserved 1105920K
  class space    used 7906K, committed 8128K, reserved 1048576K
}
Event: 23.555 GC heap before
{Heap before GC invocations=18 (full 0):
 garbage-first heap   total 96256K, used 76338K [0x0000000080000000, 0x0000000100000000)
  region size 1024K, 24 young (24576K), 1 survivors (1024K)
 Metaspace       used 64049K, committed 64640K, reserved 1105920K
  class space    used 8508K, committed 8768K, reserved 1048576K
}
Event: 23.564 GC heap after
{Heap after GC invocations=19 (full 0):
 garbage-first heap   total 96256K, used 54526K [0x0000000080000000, 0x0000000100000000)
  region size 1024K, 3 young (3072K), 3 survivors (3072K)
 Metaspace       used 64049K, committed 64640K, reserved 1105920K
  class space    used 8508K, committed 8768K, reserved 1048576K
}
Event: 23.570 GC heap before
{Heap before GC invocations=19 (full 0):
 garbage-first heap   total 96256K, used 54526K [0x0000000080000000, 0x0000000100000000)
  region size 1024K, 4 young (4096K), 3 survivors (3072K)
 Metaspace       used 64049K, committed 64640K, reserved 1105920K
  class space    used 8508K, committed 8768K, reserved 1048576K
}
Event: 23.577 GC heap after
{Heap after GC invocations=20 (full 0):
 garbage-first heap   total 96256K, used 55162K [0x0000000080000000, 0x0000000100000000)
  region size 1024K, 3 young (3072K), 3 survivors (3072K)
 Metaspace       used 64049K, committed 64640K, reserved 1105920K
  class space    used 8508K, committed 8768K, reserved 1048576K
}
Event: 23.765 GC heap before
{Heap before GC invocations=21 (full 0):
 garbage-first heap   total 116736K, used 67450K [0x0000000080000000, 0x0000000100000000)
  region size 1024K, 12 young (12288K), 3 survivors (3072K)
 Metaspace       used 64054K, committed 64640K, reserved 1105920K
  class space    used 8508K, committed 8768K, reserved 1048576K
}
Event: 23.775 GC heap after
{Heap after GC invocations=22 (full 0):
 garbage-first heap   total 116736K, used 60831K [0x0000000080000000, 0x0000000100000000)
  region size 1024K, 3 young (3072K), 3 survivors (3072K)
 Metaspace       used 64054K, committed 64640K, reserved 1105920K
  class space    used 8508K, committed 8768K, reserved 1048576K
}
Event: 24.738 GC heap before
{Heap before GC invocations=23 (full 0):
 garbage-first heap   total 116736K, used 85407K [0x0000000080000000, 0x0000000100000000)
  region size 1024K, 25 young (25600K), 3 survivors (3072K)
 Metaspace       used 66113K, committed 66624K, reserved 1114112K
  class space    used 8784K, committed 9024K, reserved 1048576K
}
Event: 24.748 GC heap after
{Heap after GC invocations=24 (full 0):
 garbage-first heap   total 116736K, used 59534K [0x0000000080000000, 0x0000000100000000)
  region size 1024K, 3 young (3072K), 3 survivors (3072K)
 Metaspace       used 66113K, committed 66624K, reserved 1114112K
  class space    used 8784K, committed 9024K, reserved 1048576K
}
Event: 25.827 GC heap before
{Heap before GC invocations=24 (full 0):
 garbage-first heap   total 116736K, used 82062K [0x0000000080000000, 0x0000000100000000)
  region size 1024K, 26 young (26624K), 3 survivors (3072K)
 Metaspace       used 68583K, committed 69120K, reserved 1114112K
  class space    used 9087K, committed 9344K, reserved 1048576K
}
Event: 25.837 GC heap after
{Heap after GC invocations=25 (full 0):
 garbage-first heap   total 116736K, used 61219K [0x0000000080000000, 0x0000000100000000)
  region size 1024K, 4 young (4096K), 4 survivors (4096K)
 Metaspace       used 68583K, committed 69120K, reserved 1114112K
  class space    used 9087K, committed 9344K, reserved 1048576K
}
Event: 26.927 GC heap before
{Heap before GC invocations=26 (full 0):
 garbage-first heap   total 116736K, used 85795K [0x0000000080000000, 0x0000000100000000)
  region size 1024K, 29 young (29696K), 4 survivors (4096K)
 Metaspace       used 70913K, committed 71488K, reserved 1114112K
  class space    used 9402K, committed 9664K, reserved 1048576K
}
Event: 26.938 GC heap after
{Heap after GC invocations=27 (full 0):
 garbage-first heap   total 116736K, used 61948K [0x0000000080000000, 0x0000000100000000)
  region size 1024K, 4 young (4096K), 4 survivors (4096K)
 Metaspace       used 70913K, committed 71488K, reserved 1114112K
  class space    used 9402K, committed 9664K, reserved 1048576K
}

Dll operation events (2 events):
Event: 0.020 Loaded shared library C:\Program Files\Android\Android Studio\jbr\bin\java.dll
Event: 1.202 Loaded shared library C:\Program Files\Android\Android Studio\jbr\bin\verify.dll

Deoptimization events (20 events):
Event: 25.774 Thread 0x000001f2b1408000 DEOPT PACKING pc=0x000001f2a0ac3d80 sp=0x0000002d72ff6690
Event: 25.774 Thread 0x000001f2b1408000 DEOPT UNPACKING pc=0x000001f2a04a69a3 sp=0x0000002d72ff6630 mode 2
Event: 25.815 Thread 0x000001f2b1408000 DEOPT PACKING pc=0x000001f299191ece sp=0x0000002d72ff7090
Event: 25.815 Thread 0x000001f2b1408000 DEOPT UNPACKING pc=0x000001f2a04a7143 sp=0x0000002d72ff6558 mode 0
Event: 25.822 Thread 0x000001f2b1408000 Uncommon trap: trap_request=0xffffff45 fr.pc=0x000001f2a0aa17c0 relative=0x00000000000005a0
Event: 25.822 Thread 0x000001f2b1408000 Uncommon trap: reason=unstable_if action=reinterpret pc=0x000001f2a0aa17c0 method=java.lang.String.replace(CC)Ljava/lang/String; @ 2 c2
Event: 25.822 Thread 0x000001f2b1408000 DEOPT PACKING pc=0x000001f2a0aa17c0 sp=0x0000002d72ff7170
Event: 25.822 Thread 0x000001f2b1408000 DEOPT UNPACKING pc=0x000001f2a04a69a3 sp=0x0000002d72ff7120 mode 2
Event: 26.031 Thread 0x000001f2b1408000 Uncommon trap: trap_request=0xffffff45 fr.pc=0x000001f2a0b67004 relative=0x0000000000000bc4
Event: 26.031 Thread 0x000001f2b1408000 Uncommon trap: reason=unstable_if action=reinterpret pc=0x000001f2a0b67004 method=java.lang.Integer.stringSize(I)I @ 19 c2
Event: 26.031 Thread 0x000001f2b1408000 DEOPT PACKING pc=0x000001f2a0b67004 sp=0x0000002d72ff86d0
Event: 26.032 Thread 0x000001f2b1408000 DEOPT UNPACKING pc=0x000001f2a04a69a3 sp=0x0000002d72ff85d0 mode 2
Event: 26.064 Thread 0x000001f2b1408000 Uncommon trap: trap_request=0xffffff45 fr.pc=0x000001f2a0b682d0 relative=0x0000000000000b10
Event: 26.064 Thread 0x000001f2b1408000 Uncommon trap: reason=unstable_if action=reinterpret pc=0x000001f2a0b682d0 method=java.lang.Integer.stringSize(I)I @ 19 c2
Event: 26.064 Thread 0x000001f2b1408000 DEOPT PACKING pc=0x000001f2a0b682d0 sp=0x0000002d72ff8750
Event: 26.064 Thread 0x000001f2b1408000 DEOPT UNPACKING pc=0x000001f2a04a69a3 sp=0x0000002d72ff86a8 mode 2
Event: 26.346 Thread 0x000001f2b1408000 Uncommon trap: trap_request=0xffffff45 fr.pc=0x000001f2a0b50650 relative=0x00000000000042b0
Event: 26.346 Thread 0x000001f2b1408000 Uncommon trap: reason=unstable_if action=reinterpret pc=0x000001f2a0b50650 method=sun.net.www.protocol.jar.Handler.parseURL(Ljava/net/URL;Ljava/lang/String;II)V @ 116 c2
Event: 26.346 Thread 0x000001f2b1408000 DEOPT PACKING pc=0x000001f2a0b50650 sp=0x0000002d72ff73c0
Event: 26.346 Thread 0x000001f2b1408000 DEOPT UNPACKING pc=0x000001f2a04a69a3 sp=0x0000002d72ff72c8 mode 2

Classes unloaded (0 events):
No events

Classes redefined (0 events):
No events

Internal exceptions (20 events):
Event: 26.191 Thread 0x000001f2b1408000 Exception <a 'java/lang/ClassNotFoundException'{0x0000000088ec4fc8}: org/gradle/api/plugins/internal/DefaultBasePluginConventionCustomizer> (0x0000000088ec4fc8) 
thrown [s\src\hotspot\share\classfile\systemDictionary.cpp, line 256]
Event: 26.195 Thread 0x000001f2b1408000 Exception <a 'java/lang/ClassNotFoundException'{0x0000000088ef0868}: org/gradle/api/plugins/internal/DefaultBasePluginConvention_DecoratedCustomizer> (0x0000000088ef0868) 
thrown [s\src\hotspot\share\classfile\systemDictionary.cpp, line 256]
Event: 26.212 Thread 0x000001f2b1408000 Exception <a 'java/lang/ClassNotFoundException'{0x000000008676bfc0}: org/gradle/api/plugins/internal/DefaultJavaPluginConvention_DecoratedBeanInfo> (0x000000008676bfc0) 
thrown [s\src\hotspot\share\classfile\systemDictionary.cpp, line 256]
Event: 26.215 Thread 0x000001f2b1408000 Exception <a 'java/lang/ClassNotFoundException'{0x0000000086785290}: org/gradle/api/plugins/internal/DefaultJavaPluginConventionBeanInfo> (0x0000000086785290) 
thrown [s\src\hotspot\share\classfile\systemDictionary.cpp, line 256]
Event: 26.218 Thread 0x000001f2b1408000 Exception <a 'java/lang/ClassNotFoundException'{0x000000008679d950}: org/gradle/api/plugins/JavaPluginConventionBeanInfo> (0x000000008679d950) 
thrown [s\src\hotspot\share\classfile\systemDictionary.cpp, line 256]
Event: 26.220 Thread 0x000001f2b1408000 Exception <a 'java/lang/ClassNotFoundException'{0x00000000867b5fd8}: org/gradle/api/plugins/JavaPluginConventionCustomizer> (0x00000000867b5fd8) 
thrown [s\src\hotspot\share\classfile\systemDictionary.cpp, line 256]
Event: 26.225 Thread 0x000001f2b1408000 Exception <a 'java/lang/ClassNotFoundException'{0x00000000867e2de0}: org/gradle/api/plugins/internal/DefaultJavaPluginConventionCustomizer> (0x00000000867e2de0) 
thrown [s\src\hotspot\share\classfile\systemDictionary.cpp, line 256]
Event: 26.231 Thread 0x000001f2b1408000 Exception <a 'java/lang/ClassNotFoundException'{0x0000000086622f58}: org/gradle/api/plugins/internal/DefaultJavaPluginConvention_DecoratedCustomizer> (0x0000000086622f58) 
thrown [s\src\hotspot\share\classfile\systemDictionary.cpp, line 256]
Event: 26.882 Thread 0x000001f2b1408000 Exception <a 'java/lang/ClassNotFoundException'{0x000000008579fb10}: org/jetbrains/kotlin/gradle/targets/js/npm/DefaultNpmDependencyExtensionBeanInfo> (0x000000008579fb10) 
thrown [s\src\hotspot\share\classfile\systemDictionary.cpp, line 256]
Event: 26.884 Thread 0x000001f2b1408000 Exception <a 'java/lang/ClassNotFoundException'{0x00000000857ab180}: org/jetbrains/kotlin/gradle/targets/js/npm/DefaultNpmDependencyExtensionCustomizer> (0x00000000857ab180) 
thrown [s\src\hotspot\share\classfile\systemDictionary.cpp, line 256]
Event: 26.901 Thread 0x000001f2b1408000 Exception <a 'java/lang/ClassNotFoundException'{0x0000000085620f28}: org/jetbrains/kotlin/gradle/targets/js/npm/NpmDependencyExtensionKt$defaultNpmDependencyDelegate$1BeanInfo> (0x0000000085620f28) 
thrown [s\src\hotspot\share\classfile\systemDictionary.cpp, line 256]
Event: 26.902 Thread 0x000001f2b1408000 Exception <a 'java/lang/ClassNotFoundException'{0x000000008562c5e0}: org/jetbrains/kotlin/gradle/targets/js/npm/NpmDependencyExtensionDelegateBeanInfo> (0x000000008562c5e0) 
thrown [s\src\hotspot\share\classfile\systemDictionary.cpp, line 256]
Event: 26.903 Thread 0x000001f2b1408000 Exception <a 'java/lang/ClassNotFoundException'{0x0000000085637c60}: org/jetbrains/kotlin/gradle/targets/js/npm/NpmDependencyExtensionDelegateCustomizer> (0x0000000085637c60) 
thrown [s\src\hotspot\share\classfile\systemDictionary.cpp, line 256]
Event: 26.906 Thread 0x000001f2b1408000 Exception <a 'java/lang/ClassNotFoundException'{0x000000008565afd8}: org/jetbrains/kotlin/gradle/targets/js/npm/NpmDependencyExtensionKt$defaultNpmDependencyDelegate$1Customizer> (0x000000008565afd8) 
thrown [s\src\hotspot\share\classfile\systemDictionary.cpp, line 256]
Event: 26.913 Thread 0x000001f2b1408000 Exception <a 'java/lang/ClassNotFoundException'{0x00000000856959d8}: org/jetbrains/kotlin/gradle/targets/js/npm/DefaultDevNpmDependencyExtensionBeanInfo> (0x00000000856959d8) 
thrown [s\src\hotspot\share\classfile\systemDictionary.cpp, line 256]
Event: 26.914 Thread 0x000001f2b1408000 Exception <a 'java/lang/ClassNotFoundException'{0x00000000856a1060}: org/jetbrains/kotlin/gradle/targets/js/npm/DefaultDevNpmDependencyExtensionCustomizer> (0x00000000856a1060) 
thrown [s\src\hotspot\share\classfile\systemDictionary.cpp, line 256]
Event: 26.922 Thread 0x000001f2b1408000 Exception <a 'java/lang/ClassNotFoundException'{0x00000000856dfb08}: org/jetbrains/kotlin/gradle/targets/js/npm/DefaultPeerNpmDependencyExtensionBeanInfo> (0x00000000856dfb08) 
thrown [s\src\hotspot\share\classfile\systemDictionary.cpp, line 256]
Event: 26.923 Thread 0x000001f2b1408000 Exception <a 'java/lang/ClassNotFoundException'{0x00000000856eb1c0}: org/jetbrains/kotlin/gradle/targets/js/npm/DefaultPeerNpmDependencyExtensionCustomizer> (0x00000000856eb1c0) 
thrown [s\src\hotspot\share\classfile\systemDictionary.cpp, line 256]
Event: 26.943 Thread 0x000001f2b1408000 Exception <a 'java/lang/ClassNotFoundException'{0x000000008bf36e38}: org/jetbrains/kotlin/gradle/targets/js/npm/DefaultPeerNpmDependencyExtension$delegate$1BeanInfo> (0x000000008bf36e38) 
thrown [s\src\hotspot\share\classfile\systemDictionary.cpp, line 256]
Event: 26.944 Thread 0x000001f2b1408000 Exception <a 'java/lang/ClassNotFoundException'{0x000000008bf426b8}: org/jetbrains/kotlin/gradle/targets/js/npm/DefaultPeerNpmDependencyExtension$delegate$1Customizer> (0x000000008bf426b8) 
thrown [s\src\hotspot\share\classfile\systemDictionary.cpp, line 256]

VM Operations (20 events):
Event: 23.877 Executing VM operation: G1Concurrent
Event: 23.888 Executing VM operation: G1Concurrent done
Event: 23.940 Executing VM operation: G1Concurrent
Event: 23.941 Executing VM operation: G1Concurrent done
Event: 24.737 Executing VM operation: G1CollectForAllocation
Event: 24.749 Executing VM operation: G1CollectForAllocation done
Event: 25.624 Executing VM operation: HandshakeAllThreads
Event: 25.624 Executing VM operation: HandshakeAllThreads done
Event: 25.762 Executing VM operation: ICBufferFull
Event: 25.763 Executing VM operation: ICBufferFull done
Event: 25.827 Executing VM operation: G1CollectForAllocation
Event: 25.844 Executing VM operation: G1CollectForAllocation done
Event: 25.943 Executing VM operation: G1Concurrent
Event: 25.952 Executing VM operation: G1Concurrent done
Event: 26.003 Executing VM operation: G1Concurrent
Event: 26.004 Executing VM operation: G1Concurrent done
Event: 26.166 Executing VM operation: HandshakeAllThreads
Event: 26.167 Executing VM operation: HandshakeAllThreads done
Event: 26.927 Executing VM operation: G1CollectForAllocation
Event: 26.938 Executing VM operation: G1CollectForAllocation done

Events (20 events):
Event: 25.729 loading class java/util/Stack
Event: 25.730 loading class java/util/Stack done
Event: 25.752 loading class org/xml/sax/ContentHandler
Event: 25.752 loading class org/xml/sax/ContentHandler done
Event: 25.752 loading class org/xml/sax/EntityResolver
Event: 25.752 loading class org/xml/sax/EntityResolver done
Event: 25.752 loading class org/xml/sax/DTDHandler
Event: 25.752 loading class org/xml/sax/DTDHandler done
Event: 25.774 loading class java/util/Spliterators$IntArraySpliterator
Event: 25.774 loading class java/util/Spliterators$IntArraySpliterator done
Event: 25.783 loading class java/text/ParsePosition
Event: 25.784 loading class java/text/ParsePosition done
Event: 25.798 loading class java/text/CharacterIterator
Event: 25.798 loading class java/text/CharacterIterator done
Event: 25.941 loading class java/time/format/DateTimeFormatterBuilder$WeekBasedFieldPrinterParser
Event: 25.942 loading class java/time/format/DateTimeFormatterBuilder$WeekBasedFieldPrinterParser done
Event: 25.977 loading class com/sun/jmx/mbeanserver/StandardMBeanSupport
Event: 25.977 loading class com/sun/jmx/mbeanserver/StandardMBeanSupport done
Event: 25.977 loading class com/sun/jmx/mbeanserver/StandardMBeanIntrospector
Event: 25.978 loading class com/sun/jmx/mbeanserver/StandardMBeanIntrospector done


Dynamic libraries:
0x00007ff7977b0000 - 0x00007ff7977ba000 	C:\Program Files\Android\Android Studio\jbr\bin\java.exe
0x00007ff9c7030000 - 0x00007ff9c7244000 	C:\Windows\SYSTEM32\ntdll.dll
0x00007ff9c5130000 - 0x00007ff9c51f3000 	C:\Windows\System32\KERNEL32.DLL
0x00007ff9c47e0000 - 0x00007ff9c4b7d000 	C:\Windows\System32\KERNELBASE.dll
0x00007ff9c4450000 - 0x00007ff9c4561000 	C:\Windows\System32\ucrtbase.dll
0x00007ff9a9df0000 - 0x00007ff9a9e07000 	C:\Program Files\Android\Android Studio\jbr\bin\jli.dll
0x00007ff98b0e0000 - 0x00007ff98b0fb000 	C:\Program Files\Android\Android Studio\jbr\bin\VCRUNTIME140.dll
0x00007ff9c54e0000 - 0x00007ff9c568d000 	C:\Windows\System32\USER32.dll
0x00007ff9c4690000 - 0x00007ff9c46b6000 	C:\Windows\System32\win32u.dll
0x00007ff9aa550000 - 0x00007ff9aa7de000 	C:\Windows\WinSxS\amd64_microsoft.windows.common-controls_6595b64144ccf1df_6.0.22621.608_none_a9444ca7c10bb01d\COMCTL32.dll
0x00007ff9c5b40000 - 0x00007ff9c5b69000 	C:\Windows\System32\GDI32.dll
0x00007ff9c53b0000 - 0x00007ff9c5457000 	C:\Windows\System32\msvcrt.dll
0x00007ff9c46c0000 - 0x00007ff9c47d2000 	C:\Windows\System32\gdi32full.dll
0x00007ff9c4570000 - 0x00007ff9c460a000 	C:\Windows\System32\msvcp_win.dll
0x00007ff9c6fb0000 - 0x00007ff9c6fe2000 	C:\Windows\System32\IMM32.DLL
0x00007ff9b8600000 - 0x00007ff9b860c000 	C:\Program Files\Android\Android Studio\jbr\bin\vcruntime140_1.dll
0x00007ff98abd0000 - 0x00007ff98ac5d000 	C:\Program Files\Android\Android Studio\jbr\bin\msvcp140.dll
0x00007ff96eb20000 - 0x00007ff96f78e000 	C:\Program Files\Android\Android Studio\jbr\bin\server\jvm.dll
0x00007ff9c5780000 - 0x00007ff9c582e000 	C:\Windows\System32\ADVAPI32.dll
0x00007ff9c5a90000 - 0x00007ff9c5b34000 	C:\Windows\System32\sechost.dll
0x00007ff9c5290000 - 0x00007ff9c53a5000 	C:\Windows\System32\RPCRT4.dll
0x00007ff9bdd50000 - 0x00007ff9bdd59000 	C:\Windows\SYSTEM32\WSOCK32.dll
0x00007ff9c5830000 - 0x00007ff9c58a1000 	C:\Windows\System32\WS2_32.dll
0x00007ff9bd660000 - 0x00007ff9bd694000 	C:\Windows\SYSTEM32\WINMM.dll
0x00007ff9bdbf0000 - 0x00007ff9bdbfa000 	C:\Windows\SYSTEM32\VERSION.dll
0x00007ff9c3490000 - 0x00007ff9c34a8000 	C:\Windows\SYSTEM32\kernel.appcore.dll
0x00007ff9bd960000 - 0x00007ff9bd96a000 	C:\Program Files\Android\Android Studio\jbr\bin\jimage.dll
0x00007ff9b3680000 - 0x00007ff9b38ae000 	C:\Windows\SYSTEM32\DBGHELP.DLL
0x00007ff9c5bd0000 - 0x00007ff9c5f5a000 	C:\Windows\System32\combase.dll
0x00007ff9c59b0000 - 0x00007ff9c5a87000 	C:\Windows\System32\OLEAUT32.dll
0x00007ff9b83b0000 - 0x00007ff9b83e2000 	C:\Windows\SYSTEM32\dbgcore.DLL
0x00007ff9c4610000 - 0x00007ff9c468b000 	C:\Windows\System32\bcryptPrimitives.dll
0x00007ff9b9390000 - 0x00007ff9b93b5000 	C:\Program Files\Android\Android Studio\jbr\bin\java.dll
0x00007ff9bbe50000 - 0x00007ff9bbe68000 	C:\Program Files\Android\Android Studio\jbr\bin\zip.dll
0x00007ff9c6140000 - 0x00007ff9c692f000 	C:\Windows\System32\SHELL32.dll
0x00007ff9c2460000 - 0x00007ff9c2d28000 	C:\Windows\SYSTEM32\windows.storage.dll
0x00007ff9c2320000 - 0x00007ff9c245e000 	C:\Windows\SYSTEM32\wintypes.dll
0x00007ff9c4fd0000 - 0x00007ff9c50c1000 	C:\Windows\System32\SHCORE.dll
0x00007ff9c5b70000 - 0x00007ff9c5bce000 	C:\Windows\System32\shlwapi.dll
0x00007ff9c4380000 - 0x00007ff9c43a1000 	C:\Windows\SYSTEM32\profapi.dll
0x00007ff9ab4b0000 - 0x00007ff9ab4c9000 	C:\Program Files\Android\Android Studio\jbr\bin\net.dll
0x00007ff9bce20000 - 0x00007ff9bcf4f000 	C:\Windows\SYSTEM32\WINHTTP.dll
0x00007ff9c38f0000 - 0x00007ff9c3959000 	C:\Windows\system32\mswsock.dll
0x00007ff9aab80000 - 0x00007ff9aab96000 	C:\Program Files\Android\Android Studio\jbr\bin\nio.dll
0x00007ff9bd950000 - 0x00007ff9bd960000 	C:\Program Files\Android\Android Studio\jbr\bin\verify.dll
0x00007ff9a6c50000 - 0x00007ff9a6c77000 	C:\Users\Admin\.gradle\native\68d5fa5c4cc2d200863cafc0d521ce42e7d3e7ee720ec0a83991735586a16f82\windows-amd64\native-platform.dll
0x00007ff96e610000 - 0x00007ff96e754000 	C:\Users\Admin\.gradle\native\e376f236ea51e6404a007f0833ffe2c6e607c4080706a723a18a27aeea778392\windows-amd64\native-platform-file-events.dll
0x00007ff9bd010000 - 0x00007ff9bd019000 	C:\Program Files\Android\Android Studio\jbr\bin\management.dll
0x00007ff9bc300000 - 0x00007ff9bc30b000 	C:\Program Files\Android\Android Studio\jbr\bin\management_ext.dll
0x00007ff9c4e20000 - 0x00007ff9c4e28000 	C:\Windows\System32\PSAPI.DLL
0x00007ff9c3b50000 - 0x00007ff9c3b6b000 	C:\Windows\SYSTEM32\CRYPTSP.dll
0x00007ff9c3400000 - 0x00007ff9c3435000 	C:\Windows\system32\rsaenh.dll
0x00007ff9c39e0000 - 0x00007ff9c3a08000 	C:\Windows\SYSTEM32\USERENV.dll
0x00007ff9c3d20000 - 0x00007ff9c3d48000 	C:\Windows\SYSTEM32\bcrypt.dll
0x00007ff9c3b40000 - 0x00007ff9c3b4c000 	C:\Windows\SYSTEM32\CRYPTBASE.dll
0x00007ff9c3010000 - 0x00007ff9c303d000 	C:\Windows\SYSTEM32\IPHLPAPI.DLL
0x00007ff9c5760000 - 0x00007ff9c5769000 	C:\Windows\System32\NSI.dll
0x00007ff9bca80000 - 0x00007ff9bca99000 	C:\Windows\SYSTEM32\dhcpcsvc6.DLL
0x00007ff9bca60000 - 0x00007ff9bca7f000 	C:\Windows\SYSTEM32\dhcpcsvc.DLL
0x00007ff9c3040000 - 0x00007ff9c3132000 	C:\Windows\SYSTEM32\DNSAPI.dll
0x00007ff9a99f0000 - 0x00007ff9a99f8000 	C:\Windows\system32\wshunix.dll

dbghelp: loaded successfully - version: 4.0.5 - missing functions: none
symbol engine: initialized successfully - sym options: 0x614 - pdb path: .;C:\Program Files\Android\Android Studio\jbr\bin;C:\Windows\SYSTEM32;C:\Windows\WinSxS\amd64_microsoft.windows.common-controls_6595b64144ccf1df_6.0.22621.608_none_a9444ca7c10bb01d;C:\Program Files\Android\Android Studio\jbr\bin\server;C:\Users\Admin\.gradle\native\68d5fa5c4cc2d200863cafc0d521ce42e7d3e7ee720ec0a83991735586a16f82\windows-amd64;C:\Users\Admin\.gradle\native\e376f236ea51e6404a007f0833ffe2c6e607c4080706a723a18a27aeea778392\windows-amd64

VM Arguments:
jvm_args: --add-opens=java.base/java.util=ALL-UNNAMED --add-opens=java.base/java.lang=ALL-UNNAMED --add-opens=java.base/java.lang.invoke=ALL-UNNAMED --add-opens=java.prefs/java.util.prefs=ALL-UNNAMED --add-opens=java.base/java.nio.charset=ALL-UNNAMED --add-opens=java.base/java.net=ALL-UNNAMED --add-opens=java.base/java.util.concurrent.atomic=ALL-UNNAMED -Xmx2048m -Dfile.encoding=UTF-8 -Duser.country=ID -Duser.language=en -Duser.variant 
java_command: org.gradle.launcher.daemon.bootstrap.GradleDaemon 8.0
java_class_path (initial): C:\Users\Admin\.gradle\wrapper\dists\gradle-8.0-bin\ca5e32bp14vu59qr306oxotwh\gradle-8.0\lib\gradle-launcher-8.0.jar
Launcher Type: SUN_STANDARD

[Global flags]
     intx CICompilerCount                          = 4                                         {product} {ergonomic}
     uint ConcGCThreads                            = 2                                         {product} {ergonomic}
     uint G1ConcRefinementThreads                  = 8                                         {product} {ergonomic}
   size_t G1HeapRegionSize                         = 1048576                                   {product} {ergonomic}
    uintx GCDrainStackTargetSize                   = 64                                        {product} {ergonomic}
   size_t InitialHeapSize                          = 201326592                                 {product} {ergonomic}
   size_t MarkStackSize                            = 4194304                                   {product} {ergonomic}
   size_t MaxHeapSize                              = 2147483648                                {product} {command line}
   size_t MaxNewSize                               = 1287651328                                {product} {ergonomic}
   size_t MinHeapDeltaBytes                        = 1048576                                   {product} {ergonomic}
   size_t MinHeapSize                              = 8388608                                   {product} {ergonomic}
    uintx NonNMethodCodeHeapSize                   = 5839372                                {pd product} {ergonomic}
    uintx NonProfiledCodeHeapSize                  = 122909434                              {pd product} {ergonomic}
    uintx ProfiledCodeHeapSize                     = 122909434                              {pd product} {ergonomic}
    uintx ReservedCodeCacheSize                    = 251658240                              {pd product} {ergonomic}
     bool SegmentedCodeCache                       = true                                      {product} {ergonomic}
   size_t SoftMaxHeapSize                          = 2147483648                             {manageable} {ergonomic}
     bool UseCompressedClassPointers               = true                           {product lp64_product} {ergonomic}
     bool UseCompressedOops                        = true                           {product lp64_product} {ergonomic}
     bool UseG1GC                                  = true                                      {product} {ergonomic}
     bool UseLargePagesIndividualAllocation        = false                                  {pd product} {ergonomic}

Logging:
Log output configuration:
 #0: stdout all=warning uptime,level,tags
 #1: stderr all=off uptime,level,tags

Environment Variables:
PATH=C:\Program Files\Eclipse Adoptium\jdk-17.0.6.10-hotspot\bin;C:\Windows\system32;C:\Windows;C:\Windows\System32\Wbem;C:\Windows\System32\WindowsPowerShell\v1.0\;C:\Windows\System32\OpenSSH\;C:\xampp\php;C:\ProgramData\ComposerSetup\bin;C:\Program Files\Git\cmd;C:\Program Files\nodejs\;C:\ProgramData\chocolatey\bin;C:\Program Files\Cloudflare\Cloudflare WARP\;C:\Users\Admin\AppData\Local\Microsoft\WindowsApps;C:\Users\Admin\AppData\Local\Programs\Microsoft VS Code\bin;C:\Users\Admin\AppData\Roaming\Composer\vendor\bin;C:\Users\Admin\AppData\Roaming\npm;C:\xampp\mysql\bin;C:\Users\Admin\AppData\Local\GitHubDesktop\bin;C:\ProgramData\Admin\GitHubDesktop\bin
USERNAME=Admin
OS=Windows_NT
PROCESSOR_IDENTIFIER=Intel64 Family 6 Model 142 Stepping 10, GenuineIntel
TMP=C:\Users\Admin\AppData\Local\Temp
TEMP=C:\Users\Admin\AppData\Local\Temp


JNI global refs:
JNI global refs: 25, weak refs: 6

JNI global refs memory usage: 843, weak refs: 841


---------------  S Y S T E M  ---------------

OS:
 Windows 11 , 64 bit Build 22621 (10.0.22621.963)
OS uptime: 0 days 7:54 hours

CPU: total 8 (initial active 8) (4 cores per cpu, 2 threads per core) family 6 model 142 stepping 10 microcode 0xe0, cx8, cmov, fxsr, ht, mmx, 3dnowpref, sse, sse2, sse3, ssse3, sse4.1, sse4.2, popcnt, lzcnt, tsc, tscinvbit, avx, avx2, aes, erms, clmul, bmi1, bmi2, adx, fma, vzeroupper, clflush, clflushopt

Memory: 4k page, system-wide physical 12174M (502M free)
TotalPageFile size 12174M (AvailPageFile size 4M)
current process WorkingSet (physical memory assigned to process): 332M, peak: 335M
current process commit charge ("private bytes"): 369M, peak: 372M

vm_info: OpenJDK 64-Bit Server VM (17.0.6+0-b2043.56-10027231) for windows-amd64 JRE (17.0.6+0-b2043.56-10027231), built on Apr 28 2023 00:43:19 by "androidbuild" with MS VC++ 16.10 / 16.11 (VS2019)

END.
