#
# There is insufficient memory for the Java Runtime Environment to continue.
# Native memory allocation (malloc) failed to allocate 1890960 bytes for Chunk::new
# Possible reasons:
#   The system is out of physical RAM or swap space
#   The process is running with CompressedOops enabled, and the Java Heap may be blocking the growth of the native heap
# Possible solutions:
#   Reduce memory load on the system
#   Increase physical memory or swap space
#   Check if swap backing store is full
#   Decrease Java heap size (-Xmx/-Xms)
#   Decrease number of Java threads
#   Decrease Java thread stack sizes (-Xss)
#   Set larger code cache with -XX:ReservedCodeCacheSize=
#   JVM is running with Zero Based Compressed Oops mode in which the Java heap is
#     placed in the first 32GB address space. The Java Heap base address is the
#     maximum limit for the native heap growth. Please use -XX:HeapBaseMinAddress
#     to set the Java Heap base and to place the Java Heap above 32GB virtual address.
# This output file may be truncated or incomplete.
#
#  Out of Memory Error (arena.cpp:189), pid=7992, tid=7064
#
# JRE version: OpenJDK Runtime Environment (17.0.6) (build 17.0.6+0-b2043.56-10027231)
# Java VM: OpenJDK 64-Bit Server VM (17.0.6+0-b2043.56-10027231, mixed mode, tiered, compressed oops, compressed class ptrs, g1 gc, windows-amd64)
# No core dump will be written. Minidumps are not enabled by default on client versions of Windows
#

---------------  S U M M A R Y ------------

Command Line: org.jetbrains.kotlin.cli.jvm.K2JVMCompiler @C:\Users\Admin\AndroidStudioProjects\MoviesGearRent\app\build\20231222_14227944151620075706.compiler.options

Host: Intel(R) Core(TM) i5-8250U CPU @ 1.60GHz, 8 cores, 11G,  Windows 11 , 64 bit Build 22621 (10.0.22621.963)
Time: Fri Dec 22 22:05:46 2023 SE Asia Standard Time elapsed time: 15.180348 seconds (0d 0h 0m 15s)

---------------  T H R E A D  ---------------

Current thread (0x000001f652ae4e30):  JavaThread "C2 CompilerThread0" daemon [_thread_in_native, id=7064, stack(0x000000d207100000,0x000000d207200000)]


Current CompileTask:
C2:  15180 7613       4       org.jetbrains.kotlin.cli.jvm.index.JvmDependenciesIndexImpl::search (379 bytes)

Stack: [0x000000d207100000,0x000000d207200000]
Native frames: (J=compiled Java code, j=interpreted, Vv=VM code, C=native code)
V  [jvm.dll+0x683c9a]
V  [jvm.dll+0x8427a4]
V  [jvm.dll+0x843f9e]
V  [jvm.dll+0x844603]
V  [jvm.dll+0x249b75]
V  [jvm.dll+0xabcac]
V  [jvm.dll+0xac27c]
V  [jvm.dll+0x368857]
V  [jvm.dll+0x332f31]
V  [jvm.dll+0x3323da]
V  [jvm.dll+0x21c201]
V  [jvm.dll+0x21b621]
V  [jvm.dll+0x1a4fdd]
V  [jvm.dll+0x22b098]
V  [jvm.dll+0x229159]
V  [jvm.dll+0x7f81ec]
V  [jvm.dll+0x7f274a]
V  [jvm.dll+0x682ad5]
C  [ucrtbase.dll+0x29363]
C  [KERNEL32.DLL+0x126bd]
C  [ntdll.dll+0x5dfb8]


---------------  P R O C E S S  ---------------

Threads class SMR info:
_java_thread_list=0x000001f656c763e0, length=14, elements={
0x000001f6347bbff0, 0x000001f653434270, 0x000001f65343ae40, 0x000001f652adff80,
0x000001f652ae2d40, 0x000001f652ae36f0, 0x000001f652ae40a0, 0x000001f652ae4e30,
0x000001f652ae58d0, 0x000001f653476520, 0x000001f6535e52e0, 0x000001f6535fb420,
0x000001f653c59ed0, 0x000001f6550c4570
}

Java Threads: ( => current thread )
  0x000001f6347bbff0 JavaThread "main" [_thread_in_vm, id=5468, stack(0x000000d206400000,0x000000d206500000)]
  0x000001f653434270 JavaThread "Reference Handler" daemon [_thread_blocked, id=8860, stack(0x000000d206b00000,0x000000d206c00000)]
  0x000001f65343ae40 JavaThread "Finalizer" daemon [_thread_blocked, id=2256, stack(0x000000d206c00000,0x000000d206d00000)]
  0x000001f652adff80 JavaThread "Signal Dispatcher" daemon [_thread_blocked, id=6064, stack(0x000000d206d00000,0x000000d206e00000)]
  0x000001f652ae2d40 JavaThread "Attach Listener" daemon [_thread_blocked, id=4888, stack(0x000000d206e00000,0x000000d206f00000)]
  0x000001f652ae36f0 JavaThread "Service Thread" daemon [_thread_blocked, id=4896, stack(0x000000d206f00000,0x000000d207000000)]
  0x000001f652ae40a0 JavaThread "Monitor Deflation Thread" daemon [_thread_blocked, id=4116, stack(0x000000d207000000,0x000000d207100000)]
=>0x000001f652ae4e30 JavaThread "C2 CompilerThread0" daemon [_thread_in_native, id=7064, stack(0x000000d207100000,0x000000d207200000)]
  0x000001f652ae58d0 JavaThread "C1 CompilerThread0" daemon [_thread_in_vm, id=2364, stack(0x000000d207200000,0x000000d207300000)]
  0x000001f653476520 JavaThread "Sweeper thread" daemon [_thread_blocked, id=10212, stack(0x000000d207300000,0x000000d207400000)]
  0x000001f6535e52e0 JavaThread "Notification Thread" daemon [_thread_blocked, id=3984, stack(0x000000d207400000,0x000000d207500000)]
  0x000001f6535fb420 JavaThread "Common-Cleaner" daemon [_thread_blocked, id=8052, stack(0x000000d207600000,0x000000d207700000)]
  0x000001f653c59ed0 JavaThread "C2 CompilerThread1" daemon [_thread_in_native, id=1556, stack(0x000000d207b00000,0x000000d207c00000)]
  0x000001f6550c4570 JavaThread "C2 CompilerThread2" daemon [_thread_in_native, id=4536, stack(0x000000d208000000,0x000000d208100000)]

Other Threads:
  0x000001f653420c50 VMThread "VM Thread" [stack: 0x000000d206a00000,0x000000d206b00000] [id=8984]
  0x000001f6535e5bc0 WatcherThread [stack: 0x000000d207500000,0x000000d207600000] [id=9552]
  0x000001f6348127c0 GCTaskThread "GC Thread#0" [stack: 0x000000d206500000,0x000000d206600000] [id=10072]
  0x000001f653ab94b0 GCTaskThread "GC Thread#1" [stack: 0x000000d207700000,0x000000d207800000] [id=9412]
  0x000001f653b69d20 GCTaskThread "GC Thread#2" [stack: 0x000000d207800000,0x000000d207900000] [id=8560]
  0x000001f653b6a7e0 GCTaskThread "GC Thread#3" [stack: 0x000000d207900000,0x000000d207a00000] [id=5376]
  0x000001f653be50e0 GCTaskThread "GC Thread#4" [stack: 0x000000d207a00000,0x000000d207b00000] [id=8056]
  0x000001f654a1d2a0 GCTaskThread "GC Thread#5" [stack: 0x000000d207c00000,0x000000d207d00000] [id=9564]
  0x000001f654a1c530 GCTaskThread "GC Thread#6" [stack: 0x000000d207d00000,0x000000d207e00000] [id=6636]
  0x000001f654a1c7e0 GCTaskThread "GC Thread#7" [stack: 0x000000d207e00000,0x000000d207f00000] [id=4404]
  0x000001f63481f6a0 ConcurrentGCThread "G1 Main Marker" [stack: 0x000000d206600000,0x000000d206700000] [id=7024]
  0x000001f634822f70 ConcurrentGCThread "G1 Conc#0" [stack: 0x000000d206700000,0x000000d206800000] [id=3968]
  0x000001f654a1ba70 ConcurrentGCThread "G1 Conc#1" [stack: 0x000000d207f00000,0x000000d208000000] [id=8164]
  0x000001f634871f60 ConcurrentGCThread "G1 Refine#0" [stack: 0x000000d206800000,0x000000d206900000] [id=2916]
  0x000001f6575e2e30 ConcurrentGCThread "G1 Refine#1" [stack: 0x000000d208100000,0x000000d208200000] [id=9340]
  0x000001f634872820 ConcurrentGCThread "G1 Service" [stack: 0x000000d206900000,0x000000d206a00000] [id=6940]

Threads with active compile tasks:
C2 CompilerThread0    15225 7613       4       org.jetbrains.kotlin.cli.jvm.index.JvmDependenciesIndexImpl::search (379 bytes)
C1 CompilerThread0    15225 7755       3       org.jetbrains.kotlin.resolve.calls.components.InferenceSession$Companion$default$1::currentConstraintSystem (7 bytes)
C2 CompilerThread1    15225 7683   !   4       org.jetbrains.kotlin.metadata.ProtoBuf$Type::<init> (875 bytes)
C2 CompilerThread2    15226 7750       4       org.jetbrains.kotlin.psi.KtSimpleNameExpressionImpl$Companion::getReferencedNameImpl (44 bytes)

VM state: not at safepoint (normal execution)

VM Mutex/Monitor currently owned by a thread: None

Heap address: 0x0000000741c00000, size: 3044 MB, Compressed Oops mode: Zero based, Oop shift amount: 3

CDS archive(s) not mapped
Compressed class space mapped at: 0x0000000800000000-0x0000000840000000, reserved size: 1073741824
Narrow klass base: 0x0000000800000000, Narrow klass shift: 0, Narrow klass range: 0x40000000

GC Precious Log:
 CPUs: 8 total, 8 available
 Memory: 12174M
 Large Page Support: Disabled
 NUMA Support: Disabled
 Compressed Oops: Enabled (Zero based)
 Heap Region Size: 2M
 Heap Min Capacity: 8M
 Heap Initial Capacity: 192M
 Heap Max Capacity: 3044M
 Pre-touch: Disabled
 Parallel Workers: 8
 Concurrent Workers: 2
 Concurrent Refinement Workers: 8
 Periodic GC: Disabled

Heap:
 garbage-first heap   total 153600K, used 62007K [0x0000000741c00000, 0x0000000800000000)
  region size 2048K, 8 young (16384K), 5 survivors (10240K)
 Metaspace       used 61713K, committed 62016K, reserved 1105920K
  class space    used 7170K, committed 7296K, reserved 1048576K

Heap Regions: E=young(eden), S=young(survivor), O=old, HS=humongous(starts), HC=humongous(continues), CS=collection set, F=free, OA=open archive, CA=closed archive, TAMS=top-at-mark-start (previous, next)
|   0|0x0000000741c00000, 0x0000000741e00000, 0x0000000741e00000|100%|HS|  |TAMS 0x0000000741e00000, 0x0000000741c00000| Complete 
|   1|0x0000000741e00000, 0x0000000742000000, 0x0000000742000000|100%|HC|  |TAMS 0x0000000742000000, 0x0000000741e00000| Complete 
|   2|0x0000000742000000, 0x0000000742200000, 0x0000000742200000|100%| O|  |TAMS 0x0000000742200000, 0x0000000742000000| Untracked 
|   3|0x0000000742200000, 0x0000000742400000, 0x0000000742400000|100%|HS|  |TAMS 0x0000000742400000, 0x0000000742200000| Complete 
|   4|0x0000000742400000, 0x0000000742600000, 0x0000000742600000|100%|HC|  |TAMS 0x0000000742600000, 0x0000000742400000| Complete 
|   5|0x0000000742600000, 0x0000000742800000, 0x0000000742800000|100%| O|  |TAMS 0x0000000742800000, 0x0000000742600000| Untracked 
|   6|0x0000000742800000, 0x0000000742a00000, 0x0000000742a00000|100%| O|  |TAMS 0x0000000742a00000, 0x0000000742800000| Untracked 
|   7|0x0000000742a00000, 0x0000000742c00000, 0x0000000742c00000|100%| O|  |TAMS 0x0000000742c00000, 0x0000000742a00000| Untracked 
|   8|0x0000000742c00000, 0x0000000742e00000, 0x0000000742e00000|100%| O|  |TAMS 0x0000000742e00000, 0x0000000742c00000| Untracked 
|   9|0x0000000742e00000, 0x0000000743000000, 0x0000000743000000|100%| O|  |TAMS 0x0000000742e00000, 0x0000000742e00000| Untracked 
|  10|0x0000000743000000, 0x0000000743200000, 0x0000000743200000|100%| O|  |TAMS 0x0000000743200000, 0x0000000743000000| Untracked 
|  11|0x0000000743200000, 0x0000000743400000, 0x0000000743400000|100%|HS|  |TAMS 0x0000000743200000, 0x0000000743200000| Complete 
|  12|0x0000000743400000, 0x0000000743600000, 0x0000000743600000|100%|HS|  |TAMS 0x0000000743600000, 0x0000000743400000| Complete 
|  13|0x0000000743600000, 0x0000000743800000, 0x0000000743800000|100%| O|  |TAMS 0x0000000743600000, 0x0000000743600000| Untracked 
|  14|0x0000000743800000, 0x0000000743a00000, 0x0000000743a00000|100%| O|  |TAMS 0x0000000743800000, 0x0000000743800000| Untracked 
|  15|0x0000000743a00000, 0x0000000743c00000, 0x0000000743c00000|100%| O|  |TAMS 0x0000000743a00000, 0x0000000743a00000| Untracked 
|  16|0x0000000743c00000, 0x0000000743e00000, 0x0000000743e00000|100%| O|  |TAMS 0x0000000743c00000, 0x0000000743c00000| Untracked 
|  17|0x0000000743e00000, 0x0000000744000000, 0x0000000744000000|100%| O|  |TAMS 0x0000000743e00000, 0x0000000743e00000| Untracked 
|  18|0x0000000744000000, 0x0000000744200000, 0x0000000744200000|100%| O|  |TAMS 0x0000000744000000, 0x0000000744000000| Untracked 
|  19|0x0000000744200000, 0x0000000744400000, 0x0000000744400000|100%| O|  |TAMS 0x0000000744200000, 0x0000000744200000| Untracked 
|  20|0x0000000744400000, 0x0000000744600000, 0x0000000744600000|100%| O|  |TAMS 0x0000000744400000, 0x0000000744400000| Untracked 
|  21|0x0000000744600000, 0x0000000744800000, 0x0000000744800000|100%| O|  |TAMS 0x0000000744600000, 0x0000000744600000| Untracked 
|  22|0x0000000744800000, 0x0000000744a00000, 0x0000000744a00000|100%| O|  |TAMS 0x0000000744800000, 0x0000000744800000| Untracked 
|  23|0x0000000744a00000, 0x0000000744a8dc00, 0x0000000744c00000| 27%| O|  |TAMS 0x0000000744a00000, 0x0000000744a00000| Untracked 
|  24|0x0000000744c00000, 0x0000000744c00000, 0x0000000744e00000|  0%| F|  |TAMS 0x0000000744c00000, 0x0000000744c00000| Untracked 
|  25|0x0000000744e00000, 0x0000000744e00000, 0x0000000745000000|  0%| F|  |TAMS 0x0000000744e00000, 0x0000000744e00000| Untracked 
|  26|0x0000000745000000, 0x0000000745000000, 0x0000000745200000|  0%| F|  |TAMS 0x0000000745000000, 0x0000000745000000| Untracked 
|  27|0x0000000745200000, 0x0000000745200000, 0x0000000745400000|  0%| F|  |TAMS 0x0000000745200000, 0x0000000745200000| Untracked 
|  28|0x0000000745400000, 0x0000000745400000, 0x0000000745600000|  0%| F|  |TAMS 0x0000000745400000, 0x0000000745400000| Untracked 
|  29|0x0000000745600000, 0x0000000745600000, 0x0000000745800000|  0%| F|  |TAMS 0x0000000745600000, 0x0000000745600000| Untracked 
|  30|0x0000000745800000, 0x0000000745800000, 0x0000000745a00000|  0%| F|  |TAMS 0x0000000745800000, 0x0000000745800000| Untracked 
|  31|0x0000000745a00000, 0x0000000745a00000, 0x0000000745c00000|  0%| F|  |TAMS 0x0000000745a00000, 0x0000000745a00000| Untracked 
|  32|0x0000000745c00000, 0x0000000745c00000, 0x0000000745e00000|  0%| F|  |TAMS 0x0000000745c00000, 0x0000000745c00000| Untracked 
|  33|0x0000000745e00000, 0x0000000746000000, 0x0000000746000000|100%| S|CS|TAMS 0x0000000745e00000, 0x0000000745e00000| Complete 
|  34|0x0000000746000000, 0x0000000746200000, 0x0000000746200000|100%| S|CS|TAMS 0x0000000746000000, 0x0000000746000000| Complete 
|  35|0x0000000746200000, 0x0000000746200000, 0x0000000746400000|  0%| F|  |TAMS 0x0000000746200000, 0x0000000746200000| Untracked 
|  36|0x0000000746400000, 0x0000000746400000, 0x0000000746600000|  0%| F|  |TAMS 0x0000000746400000, 0x0000000746400000| Untracked 
|  37|0x0000000746600000, 0x0000000746600000, 0x0000000746800000|  0%| F|  |TAMS 0x0000000746600000, 0x0000000746600000| Untracked 
|  38|0x0000000746800000, 0x0000000746800000, 0x0000000746a00000|  0%| F|  |TAMS 0x0000000746800000, 0x0000000746800000| Untracked 
|  39|0x0000000746a00000, 0x0000000746a00000, 0x0000000746c00000|  0%| F|  |TAMS 0x0000000746a00000, 0x0000000746a00000| Untracked 
|  40|0x0000000746c00000, 0x0000000746e00000, 0x0000000746e00000|100%| S|CS|TAMS 0x0000000746c00000, 0x0000000746c00000| Complete 
|  41|0x0000000746e00000, 0x0000000747000000, 0x0000000747000000|100%| S|CS|TAMS 0x0000000746e00000, 0x0000000746e00000| Complete 
|  42|0x0000000747000000, 0x0000000747200000, 0x0000000747200000|100%| S|CS|TAMS 0x0000000747000000, 0x0000000747000000| Complete 
|  43|0x0000000747200000, 0x0000000747200000, 0x0000000747400000|  0%| F|  |TAMS 0x0000000747200000, 0x0000000747200000| Untracked 
|  44|0x0000000747400000, 0x0000000747400000, 0x0000000747600000|  0%| F|  |TAMS 0x0000000747400000, 0x0000000747400000| Untracked 
|  45|0x0000000747600000, 0x0000000747600000, 0x0000000747800000|  0%| F|  |TAMS 0x0000000747600000, 0x0000000747600000| Untracked 
|  46|0x0000000747800000, 0x0000000747800000, 0x0000000747a00000|  0%| F|  |TAMS 0x0000000747800000, 0x0000000747800000| Untracked 
|  47|0x0000000747a00000, 0x0000000747a00000, 0x0000000747c00000|  0%| F|  |TAMS 0x0000000747a00000, 0x0000000747a00000| Untracked 
|  48|0x0000000747c00000, 0x0000000747c00000, 0x0000000747e00000|  0%| F|  |TAMS 0x0000000747c00000, 0x0000000747c00000| Untracked 
|  49|0x0000000747e00000, 0x0000000747e00000, 0x0000000748000000|  0%| F|  |TAMS 0x0000000747e00000, 0x0000000747e00000| Untracked 
|  50|0x0000000748000000, 0x0000000748000000, 0x0000000748200000|  0%| F|  |TAMS 0x0000000748000000, 0x0000000748000000| Untracked 
|  51|0x0000000748200000, 0x0000000748200000, 0x0000000748400000|  0%| F|  |TAMS 0x0000000748200000, 0x0000000748200000| Untracked 
|  52|0x0000000748400000, 0x0000000748400000, 0x0000000748600000|  0%| F|  |TAMS 0x0000000748400000, 0x0000000748400000| Untracked 
|  53|0x0000000748600000, 0x0000000748600000, 0x0000000748800000|  0%| F|  |TAMS 0x0000000748600000, 0x0000000748600000| Untracked 
|  54|0x0000000748800000, 0x0000000748800000, 0x0000000748a00000|  0%| F|  |TAMS 0x0000000748800000, 0x0000000748800000| Untracked 
|  55|0x0000000748a00000, 0x0000000748a00000, 0x0000000748c00000|  0%| F|  |TAMS 0x0000000748a00000, 0x0000000748a00000| Untracked 
|  56|0x0000000748c00000, 0x0000000748c00000, 0x0000000748e00000|  0%| F|  |TAMS 0x0000000748c00000, 0x0000000748c00000| Untracked 
|  57|0x0000000748e00000, 0x0000000748e00000, 0x0000000749000000|  0%| F|  |TAMS 0x0000000748e00000, 0x0000000748e00000| Untracked 
|  58|0x0000000749000000, 0x0000000749000000, 0x0000000749200000|  0%| F|  |TAMS 0x0000000749000000, 0x0000000749000000| Untracked 
|  59|0x0000000749200000, 0x0000000749200000, 0x0000000749400000|  0%| F|  |TAMS 0x0000000749200000, 0x0000000749200000| Untracked 
|  60|0x0000000749400000, 0x0000000749400000, 0x0000000749600000|  0%| F|  |TAMS 0x0000000749400000, 0x0000000749400000| Untracked 
|  61|0x0000000749600000, 0x0000000749600000, 0x0000000749800000|  0%| F|  |TAMS 0x0000000749600000, 0x0000000749600000| Untracked 
|  62|0x0000000749800000, 0x0000000749800000, 0x0000000749a00000|  0%| F|  |TAMS 0x0000000749800000, 0x0000000749800000| Untracked 
|  63|0x0000000749a00000, 0x0000000749a00000, 0x0000000749c00000|  0%| F|  |TAMS 0x0000000749a00000, 0x0000000749a00000| Untracked 
|  64|0x0000000749c00000, 0x0000000749c00000, 0x0000000749e00000|  0%| F|  |TAMS 0x0000000749c00000, 0x0000000749c00000| Untracked 
|  65|0x0000000749e00000, 0x0000000749e00000, 0x000000074a000000|  0%| F|  |TAMS 0x0000000749e00000, 0x0000000749e00000| Untracked 
|  66|0x000000074a000000, 0x000000074a000000, 0x000000074a200000|  0%| F|  |TAMS 0x000000074a000000, 0x000000074a000000| Untracked 
|  67|0x000000074a200000, 0x000000074a200000, 0x000000074a400000|  0%| F|  |TAMS 0x000000074a200000, 0x000000074a200000| Untracked 
|  68|0x000000074a400000, 0x000000074a400000, 0x000000074a600000|  0%| F|  |TAMS 0x000000074a400000, 0x000000074a400000| Untracked 
|  69|0x000000074a600000, 0x000000074a600000, 0x000000074a800000|  0%| F|  |TAMS 0x000000074a600000, 0x000000074a600000| Untracked 
|  90|0x000000074d000000, 0x000000074d000000, 0x000000074d200000|  0%| F|  |TAMS 0x000000074d000000, 0x000000074d000000| Untracked 
|  91|0x000000074d200000, 0x000000074d200000, 0x000000074d400000|  0%| F|  |TAMS 0x000000074d200000, 0x000000074d200000| Untracked 
|  92|0x000000074d400000, 0x000000074d504240, 0x000000074d600000| 50%| E|  |TAMS 0x000000074d400000, 0x000000074d400000| Complete 
|  93|0x000000074d600000, 0x000000074d800000, 0x000000074d800000|100%| E|CS|TAMS 0x000000074d600000, 0x000000074d600000| Complete 
|  95|0x000000074da00000, 0x000000074dc00000, 0x000000074dc00000|100%| E|CS|TAMS 0x000000074da00000, 0x000000074da00000| Complete 

Card table byte_map: [0x000001f6494e0000,0x000001f649ae0000] _byte_map_base: 0x000001f645ad2000

Marking Bits (Prev, Next): (CMBitMap*) 0x000001f634812e10, (CMBitMap*) 0x000001f634812dd0
 Prev Bits: [0x000001f64d070000, 0x000001f650000000)
 Next Bits: [0x000001f64a0e0000, 0x000001f64d070000)

Polling page: 0x000001f639430000

Metaspace:

Usage:
  Non-class:     53.27 MB used.
      Class:      7.00 MB used.
       Both:     60.27 MB used.

Virtual space:
  Non-class space:       56.00 MB reserved,      53.44 MB ( 95%) committed,  7 nodes.
      Class space:        1.00 GB reserved,       7.12 MB ( <1%) committed,  1 nodes.
             Both:        1.05 GB reserved,      60.56 MB (  6%) committed. 

Chunk freelists:
   Non-Class:  1.86 MB
       Class:  848.00 KB
        Both:  2.69 MB

MaxMetaspaceSize: unlimited
CompressedClassSpaceSize: 1.00 GB
Initial GC threshold: 21.00 MB
Current GC threshold: 66.25 MB
CDS: off
MetaspaceReclaimPolicy: balanced
 - commit_granule_bytes: 65536.
 - commit_granule_words: 8192.
 - virtual_space_node_default_size: 1048576.
 - enlarge_chunks_in_place: 1.
 - new_chunks_are_fully_committed: 0.
 - uncommit_free_chunks: 1.
 - use_allocation_guard: 0.
 - handle_deallocations: 1.


Internal statistics:

num_allocs_failed_limit: 9.
num_arena_births: 274.
num_arena_deaths: 0.
num_vsnodes_births: 8.
num_vsnodes_deaths: 0.
num_space_committed: 967.
num_space_uncommitted: 0.
num_chunks_returned_to_freelist: 9.
num_chunks_taken_from_freelist: 2160.
num_chunk_merges: 6.
num_chunk_splits: 1712.
num_chunks_enlarged: 1506.
num_purges: 0.
num_inconsistent_stats: 0.

CodeHeap 'non-profiled nmethods': size=120000Kb used=3753Kb max_used=3753Kb free=116246Kb
 bounds [0x000001f640f20000, 0x000001f6412d0000, 0x000001f648450000]
CodeHeap 'profiled nmethods': size=120000Kb used=17404Kb max_used=17404Kb free=102595Kb
 bounds [0x000001f639450000, 0x000001f63a550000, 0x000001f640980000]
CodeHeap 'non-nmethods': size=5760Kb used=1316Kb max_used=1412Kb free=4443Kb
 bounds [0x000001f640980000, 0x000001f640bf0000, 0x000001f640f20000]
 total_blobs=7538 nmethods=6912 adapters=536
 compilation: enabled
              stopped_count=0, restarted_count=0
 full_count=0

Compilation events (20 events):
Event: 15.140 Thread 0x000001f652ae58d0 7734       1       org.jetbrains.kotlin.builtins.functions.FunctionClassDescriptor::access$getParameters$p (5 bytes)
Event: 15.140 Thread 0x000001f652ae58d0 nmethod 7734 0x000001f6412c8810 code [0x000001f6412c89a0, 0x000001f6412c8a58]
Event: 15.144 Thread 0x000001f6550c4570 7738       4       org.jetbrains.kotlin.name.FqNameUnsafe$1::invoke (9 bytes)
Event: 15.153 Thread 0x000001f6550c4570 nmethod 7738 0x000001f6412c8b10 code [0x000001f6412c8ca0, 0x000001f6412c8e48]
Event: 15.164 Thread 0x000001f652ae58d0 7739       3       org.jetbrains.kotlin.resolve.AbstractFilteringTrace::record (38 bytes)
Event: 15.167 Thread 0x000001f652ae58d0 nmethod 7739 0x000001f63a530410 code [0x000001f63a5306e0, 0x000001f63a5314c8]
Event: 15.167 Thread 0x000001f652ae58d0 7740       3       org.jetbrains.kotlin.types.expressions.ExpressionTypingServices$EffectsFilteringTrace::shouldBeHiddenFromParent (21 bytes)
Event: 15.167 Thread 0x000001f652ae58d0 nmethod 7740 0x000001f63a531990 code [0x000001f63a531b40, 0x000001f63a531d28]
Event: 15.167 Thread 0x000001f652ae58d0 7741       3       org.jetbrains.kotlin.resolve.calls.tower.TowerResolver$Task::createNonLocalLevels$addLevelForLexicalScope (92 bytes)
Event: 15.171 Thread 0x000001f6550c4570 7743       4       org.jetbrains.kotlin.resolve.calls.tower.ScopeBasedTowerLevel::recordLookup (21 bytes)
Event: 15.172 Thread 0x000001f652ae58d0 nmethod 7741 0x000001f63a531e10 code [0x000001f63a532220, 0x000001f63a533fa8]
Event: 15.172 Thread 0x000001f652ae58d0 7742       3       org.jetbrains.kotlin.resolve.calls.tower.TowerResolver$Task::createNonLocalLevels$addLevel (34 bytes)
Event: 15.174 Thread 0x000001f652ae58d0 nmethod 7742 0x000001f63a534a10 code [0x000001f63a534c80, 0x000001f63a535698]
Event: 15.174 Thread 0x000001f652ae58d0 7745       3       org.jetbrains.kotlin.resolve.scopes.LexicalScopeStorage::functionsByName$default (38 bytes)
Event: 15.175 Thread 0x000001f6550c4570 nmethod 7743 0x000001f6412c9090 code [0x000001f6412c9220, 0x000001f6412c9338]
Event: 15.175 Thread 0x000001f652ae58d0 nmethod 7745 0x000001f63a535a90 code [0x000001f63a535c60, 0x000001f63a535fa8]
Event: 15.175 Thread 0x000001f652ae58d0 7746       3       org.jetbrains.kotlin.resolve.scopes.LexicalScopeStorage::functionsByName (67 bytes)
Event: 15.176 Thread 0x000001f6550c4570 7749       4       org.jetbrains.kotlin.psi.KtNameReferenceExpression::getReferencedName (30 bytes)
Event: 15.177 Thread 0x000001f652ae58d0 nmethod 7746 0x000001f63a536110 code [0x000001f63a536380, 0x000001f63a536e38]
Event: 15.177 Thread 0x000001f652ae58d0 7747       3       org.jetbrains.kotlin.resolve.calls.tower.NewResolvedCallImpl::calculateExpectedTypeForConvertedArguments (141 bytes)

GC Heap History (20 events):
Event: 3.291 GC heap before
{Heap before GC invocations=5 (full 0):
 garbage-first heap   total 55296K, used 16910K [0x0000000741c00000, 0x0000000800000000)
  region size 2048K, 3 young (6144K), 2 survivors (4096K)
 Metaspace       used 29084K, committed 29376K, reserved 1081344K
  class space    used 3262K, committed 3392K, reserved 1048576K
}
Event: 3.298 GC heap after
{Heap after GC invocations=6 (full 0):
 garbage-first heap   total 55296K, used 16938K [0x0000000741c00000, 0x0000000800000000)
  region size 2048K, 1 young (2048K), 1 survivors (2048K)
 Metaspace       used 29084K, committed 29376K, reserved 1081344K
  class space    used 3262K, committed 3392K, reserved 1048576K
}
Event: 3.746 GC heap before
{Heap before GC invocations=6 (full 0):
 garbage-first heap   total 55296K, used 43562K [0x0000000741c00000, 0x0000000800000000)
  region size 2048K, 12 young (24576K), 1 survivors (2048K)
 Metaspace       used 31512K, committed 31744K, reserved 1081344K
  class space    used 3824K, committed 3904K, reserved 1048576K
}
Event: 3.761 GC heap after
{Heap after GC invocations=7 (full 0):
 garbage-first heap   total 55296K, used 24113K [0x0000000741c00000, 0x0000000800000000)
  region size 2048K, 2 young (4096K), 2 survivors (4096K)
 Metaspace       used 31512K, committed 31744K, reserved 1081344K
  class space    used 3824K, committed 3904K, reserved 1048576K
}
Event: 4.349 GC heap before
{Heap before GC invocations=7 (full 0):
 garbage-first heap   total 55296K, used 40497K [0x0000000741c00000, 0x0000000800000000)
  region size 2048K, 10 young (20480K), 2 survivors (4096K)
 Metaspace       used 35320K, committed 35520K, reserved 1081344K
  class space    used 4457K, committed 4544K, reserved 1048576K
}
Event: 4.368 GC heap after
{Heap after GC invocations=8 (full 0):
 garbage-first heap   total 83968K, used 26725K [0x0000000741c00000, 0x0000000800000000)
  region size 2048K, 2 young (4096K), 2 survivors (4096K)
 Metaspace       used 35320K, committed 35520K, reserved 1081344K
  class space    used 4457K, committed 4544K, reserved 1048576K
}
Event: 4.455 GC heap before
{Heap before GC invocations=8 (full 0):
 garbage-first heap   total 83968K, used 28773K [0x0000000741c00000, 0x0000000800000000)
  region size 2048K, 4 young (8192K), 2 survivors (4096K)
 Metaspace       used 35777K, committed 35968K, reserved 1081344K
  class space    used 4513K, committed 4608K, reserved 1048576K
}
Event: 4.463 GC heap after
{Heap after GC invocations=9 (full 0):
 garbage-first heap   total 83968K, used 26906K [0x0000000741c00000, 0x0000000800000000)
  region size 2048K, 2 young (4096K), 2 survivors (4096K)
 Metaspace       used 35777K, committed 35968K, reserved 1081344K
  class space    used 4513K, committed 4608K, reserved 1048576K
}
Event: 5.251 GC heap before
{Heap before GC invocations=10 (full 0):
 garbage-first heap   total 83968K, used 57626K [0x0000000741c00000, 0x0000000800000000)
  region size 2048K, 17 young (34816K), 2 survivors (4096K)
 Metaspace       used 40153K, committed 40448K, reserved 1089536K
  class space    used 4975K, committed 5120K, reserved 1048576K
}
Event: 5.280 GC heap after
{Heap after GC invocations=11 (full 0):
 garbage-first heap   total 83968K, used 31587K [0x0000000741c00000, 0x0000000800000000)
  region size 2048K, 3 young (6144K), 3 survivors (6144K)
 Metaspace       used 40153K, committed 40448K, reserved 1089536K
  class space    used 4975K, committed 5120K, reserved 1048576K
}
Event: 6.194 GC heap before
{Heap before GC invocations=12 (full 0):
 garbage-first heap   total 83968K, used 58211K [0x0000000741c00000, 0x0000000800000000)
  region size 2048K, 16 young (32768K), 3 survivors (6144K)
 Metaspace       used 46485K, committed 46784K, reserved 1097728K
  class space    used 5617K, committed 5760K, reserved 1048576K
}
Event: 6.216 GC heap after
{Heap after GC invocations=13 (full 0):
 garbage-first heap   total 83968K, used 34247K [0x0000000741c00000, 0x0000000800000000)
  region size 2048K, 2 young (4096K), 2 survivors (4096K)
 Metaspace       used 46485K, committed 46784K, reserved 1097728K
  class space    used 5617K, committed 5760K, reserved 1048576K
}
Event: 6.255 GC heap before
{Heap before GC invocations=13 (full 0):
 garbage-first heap   total 83968K, used 36295K [0x0000000741c00000, 0x0000000800000000)
  region size 2048K, 3 young (6144K), 2 survivors (4096K)
 Metaspace       used 46707K, committed 46976K, reserved 1097728K
  class space    used 5644K, committed 5760K, reserved 1048576K
}
Event: 6.267 GC heap after
{Heap after GC invocations=14 (full 0):
 garbage-first heap   total 83968K, used 35066K [0x0000000741c00000, 0x0000000800000000)
  region size 2048K, 1 young (2048K), 1 survivors (2048K)
 Metaspace       used 46707K, committed 46976K, reserved 1097728K
  class space    used 5644K, committed 5760K, reserved 1048576K
}
Event: 7.251 GC heap before
{Heap before GC invocations=14 (full 0):
 garbage-first heap   total 83968K, used 59642K [0x0000000741c00000, 0x0000000800000000)
  region size 2048K, 13 young (26624K), 1 survivors (2048K)
 Metaspace       used 51126K, committed 51456K, reserved 1097728K
  class space    used 6166K, committed 6336K, reserved 1048576K
}
Event: 7.275 GC heap after
{Heap after GC invocations=15 (full 0):
 garbage-first heap   total 153600K, used 40960K [0x0000000741c00000, 0x0000000800000000)
  region size 2048K, 2 young (4096K), 2 survivors (4096K)
 Metaspace       used 51126K, committed 51456K, reserved 1097728K
  class space    used 6166K, committed 6336K, reserved 1048576K
}
Event: 10.449 GC heap before
{Heap before GC invocations=15 (full 0):
 garbage-first heap   total 153600K, used 112640K [0x0000000741c00000, 0x0000000800000000)
  region size 2048K, 37 young (75776K), 2 survivors (4096K)
 Metaspace       used 57478K, committed 57728K, reserved 1105920K
  class space    used 6847K, committed 6976K, reserved 1048576K
}
Event: 10.481 GC heap after
{Heap after GC invocations=16 (full 0):
 garbage-first heap   total 153600K, used 47739K [0x0000000741c00000, 0x0000000800000000)
  region size 2048K, 5 young (10240K), 5 survivors (10240K)
 Metaspace       used 57478K, committed 57728K, reserved 1105920K
  class space    used 6847K, committed 6976K, reserved 1048576K
}
Event: 14.655 GC heap before
{Heap before GC invocations=16 (full 0):
 garbage-first heap   total 153600K, used 113275K [0x0000000741c00000, 0x0000000800000000)
  region size 2048K, 37 young (75776K), 5 survivors (10240K)
 Metaspace       used 61490K, committed 61760K, reserved 1105920K
  class space    used 7147K, committed 7296K, reserved 1048576K
}
Event: 14.724 GC heap after
{Heap after GC invocations=17 (full 0):
 garbage-first heap   total 153600K, used 57911K [0x0000000741c00000, 0x0000000800000000)
  region size 2048K, 5 young (10240K), 5 survivors (10240K)
 Metaspace       used 61490K, committed 61760K, reserved 1105920K
  class space    used 7147K, committed 7296K, reserved 1048576K
}

Dll operation events (2 events):
Event: 0.021 Loaded shared library C:\Program Files\Android\Android Studio\jbr\bin\java.dll
Event: 2.137 Loaded shared library C:\Program Files\Android\Android Studio\jbr\bin\verify.dll

Deoptimization events (20 events):
Event: 14.829 Thread 0x000001f6347bbff0 Uncommon trap: trap_request=0xffffffde fr.pc=0x000001f64120a5d0 relative=0x0000000000000190
Event: 14.829 Thread 0x000001f6347bbff0 Uncommon trap: reason=class_check action=maybe_recompile pc=0x000001f64120a5d0 method=kotlin.collections.CollectionsKt__MutableCollectionsKt.addAll(Ljava/util/Collection;Ljava/lang/Iterable;)Z @ 49 c2
Event: 14.829 Thread 0x000001f6347bbff0 DEOPT PACKING pc=0x000001f64120a5d0 sp=0x000000d2064f63a0
Event: 14.829 Thread 0x000001f6347bbff0 DEOPT UNPACKING pc=0x000001f6409d69a3 sp=0x000000d2064f6338 mode 2
Event: 14.831 Thread 0x000001f6347bbff0 Uncommon trap: trap_request=0xffffffde fr.pc=0x000001f64120a5d0 relative=0x0000000000000190
Event: 14.831 Thread 0x000001f6347bbff0 Uncommon trap: reason=class_check action=maybe_recompile pc=0x000001f64120a5d0 method=kotlin.collections.CollectionsKt__MutableCollectionsKt.addAll(Ljava/util/Collection;Ljava/lang/Iterable;)Z @ 49 c2
Event: 14.831 Thread 0x000001f6347bbff0 DEOPT PACKING pc=0x000001f64120a5d0 sp=0x000000d2064f63a0
Event: 14.831 Thread 0x000001f6347bbff0 DEOPT UNPACKING pc=0x000001f6409d69a3 sp=0x000000d2064f6338 mode 2
Event: 14.976 Thread 0x000001f6347bbff0 Uncommon trap: trap_request=0xffffffc6 fr.pc=0x000001f6411fafa0 relative=0x0000000000002200
Event: 14.976 Thread 0x000001f6347bbff0 Uncommon trap: reason=bimorphic_or_optimized_type_check action=maybe_recompile pc=0x000001f6411fafa0 method=org.jetbrains.kotlin.load.kotlin.FileBasedKotlinClass$3$1.visit(Ljava/lang/String;Ljava/lang/Object;)V @ 46 c2
Event: 14.976 Thread 0x000001f6347bbff0 DEOPT PACKING pc=0x000001f6411fafa0 sp=0x000000d2064f44e0
Event: 14.976 Thread 0x000001f6347bbff0 DEOPT UNPACKING pc=0x000001f6409d69a3 sp=0x000000d2064f43f8 mode 2
Event: 15.137 Thread 0x000001f6347bbff0 Uncommon trap: trap_request=0xffffffc6 fr.pc=0x000001f64125e4f0 relative=0x0000000000000590
Event: 15.137 Thread 0x000001f6347bbff0 Uncommon trap: reason=bimorphic_or_optimized_type_check action=maybe_recompile pc=0x000001f64125e4f0 method=kotlin.sequences.FlatteningSequence$iterator$1.ensureItemIterator()Z @ 80 c2
Event: 15.140 Thread 0x000001f6347bbff0 DEOPT PACKING pc=0x000001f64125e4f0 sp=0x000000d2064f37a0
Event: 15.140 Thread 0x000001f6347bbff0 DEOPT UNPACKING pc=0x000001f6409d69a3 sp=0x000000d2064f36e8 mode 2
Event: 15.154 Thread 0x000001f6347bbff0 Uncommon trap: trap_request=0xffffffc6 fr.pc=0x000001f6411fafa0 relative=0x0000000000002200
Event: 15.154 Thread 0x000001f6347bbff0 Uncommon trap: reason=bimorphic_or_optimized_type_check action=maybe_recompile pc=0x000001f6411fafa0 method=org.jetbrains.kotlin.load.kotlin.FileBasedKotlinClass$3$1.visit(Ljava/lang/String;Ljava/lang/Object;)V @ 46 c2
Event: 15.154 Thread 0x000001f6347bbff0 DEOPT PACKING pc=0x000001f6411fafa0 sp=0x000000d2064f2c70
Event: 15.154 Thread 0x000001f6347bbff0 DEOPT UNPACKING pc=0x000001f6409d69a3 sp=0x000000d2064f2b88 mode 2

Classes unloaded (0 events):
No events

Classes redefined (0 events):
No events

Internal exceptions (20 events):
Event: 6.110 Thread 0x000001f6347bbff0 Exception <a 'java/lang/NoSuchMethodError'{0x00000007457f9778}: 'java.lang.Object java.lang.invoke.DirectMethodHandle$Holder.invokeSpecial(java.lang.Object, java.lang.Object, java.lang.Object, java.lang.Object, int)'> (0x00000007457f9778) 
thrown [s\src\hotspot\share\interpreter\linkResolver.cpp, line 771]
Event: 6.111 Thread 0x000001f6347bbff0 Exception <a 'java/lang/NoSuchMethodError'{0x00000007457fd5e8}: 'java.lang.Object java.lang.invoke.Invokers$Holder.linkToTargetMethod(java.lang.Object, java.lang.Object, int, java.lang.Object)'> (0x00000007457fd5e8) 
thrown [s\src\hotspot\share\interpreter\linkResolver.cpp, line 771]
Event: 7.251 Thread 0x000001f6347bbff0 Exception <a 'java/lang/NoSuchMethodError'{0x00000007455fede8}: 'java.lang.Object java.lang.invoke.DirectMethodHandle$Holder.newInvokeSpecial(java.lang.Object, int, java.lang.Object)'> (0x00000007455fede8) 
thrown [s\src\hotspot\share\interpreter\linkResolver.cpp, line 771]
Event: 7.277 Thread 0x000001f6347bbff0 Exception <a 'java/lang/NoSuchMethodError'{0x000000074da05778}: 'int java.lang.invoke.DirectMethodHandle$Holder.invokeInterface(java.lang.Object, java.lang.Object)'> (0x000000074da05778) 
thrown [s\src\hotspot\share\interpreter\linkResolver.cpp, line 771]
Event: 7.363 Thread 0x000001f6347bbff0 Exception <a 'java/lang/NoSuchMethodError'{0x000000074d60c930}: 'java.lang.Object java.lang.invoke.DirectMethodHandle$Holder.newInvokeSpecial(java.lang.Object, java.lang.Object, java.lang.Object, java.lang.Object, java.lang.Object, java.lang.Object)'> (0x000000074d60c930) 
thrown [s\src\hotspot\share\interpreter\linkResolver.cpp, line 771]
Event: 9.552 Thread 0x000001f6347bbff0 Exception <a 'java/lang/NoSuchMethodError'{0x00000007479e85d0}: 'java.lang.Object java.lang.invoke.DirectMethodHandle$Holder.invokeStatic(java.lang.Object, java.lang.Object, java.lang.Object, java.lang.Object, int)'> (0x00000007479e85d0) 
thrown [s\src\hotspot\share\interpreter\linkResolver.cpp, line 771]
Event: 9.554 Thread 0x000001f6347bbff0 Exception <a 'java/lang/NoSuchMethodError'{0x00000007479f2010}: 'java.lang.Object java.lang.invoke.DirectMethodHandle$Holder.newInvokeSpecial(java.lang.Object, java.lang.Object, java.lang.Object, java.lang.Object, int)'> (0x00000007479f2010) 
thrown [s\src\hotspot\share\interpreter\linkResolver.cpp, line 771]
Event: 9.555 Thread 0x000001f6347bbff0 Exception <a 'java/lang/NoSuchMethodError'{0x00000007479f6898}: 'java.lang.Object java.lang.invoke.DirectMethodHandle$Holder.invokeSpecial(java.lang.Object, java.lang.Object, java.lang.Object, java.lang.Object, java.lang.Object, int)'> (0x00000007479f6898) 
thrown [s\src\hotspot\share\interpreter\linkResolver.cpp, line 771]
Event: 9.556 Thread 0x000001f6347bbff0 Exception <a 'java/lang/NoSuchMethodError'{0x00000007479faad0}: 'java.lang.Object java.lang.invoke.Invokers$Holder.linkToTargetMethod(java.lang.Object, java.lang.Object, java.lang.Object, int, java.lang.Object)'> (0x00000007479faad0) 
thrown [s\src\hotspot\share\interpreter\linkResolver.cpp, line 771]
Event: 10.099 Thread 0x000001f6347bbff0 Exception <a 'java/lang/NoSuchMethodError'{0x0000000747199480}: 'java.lang.Object java.lang.invoke.DirectMethodHandle$Holder.invokeStaticInit(java.lang.Object, java.lang.Object, java.lang.Object)'> (0x0000000747199480) 
thrown [s\src\hotspot\share\interpreter\linkResolver.cpp, line 771]
Event: 11.481 Thread 0x000001f6347bbff0 Implicit null exception at 0x000001f640f6e50f to 0x000001f640f6e79c
Event: 11.481 Thread 0x000001f6347bbff0 Implicit null exception at 0x000001f640f8188f to 0x000001f640f81909
Event: 11.904 Thread 0x000001f6347bbff0 Implicit null exception at 0x000001f64105e44c to 0x000001f64105e888
Event: 11.913 Thread 0x000001f6347bbff0 Implicit null exception at 0x000001f640facdef to 0x000001f640fad04c
Event: 12.147 Thread 0x000001f6347bbff0 Exception <a 'java/lang/NoSuchMethodError'{0x000000074935e1f8}: 'int java.lang.invoke.DirectMethodHandle$Holder.invokeStaticInit(java.lang.Object, int)'> (0x000000074935e1f8) 
thrown [s\src\hotspot\share\interpreter\linkResolver.cpp, line 771]
Event: 13.530 Thread 0x000001f6347bbff0 Implicit null exception at 0x000001f64122f420 to 0x000001f64122f7de
Event: 13.807 Thread 0x000001f6347bbff0 Implicit null exception at 0x000001f640f4c520 to 0x000001f640f4c618
Event: 13.807 Thread 0x000001f6347bbff0 Implicit null exception at 0x000001f640f87660 to 0x000001f640f876fa
Event: 14.316 Thread 0x000001f6347bbff0 Exception <a 'java/lang/NoSuchMethodError'{0x00000007474f3b60}: 'java.lang.Object java.lang.invoke.DirectMethodHandle$Holder.newInvokeSpecial(java.lang.Object, java.lang.Object, java.lang.Object, java.lang.Object, java.lang.Object, java.lang.Object, java.lang.Object)'> (0x00000007474f3b60) 
thrown [s\src\hotspot\share\interpreter\linkResolver.cpp, line 771]
Event: 14.318 Thread 0x000001f6347bbff0 Exception <a 'java/lang/NoSuchMethodError'{0x00000007474f89c0}: 'java.lang.Object java.lang.invoke.Invokers$Holder.linkToTargetMethod(java.lang.Object, java.lang.Object, java.lang.Object, java.lang.Object, java.lang.Object, java.lang.Object, java.lang.Object)'> (0x00000007474f89c0) 
thrown [s\src\hotspot\share\interpreter\linkResolver.cpp, line 771]

VM Operations (20 events):
Event: 14.198 Executing VM operation: ICBufferFull
Event: 14.198 Executing VM operation: ICBufferFull done
Event: 14.229 Executing VM operation: HandshakeAllThreads
Event: 14.229 Executing VM operation: HandshakeAllThreads done
Event: 14.246 Executing VM operation: HandshakeAllThreads
Event: 14.246 Executing VM operation: HandshakeAllThreads done
Event: 14.264 Executing VM operation: HandshakeAllThreads
Event: 14.264 Executing VM operation: HandshakeAllThreads done
Event: 14.375 Executing VM operation: ICBufferFull
Event: 14.376 Executing VM operation: ICBufferFull done
Event: 14.415 Executing VM operation: HandshakeAllThreads
Event: 14.415 Executing VM operation: HandshakeAllThreads done
Event: 14.457 Executing VM operation: HandshakeAllThreads
Event: 14.457 Executing VM operation: HandshakeAllThreads done
Event: 14.555 Executing VM operation: ICBufferFull
Event: 14.556 Executing VM operation: ICBufferFull done
Event: 14.655 Executing VM operation: G1CollectForAllocation
Event: 14.725 Executing VM operation: G1CollectForAllocation done
Event: 15.010 Executing VM operation: HandshakeAllThreads
Event: 15.010 Executing VM operation: HandshakeAllThreads done

Events (20 events):
Event: 13.583 loading class jdk/internal/math/FloatingDecimal$BinaryToASCIIConverter done
Event: 13.583 loading class jdk/internal/math/FloatingDecimal$ExceptionalBinaryToASCIIBuffer done
Event: 13.583 loading class jdk/internal/math/FloatingDecimal$BinaryToASCIIBuffer
Event: 13.584 loading class jdk/internal/math/FloatingDecimal$BinaryToASCIIBuffer done
Event: 13.584 loading class jdk/internal/math/FloatingDecimal$1
Event: 13.584 loading class jdk/internal/math/FloatingDecimal$1 done
Event: 13.584 loading class jdk/internal/math/FloatingDecimal$PreparedASCIIToBinaryBuffer
Event: 13.584 loading class jdk/internal/math/FloatingDecimal$ASCIIToBinaryConverter
Event: 13.585 loading class jdk/internal/math/FloatingDecimal$ASCIIToBinaryConverter done
Event: 13.585 loading class jdk/internal/math/FloatingDecimal$PreparedASCIIToBinaryBuffer done
Event: 13.585 loading class jdk/internal/math/FloatingDecimal$ASCIIToBinaryBuffer
Event: 13.585 loading class jdk/internal/math/FloatingDecimal$ASCIIToBinaryBuffer done
Event: 13.760 loading class java/util/regex/Pattern$Bound
Event: 13.761 loading class java/util/regex/Pattern$Bound done
Event: 13.761 loading class java/util/regex/Pattern$NotBehind
Event: 13.761 loading class java/util/regex/Pattern$NotBehind done
Event: 14.469 Thread 0x000001f653476520 flushing nmethod 0x000001f639999610
Event: 14.472 Thread 0x000001f653476520 flushing nmethod 0x000001f639bd1b90
Event: 14.472 Thread 0x000001f653476520 flushing nmethod 0x000001f639bed390
Event: 14.475 Thread 0x000001f653476520 flushing nmethod 0x000001f639d18c10


Dynamic libraries:
0x00007ff7e37a0000 - 0x00007ff7e37aa000 	C:\Program Files\Android\Android Studio\jbr\bin\java.exe
0x00007fff59890000 - 0x00007fff59aa4000 	C:\Windows\SYSTEM32\ntdll.dll
0x00007fff58250000 - 0x00007fff58313000 	C:\Windows\System32\KERNEL32.DLL
0x00007fff56f30000 - 0x00007fff572cd000 	C:\Windows\System32\KERNELBASE.dll
0x00007fff57530000 - 0x00007fff57641000 	C:\Windows\System32\ucrtbase.dll
0x00007fff3b590000 - 0x00007fff3b5a7000 	C:\Program Files\Android\Android Studio\jbr\bin\jli.dll
0x00007fff36db0000 - 0x00007fff36dcb000 	C:\Program Files\Android\Android Studio\jbr\bin\VCRUNTIME140.dll
0x00007fff58320000 - 0x00007fff584cd000 	C:\Windows\System32\USER32.dll
0x00007fff3d0f0000 - 0x00007fff3d37e000 	C:\Windows\WinSxS\amd64_microsoft.windows.common-controls_6595b64144ccf1df_6.0.22621.608_none_a9444ca7c10bb01d\COMCTL32.dll
0x00007fff57650000 - 0x00007fff57676000 	C:\Windows\System32\win32u.dll
0x00007fff57680000 - 0x00007fff57727000 	C:\Windows\System32\msvcrt.dll
0x00007fff594e0000 - 0x00007fff59509000 	C:\Windows\System32\GDI32.dll
0x00007fff56d70000 - 0x00007fff56e82000 	C:\Windows\System32\gdi32full.dll
0x00007fff56e90000 - 0x00007fff56f2a000 	C:\Windows\System32\msvcp_win.dll
0x00007fff59680000 - 0x00007fff596b2000 	C:\Windows\System32\IMM32.DLL
0x00007fff39e00000 - 0x00007fff39e0c000 	C:\Program Files\Android\Android Studio\jbr\bin\vcruntime140_1.dll
0x00007fff125f0000 - 0x00007fff1267d000 	C:\Program Files\Android\Android Studio\jbr\bin\msvcp140.dll
0x00007fff0c530000 - 0x00007fff0d19e000 	C:\Program Files\Android\Android Studio\jbr\bin\server\jvm.dll
0x00007fff59720000 - 0x00007fff597ce000 	C:\Windows\System32\ADVAPI32.dll
0x00007fff59510000 - 0x00007fff595b4000 	C:\Windows\System32\sechost.dll
0x00007fff57f20000 - 0x00007fff58035000 	C:\Windows\System32\RPCRT4.dll
0x00007fff51b70000 - 0x00007fff51b79000 	C:\Windows\SYSTEM32\WSOCK32.dll
0x00007fff53430000 - 0x00007fff5343a000 	C:\Windows\SYSTEM32\VERSION.dll
0x00007fff51240000 - 0x00007fff51274000 	C:\Windows\SYSTEM32\WINMM.dll
0x00007fff597d0000 - 0x00007fff59841000 	C:\Windows\System32\WS2_32.dll
0x00007fff55cf0000 - 0x00007fff55d08000 	C:\Windows\SYSTEM32\kernel.appcore.dll
0x00007fff519e0000 - 0x00007fff519ea000 	C:\Program Files\Android\Android Studio\jbr\bin\jimage.dll
0x00007fff46450000 - 0x00007fff4667e000 	C:\Windows\SYSTEM32\DBGHELP.DLL
0x00007fff58da0000 - 0x00007fff5912a000 	C:\Windows\System32\combase.dll
0x00007fff59130000 - 0x00007fff59207000 	C:\Windows\System32\OLEAUT32.dll
0x00007fff41080000 - 0x00007fff410b2000 	C:\Windows\SYSTEM32\dbgcore.DLL
0x00007fff572d0000 - 0x00007fff5734b000 	C:\Windows\System32\bcryptPrimitives.dll
0x00007fff4fa40000 - 0x00007fff4fa65000 	C:\Program Files\Android\Android Studio\jbr\bin\java.dll
0x00007fff4bb80000 - 0x00007fff4bb98000 	C:\Program Files\Android\Android Studio\jbr\bin\zip.dll
0x00007fff57730000 - 0x00007fff57f1f000 	C:\Windows\System32\SHELL32.dll
0x00007fff54cc0000 - 0x00007fff55588000 	C:\Windows\SYSTEM32\windows.storage.dll
0x00007fff54b80000 - 0x00007fff54cbe000 	C:\Windows\SYSTEM32\wintypes.dll
0x00007fff593c0000 - 0x00007fff594b1000 	C:\Windows\System32\SHCORE.dll
0x00007fff596c0000 - 0x00007fff5971e000 	C:\Windows\System32\shlwapi.dll
0x00007fff56be0000 - 0x00007fff56c01000 	C:\Windows\SYSTEM32\profapi.dll
0x00007fff4b960000 - 0x00007fff4b979000 	C:\Program Files\Android\Android Studio\jbr\bin\net.dll
0x00007fff4fa70000 - 0x00007fff4fb9f000 	C:\Windows\SYSTEM32\WINHTTP.dll
0x00007fff56150000 - 0x00007fff561b9000 	C:\Windows\system32\mswsock.dll
0x00007fff3b5b0000 - 0x00007fff3b5c6000 	C:\Program Files\Android\Android Studio\jbr\bin\nio.dll
0x00007fff4fa30000 - 0x00007fff4fa40000 	C:\Program Files\Android\Android Studio\jbr\bin\verify.dll

dbghelp: loaded successfully - version: 4.0.5 - missing functions: none
symbol engine: initialized successfully - sym options: 0x614 - pdb path: .;C:\Program Files\Android\Android Studio\jbr\bin;C:\Windows\SYSTEM32;C:\Windows\WinSxS\amd64_microsoft.windows.common-controls_6595b64144ccf1df_6.0.22621.608_none_a9444ca7c10bb01d;C:\Program Files\Android\Android Studio\jbr\bin\server

VM Arguments:
java_command: org.jetbrains.kotlin.cli.jvm.K2JVMCompiler @C:\Users\Admin\AndroidStudioProjects\MoviesGearRent\app\build\20231222_14227944151620075706.compiler.options
java_class_path (initial): C:\Users\Admin\.gradle\caches\modules-2\files-2.1\org.jetbrains.kotlin\kotlin-compiler-embeddable\1.8.10\b0757fd774344d54ce93f5ad6c30ba1c1731c8ff\kotlin-compiler-embeddable-1.8.10.jar;C:\Users\Admin\.gradle\caches\modules-2\files-2.1\org.jetbrains.kotlin\kotlin-stdlib\1.8.10\6d5560a229477df9406943d5feda5618e98eb64c\kotlin-stdlib-1.8.10.jar;C:\Users\Admin\.gradle\caches\modules-2\files-2.1\org.jetbrains.kotlin\kotlin-script-runtime\1.8.10\b13ea9c7e46d589139e56086a878763290e20bd5\kotlin-script-runtime-1.8.10.jar;C:\Users\Admin\.gradle\caches\modules-2\files-2.1\org.jetbrains.kotlin\kotlin-reflect\1.6.10\1cbe9c92c12a94eea200d23c2bbaedaf3daf5132\kotlin-reflect-1.6.10.jar;C:\Users\Admin\.gradle\caches\modules-2\files-2.1\org.jetbrains.kotlin\kotlin-daemon-embeddable\1.8.10\ad8541d9bc1cf9e52c3204161247910c2cf601d4\kotlin-daemon-embeddable-1.8.10.jar;C:\Users\Admin\.gradle\caches\modules-2\files-2.1\org.jetbrains.intellij.deps\trove4j\1.0.20200330\3afb14d5f9ceb459d724e907a21145e8ff394f02\trove4j-1.0.20200330.jar;C:\Users\Admin\.gradle\caches\modules-2\files-2.1\net.java.dev.jna\jna\5.6.0\330f2244e9030119ab3030fc3fededc86713d9cc\jna-5.6.0.jar;C:\Users\Admin\.gradle\caches\modules-2\files-2.1\org.jetbrains.kotlin\kotlin-stdlib-common\1.8.10\a61b182458550492c12aee66157d7b524a63a5ec\kotlin-stdlib-common-1.8.10.jar;C:\Users\Admin\.gradle\caches\modules-2\files-2.1\org.jetbrains\annotations\13.0\919f0dfe192fb4e063e7dacadee7f8bb9a2672a9\annotations-13.0.jar
Launcher Type: SUN_STANDARD

[Global flags]
     intx CICompilerCount                          = 4                                         {product} {ergonomic}
     uint ConcGCThreads                            = 2                                         {product} {ergonomic}
     uint G1ConcRefinementThreads                  = 8                                         {product} {ergonomic}
   size_t G1HeapRegionSize                         = 2097152                                   {product} {ergonomic}
    uintx GCDrainStackTargetSize                   = 64                                        {product} {ergonomic}
   size_t InitialHeapSize                          = 201326592                                 {product} {ergonomic}
   size_t MarkStackSize                            = 4194304                                   {product} {ergonomic}
   size_t MaxHeapSize                              = 3191865344                                {product} {ergonomic}
   size_t MaxNewSize                               = 1914699776                                {product} {ergonomic}
   size_t MinHeapDeltaBytes                        = 2097152                                   {product} {ergonomic}
   size_t MinHeapSize                              = 8388608                                   {product} {ergonomic}
    uintx NonNMethodCodeHeapSize                   = 5839372                                {pd product} {ergonomic}
    uintx NonProfiledCodeHeapSize                  = 122909434                              {pd product} {ergonomic}
    uintx ProfiledCodeHeapSize                     = 122909434                              {pd product} {ergonomic}
    uintx ReservedCodeCacheSize                    = 251658240                              {pd product} {ergonomic}
     bool SegmentedCodeCache                       = true                                      {product} {ergonomic}
   size_t SoftMaxHeapSize                          = 3191865344                             {manageable} {ergonomic}
     bool UseCompressedClassPointers               = true                           {product lp64_product} {ergonomic}
     bool UseCompressedOops                        = true                           {product lp64_product} {ergonomic}
     bool UseG1GC                                  = true                                      {product} {ergonomic}
     bool UseLargePagesIndividualAllocation        = false                                  {pd product} {ergonomic}

Logging:
Log output configuration:
 #0: stdout all=warning uptime,level,tags
 #1: stderr all=off uptime,level,tags

Environment Variables:
PATH=C:\Program Files\Eclipse Adoptium\jdk-17.0.6.10-hotspot\bin;C:\Windows\system32;C:\Windows;C:\Windows\System32\Wbem;C:\Windows\System32\WindowsPowerShell\v1.0\;C:\Windows\System32\OpenSSH\;C:\xampp\php;C:\ProgramData\ComposerSetup\bin;C:\Program Files\Git\cmd;C:\Program Files\nodejs\;C:\ProgramData\chocolatey\bin;C:\Program Files\Cloudflare\Cloudflare WARP\;C:\Users\Admin\AppData\Local\Microsoft\WindowsApps;C:\Users\Admin\AppData\Local\Programs\Microsoft VS Code\bin;C:\Users\Admin\AppData\Roaming\Composer\vendor\bin;C:\Users\Admin\AppData\Roaming\npm;C:\xampp\mysql\bin;C:\Users\Admin\AppData\Local\GitHubDesktop\bin;C:\ProgramData\Admin\GitHubDesktop\bin
USERNAME=Admin
OS=Windows_NT
PROCESSOR_IDENTIFIER=Intel64 Family 6 Model 142 Stepping 10, GenuineIntel
TMP=C:\Users\Admin\AppData\Local\Temp
TEMP=C:\Users\Admin\AppData\Local\Temp


JNI global refs:
JNI global refs: 11, weak refs: 0

JNI global refs memory usage: 843, weak refs: 841


---------------  S Y S T E M  ---------------

OS:
 Windows 11 , 64 bit Build 22621 (10.0.22621.963)
OS uptime: 0 days 5:15 hours

CPU: total 8 (initial active 8) (4 cores per cpu, 2 threads per core) family 6 model 142 stepping 10 microcode 0xe0, cx8, cmov, fxsr, ht, mmx, 3dnowpref, sse, sse2, sse3, ssse3, sse4.1, sse4.2, popcnt, lzcnt, tsc, tscinvbit, avx, avx2, aes, erms, clmul, bmi1, bmi2, adx, fma, vzeroupper, clflush, clflushopt

Memory: 4k page, system-wide physical 12174M (709M free)
TotalPageFile size 12174M (AvailPageFile size 5M)
current process WorkingSet (physical memory assigned to process): 327M, peak: 330M
current process commit charge ("private bytes"): 366M, peak: 369M

vm_info: OpenJDK 64-Bit Server VM (17.0.6+0-b2043.56-10027231) for windows-amd64 JRE (17.0.6+0-b2043.56-10027231), built on Apr 28 2023 00:43:19 by "androidbuild" with MS VC++ 16.10 / 16.11 (VS2019)

END.
