#
# There is insufficient memory for the Java Runtime Environment to continue.
# Native memory allocation (mmap) failed to map 31457280 bytes for G1 virtual space
# Possible reasons:
#   The system is out of physical RAM or swap space
#   The process is running with CompressedOops enabled, and the Java Heap may be blocking the growth of the native heap
# Possible solutions:
#   Reduce memory load on the system
#   Increase physical memory or swap space
#   Check if swap backing store is full
#   Decrease Java heap size (-Xmx/-Xms)
#   Decrease number of Java threads
#   Decrease Java thread stack sizes (-Xss)
#   Set larger code cache with -XX:ReservedCodeCacheSize=
#   JVM is running with Unscaled Compressed Oops mode in which the Java heap is
#     placed in the first 4GB address space. The Java Heap base address is the
#     maximum limit for the native heap growth. Please use -XX:HeapBaseMinAddress
#     to set the Java Heap base and to place the Java Heap above 4GB virtual address.
# This output file may be truncated or incomplete.
#
#  Out of Memory Error (os_windows.cpp:3769), pid=700, tid=9792
#
# JRE version: OpenJDK Runtime Environment (17.0.6) (build 17.0.6+0-b2043.56-10027231)
# Java VM: OpenJDK 64-Bit Server VM (17.0.6+0-b2043.56-10027231, mixed mode, tiered, compressed oops, compressed class ptrs, g1 gc, windows-amd64)
# No core dump will be written. Minidumps are not enabled by default on client versions of Windows
#

---------------  S U M M A R Y ------------

Command Line: --add-opens=java.base/java.util=ALL-UNNAMED --add-opens=java.base/java.lang=ALL-UNNAMED --add-opens=java.base/java.lang.invoke=ALL-UNNAMED --add-opens=java.prefs/java.util.prefs=ALL-UNNAMED --add-opens=java.base/java.nio.charset=ALL-UNNAMED --add-opens=java.base/java.net=ALL-UNNAMED --add-opens=java.base/java.util.concurrent.atomic=ALL-UNNAMED -Xmx2048m -Dfile.encoding=UTF-8 -Duser.country=ID -Duser.language=en -Duser.variant org.gradle.launcher.daemon.bootstrap.GradleDaemon 8.0

Host: Intel(R) Core(TM) i5-8250U CPU @ 1.60GHz, 8 cores, 11G,  Windows 11 , 64 bit Build 22621 (10.0.22621.963)
Time: Wed Dec 27 15:18:37 2023 SE Asia Standard Time elapsed time: 18.113565 seconds (0d 0h 0m 18s)

---------------  T H R E A D  ---------------

Current thread (0x000001a75a41d930):  VMThread "VM Thread" [stack: 0x0000003bcd600000,0x0000003bcd700000] [id=9792]

Stack: [0x0000003bcd600000,0x0000003bcd700000]
Native frames: (J=compiled Java code, j=interpreted, Vv=VM code, C=native code)
V  [jvm.dll+0x683c9a]
V  [jvm.dll+0x8427a4]
V  [jvm.dll+0x843f9e]
V  [jvm.dll+0x844603]
V  [jvm.dll+0x249b75]
V  [jvm.dll+0x680b69]
V  [jvm.dll+0x67505a]
V  [jvm.dll+0x309acb]
V  [jvm.dll+0x310f86]
V  [jvm.dll+0x3608ee]
V  [jvm.dll+0x360b1f]
V  [jvm.dll+0x2dfbf8]
V  [jvm.dll+0x2ddec4]
V  [jvm.dll+0x2dd4cc]
V  [jvm.dll+0x321f3b]
V  [jvm.dll+0x848ccb]
V  [jvm.dll+0x849a04]
V  [jvm.dll+0x849f1d]
V  [jvm.dll+0x84a2f4]
V  [jvm.dll+0x84a3c0]
V  [jvm.dll+0x7f274a]
V  [jvm.dll+0x682ad5]
C  [ucrtbase.dll+0x29363]
C  [KERNEL32.DLL+0x126bd]
C  [ntdll.dll+0x5dfb8]

VM_Operation (0x0000003bcf7fe7b0): G1CollectForAllocation, mode: safepoint, requested by thread 0x000001a75c885050


---------------  P R O C E S S  ---------------

Threads class SMR info:
_java_thread_list=0x000001a75ec84920, length=136, elements={
0x000001a73fa58910, 0x000001a75a433270, 0x000001a75a4345c0, 0x000001a75a439c80,
0x000001a7598cd820, 0x000001a7598ce970, 0x000001a75a454bb0, 0x000001a75a4597c0,
0x000001a75a45ae70, 0x000001a75a45c330, 0x000001a75a5cf560, 0x000001a75a5da510,
0x000001a75bd1e560, 0x000001a75d158e30, 0x000001a75cde27a0, 0x000001a75cb67890,
0x000001a75b874240, 0x000001a75c886860, 0x000001a75c888a10, 0x000001a75c886390,
0x000001a75c888070, 0x000001a75c886d30, 0x000001a75c885050, 0x000001a75c887200,
0x000001a75c8876d0, 0x000001a75c885520, 0x000001a75c887ba0, 0x000001a75c888540,
0x000001a75c8859f0, 0x000001a75c885ec0, 0x000001a75fb0a240, 0x000001a75fb0c3f0,
0x000001a75fb0d260, 0x000001a75fb098a0, 0x000001a75fb0b580, 0x000001a75fb0cd90,
0x000001a75fb06d50, 0x000001a75fb08a30, 0x000001a75fb08090, 0x000001a75fb09d70,
0x000001a75fb0c8c0, 0x000001a75fb06880, 0x000001a75fb07220, 0x000001a75fb07bc0,
0x000001a75fb08f00, 0x000001a75fb08560, 0x000001a75fb093d0, 0x000001a75fb0a710,
0x000001a7600979a0, 0x000001a760092ca0, 0x000001a760096b30, 0x000001a760098810,
0x000001a760093b10, 0x000001a7600957f0, 0x000001a760094e50, 0x000001a760093640,
0x000001a760095320, 0x000001a760097e70, 0x000001a760093170, 0x000001a7600991b0,
0x000001a7600944b0, 0x000001a760097000, 0x000001a760098ce0, 0x000001a760098340,
0x000001a760099680, 0x000001a760099b50, 0x000001a760095cc0, 0x000001a760093fe0,
0x000001a76009a020, 0x000001a760096190, 0x000001a76009a4f0, 0x000001a760094980,
0x000001a760096660, 0x000001a7600974d0, 0x000001a75d674ea0, 0x000001a75d6761e0,
0x000001a75d67a070, 0x000001a75d678390, 0x000001a75d6766b0, 0x000001a75d676b80,
0x000001a75d678860, 0x000001a75d672cf0, 0x000001a75d679200, 0x000001a75d6731c0,
0x000001a75d673690, 0x000001a75d675370, 0x000001a75d6749d0, 0x000001a75d674030,
0x000001a75d672820, 0x000001a75d673b60, 0x000001a75d679ba0, 0x000001a75d674500,
0x000001a75d675840, 0x000001a75d677050, 0x000001a75d675d10, 0x000001a75d6796d0,
0x000001a75d677520, 0x000001a75d678d30, 0x000001a75d6779f0, 0x000001a75d677ec0,
0x000001a75cfa6360, 0x000001a75cfaba00, 0x000001a75cfa59c0, 0x000001a75cfab530,
0x000001a75cfa41b0, 0x000001a75cfa4680, 0x000001a75cfa8040, 0x000001a75cfa89e0,
0x000001a75cfa54f0, 0x000001a75cfa5e90, 0x000001a75cfa4b50, 0x000001a75cfa6830,
0x000001a75cfa76a0, 0x000001a75cfa6d00, 0x000001a75cfa71d0, 0x000001a75cfaab90,
0x000001a75cfa9d20, 0x000001a75cfa9850, 0x000001a75cfa8eb0, 0x000001a75cfa5020,
0x000001a75cfa7b70, 0x000001a75cfa9380, 0x000001a75cfa8510, 0x000001a75cfaa1f0,
0x000001a75eb22e10, 0x000001a75cfab060, 0x000001a75fb0b0b0, 0x000001a761632b60,
0x000001a76162ecd0, 0x000001a761633030, 0x000001a761630010, 0x000001a7616309b0,
0x000001a761632690, 0x000001a761630e80, 0x000001a761631350, 0x000001a761631820
}

Java Threads: ( => current thread )
  0x000001a73fa58910 JavaThread "main" [_thread_blocked, id=10200, stack(0x0000003bcd000000,0x0000003bcd100000)]
  0x000001a75a433270 JavaThread "Reference Handler" daemon [_thread_blocked, id=10028, stack(0x0000003bcd700000,0x0000003bcd800000)]
  0x000001a75a4345c0 JavaThread "Finalizer" daemon [_thread_blocked, id=9712, stack(0x0000003bcd800000,0x0000003bcd900000)]
  0x000001a75a439c80 JavaThread "Signal Dispatcher" daemon [_thread_blocked, id=10020, stack(0x0000003bcd900000,0x0000003bcda00000)]
  0x000001a7598cd820 JavaThread "Attach Listener" daemon [_thread_blocked, id=5196, stack(0x0000003bcda00000,0x0000003bcdb00000)]
  0x000001a7598ce970 JavaThread "Service Thread" daemon [_thread_blocked, id=8356, stack(0x0000003bcdb00000,0x0000003bcdc00000)]
  0x000001a75a454bb0 JavaThread "Monitor Deflation Thread" daemon [_thread_blocked, id=9236, stack(0x0000003bcdc00000,0x0000003bcdd00000)]
  0x000001a75a4597c0 JavaThread "C2 CompilerThread0" daemon [_thread_in_native, id=12104, stack(0x0000003bcdd00000,0x0000003bcde00000)]
  0x000001a75a45ae70 JavaThread "C1 CompilerThread0" daemon [_thread_blocked, id=12176, stack(0x0000003bcde00000,0x0000003bcdf00000)]
  0x000001a75a45c330 JavaThread "Sweeper thread" daemon [_thread_blocked, id=12004, stack(0x0000003bcdf00000,0x0000003bce000000)]
  0x000001a75a5cf560 JavaThread "Common-Cleaner" daemon [_thread_blocked, id=7820, stack(0x0000003bce000000,0x0000003bce100000)]
  0x000001a75a5da510 JavaThread "Notification Thread" daemon [_thread_blocked, id=5044, stack(0x0000003bce100000,0x0000003bce200000)]
  0x000001a75bd1e560 JavaThread "Daemon health stats" [_thread_blocked, id=6636, stack(0x0000003bce900000,0x0000003bcea00000)]
  0x000001a75d158e30 JavaThread "Incoming local TCP Connector on port 51950" [_thread_in_native, id=9764, stack(0x0000003bcea00000,0x0000003bceb00000)]
  0x000001a75cde27a0 JavaThread "Daemon periodic checks" [_thread_blocked, id=11704, stack(0x0000003bceb00000,0x0000003bcec00000)]
  0x000001a75cb67890 JavaThread "Daemon" [_thread_blocked, id=8656, stack(0x0000003bcec00000,0x0000003bced00000)]
  0x000001a75b874240 JavaThread "Handler for socket connection from /127.0.0.1:51950 to /127.0.0.1:51951" [_thread_in_native, id=6420, stack(0x0000003bced00000,0x0000003bcee00000)]
  0x000001a75c886860 JavaThread "Cancel handler" [_thread_blocked, id=11716, stack(0x0000003bcee00000,0x0000003bcef00000)]
  0x000001a75c888a10 JavaThread "Daemon worker" [_thread_blocked, id=12192, stack(0x0000003bcef00000,0x0000003bcf000000)]
  0x000001a75c886390 JavaThread "Asynchronous log dispatcher for DefaultDaemonConnection: socket connection from /127.0.0.1:51950 to /127.0.0.1:51951" [_thread_blocked, id=7340, stack(0x0000003bcf000000,0x0000003bcf100000)]
  0x000001a75c888070 JavaThread "Stdin handler" [_thread_blocked, id=2420, stack(0x0000003bcf100000,0x0000003bcf200000)]
  0x000001a75c886d30 JavaThread "Daemon client event forwarder" [_thread_blocked, id=10712, stack(0x0000003bcf200000,0x0000003bcf300000)]
  0x000001a75c885050 JavaThread "Cache worker for journal cache (C:\Users\Admin\.gradle\caches\journal-1)" [_thread_blocked, id=9892, stack(0x0000003bcf700000,0x0000003bcf800000)]
  0x000001a75c887200 JavaThread "File lock request listener" [_thread_in_native, id=9520, stack(0x0000003bcf800000,0x0000003bcf900000)]
  0x000001a75c8876d0 JavaThread "Cache worker for file hash cache (C:\Users\Admin\.gradle\caches\8.0\fileHashes)" [_thread_blocked, id=11560, stack(0x0000003bcf900000,0x0000003bcfa00000)]
  0x000001a75c885520 JavaThread "File watcher server" daemon [_thread_blocked, id=3376, stack(0x0000003bcfa00000,0x0000003bcfb00000)]
  0x000001a75c887ba0 JavaThread "File watcher consumer" daemon [_thread_blocked, id=11032, stack(0x0000003bcfb00000,0x0000003bcfc00000)]
  0x000001a75c888540 JavaThread "Cache worker for checksums cache (C:\Users\Admin\AndroidStudioProjects\MoviesGearRent\.gradle\8.0\checksums)" [_thread_blocked, id=9340, stack(0x0000003bcfc00000,0x0000003bcfd00000)]
  0x000001a75c8859f0 JavaThread "Cache worker for cache directory md-rule (C:\Users\Admin\.gradle\caches\8.0\md-rule)" [_thread_blocked, id=3516, stack(0x0000003bcfd00000,0x0000003bcfe00000)]
  0x000001a75c885ec0 JavaThread "Cache worker for file content cache (C:\Users\Admin\.gradle\caches\8.0\fileContent)" [_thread_blocked, id=880, stack(0x0000003bcfe00000,0x0000003bcff00000)]
  0x000001a75fb0a240 JavaThread "Cache worker for file hash cache (C:\Users\Admin\AndroidStudioProjects\MoviesGearRent\.gradle\8.0\fileHashes)" [_thread_blocked, id=11612, stack(0x0000003bcff00000,0x0000003bd0000000)]
  0x000001a75fb0c3f0 JavaThread "Cache worker for cache directory md-supplier (C:\Users\Admin\.gradle\caches\8.0\md-supplier)" [_thread_blocked, id=10624, stack(0x0000003bd0000000,0x0000003bd0100000)]
  0x000001a75fb0d260 JavaThread "Cache worker for execution history cache (C:\Users\Admin\.gradle\caches\8.0\executionHistory)" [_thread_blocked, id=10008, stack(0x0000003bd0100000,0x0000003bd0200000)]
  0x000001a75fb098a0 JavaThread "jar transforms" [_thread_blocked, id=10816, stack(0x0000003bd0200000,0x0000003bd0300000)]
  0x000001a75fb0b580 JavaThread "jar transforms Thread 2" [_thread_blocked, id=10108, stack(0x0000003bd0300000,0x0000003bd0400000)]
  0x000001a75fb0cd90 JavaThread "Cache worker for kotlin-dsl (C:\Users\Admin\.gradle\caches\8.0\kotlin-dsl)" [_thread_blocked, id=9840, stack(0x0000003bd0400000,0x0000003bd0500000)]
  0x000001a75fb06d50 JavaThread "jar transforms Thread 3" [_thread_blocked, id=11084, stack(0x0000003bd0600000,0x0000003bd0700000)]
  0x000001a75fb08a30 JavaThread "jar transforms Thread 4" [_thread_blocked, id=7392, stack(0x0000003bd0700000,0x0000003bd0800000)]
  0x000001a75fb08090 JavaThread "Cache worker for dependencies-accessors (C:\Users\Admin\AndroidStudioProjects\MoviesGearRent\.gradle\8.0\dependencies-accessors)" [_thread_blocked, id=9668, stack(0x0000003bd0800000,0x0000003bd0900000)]
  0x000001a75fb09d70 JavaThread "Cache worker for Build Output Cleanup Cache (C:\Users\Admin\AndroidStudioProjects\MoviesGearRent\.gradle\buildOutputCleanup)" [_thread_blocked, id=11624, stack(0x0000003bd0900000,0x0000003bd0a00000)]
  0x000001a75fb0c8c0 JavaThread "jar transforms Thread 5" [_thread_blocked, id=10472, stack(0x0000003bd0a00000,0x0000003bd0b00000)]
  0x000001a75fb06880 JavaThread "Unconstrained build operations" [_thread_blocked, id=9356, stack(0x0000003bd0b00000,0x0000003bd0c00000)]
  0x000001a75fb07220 JavaThread "Unconstrained build operations Thread 2" [_thread_blocked, id=11632, stack(0x0000003bd0c00000,0x0000003bd0d00000)]
  0x000001a75fb07bc0 JavaThread "Unconstrained build operations Thread 3" [_thread_blocked, id=8344, stack(0x0000003bd0d00000,0x0000003bd0e00000)]
  0x000001a75fb08f00 JavaThread "Unconstrained build operations Thread 4" [_thread_blocked, id=10428, stack(0x0000003bd0e00000,0x0000003bd0f00000)]
  0x000001a75fb08560 JavaThread "Unconstrained build operations Thread 5" [_thread_blocked, id=11192, stack(0x0000003bd0f00000,0x0000003bd1000000)]
  0x000001a75fb093d0 JavaThread "Unconstrained build operations Thread 6" [_thread_blocked, id=4396, stack(0x0000003bd1000000,0x0000003bd1100000)]
  0x000001a75fb0a710 JavaThread "Unconstrained build operations Thread 7" [_thread_blocked, id=9484, stack(0x0000003bd1100000,0x0000003bd1200000)]
  0x000001a7600979a0 JavaThread "Unconstrained build operations Thread 8" [_thread_blocked, id=12044, stack(0x0000003bd1200000,0x0000003bd1300000)]
  0x000001a760092ca0 JavaThread "Unconstrained build operations Thread 9" [_thread_blocked, id=500, stack(0x0000003bd1300000,0x0000003bd1400000)]
  0x000001a760096b30 JavaThread "Unconstrained build operations Thread 10" [_thread_blocked, id=10540, stack(0x0000003bd1400000,0x0000003bd1500000)]
  0x000001a760098810 JavaThread "Unconstrained build operations Thread 11" [_thread_blocked, id=11400, stack(0x0000003bd1500000,0x0000003bd1600000)]
  0x000001a760093b10 JavaThread "Unconstrained build operations Thread 12" [_thread_blocked, id=9596, stack(0x0000003bd1600000,0x0000003bd1700000)]
  0x000001a7600957f0 JavaThread "Unconstrained build operations Thread 13" [_thread_blocked, id=6168, stack(0x0000003bd1700000,0x0000003bd1800000)]
  0x000001a760094e50 JavaThread "Unconstrained build operations Thread 14" [_thread_blocked, id=2484, stack(0x0000003bd1800000,0x0000003bd1900000)]
  0x000001a760093640 JavaThread "Unconstrained build operations Thread 15" [_thread_blocked, id=11596, stack(0x0000003bd1900000,0x0000003bd1a00000)]
  0x000001a760095320 JavaThread "Unconstrained build operations Thread 16" [_thread_blocked, id=6184, stack(0x0000003bd1a00000,0x0000003bd1b00000)]
  0x000001a760097e70 JavaThread "Unconstrained build operations Thread 17" [_thread_blocked, id=3496, stack(0x0000003bd1b00000,0x0000003bd1c00000)]
  0x000001a760093170 JavaThread "Unconstrained build operations Thread 18" [_thread_blocked, id=12260, stack(0x0000003bd1c00000,0x0000003bd1d00000)]
  0x000001a7600991b0 JavaThread "Unconstrained build operations Thread 19" [_thread_blocked, id=9588, stack(0x0000003bd1d00000,0x0000003bd1e00000)]
  0x000001a7600944b0 JavaThread "Unconstrained build operations Thread 20" [_thread_blocked, id=8896, stack(0x0000003bd1e00000,0x0000003bd1f00000)]
  0x000001a760097000 JavaThread "Unconstrained build operations Thread 21" [_thread_blocked, id=12008, stack(0x0000003bd1f00000,0x0000003bd2000000)]
  0x000001a760098ce0 JavaThread "Unconstrained build operations Thread 22" [_thread_blocked, id=9584, stack(0x0000003bd2000000,0x0000003bd2100000)]
  0x000001a760098340 JavaThread "Unconstrained build operations Thread 23" [_thread_blocked, id=9204, stack(0x0000003bd2100000,0x0000003bd2200000)]
  0x000001a760099680 JavaThread "Unconstrained build operations Thread 24" [_thread_blocked, id=12120, stack(0x0000003bd2200000,0x0000003bd2300000)]
  0x000001a760099b50 JavaThread "Unconstrained build operations Thread 25" [_thread_blocked, id=9976, stack(0x0000003bd2300000,0x0000003bd2400000)]
  0x000001a760095cc0 JavaThread "Unconstrained build operations Thread 26" [_thread_blocked, id=10352, stack(0x0000003bd2400000,0x0000003bd2500000)]
  0x000001a760093fe0 JavaThread "Unconstrained build operations Thread 27" [_thread_blocked, id=12168, stack(0x0000003bd2500000,0x0000003bd2600000)]
  0x000001a76009a020 JavaThread "Unconstrained build operations Thread 28" [_thread_blocked, id=1316, stack(0x0000003bd2600000,0x0000003bd2700000)]
  0x000001a760096190 JavaThread "Unconstrained build operations Thread 29" [_thread_blocked, id=12088, stack(0x0000003bd2700000,0x0000003bd2800000)]
  0x000001a76009a4f0 JavaThread "Unconstrained build operations Thread 30" [_thread_blocked, id=11492, stack(0x0000003bd2800000,0x0000003bd2900000)]
  0x000001a760094980 JavaThread "Unconstrained build operations Thread 31" [_thread_blocked, id=11884, stack(0x0000003bd2900000,0x0000003bd2a00000)]
  0x000001a760096660 JavaThread "Unconstrained build operations Thread 32" [_thread_blocked, id=3472, stack(0x0000003bd2a00000,0x0000003bd2b00000)]
  0x000001a7600974d0 JavaThread "Unconstrained build operations Thread 33" [_thread_blocked, id=10716, stack(0x0000003bd2b00000,0x0000003bd2c00000)]
  0x000001a75d674ea0 JavaThread "Unconstrained build operations Thread 34" [_thread_blocked, id=11464, stack(0x0000003bd2c00000,0x0000003bd2d00000)]
  0x000001a75d6761e0 JavaThread "Unconstrained build operations Thread 35" [_thread_blocked, id=11984, stack(0x0000003bd2d00000,0x0000003bd2e00000)]
  0x000001a75d67a070 JavaThread "Unconstrained build operations Thread 36" [_thread_blocked, id=12064, stack(0x0000003bd2e00000,0x0000003bd2f00000)]
  0x000001a75d678390 JavaThread "Unconstrained build operations Thread 37" [_thread_blocked, id=7012, stack(0x0000003bd2f00000,0x0000003bd3000000)]
  0x000001a75d6766b0 JavaThread "Unconstrained build operations Thread 38" [_thread_blocked, id=11064, stack(0x0000003bd3000000,0x0000003bd3100000)]
  0x000001a75d676b80 JavaThread "Unconstrained build operations Thread 39" [_thread_blocked, id=9292, stack(0x0000003bd3100000,0x0000003bd3200000)]
  0x000001a75d678860 JavaThread "Unconstrained build operations Thread 40" [_thread_blocked, id=3608, stack(0x0000003bd3200000,0x0000003bd3300000)]
  0x000001a75d672cf0 JavaThread "Unconstrained build operations Thread 41" [_thread_blocked, id=9796, stack(0x0000003bd3300000,0x0000003bd3400000)]
  0x000001a75d679200 JavaThread "Unconstrained build operations Thread 42" [_thread_blocked, id=10516, stack(0x0000003bd3400000,0x0000003bd3500000)]
  0x000001a75d6731c0 JavaThread "Unconstrained build operations Thread 43" [_thread_blocked, id=10004, stack(0x0000003bd3500000,0x0000003bd3600000)]
  0x000001a75d673690 JavaThread "Unconstrained build operations Thread 44" [_thread_blocked, id=8296, stack(0x0000003bd3600000,0x0000003bd3700000)]
  0x000001a75d675370 JavaThread "Unconstrained build operations Thread 45" [_thread_blocked, id=11468, stack(0x0000003bd3700000,0x0000003bd3800000)]
  0x000001a75d6749d0 JavaThread "Unconstrained build operations Thread 46" [_thread_blocked, id=11488, stack(0x0000003bd3800000,0x0000003bd3900000)]
  0x000001a75d674030 JavaThread "Unconstrained build operations Thread 47" [_thread_blocked, id=10016, stack(0x0000003bd3900000,0x0000003bd3a00000)]
  0x000001a75d672820 JavaThread "Unconstrained build operations Thread 48" [_thread_blocked, id=1404, stack(0x0000003bd3a00000,0x0000003bd3b00000)]
  0x000001a75d673b60 JavaThread "Unconstrained build operations Thread 49" [_thread_blocked, id=11516, stack(0x0000003bd3b00000,0x0000003bd3c00000)]
  0x000001a75d679ba0 JavaThread "Unconstrained build operations Thread 50" [_thread_blocked, id=7372, stack(0x0000003bd3c00000,0x0000003bd3d00000)]
  0x000001a75d674500 JavaThread "Unconstrained build operations Thread 51" [_thread_blocked, id=9008, stack(0x0000003bd3d00000,0x0000003bd3e00000)]
  0x000001a75d675840 JavaThread "Unconstrained build operations Thread 52" [_thread_blocked, id=6256, stack(0x0000003bd3e00000,0x0000003bd3f00000)]
  0x000001a75d677050 JavaThread "Unconstrained build operations Thread 53" [_thread_blocked, id=6640, stack(0x0000003bd3f00000,0x0000003bd4000000)]
  0x000001a75d675d10 JavaThread "Unconstrained build operations Thread 54" [_thread_blocked, id=6808, stack(0x0000003bd4000000,0x0000003bd4100000)]
  0x000001a75d6796d0 JavaThread "Unconstrained build operations Thread 55" [_thread_blocked, id=12252, stack(0x0000003bd4100000,0x0000003bd4200000)]
  0x000001a75d677520 JavaThread "Unconstrained build operations Thread 56" [_thread_blocked, id=7412, stack(0x0000003bd4200000,0x0000003bd4300000)]
  0x000001a75d678d30 JavaThread "Unconstrained build operations Thread 57" [_thread_blocked, id=11904, stack(0x0000003bd4300000,0x0000003bd4400000)]
  0x000001a75d6779f0 JavaThread "Unconstrained build operations Thread 58" [_thread_blocked, id=11336, stack(0x0000003bd4400000,0x0000003bd4500000)]
  0x000001a75d677ec0 JavaThread "Unconstrained build operations Thread 59" [_thread_blocked, id=11304, stack(0x0000003bd4500000,0x0000003bd4600000)]
  0x000001a75cfa6360 JavaThread "Unconstrained build operations Thread 60" [_thread_blocked, id=6736, stack(0x0000003bd4600000,0x0000003bd4700000)]
  0x000001a75cfaba00 JavaThread "Unconstrained build operations Thread 61" [_thread_blocked, id=11456, stack(0x0000003bd4700000,0x0000003bd4800000)]
  0x000001a75cfa59c0 JavaThread "Unconstrained build operations Thread 62" [_thread_blocked, id=9836, stack(0x0000003bd4800000,0x0000003bd4900000)]
  0x000001a75cfab530 JavaThread "Unconstrained build operations Thread 63" [_thread_blocked, id=10772, stack(0x0000003bd4900000,0x0000003bd4a00000)]
  0x000001a75cfa41b0 JavaThread "Unconstrained build operations Thread 64" [_thread_blocked, id=11244, stack(0x0000003bd4a00000,0x0000003bd4b00000)]
  0x000001a75cfa4680 JavaThread "Unconstrained build operations Thread 65" [_thread_blocked, id=11908, stack(0x0000003bd4b00000,0x0000003bd4c00000)]
  0x000001a75cfa8040 JavaThread "Unconstrained build operations Thread 66" [_thread_blocked, id=1676, stack(0x0000003bd4c00000,0x0000003bd4d00000)]
  0x000001a75cfa89e0 JavaThread "Unconstrained build operations Thread 67" [_thread_blocked, id=9188, stack(0x0000003bd4d00000,0x0000003bd4e00000)]
  0x000001a75cfa54f0 JavaThread "Unconstrained build operations Thread 68" [_thread_blocked, id=10160, stack(0x0000003bd4e00000,0x0000003bd4f00000)]
  0x000001a75cfa5e90 JavaThread "Unconstrained build operations Thread 69" [_thread_blocked, id=9140, stack(0x0000003bd4f00000,0x0000003bd5000000)]
  0x000001a75cfa4b50 JavaThread "Unconstrained build operations Thread 70" [_thread_blocked, id=9960, stack(0x0000003bd5000000,0x0000003bd5100000)]
  0x000001a75cfa6830 JavaThread "Unconstrained build operations Thread 71" [_thread_blocked, id=9692, stack(0x0000003bd5100000,0x0000003bd5200000)]
  0x000001a75cfa76a0 JavaThread "Unconstrained build operations Thread 72" [_thread_blocked, id=2216, stack(0x0000003bd5200000,0x0000003bd5300000)]
  0x000001a75cfa6d00 JavaThread "Unconstrained build operations Thread 73" [_thread_blocked, id=8040, stack(0x0000003bd5300000,0x0000003bd5400000)]
  0x000001a75cfa71d0 JavaThread "Unconstrained build operations Thread 74" [_thread_blocked, id=11640, stack(0x0000003bd5400000,0x0000003bd5500000)]
  0x000001a75cfaab90 JavaThread "Unconstrained build operations Thread 75" [_thread_blocked, id=10612, stack(0x0000003bd5500000,0x0000003bd5600000)]
  0x000001a75cfa9d20 JavaThread "Unconstrained build operations Thread 76" [_thread_blocked, id=9972, stack(0x0000003bd5600000,0x0000003bd5700000)]
  0x000001a75cfa9850 JavaThread "Unconstrained build operations Thread 77" [_thread_blocked, id=11096, stack(0x0000003bd5700000,0x0000003bd5800000)]
  0x000001a75cfa8eb0 JavaThread "Unconstrained build operations Thread 78" [_thread_blocked, id=10380, stack(0x0000003bd5800000,0x0000003bd5900000)]
  0x000001a75cfa5020 JavaThread "Unconstrained build operations Thread 79" [_thread_blocked, id=2320, stack(0x0000003bd5900000,0x0000003bd5a00000)]
  0x000001a75cfa7b70 JavaThread "Unconstrained build operations Thread 80" [_thread_blocked, id=11764, stack(0x0000003bd5a00000,0x0000003bd5b00000)]
  0x000001a75cfa9380 JavaThread "jar transforms Thread 6" [_thread_blocked, id=5768, stack(0x0000003bd5b00000,0x0000003bd5c00000)]
  0x000001a75cfa8510 JavaThread "jar transforms Thread 7" [_thread_blocked, id=10968, stack(0x0000003bd5c00000,0x0000003bd5d00000)]
  0x000001a75cfaa1f0 JavaThread "jar transforms Thread 8" [_thread_blocked, id=11980, stack(0x0000003bd5d00000,0x0000003bd5e00000)]
  0x000001a75eb22e10 JavaThread "C2 CompilerThread1" daemon [_thread_in_native, id=11444, stack(0x0000003bce300000,0x0000003bce400000)]
  0x000001a75cfab060 JavaThread "build event listener" [_thread_blocked, id=11868, stack(0x0000003bce400000,0x0000003bce500000)]
  0x000001a75fb0b0b0 JavaThread "Memory manager" [_thread_blocked, id=5836, stack(0x0000003bd5f00000,0x0000003bd6000000)]
  0x000001a761632b60 JavaThread "included builds" [_thread_blocked, id=12212, stack(0x0000003bd5e00000,0x0000003bd5f00000)]
  0x000001a76162ecd0 JavaThread "Execution worker" [_thread_blocked, id=10788, stack(0x0000003bd6000000,0x0000003bd6100000)]
  0x000001a761633030 JavaThread "Execution worker Thread 2" [_thread_blocked, id=10304, stack(0x0000003bd6100000,0x0000003bd6200000)]
  0x000001a761630010 JavaThread "Execution worker Thread 3" [_thread_blocked, id=12284, stack(0x0000003bd6200000,0x0000003bd6300000)]
  0x000001a7616309b0 JavaThread "Execution worker Thread 4" [_thread_blocked, id=5932, stack(0x0000003bd6300000,0x0000003bd6400000)]
  0x000001a761632690 JavaThread "Execution worker Thread 5" [_thread_blocked, id=11284, stack(0x0000003bd6400000,0x0000003bd6500000)]
  0x000001a761630e80 JavaThread "Execution worker Thread 6" [_thread_blocked, id=8728, stack(0x0000003bd6500000,0x0000003bd6600000)]
  0x000001a761631350 JavaThread "Execution worker Thread 7" [_thread_blocked, id=11024, stack(0x0000003bd6600000,0x0000003bd6700000)]
  0x000001a761631820 JavaThread "Cache worker for execution history cache (C:\Users\Admin\AndroidStudioProjects\MoviesGearRent\.gradle\8.0\executionHistory)" [_thread_blocked, id=11580, stack(0x0000003bd6700000,0x0000003bd6800000)]

Other Threads:
=>0x000001a75a41d930 VMThread "VM Thread" [stack: 0x0000003bcd600000,0x0000003bcd700000] [id=9792]
  0x000001a73facc790 WatcherThread [stack: 0x0000003bce200000,0x0000003bce300000] [id=10868]
  0x000001a73fab3a90 GCTaskThread "GC Thread#0" [stack: 0x0000003bcd100000,0x0000003bcd200000] [id=9716]
  0x000001a75adeb010 GCTaskThread "GC Thread#1" [stack: 0x0000003bce500000,0x0000003bce600000] [id=10204]
  0x000001a75adeb2c0 GCTaskThread "GC Thread#2" [stack: 0x0000003bce600000,0x0000003bce700000] [id=10468]
  0x000001a75adeb570 GCTaskThread "GC Thread#3" [stack: 0x0000003bce700000,0x0000003bce800000] [id=8156]
  0x000001a75b31bda0 GCTaskThread "GC Thread#4" [stack: 0x0000003bce800000,0x0000003bce900000] [id=10664]
  0x000001a75cb8bdf0 GCTaskThread "GC Thread#5" [stack: 0x0000003bcf300000,0x0000003bcf400000] [id=11288]
  0x000001a75ca4b170 GCTaskThread "GC Thread#6" [stack: 0x0000003bcf400000,0x0000003bcf500000] [id=10496]
  0x000001a75cb88190 GCTaskThread "GC Thread#7" [stack: 0x0000003bcf500000,0x0000003bcf600000] [id=8992]
  0x000001a73fac4b30 ConcurrentGCThread "G1 Main Marker" [stack: 0x0000003bcd200000,0x0000003bcd300000] [id=7332]
  0x000001a73fac5ce0 ConcurrentGCThread "G1 Conc#0" [stack: 0x0000003bcd300000,0x0000003bcd400000] [id=10892]
  0x000001a75cb899c0 ConcurrentGCThread "G1 Conc#1" [stack: 0x0000003bcf600000,0x0000003bcf700000] [id=12084]
  0x000001a73fb1da00 ConcurrentGCThread "G1 Refine#0" [stack: 0x0000003bcd400000,0x0000003bcd500000] [id=10124]
  0x000001a76058c020 ConcurrentGCThread "G1 Refine#1" [stack: 0x0000003bd0500000,0x0000003bd0600000] [id=10604]
  0x000001a73fb1e420 ConcurrentGCThread "G1 Service" [stack: 0x0000003bcd500000,0x0000003bcd600000] [id=10824]

Threads with active compile tasks:
C2 CompilerThread0    18160 10809       4       org.gradle.internal.snapshot.MediumChildMap::withNode (67 bytes)
C1 CompilerThread0    18160 10929       3       org.gradle.api.internal.artifacts.DependencyManagementGradleUserHomeScopeServices$$Lambda$310/0x00000001004739e0::test (8 bytes)
C2 CompilerThread1    18161 10744   !   4       org.gradle.internal.event.AbstractBroadcastDispatch::dispatch (74 bytes)

VM state: at safepoint (normal execution)

VM Mutex/Monitor currently owned by a thread:  ([mutex/lock_event])
[0x000001a73fa53e10] Threads_lock - owner thread: 0x000001a75a41d930
[0x000001a73fa54950] Heap_lock - owner thread: 0x000001a75c885050

Heap address: 0x0000000080000000, size: 2048 MB, Compressed Oops mode: 32-bit

CDS archive(s) not mapped
Compressed class space mapped at: 0x0000000100000000-0x0000000140000000, reserved size: 1073741824
Narrow klass base: 0x0000000000000000, Narrow klass shift: 3, Narrow klass range: 0x140000000

GC Precious Log:
 CPUs: 8 total, 8 available
 Memory: 12174M
 Large Page Support: Disabled
 NUMA Support: Disabled
 Compressed Oops: Enabled (32-bit)
 Heap Region Size: 1M
 Heap Min Capacity: 8M
 Heap Initial Capacity: 192M
 Heap Max Capacity: 2G
 Pre-touch: Disabled
 Parallel Workers: 8
 Concurrent Workers: 2
 Concurrent Refinement Workers: 8
 Periodic GC: Disabled

Heap:
 garbage-first heap   total 153600K, used 93903K [0x0000000080000000, 0x0000000100000000)
  region size 1024K, 3 young (3072K), 3 survivors (3072K)
 Metaspace       used 95372K, committed 96064K, reserved 1138688K
  class space    used 13069K, committed 13376K, reserved 1048576K

Heap Regions: E=young(eden), S=young(survivor), O=old, HS=humongous(starts), HC=humongous(continues), CS=collection set, F=free, OA=open archive, CA=closed archive, TAMS=top-at-mark-start (previous, next)
|   0|0x0000000080000000, 0x0000000080100000, 0x0000000080100000|100%|HS|  |TAMS 0x0000000080100000, 0x0000000080000000| Complete 
|   1|0x0000000080100000, 0x0000000080200000, 0x0000000080200000|100%|HC|  |TAMS 0x0000000080200000, 0x0000000080100000| Complete 
|   2|0x0000000080200000, 0x0000000080300000, 0x0000000080300000|100%|HC|  |TAMS 0x0000000080300000, 0x0000000080200000| Complete 
|   3|0x0000000080300000, 0x0000000080400000, 0x0000000080400000|100%|HC|  |TAMS 0x0000000080400000, 0x0000000080300000| Complete 
|   4|0x0000000080400000, 0x0000000080500000, 0x0000000080500000|100%| O|  |TAMS 0x0000000080500000, 0x0000000080400000| Untracked 
|   5|0x0000000080500000, 0x0000000080600000, 0x0000000080600000|100%| O|  |TAMS 0x0000000080600000, 0x0000000080500000| Untracked 
|   6|0x0000000080600000, 0x0000000080700000, 0x0000000080700000|100%| O|  |TAMS 0x0000000080700000, 0x0000000080600000| Untracked 
|   7|0x0000000080700000, 0x0000000080800000, 0x0000000080800000|100%| O|  |TAMS 0x0000000080800000, 0x0000000080700000| Untracked 
|   8|0x0000000080800000, 0x0000000080900000, 0x0000000080900000|100%| O|  |TAMS 0x0000000080900000, 0x0000000080800000| Untracked 
|   9|0x0000000080900000, 0x0000000080a00000, 0x0000000080a00000|100%| O|  |TAMS 0x0000000080a00000, 0x0000000080900000| Untracked 
|  10|0x0000000080a00000, 0x0000000080b00000, 0x0000000080b00000|100%| O|  |TAMS 0x0000000080b00000, 0x0000000080a00000| Untracked 
|  11|0x0000000080b00000, 0x0000000080c00000, 0x0000000080c00000|100%| O|  |TAMS 0x0000000080c00000, 0x0000000080b00000| Untracked 
|  12|0x0000000080c00000, 0x0000000080d00000, 0x0000000080d00000|100%| O|  |TAMS 0x0000000080d00000, 0x0000000080c00000| Untracked 
|  13|0x0000000080d00000, 0x0000000080e00000, 0x0000000080e00000|100%| O|  |TAMS 0x0000000080e00000, 0x0000000080d00000| Untracked 
|  14|0x0000000080e00000, 0x0000000080f00000, 0x0000000080f00000|100%| O|  |TAMS 0x0000000080f00000, 0x0000000080e00000| Untracked 
|  15|0x0000000080f00000, 0x0000000081000000, 0x0000000081000000|100%| O|  |TAMS 0x0000000081000000, 0x0000000080f00000| Untracked 
|  16|0x0000000081000000, 0x0000000081100000, 0x0000000081100000|100%| O|  |TAMS 0x0000000081100000, 0x0000000081000000| Untracked 
|  17|0x0000000081100000, 0x0000000081200000, 0x0000000081200000|100%| O|  |TAMS 0x0000000081200000, 0x0000000081100000| Untracked 
|  18|0x0000000081200000, 0x0000000081300000, 0x0000000081300000|100%| O|  |TAMS 0x0000000081300000, 0x0000000081200000| Untracked 
|  19|0x0000000081300000, 0x0000000081400000, 0x0000000081400000|100%| O|  |TAMS 0x0000000081400000, 0x0000000081300000| Untracked 
|  20|0x0000000081400000, 0x0000000081500000, 0x0000000081500000|100%| O|  |TAMS 0x0000000081500000, 0x0000000081400000| Untracked 
|  21|0x0000000081500000, 0x0000000081600000, 0x0000000081600000|100%| O|  |TAMS 0x0000000081600000, 0x0000000081500000| Untracked 
|  22|0x0000000081600000, 0x0000000081700000, 0x0000000081700000|100%| O|  |TAMS 0x0000000081700000, 0x0000000081600000| Untracked 
|  23|0x0000000081700000, 0x0000000081800000, 0x0000000081800000|100%| O|  |TAMS 0x0000000081800000, 0x0000000081700000| Untracked 
|  24|0x0000000081800000, 0x0000000081900000, 0x0000000081900000|100%| O|  |TAMS 0x0000000081900000, 0x0000000081800000| Untracked 
|  25|0x0000000081900000, 0x0000000081a00000, 0x0000000081a00000|100%| O|  |TAMS 0x0000000081a00000, 0x0000000081900000| Untracked 
|  26|0x0000000081a00000, 0x0000000081b00000, 0x0000000081b00000|100%| O|  |TAMS 0x0000000081b00000, 0x0000000081a00000| Untracked 
|  27|0x0000000081b00000, 0x0000000081c00000, 0x0000000081c00000|100%| O|  |TAMS 0x0000000081c00000, 0x0000000081b00000| Untracked 
|  28|0x0000000081c00000, 0x0000000081d00000, 0x0000000081d00000|100%| O|  |TAMS 0x0000000081d00000, 0x0000000081c00000| Untracked 
|  29|0x0000000081d00000, 0x0000000081e00000, 0x0000000081e00000|100%|HS|  |TAMS 0x0000000081e00000, 0x0000000081d00000| Complete 
|  30|0x0000000081e00000, 0x0000000081f00000, 0x0000000081f00000|100%|HS|  |TAMS 0x0000000081f00000, 0x0000000081e00000| Complete 
|  31|0x0000000081f00000, 0x0000000082000000, 0x0000000082000000|100%|HS|  |TAMS 0x0000000082000000, 0x0000000081f00000| Complete 
|  32|0x0000000082000000, 0x0000000082100000, 0x0000000082100000|100%|HC|  |TAMS 0x0000000082100000, 0x0000000082000000| Complete 
|  33|0x0000000082100000, 0x0000000082200000, 0x0000000082200000|100%|HS|  |TAMS 0x0000000082200000, 0x0000000082100000| Complete 
|  34|0x0000000082200000, 0x0000000082300000, 0x0000000082300000|100%| O|  |TAMS 0x0000000082300000, 0x0000000082200000| Untracked 
|  35|0x0000000082300000, 0x0000000082400000, 0x0000000082400000|100%| O|  |TAMS 0x0000000082400000, 0x0000000082300000| Untracked 
|  36|0x0000000082400000, 0x0000000082500000, 0x0000000082500000|100%| O|  |TAMS 0x0000000082500000, 0x0000000082400000| Untracked 
|  37|0x0000000082500000, 0x0000000082600000, 0x0000000082600000|100%| O|  |TAMS 0x0000000082600000, 0x0000000082500000| Untracked 
|  38|0x0000000082600000, 0x0000000082700000, 0x0000000082700000|100%| O|  |TAMS 0x0000000082700000, 0x0000000082600000| Untracked 
|  39|0x0000000082700000, 0x0000000082800000, 0x0000000082800000|100%| O|  |TAMS 0x0000000082800000, 0x0000000082700000| Untracked 
|  40|0x0000000082800000, 0x0000000082900000, 0x0000000082900000|100%|HS|  |TAMS 0x0000000082900000, 0x0000000082800000| Complete 
|  41|0x0000000082900000, 0x0000000082a00000, 0x0000000082a00000|100%|HC|  |TAMS 0x0000000082a00000, 0x0000000082900000| Complete 
|  42|0x0000000082a00000, 0x0000000082b00000, 0x0000000082b00000|100%|HC|  |TAMS 0x0000000082b00000, 0x0000000082a00000| Complete 
|  43|0x0000000082b00000, 0x0000000082c00000, 0x0000000082c00000|100%|HC|  |TAMS 0x0000000082c00000, 0x0000000082b00000| Complete 
|  44|0x0000000082c00000, 0x0000000082d00000, 0x0000000082d00000|100%| O|  |TAMS 0x0000000082d00000, 0x0000000082c00000| Untracked 
|  45|0x0000000082d00000, 0x0000000082e00000, 0x0000000082e00000|100%| O|  |TAMS 0x0000000082e00000, 0x0000000082d00000| Untracked 
|  46|0x0000000082e00000, 0x0000000082f00000, 0x0000000082f00000|100%| O|  |TAMS 0x0000000082f00000, 0x0000000082e00000| Untracked 
|  47|0x0000000082f00000, 0x0000000083000000, 0x0000000083000000|100%| O|  |TAMS 0x0000000083000000, 0x0000000082f00000| Untracked 
|  48|0x0000000083000000, 0x0000000083100000, 0x0000000083100000|100%| O|  |TAMS 0x0000000083100000, 0x0000000083000000| Untracked 
|  49|0x0000000083100000, 0x0000000083200000, 0x0000000083200000|100%| O|  |TAMS 0x0000000083200000, 0x0000000083100000| Untracked 
|  50|0x0000000083200000, 0x0000000083300000, 0x0000000083300000|100%| O|  |TAMS 0x0000000083300000, 0x0000000083200000| Untracked 
|  51|0x0000000083300000, 0x0000000083400000, 0x0000000083400000|100%| O|  |TAMS 0x0000000083300000, 0x0000000083300000| Untracked 
|  52|0x0000000083400000, 0x0000000083500000, 0x0000000083500000|100%| O|  |TAMS 0x0000000083500000, 0x0000000083400000| Untracked 
|  53|0x0000000083500000, 0x0000000083600000, 0x0000000083600000|100%| O|  |TAMS 0x0000000083600000, 0x0000000083500000| Untracked 
|  54|0x0000000083600000, 0x0000000083700000, 0x0000000083700000|100%| O|  |TAMS 0x0000000083700000, 0x0000000083600000| Untracked 
|  55|0x0000000083700000, 0x0000000083800000, 0x0000000083800000|100%| O|  |TAMS 0x0000000083800000, 0x0000000083700000| Untracked 
|  56|0x0000000083800000, 0x0000000083900000, 0x0000000083900000|100%| O|  |TAMS 0x0000000083900000, 0x0000000083800000| Untracked 
|  57|0x0000000083900000, 0x0000000083a00000, 0x0000000083a00000|100%| O|  |TAMS 0x0000000083a00000, 0x0000000083900000| Untracked 
|  58|0x0000000083a00000, 0x0000000083b00000, 0x0000000083b00000|100%| O|  |TAMS 0x0000000083b00000, 0x0000000083a00000| Untracked 
|  59|0x0000000083b00000, 0x0000000083c00000, 0x0000000083c00000|100%| O|  |TAMS 0x0000000083c00000, 0x0000000083b00000| Untracked 
|  60|0x0000000083c00000, 0x0000000083d00000, 0x0000000083d00000|100%| O|  |TAMS 0x0000000083d00000, 0x0000000083c00000| Untracked 
|  61|0x0000000083d00000, 0x0000000083e00000, 0x0000000083e00000|100%| O|  |TAMS 0x0000000083e00000, 0x0000000083d00000| Untracked 
|  62|0x0000000083e00000, 0x0000000083f00000, 0x0000000083f00000|100%| O|  |TAMS 0x0000000083f00000, 0x0000000083e00000| Untracked 
|  63|0x0000000083f00000, 0x0000000084000000, 0x0000000084000000|100%| O|  |TAMS 0x0000000084000000, 0x0000000083f00000| Untracked 
|  64|0x0000000084000000, 0x0000000084100000, 0x0000000084100000|100%| O|  |TAMS 0x0000000084100000, 0x0000000084000000| Untracked 
|  65|0x0000000084100000, 0x0000000084200000, 0x0000000084200000|100%| O|  |TAMS 0x0000000084109e00, 0x0000000084100000| Untracked 
|  66|0x0000000084200000, 0x0000000084300000, 0x0000000084300000|100%| O|  |TAMS 0x0000000084200000, 0x0000000084200000| Untracked 
|  67|0x0000000084300000, 0x0000000084400000, 0x0000000084400000|100%| O|  |TAMS 0x0000000084300000, 0x0000000084300000| Untracked 
|  68|0x0000000084400000, 0x0000000084500000, 0x0000000084500000|100%| O|  |TAMS 0x0000000084400000, 0x0000000084400000| Untracked 
|  69|0x0000000084500000, 0x0000000084600000, 0x0000000084600000|100%| O|  |TAMS 0x0000000084500000, 0x0000000084500000| Untracked 
|  70|0x0000000084600000, 0x0000000084700000, 0x0000000084700000|100%| O|  |TAMS 0x0000000084600000, 0x0000000084600000| Untracked 
|  71|0x0000000084700000, 0x0000000084800000, 0x0000000084800000|100%| O|  |TAMS 0x0000000084700000, 0x0000000084700000| Untracked 
|  72|0x0000000084800000, 0x0000000084900000, 0x0000000084900000|100%| O|  |TAMS 0x0000000084800000, 0x0000000084800000| Untracked 
|  73|0x0000000084900000, 0x0000000084a00000, 0x0000000084a00000|100%| O|  |TAMS 0x0000000084900000, 0x0000000084900000| Untracked 
|  74|0x0000000084a00000, 0x0000000084b00000, 0x0000000084b00000|100%| O|  |TAMS 0x0000000084a00000, 0x0000000084a00000| Untracked 
|  75|0x0000000084b00000, 0x0000000084c00000, 0x0000000084c00000|100%| O|  |TAMS 0x0000000084b00000, 0x0000000084b00000| Untracked 
|  76|0x0000000084c00000, 0x0000000084d00000, 0x0000000084d00000|100%| O|  |TAMS 0x0000000084c00000, 0x0000000084c00000| Untracked 
|  77|0x0000000084d00000, 0x0000000084e00000, 0x0000000084e00000|100%| O|  |TAMS 0x0000000084d00000, 0x0000000084d00000| Untracked 
|  78|0x0000000084e00000, 0x0000000084f00000, 0x0000000084f00000|100%| O|  |TAMS 0x0000000084e00000, 0x0000000084e00000| Untracked 
|  79|0x0000000084f00000, 0x0000000085000000, 0x0000000085000000|100%| O|  |TAMS 0x0000000084f00000, 0x0000000084f00000| Untracked 
|  80|0x0000000085000000, 0x0000000085100000, 0x0000000085100000|100%| O|  |TAMS 0x0000000085000000, 0x0000000085000000| Untracked 
|  81|0x0000000085100000, 0x0000000085200000, 0x0000000085200000|100%| O|  |TAMS 0x0000000085100000, 0x0000000085100000| Untracked 
|  82|0x0000000085200000, 0x0000000085300000, 0x0000000085300000|100%| O|  |TAMS 0x0000000085200000, 0x0000000085200000| Untracked 
|  83|0x0000000085300000, 0x0000000085400000, 0x0000000085400000|100%| O|  |TAMS 0x0000000085300000, 0x0000000085300000| Untracked 
|  84|0x0000000085400000, 0x0000000085500000, 0x0000000085500000|100%| O|  |TAMS 0x0000000085400000, 0x0000000085400000| Untracked 
|  85|0x0000000085500000, 0x0000000085600000, 0x0000000085600000|100%| O|  |TAMS 0x0000000085500000, 0x0000000085500000| Untracked 
|  86|0x0000000085600000, 0x0000000085700000, 0x0000000085700000|100%| O|  |TAMS 0x0000000085600000, 0x0000000085600000| Untracked 
|  87|0x0000000085700000, 0x0000000085800000, 0x0000000085800000|100%| O|  |TAMS 0x0000000085700000, 0x0000000085700000| Untracked 
|  88|0x0000000085800000, 0x00000000858b3e00, 0x0000000085900000| 70%| O|  |TAMS 0x0000000085800000, 0x0000000085800000| Untracked 
|  89|0x0000000085900000, 0x0000000085900000, 0x0000000085a00000|  0%| F|  |TAMS 0x0000000085900000, 0x0000000085900000| Untracked 
|  90|0x0000000085a00000, 0x0000000085a00000, 0x0000000085b00000|  0%| F|  |TAMS 0x0000000085a00000, 0x0000000085a00000| Untracked 
|  91|0x0000000085b00000, 0x0000000085b00000, 0x0000000085c00000|  0%| F|  |TAMS 0x0000000085b00000, 0x0000000085b00000| Untracked 
|  92|0x0000000085c00000, 0x0000000085c00000, 0x0000000085d00000|  0%| F|  |TAMS 0x0000000085c00000, 0x0000000085c00000| Untracked 
|  93|0x0000000085d00000, 0x0000000085d00000, 0x0000000085e00000|  0%| F|  |TAMS 0x0000000085d00000, 0x0000000085d00000| Untracked 
|  94|0x0000000085e00000, 0x0000000085e00000, 0x0000000085f00000|  0%| F|  |TAMS 0x0000000085e00000, 0x0000000085e00000| Untracked 
|  95|0x0000000085f00000, 0x0000000085f00000, 0x0000000086000000|  0%| F|  |TAMS 0x0000000085f00000, 0x0000000085f00000| Untracked 
|  96|0x0000000086000000, 0x0000000086000000, 0x0000000086100000|  0%| F|  |TAMS 0x0000000086000000, 0x0000000086000000| Untracked 
|  97|0x0000000086100000, 0x0000000086100000, 0x0000000086200000|  0%| F|  |TAMS 0x0000000086100000, 0x0000000086100000| Untracked 
|  98|0x0000000086200000, 0x0000000086200000, 0x0000000086300000|  0%| F|  |TAMS 0x0000000086200000, 0x0000000086200000| Untracked 
|  99|0x0000000086300000, 0x0000000086300000, 0x0000000086400000|  0%| F|  |TAMS 0x0000000086300000, 0x0000000086300000| Untracked 
| 100|0x0000000086400000, 0x0000000086400000, 0x0000000086500000|  0%| F|  |TAMS 0x0000000086400000, 0x0000000086400000| Untracked 
| 101|0x0000000086500000, 0x0000000086500000, 0x0000000086600000|  0%| F|  |TAMS 0x0000000086500000, 0x0000000086500000| Untracked 
| 102|0x0000000086600000, 0x0000000086600000, 0x0000000086700000|  0%| F|  |TAMS 0x0000000086600000, 0x0000000086600000| Untracked 
| 103|0x0000000086700000, 0x0000000086700000, 0x0000000086800000|  0%| F|  |TAMS 0x0000000086700000, 0x0000000086700000| Untracked 
| 104|0x0000000086800000, 0x0000000086800000, 0x0000000086900000|  0%| F|  |TAMS 0x0000000086800000, 0x0000000086800000| Untracked 
| 105|0x0000000086900000, 0x0000000086900000, 0x0000000086a00000|  0%| F|  |TAMS 0x0000000086900000, 0x0000000086900000| Untracked 
| 106|0x0000000086a00000, 0x0000000086a00000, 0x0000000086b00000|  0%| F|  |TAMS 0x0000000086a00000, 0x0000000086a00000| Untracked 
| 107|0x0000000086b00000, 0x0000000086b00000, 0x0000000086c00000|  0%| F|  |TAMS 0x0000000086b00000, 0x0000000086b00000| Untracked 
| 108|0x0000000086c00000, 0x0000000086c00000, 0x0000000086d00000|  0%| F|  |TAMS 0x0000000086c00000, 0x0000000086c00000| Untracked 
| 109|0x0000000086d00000, 0x0000000086d00000, 0x0000000086e00000|  0%| F|  |TAMS 0x0000000086d00000, 0x0000000086d00000| Untracked 
| 110|0x0000000086e00000, 0x0000000086e00000, 0x0000000086f00000|  0%| F|  |TAMS 0x0000000086e00000, 0x0000000086e00000| Untracked 
| 111|0x0000000086f00000, 0x0000000086f00000, 0x0000000087000000|  0%| F|  |TAMS 0x0000000086f00000, 0x0000000086f00000| Untracked 
| 112|0x0000000087000000, 0x0000000087000000, 0x0000000087100000|  0%| F|  |TAMS 0x0000000087000000, 0x0000000087000000| Untracked 
| 113|0x0000000087100000, 0x0000000087200000, 0x0000000087200000|100%| S|CS|TAMS 0x0000000087100000, 0x0000000087100000| Complete 
| 114|0x0000000087200000, 0x0000000087300000, 0x0000000087300000|100%| S|CS|TAMS 0x0000000087200000, 0x0000000087200000| Complete 
| 115|0x0000000087300000, 0x0000000087400000, 0x0000000087400000|100%| S|CS|TAMS 0x0000000087300000, 0x0000000087300000| Complete 
| 116|0x0000000087400000, 0x0000000087400000, 0x0000000087500000|  0%| F|  |TAMS 0x0000000087400000, 0x0000000087400000| Untracked 
| 117|0x0000000087500000, 0x0000000087500000, 0x0000000087600000|  0%| F|  |TAMS 0x0000000087500000, 0x0000000087500000| Untracked 
| 118|0x0000000087600000, 0x0000000087600000, 0x0000000087700000|  0%| F|  |TAMS 0x0000000087600000, 0x0000000087600000| Untracked 
| 119|0x0000000087700000, 0x0000000087700000, 0x0000000087800000|  0%| F|  |TAMS 0x0000000087700000, 0x0000000087700000| Untracked 
| 120|0x0000000087800000, 0x0000000087800000, 0x0000000087900000|  0%| F|  |TAMS 0x0000000087800000, 0x0000000087800000| Untracked 
| 121|0x0000000087900000, 0x0000000087900000, 0x0000000087a00000|  0%| F|  |TAMS 0x0000000087900000, 0x0000000087900000| Untracked 
| 122|0x0000000087a00000, 0x0000000087a00000, 0x0000000087b00000|  0%| F|  |TAMS 0x0000000087a00000, 0x0000000087a00000| Untracked 
| 123|0x0000000087b00000, 0x0000000087b00000, 0x0000000087c00000|  0%| F|  |TAMS 0x0000000087b00000, 0x0000000087b00000| Untracked 
| 124|0x0000000087c00000, 0x0000000087c00000, 0x0000000087d00000|  0%| F|  |TAMS 0x0000000087c00000, 0x0000000087c00000| Untracked 
| 125|0x0000000087d00000, 0x0000000087d00000, 0x0000000087e00000|  0%| F|  |TAMS 0x0000000087d00000, 0x0000000087d00000| Untracked 
| 126|0x0000000087e00000, 0x0000000087e00000, 0x0000000087f00000|  0%| F|  |TAMS 0x0000000087e00000, 0x0000000087e00000| Untracked 
| 127|0x0000000087f00000, 0x0000000087f00000, 0x0000000088000000|  0%| F|  |TAMS 0x0000000087f00000, 0x0000000087f00000| Untracked 
| 128|0x0000000088000000, 0x0000000088000000, 0x0000000088100000|  0%| F|  |TAMS 0x0000000088000000, 0x0000000088000000| Untracked 
| 129|0x0000000088100000, 0x0000000088100000, 0x0000000088200000|  0%| F|  |TAMS 0x0000000088100000, 0x0000000088100000| Untracked 
| 130|0x0000000088200000, 0x0000000088200000, 0x0000000088300000|  0%| F|  |TAMS 0x0000000088200000, 0x0000000088200000| Untracked 
| 131|0x0000000088300000, 0x0000000088300000, 0x0000000088400000|  0%| F|  |TAMS 0x0000000088300000, 0x0000000088300000| Untracked 
| 132|0x0000000088400000, 0x0000000088400000, 0x0000000088500000|  0%| F|  |TAMS 0x0000000088400000, 0x0000000088400000| Untracked 
| 133|0x0000000088500000, 0x0000000088500000, 0x0000000088600000|  0%| F|  |TAMS 0x0000000088500000, 0x0000000088500000| Untracked 
| 134|0x0000000088600000, 0x0000000088600000, 0x0000000088700000|  0%| F|  |TAMS 0x0000000088600000, 0x0000000088600000| Untracked 
| 135|0x0000000088700000, 0x0000000088700000, 0x0000000088800000|  0%| F|  |TAMS 0x0000000088700000, 0x0000000088700000| Untracked 
| 136|0x0000000088800000, 0x0000000088800000, 0x0000000088900000|  0%| F|  |TAMS 0x0000000088800000, 0x0000000088800000| Untracked 
| 137|0x0000000088900000, 0x0000000088900000, 0x0000000088a00000|  0%| F|  |TAMS 0x0000000088900000, 0x0000000088900000| Untracked 
| 138|0x0000000088a00000, 0x0000000088a00000, 0x0000000088b00000|  0%| F|  |TAMS 0x0000000088a00000, 0x0000000088a00000| Untracked 
| 139|0x0000000088b00000, 0x0000000088b00000, 0x0000000088c00000|  0%| F|  |TAMS 0x0000000088b00000, 0x0000000088b00000| Untracked 
| 140|0x0000000088c00000, 0x0000000088c00000, 0x0000000088d00000|  0%| F|  |TAMS 0x0000000088c00000, 0x0000000088c00000| Untracked 
| 141|0x0000000088d00000, 0x0000000088d00000, 0x0000000088e00000|  0%| F|  |TAMS 0x0000000088d00000, 0x0000000088d00000| Untracked 
| 142|0x0000000088e00000, 0x0000000088e00000, 0x0000000088f00000|  0%| F|  |TAMS 0x0000000088e00000, 0x0000000088e00000| Untracked 
| 143|0x0000000088f00000, 0x0000000088f00000, 0x0000000089000000|  0%| F|  |TAMS 0x0000000088f00000, 0x0000000088f00000| Untracked 
| 144|0x0000000089000000, 0x0000000089000000, 0x0000000089100000|  0%| F|  |TAMS 0x0000000089000000, 0x0000000089000000| Untracked 
| 145|0x0000000089100000, 0x0000000089100000, 0x0000000089200000|  0%| F|  |TAMS 0x0000000089100000, 0x0000000089100000| Untracked 
| 146|0x0000000089200000, 0x0000000089200000, 0x0000000089300000|  0%| F|  |TAMS 0x0000000089200000, 0x0000000089200000| Untracked 
| 147|0x0000000089300000, 0x0000000089300000, 0x0000000089400000|  0%| F|  |TAMS 0x0000000089300000, 0x0000000089300000| Untracked 
| 148|0x0000000089400000, 0x0000000089400000, 0x0000000089500000|  0%| F|  |TAMS 0x0000000089400000, 0x0000000089400000| Untracked 
| 191|0x000000008bf00000, 0x000000008bf00000, 0x000000008c000000|  0%| F|  |TAMS 0x000000008bf00000, 0x000000008bf00000| Untracked 

Card table byte_map: [0x000001a752650000,0x000001a752a50000] _byte_map_base: 0x000001a752250000

Marking Bits (Prev, Next): (CMBitMap*) 0x000001a73fab40a0, (CMBitMap*) 0x000001a73fab40e0
 Prev Bits: [0x000001a752e50000, 0x000001a754e50000)
 Next Bits: [0x000001a754e50000, 0x000001a756e50000)

Polling page: 0x000001a73da20000

Metaspace:

Usage:
  Non-class:     80.37 MB used.
      Class:     12.76 MB used.
       Both:     93.14 MB used.

Virtual space:
  Non-class space:       88.00 MB reserved,      80.75 MB ( 92%) committed,  11 nodes.
      Class space:        1.00 GB reserved,      13.06 MB (  1%) committed,  1 nodes.
             Both:        1.09 GB reserved,      93.81 MB (  8%) committed. 

Chunk freelists:
   Non-Class:  2.84 MB
       Class:  2.91 MB
        Both:  5.75 MB

MaxMetaspaceSize: unlimited
CompressedClassSpaceSize: 1.00 GB
Initial GC threshold: 21.00 MB
Current GC threshold: 141.19 MB
CDS: off
MetaspaceReclaimPolicy: balanced
 - commit_granule_bytes: 65536.
 - commit_granule_words: 8192.
 - virtual_space_node_default_size: 1048576.
 - enlarge_chunks_in_place: 1.
 - new_chunks_are_fully_committed: 0.
 - uncommit_free_chunks: 1.
 - use_allocation_guard: 0.
 - handle_deallocations: 1.


Internal statistics:

num_allocs_failed_limit: 6.
num_arena_births: 982.
num_arena_deaths: 0.
num_vsnodes_births: 12.
num_vsnodes_deaths: 0.
num_space_committed: 1501.
num_space_uncommitted: 0.
num_chunks_returned_to_freelist: 6.
num_chunks_taken_from_freelist: 4478.
num_chunk_merges: 6.
num_chunk_splits: 2973.
num_chunks_enlarged: 2012.
num_purges: 0.
num_inconsistent_stats: 0.

CodeHeap 'non-profiled nmethods': size=120000Kb used=5141Kb max_used=5441Kb free=114858Kb
 bounds [0x000001a74a9f0000, 0x000001a74af50000, 0x000001a751f20000]
CodeHeap 'profiled nmethods': size=120000Kb used=17954Kb max_used=17954Kb free=102045Kb
 bounds [0x000001a742f20000, 0x000001a7440b0000, 0x000001a74a450000]
CodeHeap 'non-nmethods': size=5760Kb used=2386Kb max_used=2470Kb free=3373Kb
 bounds [0x000001a74a450000, 0x000001a74a6d0000, 0x000001a74a9f0000]
 total_blobs=10333 nmethods=9413 adapters=832
 compilation: enabled
              stopped_count=0, restarted_count=0
 full_count=0

Compilation events (20 events):
Event: 18.085 Thread 0x000001a75a45ae70 nmethod 10922 0x000001a74409f890 code [0x000001a74409fb60, 0x000001a7440a0bf8]
Event: 18.085 Thread 0x000001a75a45ae70 10923   !   3       java.util.concurrent.LinkedBlockingQueue::take (91 bytes)
Event: 18.088 Thread 0x000001a75a45ae70 nmethod 10923 0x000001a7440a1190 code [0x000001a7440a1540, 0x000001a7440a2e88]
Event: 18.088 Thread 0x000001a75a45ae70 10882       1       org.gradle.internal.snapshot.impl.IsolatedEnumValueSnapshot::isolate (5 bytes)
Event: 18.088 Thread 0x000001a75a45ae70 nmethod 10882 0x000001a74ada7f10 code [0x000001a74ada80a0, 0x000001a74ada8178]
Event: 18.091 Thread 0x000001a75a45ae70 10925       3       org.gradle.internal.execution.history.changes.SortedMapDiffUtil::diff (360 bytes)
Event: 18.094 Thread 0x000001a75a45ae70 nmethod 10925 0x000001a7440a3910 code [0x000001a7440a3dc0, 0x000001a7440a6808]
Event: 18.094 Thread 0x000001a75a45ae70 10926       3       com.google.common.collect.ImmutableSortedMap::forEach (49 bytes)
Event: 18.095 Thread 0x000001a75a45ae70 nmethod 10926 0x000001a7440a7110 code [0x000001a7440a7340, 0x000001a7440a7c38]
Event: 18.095 Thread 0x000001a75a45ae70 10931       3       org.gradle.internal.Deferrable$1::completeAndGet (18 bytes)
Event: 18.096 Thread 0x000001a75a45ae70 nmethod 10931 0x000001a7440a7f90 code [0x000001a7440a8160, 0x000001a7440a85a8]
Event: 18.096 Thread 0x000001a75a45ae70 10932       3       org.gradle.internal.execution.history.changes.ErrorHandlingChangeContainer::<init> (15 bytes)
Event: 18.096 Thread 0x000001a75a45ae70 nmethod 10932 0x000001a7440a8790 code [0x000001a7440a8940, 0x000001a7440a8b58]
Event: 18.096 Thread 0x000001a75a45ae70 10924       3       com.google.common.collect.ImmutableMap$Builder::put (17 bytes)
Event: 18.096 Thread 0x000001a75a45ae70 nmethod 10924 0x000001a7440a8c10 code [0x000001a7440a8de0, 0x000001a7440a9128]
Event: 18.096 Thread 0x000001a75a45ae70 10936       3       org.gradle.internal.execution.steps.AfterExecutionResult::getAfterExecutionState (8 bytes)
Event: 18.097 Thread 0x000001a75a45ae70 nmethod 10936 0x000001a7440a9210 code [0x000001a7440a93c0, 0x000001a7440a96f8]
Event: 18.097 Thread 0x000001a75a45ae70 10927       3       org.gradle.internal.execution.steps.CachingContext::<init> (11 bytes)
Event: 18.099 Thread 0x000001a75a45ae70 nmethod 10927 0x000001a7440a9810 code [0x000001a7440a9a60, 0x000001a7440aa7f8]
Event: 18.099 Thread 0x000001a75a45ae70 10929       3       org.gradle.api.internal.artifacts.DependencyManagementGradleUserHomeScopeServices$$Lambda$310/0x00000001004739e0::test (8 bytes)

GC Heap History (20 events):
Event: 12.378 GC heap after
{Heap after GC invocations=26 (full 0):
 garbage-first heap   total 110592K, used 66001K [0x0000000080000000, 0x0000000100000000)
  region size 1024K, 4 young (4096K), 4 survivors (4096K)
 Metaspace       used 75322K, committed 75904K, reserved 1122304K
  class space    used 10001K, committed 10304K, reserved 1048576K
}
Event: 12.825 GC heap before
{Heap before GC invocations=27 (full 0):
 garbage-first heap   total 119808K, used 87505K [0x0000000080000000, 0x0000000100000000)
  region size 1024K, 27 young (27648K), 4 survivors (4096K)
 Metaspace       used 76491K, committed 77056K, reserved 1122304K
  class space    used 10163K, committed 10432K, reserved 1048576K
}
Event: 12.831 GC heap after
{Heap after GC invocations=28 (full 0):
 garbage-first heap   total 119808K, used 66948K [0x0000000080000000, 0x0000000100000000)
  region size 1024K, 2 young (2048K), 2 survivors (2048K)
 Metaspace       used 76491K, committed 77056K, reserved 1122304K
  class space    used 10163K, committed 10432K, reserved 1048576K
}
Event: 13.468 GC heap before
{Heap before GC invocations=28 (full 0):
 garbage-first heap   total 119808K, used 97668K [0x0000000080000000, 0x0000000100000000)
  region size 1024K, 32 young (32768K), 2 survivors (2048K)
 Metaspace       used 79974K, committed 80576K, reserved 1122304K
  class space    used 10816K, committed 11072K, reserved 1048576K
}
Event: 13.473 GC heap after
{Heap after GC invocations=29 (full 0):
 garbage-first heap   total 119808K, used 68386K [0x0000000080000000, 0x0000000100000000)
  region size 1024K, 4 young (4096K), 4 survivors (4096K)
 Metaspace       used 79974K, committed 80576K, reserved 1122304K
  class space    used 10816K, committed 11072K, reserved 1048576K
}
Event: 14.098 GC heap before
{Heap before GC invocations=29 (full 0):
 garbage-first heap   total 119808K, used 98082K [0x0000000080000000, 0x0000000100000000)
  region size 1024K, 33 young (33792K), 4 survivors (4096K)
 Metaspace       used 83104K, committed 83712K, reserved 1122304K
  class space    used 11281K, committed 11584K, reserved 1048576K
}
Event: 14.105 GC heap after
{Heap after GC invocations=30 (full 0):
 garbage-first heap   total 119808K, used 70323K [0x0000000080000000, 0x0000000100000000)
  region size 1024K, 4 young (4096K), 4 survivors (4096K)
 Metaspace       used 83104K, committed 83712K, reserved 1122304K
  class space    used 11281K, committed 11584K, reserved 1048576K
}
Event: 14.711 GC heap before
{Heap before GC invocations=30 (full 0):
 garbage-first heap   total 119808K, used 98995K [0x0000000080000000, 0x0000000100000000)
  region size 1024K, 32 young (32768K), 4 survivors (4096K)
 Metaspace       used 85825K, committed 86400K, reserved 1130496K
  class space    used 11673K, committed 11968K, reserved 1048576K
}
Event: 14.720 GC heap after
{Heap after GC invocations=31 (full 0):
 garbage-first heap   total 119808K, used 72704K [0x0000000080000000, 0x0000000100000000)
  region size 1024K, 4 young (4096K), 4 survivors (4096K)
 Metaspace       used 85825K, committed 86400K, reserved 1130496K
  class space    used 11673K, committed 11968K, reserved 1048576K
}
Event: 15.498 GC heap before
{Heap before GC invocations=32 (full 0):
 garbage-first heap   total 128000K, used 99328K [0x0000000080000000, 0x0000000100000000)
  region size 1024K, 30 young (30720K), 4 survivors (4096K)
 Metaspace       used 90003K, committed 90688K, reserved 1130496K
  class space    used 12287K, committed 12608K, reserved 1048576K
}
Event: 15.507 GC heap after
{Heap after GC invocations=33 (full 0):
 garbage-first heap   total 128000K, used 74661K [0x0000000080000000, 0x0000000100000000)
  region size 1024K, 2 young (2048K), 2 survivors (2048K)
 Metaspace       used 90003K, committed 90688K, reserved 1130496K
  class space    used 12287K, committed 12608K, reserved 1048576K
}
Event: 15.627 GC heap before
{Heap before GC invocations=33 (full 0):
 garbage-first heap   total 128000K, used 77733K [0x0000000080000000, 0x0000000100000000)
  region size 1024K, 6 young (6144K), 2 survivors (2048K)
 Metaspace       used 90434K, committed 91136K, reserved 1130496K
  class space    used 12342K, committed 12672K, reserved 1048576K
}
Event: 15.632 GC heap after
{Heap after GC invocations=34 (full 0):
 garbage-first heap   total 153600K, used 74669K [0x0000000080000000, 0x0000000100000000)
  region size 1024K, 1 young (1024K), 1 survivors (1024K)
 Metaspace       used 90434K, committed 91136K, reserved 1130496K
  class space    used 12342K, committed 12672K, reserved 1048576K
}
Event: 16.342 GC heap before
{Heap before GC invocations=34 (full 0):
 garbage-first heap   total 153600K, used 123821K [0x0000000080000000, 0x0000000100000000)
  region size 1024K, 49 young (50176K), 1 survivors (1024K)
 Metaspace       used 92622K, committed 93184K, reserved 1130496K
  class space    used 12638K, committed 12928K, reserved 1048576K
}
Event: 16.350 GC heap after
{Heap after GC invocations=35 (full 0):
 garbage-first heap   total 153600K, used 80533K [0x0000000080000000, 0x0000000100000000)
  region size 1024K, 7 young (7168K), 7 survivors (7168K)
 Metaspace       used 92622K, committed 93184K, reserved 1130496K
  class space    used 12638K, committed 12928K, reserved 1048576K
}
Event: 17.004 GC heap before
{Heap before GC invocations=35 (full 0):
 garbage-first heap   total 153600K, used 124565K [0x0000000080000000, 0x0000000100000000)
  region size 1024K, 50 young (51200K), 7 survivors (7168K)
 Metaspace       used 94153K, committed 94784K, reserved 1138688K
  class space    used 12903K, committed 13184K, reserved 1048576K
}
Event: 17.018 GC heap after
{Heap after GC invocations=36 (full 0):
 garbage-first heap   total 153600K, used 87624K [0x0000000080000000, 0x0000000100000000)
  region size 1024K, 7 young (7168K), 7 survivors (7168K)
 Metaspace       used 94153K, committed 94784K, reserved 1138688K
  class space    used 12903K, committed 13184K, reserved 1048576K
}
Event: 17.546 GC heap before
{Heap before GC invocations=36 (full 0):
 garbage-first heap   total 153600K, used 124488K [0x0000000080000000, 0x0000000100000000)
  region size 1024K, 44 young (45056K), 7 survivors (7168K)
 Metaspace       used 94937K, committed 95616K, reserved 1138688K
  class space    used 13033K, committed 13312K, reserved 1048576K
}
Event: 17.559 GC heap after
{Heap after GC invocations=37 (full 0):
 garbage-first heap   total 153600K, used 91406K [0x0000000080000000, 0x0000000100000000)
  region size 1024K, 5 young (5120K), 5 survivors (5120K)
 Metaspace       used 94937K, committed 95616K, reserved 1138688K
  class space    used 13033K, committed 13312K, reserved 1048576K
}
Event: 18.099 GC heap before
{Heap before GC invocations=37 (full 0):
 garbage-first heap   total 153600K, used 125198K [0x0000000080000000, 0x0000000100000000)
  region size 1024K, 39 young (39936K), 5 survivors (5120K)
 Metaspace       used 95372K, committed 96064K, reserved 1138688K
  class space    used 13069K, committed 13376K, reserved 1048576K
}

Dll operation events (2 events):
Event: 0.008 Loaded shared library C:\Program Files\Android\Android Studio\jbr\bin\java.dll
Event: 0.511 Loaded shared library C:\Program Files\Android\Android Studio\jbr\bin\verify.dll

Deoptimization events (20 events):
Event: 17.944 Thread 0x000001a76162ecd0 Uncommon trap: trap_request=0xffffffbe fr.pc=0x000001a74adaf40c relative=0x000000000000072c
Event: 17.944 Thread 0x000001a76162ecd0 Uncommon trap: reason=profile_predicate action=maybe_recompile pc=0x000001a74adaf40c method=java.util.Collections.indexedBinarySearch(Ljava/util/List;Ljava/lang/Object;Ljava/util/Comparator;)I @ 15 c2
Event: 17.944 Thread 0x000001a76162ecd0 DEOPT PACKING pc=0x000001a74adaf40c sp=0x0000003bd60fccb0
Event: 17.944 Thread 0x000001a76162ecd0 DEOPT UNPACKING pc=0x000001a74a4a69a3 sp=0x0000003bd60fcc48 mode 2
Event: 18.007 Thread 0x000001a75fb0d260 Uncommon trap: trap_request=0xffffffd6 fr.pc=0x000001a74adaade4 relative=0x0000000000000ac4
Event: 18.007 Thread 0x000001a75fb0d260 Uncommon trap: reason=array_check action=maybe_recompile pc=0x000001a74adaade4 method=com.google.common.collect.RegularImmutableMap.fromEntryArrayCheckingBucketOverflow(I[Ljava/util/Map$Entry;Z)Lcom/google/common/collect/ImmutableMap; @ 216 c2
Event: 18.007 Thread 0x000001a75fb0d260 DEOPT PACKING pc=0x000001a74adaade4 sp=0x0000003bd01fe690
Event: 18.007 Thread 0x000001a75fb0d260 DEOPT UNPACKING pc=0x000001a74a4a69a3 sp=0x0000003bd01fe640 mode 2
Event: 18.008 Thread 0x000001a75fb0d260 Uncommon trap: trap_request=0xffffffd6 fr.pc=0x000001a74adaade4 relative=0x0000000000000ac4
Event: 18.008 Thread 0x000001a75fb0d260 Uncommon trap: reason=array_check action=maybe_recompile pc=0x000001a74adaade4 method=com.google.common.collect.RegularImmutableMap.fromEntryArrayCheckingBucketOverflow(I[Ljava/util/Map$Entry;Z)Lcom/google/common/collect/ImmutableMap; @ 216 c2
Event: 18.008 Thread 0x000001a75fb0d260 DEOPT PACKING pc=0x000001a74adaade4 sp=0x0000003bd01fe6a0
Event: 18.009 Thread 0x000001a75fb0d260 DEOPT UNPACKING pc=0x000001a74a4a69a3 sp=0x0000003bd01fe650 mode 2
Event: 18.009 Thread 0x000001a75fb0d260 Uncommon trap: trap_request=0xffffffd6 fr.pc=0x000001a74adaade4 relative=0x0000000000000ac4
Event: 18.009 Thread 0x000001a75fb0d260 Uncommon trap: reason=array_check action=maybe_recompile pc=0x000001a74adaade4 method=com.google.common.collect.RegularImmutableMap.fromEntryArrayCheckingBucketOverflow(I[Ljava/util/Map$Entry;Z)Lcom/google/common/collect/ImmutableMap; @ 216 c2
Event: 18.009 Thread 0x000001a75fb0d260 DEOPT PACKING pc=0x000001a74adaade4 sp=0x0000003bd01fe6a0
Event: 18.010 Thread 0x000001a75fb0d260 DEOPT UNPACKING pc=0x000001a74a4a69a3 sp=0x0000003bd01fe650 mode 2
Event: 18.010 Thread 0x000001a75fb0d260 Uncommon trap: trap_request=0xffffffd6 fr.pc=0x000001a74adaade4 relative=0x0000000000000ac4
Event: 18.010 Thread 0x000001a75fb0d260 Uncommon trap: reason=array_check action=maybe_recompile pc=0x000001a74adaade4 method=com.google.common.collect.RegularImmutableMap.fromEntryArrayCheckingBucketOverflow(I[Ljava/util/Map$Entry;Z)Lcom/google/common/collect/ImmutableMap; @ 216 c2
Event: 18.010 Thread 0x000001a75fb0d260 DEOPT PACKING pc=0x000001a74adaade4 sp=0x0000003bd01fe6a0
Event: 18.010 Thread 0x000001a75fb0d260 DEOPT UNPACKING pc=0x000001a74a4a69a3 sp=0x0000003bd01fe650 mode 2

Classes unloaded (0 events):
No events

Classes redefined (0 events):
No events

Internal exceptions (20 events):
Event: 16.773 Thread 0x000001a75c886d30 Exception <a 'java/lang/NoSuchMethodError'{0x00000000873665f0}: static Lorg/gradle/internal/build/event/types/DefaultTaskFinishedProgressEvent;.<clinit>()V> (0x00000000873665f0) 
thrown [s\src\hotspot\share\prims\jni.cpp, line 1108]
Event: 16.776 Thread 0x000001a75c886d30 Exception <a 'java/lang/NoSuchMethodError'{0x00000000873a2358}: static Lorg/gradle/internal/build/event/types/DefaultTaskSuccessResult;.<clinit>()V> (0x00000000873a2358) 
thrown [s\src\hotspot\share\prims\jni.cpp, line 1108]
Event: 16.776 Thread 0x000001a75c886d30 Exception <a 'java/lang/NoSuchMethodError'{0x00000000873a3a60}: static Lorg/gradle/internal/build/event/types/AbstractTaskResult;.<clinit>()V> (0x00000000873a3a60) 
thrown [s\src\hotspot\share\prims\jni.cpp, line 1108]
Event: 16.786 Thread 0x000001a761633030 Exception <a 'sun/nio/fs/WindowsException'{0x000000008734b778}> (0x000000008734b778) 
thrown [s\src\hotspot\share\prims\jni.cpp, line 517]
Event: 16.795 Thread 0x000001a75c886d30 Exception <a 'java/lang/NoSuchMethodError'{0x00000000872afc08}: static Lorg/gradle/internal/build/event/types/DefaultTaskSkippedResult;.<clinit>()V> (0x00000000872afc08) 
thrown [s\src\hotspot\share\prims\jni.cpp, line 1108]
Event: 16.797 Thread 0x000001a75cfab060 Exception <a 'java/lang/NoSuchMethodError'{0x00000000872bad18}: static Lcom/android/buildanalyzer/common/AndroidGradlePluginAttributionData$BuildInfo;.<clinit>()V> (0x00000000872bad18) 
thrown [s\src\hotspot\share\prims\jni.cpp, line 1108]
Event: 16.801 Thread 0x000001a75cfab060 Exception <a 'java/lang/NoSuchMethodError'{0x00000000871030e8}: static Lcom/android/buildanalyzer/common/AndroidGradlePluginAttributionData$JavaInfo;.<clinit>()V> (0x00000000871030e8) 
thrown [s\src\hotspot\share\prims\jni.cpp, line 1108]
Event: 16.805 Thread 0x000001a75cfab060 Exception <a 'java/lang/NoSuchMethodError'{0x0000000087125258}: static [Ljava/lang/String;.<clinit>()V> (0x0000000087125258) 
thrown [s\src\hotspot\share\prims\jni.cpp, line 1108]
Event: 16.808 Thread 0x000001a75cfab060 Exception <a 'java/lang/NoSuchMethodError'{0x0000000087133af0}: static Lcom/android/buildanalyzer/common/AndroidGradlePluginAttributionData$TaskInfo;.<clinit>()V> (0x0000000087133af0) 
thrown [s\src\hotspot\share\prims\jni.cpp, line 1108]
Event: 16.809 Thread 0x000001a75cfab060 Exception <a 'java/lang/NoSuchMethodError'{0x0000000087177770}: static Lcom/android/buildanalyzer/common/AndroidGradlePluginAttributionData$TaskCategoryInfo;.<clinit>()V> (0x0000000087177770) 
thrown [s\src\hotspot\share\prims\jni.cpp, line 1108]
Event: 16.818 Thread 0x000001a75cfab060 Exception <a 'java/lang/NoSuchMethodError'{0x00000000871fe3b0}: 'void java.lang.invoke.DirectMethodHandle$Holder.invokeSpecial(java.lang.Object, java.lang.Object, java.lang.Object, int)'> (0x00000000871fe3b0) 
thrown [s\src\hotspot\share\interpreter\linkResolver.cpp, line 771]
Event: 17.210 Thread 0x000001a761633030 Exception <a 'java/lang/NoSuchMethodError'{0x0000000088f74c08}: 'void java.lang.invoke.DirectMethodHandle$Holder.invokeStatic(java.lang.Object, java.lang.Object, java.lang.Object, java.lang.Object, int, java.lang.Object, java.lang.Object)'> (0x0000000088f74c08) 
thrown [s\src\hotspot\share\interpreter\linkResolver.cpp, line 771]
Event: 17.250 Thread 0x000001a760097000 Exception <a 'java/lang/NoSuchMethodError'{0x0000000088b9d160}: 'java.lang.Object java.lang.invoke.DirectMethodHandle$Holder.invokeSpecialIFC(java.lang.Object, java.lang.Object, java.lang.Object)'> (0x0000000088b9d160) 
thrown [s\src\hotspot\share\interpreter\linkResolver.cpp, line 771]
Event: 17.250 Thread 0x000001a75cfa8eb0 Exception <a 'java/lang/NoSuchMethodError'{0x0000000088b92950}: 'java.lang.Object java.lang.invoke.DirectMethodHandle$Holder.invokeSpecialIFC(java.lang.Object, java.lang.Object, java.lang.Object)'> (0x0000000088b92950) 
thrown [s\src\hotspot\share\interpreter\linkResolver.cpp, line 771]
Event: 17.250 Thread 0x000001a761633030 Exception <a 'java/lang/NoSuchMethodError'{0x0000000088ce3498}: 'java.lang.Object java.lang.invoke.DirectMethodHandle$Holder.invokeSpecialIFC(java.lang.Object, java.lang.Object, java.lang.Object)'> (0x0000000088ce3498) 
thrown [s\src\hotspot\share\interpreter\linkResolver.cpp, line 771]
Event: 17.250 Thread 0x000001a76009a020 Exception <a 'java/lang/NoSuchMethodError'{0x0000000088bc3c00}: 'java.lang.Object java.lang.invoke.DirectMethodHandle$Holder.invokeSpecialIFC(java.lang.Object, java.lang.Object, java.lang.Object)'> (0x0000000088bc3c00) 
thrown [s\src\hotspot\share\interpreter\linkResolver.cpp, line 771]
Event: 17.250 Thread 0x000001a75d675d10 Exception <a 'java/lang/NoSuchMethodError'{0x0000000088b8d2d0}: 'java.lang.Object java.lang.invoke.DirectMethodHandle$Holder.invokeSpecialIFC(java.lang.Object, java.lang.Object, java.lang.Object)'> (0x0000000088b8d2d0) 
thrown [s\src\hotspot\share\interpreter\linkResolver.cpp, line 771]
Event: 17.250 Thread 0x000001a760096660 Exception <a 'java/lang/NoSuchMethodError'{0x0000000088bbb150}: 'java.lang.Object java.lang.invoke.DirectMethodHandle$Holder.invokeSpecialIFC(java.lang.Object, java.lang.Object, java.lang.Object)'> (0x0000000088bbb150) 
thrown [s\src\hotspot\share\interpreter\linkResolver.cpp, line 771]
Event: 17.250 Thread 0x000001a75fb07bc0 Exception <a 'java/lang/NoSuchMethodError'{0x0000000088ba77c8}: 'java.lang.Object java.lang.invoke.DirectMethodHandle$Holder.invokeSpecialIFC(java.lang.Object, java.lang.Object, java.lang.Object)'> (0x0000000088ba77c8) 
thrown [s\src\hotspot\share\interpreter\linkResolver.cpp, line 771]
Event: 17.250 Thread 0x000001a760094980 Exception <a 'java/lang/NoSuchMethodError'{0x0000000088bafb60}: 'java.lang.Object java.lang.invoke.DirectMethodHandle$Holder.invokeSpecialIFC(java.lang.Object, java.lang.Object, java.lang.Object)'> (0x0000000088bafb60) 
thrown [s\src\hotspot\share\interpreter\linkResolver.cpp, line 771]

VM Operations (20 events):
Event: 16.771 Executing VM operation: HandshakeAllThreads done
Event: 16.853 Executing VM operation: HandshakeAllThreads
Event: 16.854 Executing VM operation: HandshakeAllThreads done
Event: 16.873 Executing VM operation: HandshakeAllThreads
Event: 16.874 Executing VM operation: HandshakeAllThreads done
Event: 16.911 Executing VM operation: ICBufferFull
Event: 16.911 Executing VM operation: ICBufferFull done
Event: 17.004 Executing VM operation: G1CollectForAllocation
Event: 17.019 Executing VM operation: G1CollectForAllocation done
Event: 17.263 Executing VM operation: ICBufferFull
Event: 17.264 Executing VM operation: ICBufferFull done
Event: 17.545 Executing VM operation: ICBufferFull
Event: 17.546 Executing VM operation: ICBufferFull done
Event: 17.546 Executing VM operation: G1CollectForAllocation
Event: 17.560 Executing VM operation: G1CollectForAllocation done
Event: 17.739 Executing VM operation: HandshakeAllThreads
Event: 17.740 Executing VM operation: HandshakeAllThreads done
Event: 17.803 Executing VM operation: ICBufferFull
Event: 17.803 Executing VM operation: ICBufferFull done
Event: 18.099 Executing VM operation: G1CollectForAllocation

Events (20 events):
Event: 16.872 Thread 0x000001a75a45c330 flushing nmethod 0x000001a743d89810
Event: 16.872 Thread 0x000001a75a45c330 flushing nmethod 0x000001a743d89d10
Event: 16.872 Thread 0x000001a75a45c330 flushing nmethod 0x000001a743d8e310
Event: 16.872 Thread 0x000001a75a45c330 flushing nmethod 0x000001a743d8f010
Event: 16.872 Thread 0x000001a75a45c330 flushing nmethod 0x000001a743db0810
Event: 16.872 Thread 0x000001a75a45c330 flushing nmethod 0x000001a743db1010
Event: 16.872 Thread 0x000001a75a45c330 flushing nmethod 0x000001a743db1d90
Event: 16.872 Thread 0x000001a75a45c330 flushing nmethod 0x000001a743db3090
Event: 16.872 Thread 0x000001a75a45c330 flushing nmethod 0x000001a743db4b90
Event: 16.873 Thread 0x000001a75a45c330 flushing nmethod 0x000001a743e03410
Event: 16.873 Thread 0x000001a75a45c330 flushing nmethod 0x000001a743e03790
Event: 16.874 Thread 0x000001a75a45c330 flushing nmethod 0x000001a743e60590
Event: 16.874 Thread 0x000001a75a45c330 flushing nmethod 0x000001a743e61310
Event: 16.874 Thread 0x000001a75a45c330 flushing nmethod 0x000001a743ed0b90
Event: 16.874 Thread 0x000001a75a45c330 flushing nmethod 0x000001a743ed9b10
Event: 16.874 Thread 0x000001a75a45c330 flushing nmethod 0x000001a743efe790
Event: 16.874 Thread 0x000001a75a45c330 flushing nmethod 0x000001a743f00090
Event: 16.874 Thread 0x000001a75a45c330 flushing nmethod 0x000001a743f38210
Event: 17.844 loading class java/util/stream/SortedOps$SizedRefSortingSink
Event: 17.844 loading class java/util/stream/SortedOps$SizedRefSortingSink done


Dynamic libraries:
0x00007ff6b9360000 - 0x00007ff6b936a000 	C:\Program Files\Android\Android Studio\jbr\bin\java.exe
0x00007ff9ea6f0000 - 0x00007ff9ea904000 	C:\Windows\SYSTEM32\ntdll.dll
0x00007ff9e84e0000 - 0x00007ff9e85a3000 	C:\Windows\System32\KERNEL32.DLL
0x00007ff9e80a0000 - 0x00007ff9e843d000 	C:\Windows\System32\KERNELBASE.dll
0x00007ff9e7da0000 - 0x00007ff9e7eb1000 	C:\Windows\System32\ucrtbase.dll
0x00007ff9e39e0000 - 0x00007ff9e39f7000 	C:\Program Files\Android\Android Studio\jbr\bin\jli.dll
0x00007ff9c8110000 - 0x00007ff9c812b000 	C:\Program Files\Android\Android Studio\jbr\bin\VCRUNTIME140.dll
0x00007ff9e9110000 - 0x00007ff9e92bd000 	C:\Windows\System32\USER32.dll
0x00007ff9cf030000 - 0x00007ff9cf2be000 	C:\Windows\WinSxS\amd64_microsoft.windows.common-controls_6595b64144ccf1df_6.0.22621.608_none_a9444ca7c10bb01d\COMCTL32.dll
0x00007ff9e8440000 - 0x00007ff9e8466000 	C:\Windows\System32\win32u.dll
0x00007ff9e90e0000 - 0x00007ff9e9109000 	C:\Windows\System32\GDI32.dll
0x00007ff9ea2a0000 - 0x00007ff9ea347000 	C:\Windows\System32\msvcrt.dll
0x00007ff9e7f80000 - 0x00007ff9e8092000 	C:\Windows\System32\gdi32full.dll
0x00007ff9e7b90000 - 0x00007ff9e7c2a000 	C:\Windows\System32\msvcp_win.dll
0x00007ff9e8710000 - 0x00007ff9e8742000 	C:\Windows\System32\IMM32.DLL
0x00007ff9ccce0000 - 0x00007ff9cccec000 	C:\Program Files\Android\Android Studio\jbr\bin\vcruntime140_1.dll
0x00007ff98c820000 - 0x00007ff98c8ad000 	C:\Program Files\Android\Android Studio\jbr\bin\msvcp140.dll
0x00007ff9a0fc0000 - 0x00007ff9a1c2e000 	C:\Program Files\Android\Android Studio\jbr\bin\server\jvm.dll
0x00007ff9ea1f0000 - 0x00007ff9ea29e000 	C:\Windows\System32\ADVAPI32.dll
0x00007ff9e97a0000 - 0x00007ff9e9844000 	C:\Windows\System32\sechost.dll
0x00007ff9ea520000 - 0x00007ff9ea635000 	C:\Windows\System32\RPCRT4.dll
0x00007ff9e0cf0000 - 0x00007ff9e0d24000 	C:\Windows\SYSTEM32\WINMM.dll
0x00007ff9e48f0000 - 0x00007ff9e48f9000 	C:\Windows\SYSTEM32\WSOCK32.dll
0x00007ff9e1220000 - 0x00007ff9e122a000 	C:\Windows\SYSTEM32\VERSION.dll
0x00007ff9ea350000 - 0x00007ff9ea3c1000 	C:\Windows\System32\WS2_32.dll
0x00007ff9e6b50000 - 0x00007ff9e6b68000 	C:\Windows\SYSTEM32\kernel.appcore.dll
0x00007ff9e44d0000 - 0x00007ff9e44da000 	C:\Program Files\Android\Android Studio\jbr\bin\jimage.dll
0x00007ff9d6c10000 - 0x00007ff9d6e3e000 	C:\Windows\SYSTEM32\DBGHELP.DLL
0x00007ff9e9410000 - 0x00007ff9e979a000 	C:\Windows\System32\combase.dll
0x00007ff9e85b0000 - 0x00007ff9e8687000 	C:\Windows\System32\OLEAUT32.dll
0x00007ff9dce70000 - 0x00007ff9dcea2000 	C:\Windows\SYSTEM32\dbgcore.DLL
0x00007ff9e7b10000 - 0x00007ff9e7b8b000 	C:\Windows\System32\bcryptPrimitives.dll
0x00007ff9e44a0000 - 0x00007ff9e44c5000 	C:\Program Files\Android\Android Studio\jbr\bin\java.dll
0x00007ff9e4480000 - 0x00007ff9e4498000 	C:\Program Files\Android\Android Studio\jbr\bin\zip.dll
0x00007ff9e9850000 - 0x00007ff9ea03f000 	C:\Windows\System32\SHELL32.dll
0x00007ff9e5b20000 - 0x00007ff9e63e8000 	C:\Windows\SYSTEM32\windows.storage.dll
0x00007ff9e59e0000 - 0x00007ff9e5b1e000 	C:\Windows\SYSTEM32\wintypes.dll
0x00007ff9ea3d0000 - 0x00007ff9ea4c1000 	C:\Windows\System32\SHCORE.dll
0x00007ff9ea050000 - 0x00007ff9ea0ae000 	C:\Windows\System32\shlwapi.dll
0x00007ff9e7a40000 - 0x00007ff9e7a61000 	C:\Windows\SYSTEM32\profapi.dll
0x00007ff9e3b30000 - 0x00007ff9e3b49000 	C:\Program Files\Android\Android Studio\jbr\bin\net.dll
0x00007ff9e06c0000 - 0x00007ff9e07ef000 	C:\Windows\SYSTEM32\WINHTTP.dll
0x00007ff9e6fb0000 - 0x00007ff9e7019000 	C:\Windows\system32\mswsock.dll
0x00007ff9e3b10000 - 0x00007ff9e3b26000 	C:\Program Files\Android\Android Studio\jbr\bin\nio.dll
0x00007ff9e3a70000 - 0x00007ff9e3a80000 	C:\Program Files\Android\Android Studio\jbr\bin\verify.dll
0x00007ff9c9c40000 - 0x00007ff9c9c67000 	C:\Users\Admin\.gradle\native\68d5fa5c4cc2d200863cafc0d521ce42e7d3e7ee720ec0a83991735586a16f82\windows-amd64\native-platform.dll
0x00007ff98c550000 - 0x00007ff98c694000 	C:\Users\Admin\.gradle\native\e376f236ea51e6404a007f0833ffe2c6e607c4080706a723a18a27aeea778392\windows-amd64\native-platform-file-events.dll
0x00007ff9e3a20000 - 0x00007ff9e3a29000 	C:\Program Files\Android\Android Studio\jbr\bin\management.dll
0x00007ff9e3a10000 - 0x00007ff9e3a1b000 	C:\Program Files\Android\Android Studio\jbr\bin\management_ext.dll
0x00007ff9e8760000 - 0x00007ff9e8768000 	C:\Windows\System32\PSAPI.DLL
0x00007ff9e7210000 - 0x00007ff9e722b000 	C:\Windows\SYSTEM32\CRYPTSP.dll
0x00007ff9e6ac0000 - 0x00007ff9e6af5000 	C:\Windows\system32\rsaenh.dll
0x00007ff9e70a0000 - 0x00007ff9e70c8000 	C:\Windows\SYSTEM32\USERENV.dll
0x00007ff9e73e0000 - 0x00007ff9e7408000 	C:\Windows\SYSTEM32\bcrypt.dll
0x00007ff9e7200000 - 0x00007ff9e720c000 	C:\Windows\SYSTEM32\CRYPTBASE.dll
0x00007ff9e6640000 - 0x00007ff9e666d000 	C:\Windows\SYSTEM32\IPHLPAPI.DLL
0x00007ff9e9340000 - 0x00007ff9e9349000 	C:\Windows\System32\NSI.dll
0x00007ff9e04b0000 - 0x00007ff9e04c9000 	C:\Windows\SYSTEM32\dhcpcsvc6.DLL
0x00007ff9e0350000 - 0x00007ff9e036f000 	C:\Windows\SYSTEM32\dhcpcsvc.DLL
0x00007ff9e6700000 - 0x00007ff9e67f2000 	C:\Windows\SYSTEM32\DNSAPI.dll
0x00007ff9ccad0000 - 0x00007ff9ccad8000 	C:\Windows\system32\wshunix.dll
0x00007ff9dd130000 - 0x00007ff9dd147000 	C:\Windows\system32\napinsp.dll
0x00007ff9ccbb0000 - 0x00007ff9ccbcb000 	C:\Windows\system32\pnrpnsp.dll
0x00007ff9ccb90000 - 0x00007ff9ccba1000 	C:\Windows\System32\winrnr.dll
0x00007ff9e0490000 - 0x00007ff9e04a5000 	C:\Windows\system32\wshbth.dll
0x00007ff9e0e70000 - 0x00007ff9e0e91000 	C:\Windows\system32\nlansp_c.dll
0x00007ff9deb10000 - 0x00007ff9deb1a000 	C:\Windows\System32\rasadhlp.dll
0x00007ff9dea80000 - 0x00007ff9deb03000 	C:\Windows\System32\fwpuclnt.dll

dbghelp: loaded successfully - version: 4.0.5 - missing functions: none
symbol engine: initialized successfully - sym options: 0x614 - pdb path: .;C:\Program Files\Android\Android Studio\jbr\bin;C:\Windows\SYSTEM32;C:\Windows\WinSxS\amd64_microsoft.windows.common-controls_6595b64144ccf1df_6.0.22621.608_none_a9444ca7c10bb01d;C:\Program Files\Android\Android Studio\jbr\bin\server;C:\Users\Admin\.gradle\native\68d5fa5c4cc2d200863cafc0d521ce42e7d3e7ee720ec0a83991735586a16f82\windows-amd64;C:\Users\Admin\.gradle\native\e376f236ea51e6404a007f0833ffe2c6e607c4080706a723a18a27aeea778392\windows-amd64

VM Arguments:
jvm_args: --add-opens=java.base/java.util=ALL-UNNAMED --add-opens=java.base/java.lang=ALL-UNNAMED --add-opens=java.base/java.lang.invoke=ALL-UNNAMED --add-opens=java.prefs/java.util.prefs=ALL-UNNAMED --add-opens=java.base/java.nio.charset=ALL-UNNAMED --add-opens=java.base/java.net=ALL-UNNAMED --add-opens=java.base/java.util.concurrent.atomic=ALL-UNNAMED -Xmx2048m -Dfile.encoding=UTF-8 -Duser.country=ID -Duser.language=en -Duser.variant 
java_command: org.gradle.launcher.daemon.bootstrap.GradleDaemon 8.0
java_class_path (initial): C:\Users\Admin\.gradle\wrapper\dists\gradle-8.0-bin\ca5e32bp14vu59qr306oxotwh\gradle-8.0\lib\gradle-launcher-8.0.jar
Launcher Type: SUN_STANDARD

[Global flags]
     intx CICompilerCount                          = 4                                         {product} {ergonomic}
     uint ConcGCThreads                            = 2                                         {product} {ergonomic}
     uint G1ConcRefinementThreads                  = 8                                         {product} {ergonomic}
   size_t G1HeapRegionSize                         = 1048576                                   {product} {ergonomic}
    uintx GCDrainStackTargetSize                   = 64                                        {product} {ergonomic}
   size_t InitialHeapSize                          = 201326592                                 {product} {ergonomic}
   size_t MarkStackSize                            = 4194304                                   {product} {ergonomic}
   size_t MaxHeapSize                              = 2147483648                                {product} {command line}
   size_t MaxNewSize                               = 1287651328                                {product} {ergonomic}
   size_t MinHeapDeltaBytes                        = 1048576                                   {product} {ergonomic}
   size_t MinHeapSize                              = 8388608                                   {product} {ergonomic}
    uintx NonNMethodCodeHeapSize                   = 5839372                                {pd product} {ergonomic}
    uintx NonProfiledCodeHeapSize                  = 122909434                              {pd product} {ergonomic}
    uintx ProfiledCodeHeapSize                     = 122909434                              {pd product} {ergonomic}
    uintx ReservedCodeCacheSize                    = 251658240                              {pd product} {ergonomic}
     bool SegmentedCodeCache                       = true                                      {product} {ergonomic}
   size_t SoftMaxHeapSize                          = 2147483648                             {manageable} {ergonomic}
     bool UseCompressedClassPointers               = true                           {product lp64_product} {ergonomic}
     bool UseCompressedOops                        = true                           {product lp64_product} {ergonomic}
     bool UseG1GC                                  = true                                      {product} {ergonomic}
     bool UseLargePagesIndividualAllocation        = false                                  {pd product} {ergonomic}

Logging:
Log output configuration:
 #0: stdout all=warning uptime,level,tags
 #1: stderr all=off uptime,level,tags

Environment Variables:
PATH=C:\Program Files\Eclipse Adoptium\jdk-17.0.6.10-hotspot\bin;C:\Windows\system32;C:\Windows;C:\Windows\System32\Wbem;C:\Windows\System32\WindowsPowerShell\v1.0\;C:\Windows\System32\OpenSSH\;C:\xampp\php;C:\ProgramData\ComposerSetup\bin;C:\Program Files\Git\cmd;C:\Program Files\nodejs\;C:\ProgramData\chocolatey\bin;C:\Program Files\Cloudflare\Cloudflare WARP\;C:\Users\Admin\AppData\Local\Microsoft\WindowsApps;C:\Users\Admin\AppData\Local\Programs\Microsoft VS Code\bin;C:\Users\Admin\AppData\Roaming\Composer\vendor\bin;C:\Users\Admin\AppData\Roaming\npm;C:\xampp\mysql\bin;C:\Users\Admin\AppData\Local\GitHubDesktop\bin;C:\ProgramData\Admin\GitHubDesktop\bin
USERNAME=Admin
OS=Windows_NT
PROCESSOR_IDENTIFIER=Intel64 Family 6 Model 142 Stepping 10, GenuineIntel
TMP=C:\Users\Admin\AppData\Local\Temp
TEMP=C:\Users\Admin\AppData\Local\Temp


JNI global refs:
JNI global refs: 28, weak refs: 11

JNI global refs memory usage: 843, weak refs: 841


---------------  S Y S T E M  ---------------

OS:
 Windows 11 , 64 bit Build 22621 (10.0.22621.963)
OS uptime: 0 days 1:09 hours

CPU: total 8 (initial active 8) (4 cores per cpu, 2 threads per core) family 6 model 142 stepping 10 microcode 0xe0, cx8, cmov, fxsr, ht, mmx, 3dnowpref, sse, sse2, sse3, ssse3, sse4.1, sse4.2, popcnt, lzcnt, tsc, tscinvbit, avx, avx2, aes, erms, clmul, bmi1, bmi2, adx, fma, vzeroupper, clflush, clflushopt

Memory: 4k page, system-wide physical 12174M (529M free)
TotalPageFile size 12174M (AvailPageFile size 23M)
current process WorkingSet (physical memory assigned to process): 410M, peak: 410M
current process commit charge ("private bytes"): 444M, peak: 474M

vm_info: OpenJDK 64-Bit Server VM (17.0.6+0-b2043.56-10027231) for windows-amd64 JRE (17.0.6+0-b2043.56-10027231), built on Apr 28 2023 00:43:19 by "androidbuild" with MS VC++ 16.10 / 16.11 (VS2019)

END.
