#
# There is insufficient memory for the Java Runtime Environment to continue.
# Native memory allocation (malloc) failed to allocate 648816 bytes for Chunk::new
# Possible reasons:
#   The system is out of physical RAM or swap space
#   The process is running with CompressedOops enabled, and the Java Heap may be blocking the growth of the native heap
# Possible solutions:
#   Reduce memory load on the system
#   Increase physical memory or swap space
#   Check if swap backing store is full
#   Decrease Java heap size (-Xmx/-Xms)
#   Decrease number of Java threads
#   Decrease Java thread stack sizes (-Xss)
#   Set larger code cache with -XX:ReservedCodeCacheSize=
#   JVM is running with Unscaled Compressed Oops mode in which the Java heap is
#     placed in the first 4GB address space. The Java Heap base address is the
#     maximum limit for the native heap growth. Please use -XX:HeapBaseMinAddress
#     to set the Java Heap base and to place the Java Heap above 4GB virtual address.
# This output file may be truncated or incomplete.
#
#  Out of Memory Error (arena.cpp:189), pid=2548, tid=9648
#
# JRE version: OpenJDK Runtime Environment (17.0.6) (build 17.0.6+0-b2043.56-10027231)
# Java VM: OpenJDK 64-Bit Server VM (17.0.6+0-b2043.56-10027231, mixed mode, tiered, compressed oops, compressed class ptrs, g1 gc, windows-amd64)
# No core dump will be written. Minidumps are not enabled by default on client versions of Windows
#

---------------  S U M M A R Y ------------

Command Line: --add-opens=java.base/java.util=ALL-UNNAMED --add-opens=java.base/java.lang=ALL-UNNAMED --add-opens=java.base/java.lang.invoke=ALL-UNNAMED --add-opens=java.prefs/java.util.prefs=ALL-UNNAMED --add-opens=java.base/java.nio.charset=ALL-UNNAMED --add-opens=java.base/java.net=ALL-UNNAMED --add-opens=java.base/java.util.concurrent.atomic=ALL-UNNAMED -Xmx2048m -Dfile.encoding=UTF-8 -Duser.country=ID -Duser.language=en -Duser.variant org.gradle.launcher.daemon.bootstrap.GradleDaemon 8.0

Host: Intel(R) Core(TM) i5-8250U CPU @ 1.60GHz, 8 cores, 11G,  Windows 11 , 64 bit Build 22621 (10.0.22621.963)
Time: Thu Nov 23 19:11:21 2023 SE Asia Standard Time elapsed time: 31.030635 seconds (0d 0h 0m 31s)

---------------  T H R E A D  ---------------

Current thread (0x000001ac99c90640):  JavaThread "C2 CompilerThread0" daemon [_thread_in_native, id=9648, stack(0x000000571fe00000,0x000000571ff00000)]


Current CompileTask:
C2:  31030 12394       4       org.gradle.internal.instantiation.generator.DependencyInjectingInstantiator::newInstance (8 bytes)

Stack: [0x000000571fe00000,0x000000571ff00000]
Native frames: (J=compiled Java code, j=interpreted, Vv=VM code, C=native code)
V  [jvm.dll+0x683c9a]
V  [jvm.dll+0x8427a4]
V  [jvm.dll+0x843f9e]
V  [jvm.dll+0x844603]
V  [jvm.dll+0x249b75]
V  [jvm.dll+0xabcac]
V  [jvm.dll+0xac27c]
V  [jvm.dll+0x2b0eef]
V  [jvm.dll+0x58a267]
V  [jvm.dll+0x2243b2]
V  [jvm.dll+0x21dbe9]
V  [jvm.dll+0x21b51b]
V  [jvm.dll+0x1a4fdd]
V  [jvm.dll+0x22b098]
V  [jvm.dll+0x229159]
V  [jvm.dll+0x7f81ec]
V  [jvm.dll+0x7f274a]
V  [jvm.dll+0x682ad5]
C  [ucrtbase.dll+0x29363]
C  [KERNEL32.DLL+0x126bd]
C  [ntdll.dll+0x5dfb8]


---------------  P R O C E S S  ---------------

Threads class SMR info:
_java_thread_list=0x000001ac9dc9bd60, length=139, elements={
0x000001acff0d8720, 0x000001ac99c67660, 0x000001ac99c68120, 0x000001ac99c53d50,
0x000001ac99c8d400, 0x000001ac99c8dcc0, 0x000001ac99c8e580, 0x000001ac99c90640,
0x000001ac99c90ff0, 0x000001ac99c918f0, 0x000001ac99e3d750, 0x000001ac99e3dc20,
0x000001ac9c7064e0, 0x000001ac9c704800, 0x000001ac9c705b40, 0x000001ac9c703990,
0x000001ac9c703e60, 0x000001ac9c7069b0, 0x000001ac9c706010, 0x000001ac9c704cd0,
0x000001ac9c706e80, 0x000001ac9c704330, 0x000001ac9c7034c0, 0x000001ac9c7051a0,
0x000001ac9c705670, 0x000001ac9ccda080, 0x000001ac9cce18d0, 0x000001ac9ccdd570,
0x000001ac9cce0590, 0x000001ac9ccda550, 0x000001ac9cce1400, 0x000001ac9cce0a60,
0x000001ac9ccdaa20, 0x000001ac9ccddf10, 0x000001ac9ccdaef0, 0x000001ac9ccdb3c0,
0x000001ac9ccdb890, 0x000001ac9ccdd0a0, 0x000001ac9ccde8b0, 0x000001ac9ccdf250,
0x000001ac9ccdf720, 0x000001ac9cce00c0, 0x000001ac9cce0f30, 0x000001ac9f3b2680,
0x000001ac9f3b2b50, 0x000001ac9f3abca0, 0x000001ac9f3b1340, 0x000001ac9f3b21b0,
0x000001ac9f3b04d0, 0x000001ac9f3af190, 0x000001ac9f3ab300, 0x000001ac9f3ade50,
0x000001ac9f3aecc0, 0x000001ac9f3ad980, 0x000001ac9f3b1ce0, 0x000001ac9f3ab7d0,
0x000001ac9f3ae7f0, 0x000001ac9f3acb10, 0x000001ac9f3b0e70, 0x000001ac9f3ac170,
0x000001ac9f3ae320, 0x000001ac9f3b1810, 0x000001ac9f3b0000, 0x000001ac9f3b09a0,
0x000001ac9f3ac640, 0x000001ac9f3acfe0, 0x000001ac9f3af660, 0x000001ac9f3ad4b0,
0x000001ac9f3afb30, 0x000001ac9ea2b7c0, 0x000001ac9ea265f0, 0x000001ac9ea27460,
0x000001ac9ea29140, 0x000001ac9ea2a480, 0x000001ac9ea27e00, 0x000001ac9ea29610,
0x000001ac9ea28c70, 0x000001ac9ea2a950, 0x000001ac9ea2ae20, 0x000001ac9ea2b2f0,
0x000001ac9ea26f90, 0x000001ac9ea25780, 0x000001ac9ea2c160, 0x000001ac9ea2bc90,
0x000001ac9ea2c630, 0x000001ac9ea25c50, 0x000001ac9ea29ae0, 0x000001ac9ea2cb00,
0x000001ac9ea252b0, 0x000001ac9ea27930, 0x000001ac9ea26120, 0x000001ac9ea282d0,
0x000001ac9ea287a0, 0x000001ac9ea26ac0, 0x000001ac9ea29fb0, 0x000001ac9b4ccd70,
0x000001ac9b4c9d50, 0x000001ac9b4ca220, 0x000001ac9b4ca6f0, 0x000001ac9b4ce0b0,
0x000001ac9b4cb090, 0x000001ac9b4c9880, 0x000001ac9b4ce580, 0x000001ac9b4cfd90,
0x000001ac9b4cb560, 0x000001ac9b4cd240, 0x000001ac9b4cf8c0, 0x000001ac9b4c8ee0,
0x000001ac9b4cabc0, 0x000001ac9b4c93b0, 0x000001ac9b4cea50, 0x000001ac9b4cba30,
0x000001ac9b4cbf00, 0x000001ac9b4cd710, 0x000001ac9b4cc3d0, 0x000001ac9b4cf3f0,
0x000001ac9b4cef20, 0x000001ac9b4cc8a0, 0x000001ac9b4cdbe0, 0x000001ac9b4d0260,
0x000001ac9b4d0730, 0x000001ac9ac0e1c0, 0x000001ac9ac0d820, 0x000001ac9ac0e690,
0x000001ac9fa3fec0, 0x000001ac9ac08180, 0x000001ac9ac0c9b0, 0x000001ac9e731100,
0x000001ac9ac09990, 0x000001ac9ac0f030, 0x000001ac9ac08b20, 0x000001ac9ac0bb40,
0x000001ac9ac08ff0, 0x000001ac9ac09e60, 0x000001ac9ac0a330, 0x000001ac9ac0a800,
0x000001ac9f6271f0, 0x000001ac9feaf250, 0x000001ac9f626850
}

Java Threads: ( => current thread )
  0x000001acff0d8720 JavaThread "main" [_thread_blocked, id=8684, stack(0x000000571f100000,0x000000571f200000)]
  0x000001ac99c67660 JavaThread "Reference Handler" daemon [_thread_blocked, id=8968, stack(0x000000571f800000,0x000000571f900000)]
  0x000001ac99c68120 JavaThread "Finalizer" daemon [_thread_blocked, id=11212, stack(0x000000571f900000,0x000000571fa00000)]
  0x000001ac99c53d50 JavaThread "Signal Dispatcher" daemon [_thread_blocked, id=10740, stack(0x000000571fa00000,0x000000571fb00000)]
  0x000001ac99c8d400 JavaThread "Attach Listener" daemon [_thread_blocked, id=4420, stack(0x000000571fb00000,0x000000571fc00000)]
  0x000001ac99c8dcc0 JavaThread "Service Thread" daemon [_thread_blocked, id=10004, stack(0x000000571fc00000,0x000000571fd00000)]
  0x000001ac99c8e580 JavaThread "Monitor Deflation Thread" daemon [_thread_blocked, id=9428, stack(0x000000571fd00000,0x000000571fe00000)]
=>0x000001ac99c90640 JavaThread "C2 CompilerThread0" daemon [_thread_in_native, id=9648, stack(0x000000571fe00000,0x000000571ff00000)]
  0x000001ac99c90ff0 JavaThread "C1 CompilerThread0" daemon [_thread_blocked, id=11100, stack(0x000000571ff00000,0x0000005720000000)]
  0x000001ac99c918f0 JavaThread "Sweeper thread" daemon [_thread_blocked, id=5788, stack(0x0000005720000000,0x0000005720100000)]
  0x000001ac99e3d750 JavaThread "Common-Cleaner" daemon [_thread_blocked, id=11172, stack(0x0000005720100000,0x0000005720200000)]
  0x000001ac99e3dc20 JavaThread "Notification Thread" daemon [_thread_blocked, id=10324, stack(0x0000005720200000,0x0000005720300000)]
  0x000001ac9c7064e0 JavaThread "Daemon health stats" [_thread_blocked, id=9272, stack(0x0000005720a00000,0x0000005720b00000)]
  0x000001ac9c704800 JavaThread "Incoming local TCP Connector on port 52457" [_thread_in_native, id=2036, stack(0x0000005720900000,0x0000005720a00000)]
  0x000001ac9c705b40 JavaThread "Daemon periodic checks" [_thread_blocked, id=11116, stack(0x0000005720b00000,0x0000005720c00000)]
  0x000001ac9c703990 JavaThread "Daemon" [_thread_blocked, id=10084, stack(0x0000005720c00000,0x0000005720d00000)]
  0x000001ac9c703e60 JavaThread "Handler for socket connection from /127.0.0.1:52457 to /127.0.0.1:52458" [_thread_in_native, id=3792, stack(0x0000005720d00000,0x0000005720e00000)]
  0x000001ac9c7069b0 JavaThread "Cancel handler" [_thread_blocked, id=10776, stack(0x0000005720e00000,0x0000005720f00000)]
  0x000001ac9c706010 JavaThread "Daemon worker" [_thread_blocked, id=10556, stack(0x0000005720f00000,0x0000005721000000)]
  0x000001ac9c704cd0 JavaThread "Asynchronous log dispatcher for DefaultDaemonConnection: socket connection from /127.0.0.1:52457 to /127.0.0.1:52458" [_thread_blocked, id=8108, stack(0x0000005721000000,0x0000005721100000)]
  0x000001ac9c706e80 JavaThread "Stdin handler" [_thread_blocked, id=10744, stack(0x0000005721100000,0x0000005721200000)]
  0x000001ac9c704330 JavaThread "Daemon client event forwarder" [_thread_blocked, id=10252, stack(0x0000005721200000,0x0000005721300000)]
  0x000001ac9c7034c0 JavaThread "Cache worker for journal cache (C:\Users\Admin\.gradle\caches\journal-1)" [_thread_blocked, id=8948, stack(0x0000005721600000,0x0000005721700000)]
  0x000001ac9c7051a0 JavaThread "File lock request listener" [_thread_in_native, id=2308, stack(0x0000005721700000,0x0000005721800000)]
  0x000001ac9c705670 JavaThread "Cache worker for file hash cache (C:\Users\Admin\.gradle\caches\8.0\fileHashes)" [_thread_blocked, id=3756, stack(0x0000005721800000,0x0000005721900000)]
  0x000001ac9ccda080 JavaThread "File watcher server" daemon [_thread_in_native, id=10220, stack(0x0000005721b00000,0x0000005721c00000)]
  0x000001ac9cce18d0 JavaThread "File watcher consumer" daemon [_thread_blocked, id=5432, stack(0x0000005721c00000,0x0000005721d00000)]
  0x000001ac9ccdd570 JavaThread "Cache worker for checksums cache (C:\Users\Admin\AndroidStudioProjects\MoviesGearRent\.gradle\8.0\checksums)" [_thread_blocked, id=7904, stack(0x0000005721d00000,0x0000005721e00000)]
  0x000001ac9cce0590 JavaThread "Cache worker for cache directory md-rule (C:\Users\Admin\.gradle\caches\8.0\md-rule)" [_thread_blocked, id=7312, stack(0x0000005721e00000,0x0000005721f00000)]
  0x000001ac9ccda550 JavaThread "Cache worker for file content cache (C:\Users\Admin\.gradle\caches\8.0\fileContent)" [_thread_blocked, id=6236, stack(0x0000005721f00000,0x0000005722000000)]
  0x000001ac9cce1400 JavaThread "Cache worker for file hash cache (C:\Users\Admin\AndroidStudioProjects\MoviesGearRent\.gradle\8.0\fileHashes)" [_thread_blocked, id=5704, stack(0x0000005722000000,0x0000005722100000)]
  0x000001ac9cce0a60 JavaThread "Cache worker for cache directory md-supplier (C:\Users\Admin\.gradle\caches\8.0\md-supplier)" [_thread_blocked, id=8308, stack(0x0000005721a00000,0x0000005721b00000)]
  0x000001ac9ccdaa20 JavaThread "Cache worker for execution history cache (C:\Users\Admin\.gradle\caches\8.0\executionHistory)" [_thread_blocked, id=10604, stack(0x0000005721900000,0x0000005721a00000)]
  0x000001ac9ccddf10 JavaThread "jar transforms" [_thread_blocked, id=10892, stack(0x0000005722100000,0x0000005722200000)]
  0x000001ac9ccdaef0 JavaThread "jar transforms Thread 2" [_thread_blocked, id=7696, stack(0x0000005722300000,0x0000005722400000)]
  0x000001ac9ccdb3c0 JavaThread "Cache worker for kotlin-dsl (C:\Users\Admin\.gradle\caches\8.0\kotlin-dsl)" [_thread_blocked, id=8724, stack(0x0000005722400000,0x0000005722500000)]
  0x000001ac9ccdb890 JavaThread "jar transforms Thread 3" [_thread_blocked, id=9540, stack(0x0000005722600000,0x0000005722700000)]
  0x000001ac9ccdd0a0 JavaThread "jar transforms Thread 4" [_thread_blocked, id=9356, stack(0x0000005722700000,0x0000005722800000)]
  0x000001ac9ccde8b0 JavaThread "Cache worker for dependencies-accessors (C:\Users\Admin\AndroidStudioProjects\MoviesGearRent\.gradle\8.0\dependencies-accessors)" [_thread_blocked, id=5480, stack(0x0000005722800000,0x0000005722900000)]
  0x000001ac9ccdf250 JavaThread "Cache worker for Build Output Cleanup Cache (C:\Users\Admin\AndroidStudioProjects\MoviesGearRent\.gradle\buildOutputCleanup)" [_thread_blocked, id=9124, stack(0x0000005722900000,0x0000005722a00000)]
  0x000001ac9ccdf720 JavaThread "jar transforms Thread 5" [_thread_blocked, id=6524, stack(0x0000005722a00000,0x0000005722b00000)]
  0x000001ac9cce00c0 JavaThread "Unconstrained build operations" [_thread_blocked, id=9604, stack(0x0000005722b00000,0x0000005722c00000)]
  0x000001ac9cce0f30 JavaThread "Unconstrained build operations Thread 2" [_thread_blocked, id=11200, stack(0x0000005722c00000,0x0000005722d00000)]
  0x000001ac9f3b2680 JavaThread "Unconstrained build operations Thread 3" [_thread_blocked, id=5768, stack(0x0000005722d00000,0x0000005722e00000)]
  0x000001ac9f3b2b50 JavaThread "Unconstrained build operations Thread 4" [_thread_blocked, id=5036, stack(0x0000005722e00000,0x0000005722f00000)]
  0x000001ac9f3abca0 JavaThread "Unconstrained build operations Thread 5" [_thread_blocked, id=10668, stack(0x0000005722f00000,0x0000005723000000)]
  0x000001ac9f3b1340 JavaThread "Unconstrained build operations Thread 6" [_thread_blocked, id=10388, stack(0x0000005723000000,0x0000005723100000)]
  0x000001ac9f3b21b0 JavaThread "Unconstrained build operations Thread 7" [_thread_blocked, id=3136, stack(0x0000005723100000,0x0000005723200000)]
  0x000001ac9f3b04d0 JavaThread "Unconstrained build operations Thread 8" [_thread_blocked, id=6808, stack(0x0000005723200000,0x0000005723300000)]
  0x000001ac9f3af190 JavaThread "Unconstrained build operations Thread 9" [_thread_blocked, id=2044, stack(0x0000005723300000,0x0000005723400000)]
  0x000001ac9f3ab300 JavaThread "Unconstrained build operations Thread 10" [_thread_blocked, id=10204, stack(0x0000005723400000,0x0000005723500000)]
  0x000001ac9f3ade50 JavaThread "Unconstrained build operations Thread 11" [_thread_blocked, id=8168, stack(0x0000005723500000,0x0000005723600000)]
  0x000001ac9f3aecc0 JavaThread "Unconstrained build operations Thread 12" [_thread_blocked, id=8720, stack(0x0000005723600000,0x0000005723700000)]
  0x000001ac9f3ad980 JavaThread "Unconstrained build operations Thread 13" [_thread_blocked, id=10304, stack(0x0000005723700000,0x0000005723800000)]
  0x000001ac9f3b1ce0 JavaThread "Unconstrained build operations Thread 14" [_thread_blocked, id=1932, stack(0x0000005723800000,0x0000005723900000)]
  0x000001ac9f3ab7d0 JavaThread "Unconstrained build operations Thread 15" [_thread_blocked, id=3320, stack(0x0000005723900000,0x0000005723a00000)]
  0x000001ac9f3ae7f0 JavaThread "Unconstrained build operations Thread 16" [_thread_blocked, id=7928, stack(0x0000005723a00000,0x0000005723b00000)]
  0x000001ac9f3acb10 JavaThread "Unconstrained build operations Thread 17" [_thread_blocked, id=9580, stack(0x0000005723b00000,0x0000005723c00000)]
  0x000001ac9f3b0e70 JavaThread "Unconstrained build operations Thread 18" [_thread_blocked, id=8268, stack(0x0000005723c00000,0x0000005723d00000)]
  0x000001ac9f3ac170 JavaThread "Unconstrained build operations Thread 19" [_thread_blocked, id=6708, stack(0x0000005723d00000,0x0000005723e00000)]
  0x000001ac9f3ae320 JavaThread "Unconstrained build operations Thread 20" [_thread_blocked, id=10364, stack(0x0000005723e00000,0x0000005723f00000)]
  0x000001ac9f3b1810 JavaThread "Unconstrained build operations Thread 21" [_thread_blocked, id=11208, stack(0x0000005723f00000,0x0000005724000000)]
  0x000001ac9f3b0000 JavaThread "Unconstrained build operations Thread 22" [_thread_blocked, id=11164, stack(0x0000005724000000,0x0000005724100000)]
  0x000001ac9f3b09a0 JavaThread "Unconstrained build operations Thread 23" [_thread_blocked, id=9548, stack(0x0000005724100000,0x0000005724200000)]
  0x000001ac9f3ac640 JavaThread "Unconstrained build operations Thread 24" [_thread_blocked, id=8152, stack(0x0000005724200000,0x0000005724300000)]
  0x000001ac9f3acfe0 JavaThread "Unconstrained build operations Thread 25" [_thread_blocked, id=2288, stack(0x0000005724300000,0x0000005724400000)]
  0x000001ac9f3af660 JavaThread "Unconstrained build operations Thread 26" [_thread_blocked, id=10640, stack(0x0000005724400000,0x0000005724500000)]
  0x000001ac9f3ad4b0 JavaThread "Unconstrained build operations Thread 27" [_thread_blocked, id=11004, stack(0x0000005724500000,0x0000005724600000)]
  0x000001ac9f3afb30 JavaThread "Unconstrained build operations Thread 28" [_thread_blocked, id=9316, stack(0x0000005724600000,0x0000005724700000)]
  0x000001ac9ea2b7c0 JavaThread "Unconstrained build operations Thread 29" [_thread_blocked, id=7648, stack(0x0000005724700000,0x0000005724800000)]
  0x000001ac9ea265f0 JavaThread "Unconstrained build operations Thread 30" [_thread_blocked, id=10772, stack(0x0000005724800000,0x0000005724900000)]
  0x000001ac9ea27460 JavaThread "Unconstrained build operations Thread 31" [_thread_blocked, id=11060, stack(0x0000005724900000,0x0000005724a00000)]
  0x000001ac9ea29140 JavaThread "Unconstrained build operations Thread 32" [_thread_blocked, id=4372, stack(0x0000005724a00000,0x0000005724b00000)]
  0x000001ac9ea2a480 JavaThread "Unconstrained build operations Thread 33" [_thread_blocked, id=10928, stack(0x0000005724b00000,0x0000005724c00000)]
  0x000001ac9ea27e00 JavaThread "Unconstrained build operations Thread 34" [_thread_blocked, id=11108, stack(0x0000005724c00000,0x0000005724d00000)]
  0x000001ac9ea29610 JavaThread "Unconstrained build operations Thread 35" [_thread_blocked, id=9724, stack(0x0000005724d00000,0x0000005724e00000)]
  0x000001ac9ea28c70 JavaThread "Unconstrained build operations Thread 36" [_thread_blocked, id=10952, stack(0x0000005724e00000,0x0000005724f00000)]
  0x000001ac9ea2a950 JavaThread "Unconstrained build operations Thread 37" [_thread_blocked, id=1852, stack(0x0000005724f00000,0x0000005725000000)]
  0x000001ac9ea2ae20 JavaThread "Unconstrained build operations Thread 38" [_thread_blocked, id=4556, stack(0x0000005725000000,0x0000005725100000)]
  0x000001ac9ea2b2f0 JavaThread "Unconstrained build operations Thread 39" [_thread_blocked, id=3700, stack(0x0000005725100000,0x0000005725200000)]
  0x000001ac9ea26f90 JavaThread "Unconstrained build operations Thread 40" [_thread_blocked, id=9360, stack(0x0000005725200000,0x0000005725300000)]
  0x000001ac9ea25780 JavaThread "Unconstrained build operations Thread 41" [_thread_blocked, id=1848, stack(0x0000005725300000,0x0000005725400000)]
  0x000001ac9ea2c160 JavaThread "Unconstrained build operations Thread 42" [_thread_blocked, id=6832, stack(0x0000005725400000,0x0000005725500000)]
  0x000001ac9ea2bc90 JavaThread "Unconstrained build operations Thread 43" [_thread_blocked, id=9748, stack(0x0000005725500000,0x0000005725600000)]
  0x000001ac9ea2c630 JavaThread "Unconstrained build operations Thread 44" [_thread_blocked, id=5744, stack(0x0000005725600000,0x0000005725700000)]
  0x000001ac9ea25c50 JavaThread "Unconstrained build operations Thread 45" [_thread_blocked, id=9932, stack(0x0000005725700000,0x0000005725800000)]
  0x000001ac9ea29ae0 JavaThread "Unconstrained build operations Thread 46" [_thread_blocked, id=10756, stack(0x0000005725800000,0x0000005725900000)]
  0x000001ac9ea2cb00 JavaThread "Unconstrained build operations Thread 47" [_thread_blocked, id=10816, stack(0x0000005725900000,0x0000005725a00000)]
  0x000001ac9ea252b0 JavaThread "Unconstrained build operations Thread 48" [_thread_blocked, id=1032, stack(0x0000005725a00000,0x0000005725b00000)]
  0x000001ac9ea27930 JavaThread "Unconstrained build operations Thread 49" [_thread_blocked, id=3160, stack(0x0000005725b00000,0x0000005725c00000)]
  0x000001ac9ea26120 JavaThread "Unconstrained build operations Thread 50" [_thread_blocked, id=1532, stack(0x0000005725c00000,0x0000005725d00000)]
  0x000001ac9ea282d0 JavaThread "Unconstrained build operations Thread 51" [_thread_blocked, id=6484, stack(0x0000005725d00000,0x0000005725e00000)]
  0x000001ac9ea287a0 JavaThread "Unconstrained build operations Thread 52" [_thread_blocked, id=5980, stack(0x0000005725e00000,0x0000005725f00000)]
  0x000001ac9ea26ac0 JavaThread "Unconstrained build operations Thread 53" [_thread_blocked, id=1508, stack(0x0000005725f00000,0x0000005726000000)]
  0x000001ac9ea29fb0 JavaThread "Unconstrained build operations Thread 54" [_thread_blocked, id=10944, stack(0x0000005726000000,0x0000005726100000)]
  0x000001ac9b4ccd70 JavaThread "Unconstrained build operations Thread 55" [_thread_blocked, id=8680, stack(0x0000005726100000,0x0000005726200000)]
  0x000001ac9b4c9d50 JavaThread "Unconstrained build operations Thread 56" [_thread_blocked, id=7768, stack(0x0000005726200000,0x0000005726300000)]
  0x000001ac9b4ca220 JavaThread "Unconstrained build operations Thread 57" [_thread_blocked, id=10288, stack(0x0000005726300000,0x0000005726400000)]
  0x000001ac9b4ca6f0 JavaThread "Unconstrained build operations Thread 58" [_thread_blocked, id=10336, stack(0x0000005726400000,0x0000005726500000)]
  0x000001ac9b4ce0b0 JavaThread "Unconstrained build operations Thread 59" [_thread_blocked, id=1248, stack(0x0000005726500000,0x0000005726600000)]
  0x000001ac9b4cb090 JavaThread "Unconstrained build operations Thread 60" [_thread_blocked, id=9700, stack(0x0000005726600000,0x0000005726700000)]
  0x000001ac9b4c9880 JavaThread "Unconstrained build operations Thread 61" [_thread_blocked, id=2544, stack(0x0000005726700000,0x0000005726800000)]
  0x000001ac9b4ce580 JavaThread "Unconstrained build operations Thread 62" [_thread_blocked, id=11032, stack(0x0000005726800000,0x0000005726900000)]
  0x000001ac9b4cfd90 JavaThread "Unconstrained build operations Thread 63" [_thread_blocked, id=7832, stack(0x0000005726900000,0x0000005726a00000)]
  0x000001ac9b4cb560 JavaThread "Unconstrained build operations Thread 64" [_thread_blocked, id=3024, stack(0x0000005726a00000,0x0000005726b00000)]
  0x000001ac9b4cd240 JavaThread "Unconstrained build operations Thread 65" [_thread_blocked, id=10416, stack(0x0000005726b00000,0x0000005726c00000)]
  0x000001ac9b4cf8c0 JavaThread "Unconstrained build operations Thread 66" [_thread_blocked, id=10072, stack(0x0000005726c00000,0x0000005726d00000)]
  0x000001ac9b4c8ee0 JavaThread "Unconstrained build operations Thread 67" [_thread_blocked, id=10032, stack(0x0000005726d00000,0x0000005726e00000)]
  0x000001ac9b4cabc0 JavaThread "Unconstrained build operations Thread 68" [_thread_blocked, id=10380, stack(0x0000005726e00000,0x0000005726f00000)]
  0x000001ac9b4c93b0 JavaThread "Unconstrained build operations Thread 69" [_thread_blocked, id=6872, stack(0x0000005726f00000,0x0000005727000000)]
  0x000001ac9b4cea50 JavaThread "Unconstrained build operations Thread 70" [_thread_blocked, id=9244, stack(0x0000005727000000,0x0000005727100000)]
  0x000001ac9b4cba30 JavaThread "Unconstrained build operations Thread 71" [_thread_blocked, id=10768, stack(0x0000005727100000,0x0000005727200000)]
  0x000001ac9b4cbf00 JavaThread "Unconstrained build operations Thread 72" [_thread_blocked, id=11120, stack(0x0000005727200000,0x0000005727300000)]
  0x000001ac9b4cd710 JavaThread "Unconstrained build operations Thread 73" [_thread_blocked, id=4908, stack(0x0000005727300000,0x0000005727400000)]
  0x000001ac9b4cc3d0 JavaThread "Unconstrained build operations Thread 74" [_thread_blocked, id=9944, stack(0x0000005727400000,0x0000005727500000)]
  0x000001ac9b4cf3f0 JavaThread "Unconstrained build operations Thread 75" [_thread_blocked, id=10584, stack(0x0000005727500000,0x0000005727600000)]
  0x000001ac9b4cef20 JavaThread "Unconstrained build operations Thread 76" [_thread_blocked, id=7700, stack(0x0000005727600000,0x0000005727700000)]
  0x000001ac9b4cc8a0 JavaThread "Unconstrained build operations Thread 77" [_thread_blocked, id=7564, stack(0x0000005727700000,0x0000005727800000)]
  0x000001ac9b4cdbe0 JavaThread "Unconstrained build operations Thread 78" [_thread_blocked, id=11232, stack(0x0000005727800000,0x0000005727900000)]
  0x000001ac9b4d0260 JavaThread "Unconstrained build operations Thread 79" [_thread_blocked, id=7020, stack(0x0000005727900000,0x0000005727a00000)]
  0x000001ac9b4d0730 JavaThread "Unconstrained build operations Thread 80" [_thread_blocked, id=6784, stack(0x0000005727a00000,0x0000005727b00000)]
  0x000001ac9ac0e1c0 JavaThread "jar transforms Thread 6" [_thread_blocked, id=1436, stack(0x0000005727b00000,0x0000005727c00000)]
  0x000001ac9ac0d820 JavaThread "jar transforms Thread 7" [_thread_blocked, id=3940, stack(0x0000005727c00000,0x0000005727d00000)]
  0x000001ac9ac0e690 JavaThread "jar transforms Thread 8" [_thread_blocked, id=1628, stack(0x0000005727d00000,0x0000005727e00000)]
  0x000001ac9fa3fec0 JavaThread "C2 CompilerThread1" daemon [_thread_in_native, id=9816, stack(0x0000005722200000,0x0000005722300000)]
  0x000001ac9ac08180 JavaThread "build event listener" [_thread_blocked, id=8404, stack(0x0000005722500000,0x0000005722600000)]
  0x000001ac9ac0c9b0 JavaThread "Memory manager" [_thread_blocked, id=10664, stack(0x0000005727f00000,0x0000005728000000)]
  0x000001ac9e731100 JavaThread "C2 CompilerThread2" daemon [_thread_in_native, id=8616, stack(0x0000005727e00000,0x0000005727f00000)]
  0x000001ac9ac09990 JavaThread "included builds" [_thread_blocked, id=10064, stack(0x0000005728000000,0x0000005728100000)]
  0x000001ac9ac0f030 JavaThread "Execution worker" [_thread_blocked, id=3548, stack(0x0000005728100000,0x0000005728200000)]
  0x000001ac9ac08b20 JavaThread "Execution worker Thread 2" [_thread_blocked, id=2188, stack(0x0000005728200000,0x0000005728300000)]
  0x000001ac9ac0bb40 JavaThread "Execution worker Thread 3" [_thread_in_vm, id=6372, stack(0x0000005728300000,0x0000005728400000)]
  0x000001ac9ac08ff0 JavaThread "Execution worker Thread 4" [_thread_blocked, id=5344, stack(0x0000005728400000,0x0000005728500000)]
  0x000001ac9ac09e60 JavaThread "Execution worker Thread 5" [_thread_blocked, id=256, stack(0x0000005728500000,0x0000005728600000)]
  0x000001ac9ac0a330 JavaThread "Execution worker Thread 6" [_thread_blocked, id=9544, stack(0x0000005728600000,0x0000005728700000)]
  0x000001ac9ac0a800 JavaThread "Execution worker Thread 7" [_thread_blocked, id=2732, stack(0x0000005728700000,0x0000005728800000)]
  0x000001ac9f6271f0 JavaThread "Cache worker for execution history cache (C:\Users\Admin\AndroidStudioProjects\MoviesGearRent\.gradle\8.0\executionHistory)" [_thread_blocked, id=11256, stack(0x0000005728800000,0x0000005728900000)]
  0x000001ac9feaf250 JavaThread "WorkerExecutor Queue" [_thread_blocked, id=1504, stack(0x000000571f000000,0x000000571f100000)]
  0x000001ac9f626850 JavaThread "Thread-121" [_thread_in_native, id=8796, stack(0x0000005728900000,0x0000005728a00000)]

Other Threads:
  0x000001ac99c44d60 VMThread "VM Thread" [stack: 0x000000571f700000,0x000000571f800000] [id=6200]
  0x000001acff14e510 WatcherThread [stack: 0x0000005720300000,0x0000005720400000] [id=2104]
  0x000001acff134290 GCTaskThread "GC Thread#0" [stack: 0x000000571f200000,0x000000571f300000] [id=9340]
  0x000001ac9a2627e0 GCTaskThread "GC Thread#1" [stack: 0x0000005720500000,0x0000005720600000] [id=5212]
  0x000001ac9a8adb10 GCTaskThread "GC Thread#2" [stack: 0x0000005720600000,0x0000005720700000] [id=4924]
  0x000001ac9a8addc0 GCTaskThread "GC Thread#3" [stack: 0x0000005720700000,0x0000005720800000] [id=9092]
  0x000001ac9ad669e0 GCTaskThread "GC Thread#4" [stack: 0x0000005720800000,0x0000005720900000] [id=10760]
  0x000001ac9c7cceb0 GCTaskThread "GC Thread#5" [stack: 0x0000005720400000,0x0000005720500000] [id=9328]
  0x000001ac9b17f980 GCTaskThread "GC Thread#6" [stack: 0x0000005721300000,0x0000005721400000] [id=9448]
  0x000001ac9ca6e970 GCTaskThread "GC Thread#7" [stack: 0x0000005721400000,0x0000005721500000] [id=7364]
  0x000001acff1451d0 ConcurrentGCThread "G1 Main Marker" [stack: 0x000000571f300000,0x000000571f400000] [id=10156]
  0x000001acff145d40 ConcurrentGCThread "G1 Conc#0" [stack: 0x000000571f400000,0x000000571f500000] [id=2052]
  0x000001ac9ca55cc0 ConcurrentGCThread "G1 Conc#1" [stack: 0x0000005721500000,0x0000005721600000] [id=8088]
  0x000001ac98de7cb0 ConcurrentGCThread "G1 Refine#0" [stack: 0x000000571f500000,0x000000571f600000] [id=7660]
  0x000001ac98de8480 ConcurrentGCThread "G1 Service" [stack: 0x000000571f600000,0x000000571f700000] [id=3288]

Threads with active compile tasks:
C2 CompilerThread0    31149 12394       4       org.gradle.internal.instantiation.generator.DependencyInjectingInstantiator::newInstance (8 bytes)
C2 CompilerThread1    31149 12434       4       org.gradle.internal.snapshot.AbstractListChildMap::store (72 bytes)
C2 CompilerThread2    31150 12449       4       org.gradle.internal.snapshot.MediumChildMap::withNode (67 bytes)

VM state: not at safepoint (normal execution)

VM Mutex/Monitor currently owned by a thread:  ([mutex/lock_event])
[0x000001acff0d3640] Metaspace_lock - owner thread: 0x000001ac9ac0bb40

Heap address: 0x0000000080000000, size: 2048 MB, Compressed Oops mode: 32-bit

CDS archive(s) not mapped
Compressed class space mapped at: 0x0000000100000000-0x0000000140000000, reserved size: 1073741824
Narrow klass base: 0x0000000000000000, Narrow klass shift: 3, Narrow klass range: 0x140000000

GC Precious Log:
 CPUs: 8 total, 8 available
 Memory: 12174M
 Large Page Support: Disabled
 NUMA Support: Disabled
 Compressed Oops: Enabled (32-bit)
 Heap Region Size: 1M
 Heap Min Capacity: 8M
 Heap Initial Capacity: 192M
 Heap Max Capacity: 2G
 Pre-touch: Disabled
 Parallel Workers: 8
 Concurrent Workers: 2
 Concurrent Refinement Workers: 8
 Periodic GC: Disabled

Heap:
 garbage-first heap   total 173056K, used 132811K [0x0000000080000000, 0x0000000100000000)
  region size 1024K, 44 young (45056K), 7 survivors (7168K)
 Metaspace       used 99537K, committed 100224K, reserved 1138688K
  class space    used 13616K, committed 13952K, reserved 1048576K

Heap Regions: E=young(eden), S=young(survivor), O=old, HS=humongous(starts), HC=humongous(continues), CS=collection set, F=free, OA=open archive, CA=closed archive, TAMS=top-at-mark-start (previous, next)
|   0|0x0000000080000000, 0x0000000080100000, 0x0000000080100000|100%|HS|  |TAMS 0x0000000080100000, 0x0000000080000000| Complete 
|   1|0x0000000080100000, 0x0000000080200000, 0x0000000080200000|100%|HC|  |TAMS 0x0000000080200000, 0x0000000080100000| Complete 
|   2|0x0000000080200000, 0x0000000080300000, 0x0000000080300000|100%|HC|  |TAMS 0x0000000080300000, 0x0000000080200000| Complete 
|   3|0x0000000080300000, 0x0000000080400000, 0x0000000080400000|100%|HC|  |TAMS 0x0000000080400000, 0x0000000080300000| Complete 
|   4|0x0000000080400000, 0x0000000080500000, 0x0000000080500000|100%| O|  |TAMS 0x0000000080500000, 0x0000000080400000| Untracked 
|   5|0x0000000080500000, 0x0000000080600000, 0x0000000080600000|100%| O|  |TAMS 0x0000000080600000, 0x0000000080500000| Untracked 
|   6|0x0000000080600000, 0x0000000080700000, 0x0000000080700000|100%| O|  |TAMS 0x0000000080700000, 0x0000000080600000| Untracked 
|   7|0x0000000080700000, 0x0000000080800000, 0x0000000080800000|100%| O|  |TAMS 0x0000000080800000, 0x0000000080700000| Untracked 
|   8|0x0000000080800000, 0x0000000080900000, 0x0000000080900000|100%| O|  |TAMS 0x0000000080900000, 0x0000000080800000| Untracked 
|   9|0x0000000080900000, 0x0000000080a00000, 0x0000000080a00000|100%| O|  |TAMS 0x0000000080a00000, 0x0000000080900000| Untracked 
|  10|0x0000000080a00000, 0x0000000080b00000, 0x0000000080b00000|100%| O|  |TAMS 0x0000000080b00000, 0x0000000080a00000| Untracked 
|  11|0x0000000080b00000, 0x0000000080c00000, 0x0000000080c00000|100%| O|  |TAMS 0x0000000080c00000, 0x0000000080b00000| Untracked 
|  12|0x0000000080c00000, 0x0000000080d00000, 0x0000000080d00000|100%| O|  |TAMS 0x0000000080d00000, 0x0000000080c00000| Untracked 
|  13|0x0000000080d00000, 0x0000000080e00000, 0x0000000080e00000|100%| O|  |TAMS 0x0000000080d00000, 0x0000000080d00000| Untracked 
|  14|0x0000000080e00000, 0x0000000080f00000, 0x0000000080f00000|100%| O|  |TAMS 0x0000000080f00000, 0x0000000080e00000| Untracked 
|  15|0x0000000080f00000, 0x0000000081000000, 0x0000000081000000|100%| O|  |TAMS 0x0000000081000000, 0x0000000080f00000| Untracked 
|  16|0x0000000081000000, 0x0000000081100000, 0x0000000081100000|100%| O|  |TAMS 0x0000000081100000, 0x0000000081000000| Untracked 
|  17|0x0000000081100000, 0x0000000081200000, 0x0000000081200000|100%| O|  |TAMS 0x0000000081200000, 0x0000000081100000| Untracked 
|  18|0x0000000081200000, 0x0000000081300000, 0x0000000081300000|100%| O|  |TAMS 0x0000000081300000, 0x0000000081200000| Untracked 
|  19|0x0000000081300000, 0x0000000081400000, 0x0000000081400000|100%| O|  |TAMS 0x0000000081400000, 0x0000000081300000| Untracked 
|  20|0x0000000081400000, 0x0000000081500000, 0x0000000081500000|100%| O|  |TAMS 0x0000000081500000, 0x0000000081400000| Untracked 
|  21|0x0000000081500000, 0x0000000081600000, 0x0000000081600000|100%| O|  |TAMS 0x0000000081600000, 0x0000000081500000| Untracked 
|  22|0x0000000081600000, 0x0000000081700000, 0x0000000081700000|100%| O|  |TAMS 0x0000000081700000, 0x0000000081600000| Untracked 
|  23|0x0000000081700000, 0x0000000081800000, 0x0000000081800000|100%| O|  |TAMS 0x0000000081700000, 0x0000000081700000| Untracked 
|  24|0x0000000081800000, 0x0000000081900000, 0x0000000081900000|100%|HS|  |TAMS 0x0000000081900000, 0x0000000081800000| Complete 
|  25|0x0000000081900000, 0x0000000081a00000, 0x0000000081a00000|100%| O|  |TAMS 0x0000000081a00000, 0x0000000081900000| Untracked 
|  26|0x0000000081a00000, 0x0000000081b00000, 0x0000000081b00000|100%| O|  |TAMS 0x0000000081b00000, 0x0000000081a00000| Untracked 
|  27|0x0000000081b00000, 0x0000000081c00000, 0x0000000081c00000|100%| O|  |TAMS 0x0000000081c00000, 0x0000000081b00000| Untracked 
|  28|0x0000000081c00000, 0x0000000081d00000, 0x0000000081d00000|100%| O|  |TAMS 0x0000000081d00000, 0x0000000081c00000| Untracked 
|  29|0x0000000081d00000, 0x0000000081e00000, 0x0000000081e00000|100%| O|  |TAMS 0x0000000081e00000, 0x0000000081d00000| Untracked 
|  30|0x0000000081e00000, 0x0000000081f00000, 0x0000000081f00000|100%|HS|  |TAMS 0x0000000081f00000, 0x0000000081e00000| Complete 
|  31|0x0000000081f00000, 0x0000000082000000, 0x0000000082000000|100%|HS|  |TAMS 0x0000000082000000, 0x0000000081f00000| Complete 
|  32|0x0000000082000000, 0x0000000082100000, 0x0000000082100000|100%|HC|  |TAMS 0x0000000082100000, 0x0000000082000000| Complete 
|  33|0x0000000082100000, 0x0000000082200000, 0x0000000082200000|100%|HS|  |TAMS 0x0000000082200000, 0x0000000082100000| Complete 
|  34|0x0000000082200000, 0x0000000082300000, 0x0000000082300000|100%|HS|  |TAMS 0x0000000082300000, 0x0000000082200000| Complete 
|  35|0x0000000082300000, 0x0000000082400000, 0x0000000082400000|100%|HC|  |TAMS 0x0000000082400000, 0x0000000082300000| Complete 
|  36|0x0000000082400000, 0x0000000082500000, 0x0000000082500000|100%|HC|  |TAMS 0x0000000082500000, 0x0000000082400000| Complete 
|  37|0x0000000082500000, 0x0000000082600000, 0x0000000082600000|100%|HC|  |TAMS 0x0000000082600000, 0x0000000082500000| Complete 
|  38|0x0000000082600000, 0x0000000082700000, 0x0000000082700000|100%| O|  |TAMS 0x0000000082700000, 0x0000000082600000| Untracked 
|  39|0x0000000082700000, 0x0000000082800000, 0x0000000082800000|100%| O|  |TAMS 0x0000000082800000, 0x0000000082700000| Untracked 
|  40|0x0000000082800000, 0x0000000082900000, 0x0000000082900000|100%| O|  |TAMS 0x0000000082900000, 0x0000000082800000| Untracked 
|  41|0x0000000082900000, 0x0000000082a00000, 0x0000000082a00000|100%| O|  |TAMS 0x0000000082a00000, 0x0000000082900000| Untracked 
|  42|0x0000000082a00000, 0x0000000082b00000, 0x0000000082b00000|100%| O|  |TAMS 0x0000000082b00000, 0x0000000082a00000| Untracked 
|  43|0x0000000082b00000, 0x0000000082c00000, 0x0000000082c00000|100%| O|  |TAMS 0x0000000082c00000, 0x0000000082b00000| Untracked 
|  44|0x0000000082c00000, 0x0000000082d00000, 0x0000000082d00000|100%| O|  |TAMS 0x0000000082d00000, 0x0000000082c00000| Untracked 
|  45|0x0000000082d00000, 0x0000000082e00000, 0x0000000082e00000|100%| O|  |TAMS 0x0000000082e00000, 0x0000000082d00000| Untracked 
|  46|0x0000000082e00000, 0x0000000082f00000, 0x0000000082f00000|100%| O|  |TAMS 0x0000000082f00000, 0x0000000082e00000| Untracked 
|  47|0x0000000082f00000, 0x0000000083000000, 0x0000000083000000|100%| O|  |TAMS 0x0000000083000000, 0x0000000082f00000| Untracked 
|  48|0x0000000083000000, 0x0000000083100000, 0x0000000083100000|100%| O|  |TAMS 0x0000000083100000, 0x0000000083000000| Untracked 
|  49|0x0000000083100000, 0x0000000083200000, 0x0000000083200000|100%| O|  |TAMS 0x0000000083200000, 0x0000000083100000| Untracked 
|  50|0x0000000083200000, 0x0000000083300000, 0x0000000083300000|100%| O|  |TAMS 0x0000000083300000, 0x0000000083200000| Untracked 
|  51|0x0000000083300000, 0x0000000083400000, 0x0000000083400000|100%| O|  |TAMS 0x0000000083400000, 0x0000000083300000| Untracked 
|  52|0x0000000083400000, 0x0000000083500000, 0x0000000083500000|100%| O|  |TAMS 0x0000000083500000, 0x0000000083400000| Untracked 
|  53|0x0000000083500000, 0x0000000083600000, 0x0000000083600000|100%| O|  |TAMS 0x0000000083600000, 0x0000000083500000| Untracked 
|  54|0x0000000083600000, 0x0000000083700000, 0x0000000083700000|100%| O|  |TAMS 0x0000000083700000, 0x0000000083600000| Untracked 
|  55|0x0000000083700000, 0x0000000083800000, 0x0000000083800000|100%| O|  |TAMS 0x0000000083800000, 0x0000000083700000| Untracked 
|  56|0x0000000083800000, 0x0000000083900000, 0x0000000083900000|100%| O|  |TAMS 0x0000000083900000, 0x0000000083800000| Untracked 
|  57|0x0000000083900000, 0x0000000083a00000, 0x0000000083a00000|100%| O|  |TAMS 0x0000000083a00000, 0x0000000083900000| Untracked 
|  58|0x0000000083a00000, 0x0000000083b00000, 0x0000000083b00000|100%| O|  |TAMS 0x0000000083b00000, 0x0000000083a00000| Untracked 
|  59|0x0000000083b00000, 0x0000000083c00000, 0x0000000083c00000|100%| O|  |TAMS 0x0000000083c00000, 0x0000000083b00000| Untracked 
|  60|0x0000000083c00000, 0x0000000083d00000, 0x0000000083d00000|100%| O|  |TAMS 0x0000000083d00000, 0x0000000083c00000| Untracked 
|  61|0x0000000083d00000, 0x0000000083e00000, 0x0000000083e00000|100%| O|  |TAMS 0x0000000083e00000, 0x0000000083d00000| Untracked 
|  62|0x0000000083e00000, 0x0000000083f00000, 0x0000000083f00000|100%| O|  |TAMS 0x0000000083f00000, 0x0000000083e00000| Untracked 
|  63|0x0000000083f00000, 0x0000000084000000, 0x0000000084000000|100%| O|  |TAMS 0x0000000084000000, 0x0000000083f00000| Untracked 
|  64|0x0000000084000000, 0x0000000084100000, 0x0000000084100000|100%| O|  |TAMS 0x0000000084100000, 0x0000000084000000| Untracked 
|  65|0x0000000084100000, 0x0000000084200000, 0x0000000084200000|100%| O|  |TAMS 0x000000008410fe00, 0x0000000084100000| Untracked 
|  66|0x0000000084200000, 0x0000000084300000, 0x0000000084300000|100%| O|  |TAMS 0x0000000084200000, 0x0000000084200000| Untracked 
|  67|0x0000000084300000, 0x0000000084400000, 0x0000000084400000|100%| O|  |TAMS 0x0000000084300000, 0x0000000084300000| Untracked 
|  68|0x0000000084400000, 0x0000000084500000, 0x0000000084500000|100%| O|  |TAMS 0x0000000084400000, 0x0000000084400000| Untracked 
|  69|0x0000000084500000, 0x0000000084600000, 0x0000000084600000|100%| O|  |TAMS 0x0000000084500000, 0x0000000084500000| Untracked 
|  70|0x0000000084600000, 0x0000000084700000, 0x0000000084700000|100%| O|  |TAMS 0x0000000084600000, 0x0000000084600000| Untracked 
|  71|0x0000000084700000, 0x0000000084800000, 0x0000000084800000|100%| O|  |TAMS 0x0000000084700000, 0x0000000084700000| Untracked 
|  72|0x0000000084800000, 0x0000000084900000, 0x0000000084900000|100%| O|  |TAMS 0x0000000084800000, 0x0000000084800000| Untracked 
|  73|0x0000000084900000, 0x0000000084a00000, 0x0000000084a00000|100%| O|  |TAMS 0x0000000084900000, 0x0000000084900000| Untracked 
|  74|0x0000000084a00000, 0x0000000084b00000, 0x0000000084b00000|100%| O|  |TAMS 0x0000000084a00000, 0x0000000084a00000| Untracked 
|  75|0x0000000084b00000, 0x0000000084c00000, 0x0000000084c00000|100%| O|  |TAMS 0x0000000084b00000, 0x0000000084b00000| Untracked 
|  76|0x0000000084c00000, 0x0000000084d00000, 0x0000000084d00000|100%| O|  |TAMS 0x0000000084c00000, 0x0000000084c00000| Untracked 
|  77|0x0000000084d00000, 0x0000000084e00000, 0x0000000084e00000|100%| O|  |TAMS 0x0000000084d00000, 0x0000000084d00000| Untracked 
|  78|0x0000000084e00000, 0x0000000084f00000, 0x0000000084f00000|100%| O|  |TAMS 0x0000000084e00000, 0x0000000084e00000| Untracked 
|  79|0x0000000084f00000, 0x0000000085000000, 0x0000000085000000|100%| O|  |TAMS 0x0000000084f00000, 0x0000000084f00000| Untracked 
|  80|0x0000000085000000, 0x0000000085100000, 0x0000000085100000|100%| O|  |TAMS 0x0000000085000000, 0x0000000085000000| Untracked 
|  81|0x0000000085100000, 0x0000000085200000, 0x0000000085200000|100%| O|  |TAMS 0x0000000085100000, 0x0000000085100000| Untracked 
|  82|0x0000000085200000, 0x0000000085300000, 0x0000000085300000|100%| O|  |TAMS 0x0000000085200000, 0x0000000085200000| Untracked 
|  83|0x0000000085300000, 0x0000000085400000, 0x0000000085400000|100%| O|  |TAMS 0x0000000085300000, 0x0000000085300000| Untracked 
|  84|0x0000000085400000, 0x0000000085500000, 0x0000000085500000|100%| O|  |TAMS 0x0000000085400000, 0x0000000085400000| Untracked 
|  85|0x0000000085500000, 0x00000000855b2e00, 0x0000000085600000| 69%| O|  |TAMS 0x0000000085500000, 0x0000000085500000| Untracked 
|  86|0x0000000085600000, 0x0000000085600000, 0x0000000085700000|  0%| F|  |TAMS 0x0000000085600000, 0x0000000085600000| Untracked 
|  87|0x0000000085700000, 0x0000000085700000, 0x0000000085800000|  0%| F|  |TAMS 0x0000000085700000, 0x0000000085700000| Untracked 
|  88|0x0000000085800000, 0x0000000085800000, 0x0000000085900000|  0%| F|  |TAMS 0x0000000085800000, 0x0000000085800000| Untracked 
|  89|0x0000000085900000, 0x0000000085900000, 0x0000000085a00000|  0%| F|  |TAMS 0x0000000085900000, 0x0000000085900000| Untracked 
|  90|0x0000000085a00000, 0x0000000085a00000, 0x0000000085b00000|  0%| F|  |TAMS 0x0000000085a00000, 0x0000000085a00000| Untracked 
|  91|0x0000000085b00000, 0x0000000085b00000, 0x0000000085c00000|  0%| F|  |TAMS 0x0000000085b00000, 0x0000000085b00000| Untracked 
|  92|0x0000000085c00000, 0x0000000085c00000, 0x0000000085d00000|  0%| F|  |TAMS 0x0000000085c00000, 0x0000000085c00000| Untracked 
|  93|0x0000000085d00000, 0x0000000085d00000, 0x0000000085e00000|  0%| F|  |TAMS 0x0000000085d00000, 0x0000000085d00000| Untracked 
|  94|0x0000000085e00000, 0x0000000085e00000, 0x0000000085f00000|  0%| F|  |TAMS 0x0000000085e00000, 0x0000000085e00000| Untracked 
|  95|0x0000000085f00000, 0x0000000085f00000, 0x0000000086000000|  0%| F|  |TAMS 0x0000000085f00000, 0x0000000085f00000| Untracked 
|  96|0x0000000086000000, 0x0000000086000000, 0x0000000086100000|  0%| F|  |TAMS 0x0000000086000000, 0x0000000086000000| Untracked 
|  97|0x0000000086100000, 0x0000000086100000, 0x0000000086200000|  0%| F|  |TAMS 0x0000000086100000, 0x0000000086100000| Untracked 
|  98|0x0000000086200000, 0x0000000086200000, 0x0000000086300000|  0%| F|  |TAMS 0x0000000086200000, 0x0000000086200000| Untracked 
|  99|0x0000000086300000, 0x0000000086300000, 0x0000000086400000|  0%| F|  |TAMS 0x0000000086300000, 0x0000000086300000| Untracked 
| 100|0x0000000086400000, 0x0000000086400000, 0x0000000086500000|  0%| F|  |TAMS 0x0000000086400000, 0x0000000086400000| Untracked 
| 101|0x0000000086500000, 0x0000000086500000, 0x0000000086600000|  0%| F|  |TAMS 0x0000000086500000, 0x0000000086500000| Untracked 
| 102|0x0000000086600000, 0x0000000086600000, 0x0000000086700000|  0%| F|  |TAMS 0x0000000086600000, 0x0000000086600000| Untracked 
| 103|0x0000000086700000, 0x0000000086700000, 0x0000000086800000|  0%| F|  |TAMS 0x0000000086700000, 0x0000000086700000| Untracked 
| 104|0x0000000086800000, 0x0000000086800000, 0x0000000086900000|  0%| F|  |TAMS 0x0000000086800000, 0x0000000086800000| Untracked 
| 105|0x0000000086900000, 0x0000000086900000, 0x0000000086a00000|  0%| F|  |TAMS 0x0000000086900000, 0x0000000086900000| Untracked 
| 106|0x0000000086a00000, 0x0000000086a00000, 0x0000000086b00000|  0%| F|  |TAMS 0x0000000086a00000, 0x0000000086a00000| Untracked 
| 107|0x0000000086b00000, 0x0000000086b00000, 0x0000000086c00000|  0%| F|  |TAMS 0x0000000086b00000, 0x0000000086b00000| Untracked 
| 108|0x0000000086c00000, 0x0000000086d00000, 0x0000000086d00000|100%| S|CS|TAMS 0x0000000086c00000, 0x0000000086c00000| Complete 
| 109|0x0000000086d00000, 0x0000000086d00000, 0x0000000086e00000|  0%| F|  |TAMS 0x0000000086d00000, 0x0000000086d00000| Untracked 
| 110|0x0000000086e00000, 0x0000000086f00000, 0x0000000086f00000|100%| S|CS|TAMS 0x0000000086e00000, 0x0000000086e00000| Complete 
| 111|0x0000000086f00000, 0x0000000087000000, 0x0000000087000000|100%| S|CS|TAMS 0x0000000086f00000, 0x0000000086f00000| Complete 
| 112|0x0000000087000000, 0x0000000087100000, 0x0000000087100000|100%| S|CS|TAMS 0x0000000087000000, 0x0000000087000000| Complete 
| 113|0x0000000087100000, 0x0000000087200000, 0x0000000087200000|100%| S|CS|TAMS 0x0000000087100000, 0x0000000087100000| Complete 
| 114|0x0000000087200000, 0x0000000087300000, 0x0000000087300000|100%| S|CS|TAMS 0x0000000087200000, 0x0000000087200000| Complete 
| 115|0x0000000087300000, 0x0000000087300000, 0x0000000087400000|  0%| F|  |TAMS 0x0000000087300000, 0x0000000087300000| Untracked 
| 116|0x0000000087400000, 0x0000000087400000, 0x0000000087500000|  0%| F|  |TAMS 0x0000000087400000, 0x0000000087400000| Untracked 
| 117|0x0000000087500000, 0x0000000087500000, 0x0000000087600000|  0%| F|  |TAMS 0x0000000087500000, 0x0000000087500000| Untracked 
| 118|0x0000000087600000, 0x0000000087700000, 0x0000000087700000|100%| S|CS|TAMS 0x0000000087600000, 0x0000000087600000| Complete 
| 119|0x0000000087700000, 0x0000000087700000, 0x0000000087800000|  0%| F|  |TAMS 0x0000000087700000, 0x0000000087700000| Untracked 
| 120|0x0000000087800000, 0x0000000087800000, 0x0000000087900000|  0%| F|  |TAMS 0x0000000087800000, 0x0000000087800000| Untracked 
| 121|0x0000000087900000, 0x0000000087900000, 0x0000000087a00000|  0%| F|  |TAMS 0x0000000087900000, 0x0000000087900000| Untracked 
| 122|0x0000000087a00000, 0x0000000087a00000, 0x0000000087b00000|  0%| F|  |TAMS 0x0000000087a00000, 0x0000000087a00000| Untracked 
| 123|0x0000000087b00000, 0x0000000087b00000, 0x0000000087c00000|  0%| F|  |TAMS 0x0000000087b00000, 0x0000000087b00000| Untracked 
| 124|0x0000000087c00000, 0x0000000087c00000, 0x0000000087d00000|  0%| F|  |TAMS 0x0000000087c00000, 0x0000000087c00000| Untracked 
| 125|0x0000000087d00000, 0x0000000087d00000, 0x0000000087e00000|  0%| F|  |TAMS 0x0000000087d00000, 0x0000000087d00000| Untracked 
| 126|0x0000000087e00000, 0x0000000087e00000, 0x0000000087f00000|  0%| F|  |TAMS 0x0000000087e00000, 0x0000000087e00000| Untracked 
| 127|0x0000000087f00000, 0x0000000087f00000, 0x0000000088000000|  0%| F|  |TAMS 0x0000000087f00000, 0x0000000087f00000| Untracked 
| 128|0x0000000088000000, 0x0000000088000000, 0x0000000088100000|  0%| F|  |TAMS 0x0000000088000000, 0x0000000088000000| Untracked 
| 129|0x0000000088100000, 0x0000000088100000, 0x0000000088200000|  0%| F|  |TAMS 0x0000000088100000, 0x0000000088100000| Untracked 
| 130|0x0000000088200000, 0x000000008822bf90, 0x0000000088300000| 17%| E|  |TAMS 0x0000000088200000, 0x0000000088200000| Complete 
| 131|0x0000000088300000, 0x0000000088400000, 0x0000000088400000|100%| E|CS|TAMS 0x0000000088300000, 0x0000000088300000| Complete 
| 132|0x0000000088400000, 0x0000000088500000, 0x0000000088500000|100%| E|CS|TAMS 0x0000000088400000, 0x0000000088400000| Complete 
| 133|0x0000000088500000, 0x0000000088600000, 0x0000000088600000|100%| E|CS|TAMS 0x0000000088500000, 0x0000000088500000| Complete 
| 134|0x0000000088600000, 0x0000000088700000, 0x0000000088700000|100%| E|CS|TAMS 0x0000000088600000, 0x0000000088600000| Complete 
| 135|0x0000000088700000, 0x0000000088800000, 0x0000000088800000|100%| E|CS|TAMS 0x0000000088700000, 0x0000000088700000| Complete 
| 136|0x0000000088800000, 0x0000000088900000, 0x0000000088900000|100%| E|CS|TAMS 0x0000000088800000, 0x0000000088800000| Complete 
| 137|0x0000000088900000, 0x0000000088a00000, 0x0000000088a00000|100%| E|CS|TAMS 0x0000000088900000, 0x0000000088900000| Complete 
| 138|0x0000000088a00000, 0x0000000088b00000, 0x0000000088b00000|100%| E|  |TAMS 0x0000000088a00000, 0x0000000088a00000| Complete 
| 139|0x0000000088b00000, 0x0000000088c00000, 0x0000000088c00000|100%| E|CS|TAMS 0x0000000088b00000, 0x0000000088b00000| Complete 
| 140|0x0000000088c00000, 0x0000000088d00000, 0x0000000088d00000|100%| E|CS|TAMS 0x0000000088c00000, 0x0000000088c00000| Complete 
| 141|0x0000000088d00000, 0x0000000088e00000, 0x0000000088e00000|100%| E|CS|TAMS 0x0000000088d00000, 0x0000000088d00000| Complete 
| 142|0x0000000088e00000, 0x0000000088f00000, 0x0000000088f00000|100%| E|CS|TAMS 0x0000000088e00000, 0x0000000088e00000| Complete 
| 143|0x0000000088f00000, 0x0000000089000000, 0x0000000089000000|100%| E|CS|TAMS 0x0000000088f00000, 0x0000000088f00000| Complete 
| 144|0x0000000089000000, 0x0000000089100000, 0x0000000089100000|100%| E|CS|TAMS 0x0000000089000000, 0x0000000089000000| Complete 
| 145|0x0000000089100000, 0x0000000089200000, 0x0000000089200000|100%| E|CS|TAMS 0x0000000089100000, 0x0000000089100000| Complete 
| 146|0x0000000089200000, 0x0000000089300000, 0x0000000089300000|100%| E|CS|TAMS 0x0000000089200000, 0x0000000089200000| Complete 
| 147|0x0000000089300000, 0x0000000089400000, 0x0000000089400000|100%| E|CS|TAMS 0x0000000089300000, 0x0000000089300000| Complete 
| 148|0x0000000089400000, 0x0000000089500000, 0x0000000089500000|100%| E|CS|TAMS 0x0000000089400000, 0x0000000089400000| Complete 
| 149|0x0000000089500000, 0x0000000089600000, 0x0000000089600000|100%| E|CS|TAMS 0x0000000089500000, 0x0000000089500000| Complete 
| 150|0x0000000089600000, 0x0000000089700000, 0x0000000089700000|100%| E|CS|TAMS 0x0000000089600000, 0x0000000089600000| Complete 
| 151|0x0000000089700000, 0x0000000089800000, 0x0000000089800000|100%| E|CS|TAMS 0x0000000089700000, 0x0000000089700000| Complete 
| 152|0x0000000089800000, 0x0000000089900000, 0x0000000089900000|100%| E|CS|TAMS 0x0000000089800000, 0x0000000089800000| Complete 
| 153|0x0000000089900000, 0x0000000089a00000, 0x0000000089a00000|100%| E|CS|TAMS 0x0000000089900000, 0x0000000089900000| Complete 
| 154|0x0000000089a00000, 0x0000000089b00000, 0x0000000089b00000|100%| E|CS|TAMS 0x0000000089a00000, 0x0000000089a00000| Complete 
| 155|0x0000000089b00000, 0x0000000089c00000, 0x0000000089c00000|100%| E|CS|TAMS 0x0000000089b00000, 0x0000000089b00000| Complete 
| 156|0x0000000089c00000, 0x0000000089d00000, 0x0000000089d00000|100%| E|CS|TAMS 0x0000000089c00000, 0x0000000089c00000| Complete 
| 157|0x0000000089d00000, 0x0000000089e00000, 0x0000000089e00000|100%| E|CS|TAMS 0x0000000089d00000, 0x0000000089d00000| Complete 
| 158|0x0000000089e00000, 0x0000000089f00000, 0x0000000089f00000|100%| E|CS|TAMS 0x0000000089e00000, 0x0000000089e00000| Complete 
| 159|0x0000000089f00000, 0x000000008a000000, 0x000000008a000000|100%| E|CS|TAMS 0x0000000089f00000, 0x0000000089f00000| Complete 
| 160|0x000000008a000000, 0x000000008a100000, 0x000000008a100000|100%| E|CS|TAMS 0x000000008a000000, 0x000000008a000000| Complete 
| 161|0x000000008a100000, 0x000000008a200000, 0x000000008a200000|100%| E|CS|TAMS 0x000000008a100000, 0x000000008a100000| Complete 
| 162|0x000000008a200000, 0x000000008a300000, 0x000000008a300000|100%| E|CS|TAMS 0x000000008a200000, 0x000000008a200000| Complete 
| 163|0x000000008a300000, 0x000000008a400000, 0x000000008a400000|100%| E|CS|TAMS 0x000000008a300000, 0x000000008a300000| Complete 
| 164|0x000000008a400000, 0x000000008a500000, 0x000000008a500000|100%| E|CS|TAMS 0x000000008a400000, 0x000000008a400000| Complete 
| 165|0x000000008a500000, 0x000000008a600000, 0x000000008a600000|100%| E|CS|TAMS 0x000000008a500000, 0x000000008a500000| Complete 
| 191|0x000000008bf00000, 0x000000008c000000, 0x000000008c000000|100%| E|CS|TAMS 0x000000008bf00000, 0x000000008bf00000| Complete 
|2046|0x00000000ffe00000, 0x00000000fff00000, 0x00000000fff00000|100%| O|  |TAMS 0x00000000fff00000, 0x00000000ffe00000| Untracked 
|2047|0x00000000fff00000, 0x0000000100000000, 0x0000000100000000|100%| O|  |TAMS 0x0000000100000000, 0x00000000fff00000| Untracked 

Card table byte_map: [0x000001acff8e0000,0x000001acffce0000] _byte_map_base: 0x000001acff4e0000

Marking Bits (Prev, Next): (CMBitMap*) 0x000001acff1348e0, (CMBitMap*) 0x000001acff1348a0
 Prev Bits: [0x000001ac94800000, 0x000001ac96800000)
 Next Bits: [0x000001ac92800000, 0x000001ac94800000)

Polling page: 0x000001acfe8a0000

Metaspace:

Usage:
  Non-class:     83.91 MB used.
      Class:     13.30 MB used.
       Both:     97.20 MB used.

Virtual space:
  Non-class space:       88.00 MB reserved,      84.25 MB ( 96%) committed,  11 nodes.
      Class space:        1.00 GB reserved,      13.62 MB (  1%) committed,  1 nodes.
             Both:        1.09 GB reserved,      97.88 MB (  9%) committed. 

Chunk freelists:
   Non-Class:  3.52 MB
       Class:  2.32 MB
        Both:  5.83 MB

MaxMetaspaceSize: unlimited
CompressedClassSpaceSize: 1.00 GB
Initial GC threshold: 21.00 MB
Current GC threshold: 138.75 MB
CDS: off
MetaspaceReclaimPolicy: balanced
 - commit_granule_bytes: 65536.
 - commit_granule_words: 8192.
 - virtual_space_node_default_size: 1048576.
 - enlarge_chunks_in_place: 1.
 - new_chunks_are_fully_committed: 0.
 - uncommit_free_chunks: 1.
 - use_allocation_guard: 0.
 - handle_deallocations: 1.


Internal statistics:

num_allocs_failed_limit: 9.
num_arena_births: 1086.
num_arena_deaths: 0.
num_vsnodes_births: 12.
num_vsnodes_deaths: 0.
num_space_committed: 1566.
num_space_uncommitted: 0.
num_chunks_returned_to_freelist: 9.
num_chunks_taken_from_freelist: 4797.
num_chunk_merges: 9.
num_chunk_splits: 3177.
num_chunks_enlarged: 2126.
num_purges: 0.
num_inconsistent_stats: 0.

CodeHeap 'non-profiled nmethods': size=120000Kb used=6698Kb max_used=6698Kb free=113301Kb
 bounds [0x000001ac8aed0000, 0x000001ac8b560000, 0x000001ac92400000]
CodeHeap 'profiled nmethods': size=120000Kb used=21609Kb max_used=21609Kb free=98390Kb
 bounds [0x000001ac83400000, 0x000001ac84920000, 0x000001ac8a930000]
CodeHeap 'non-nmethods': size=5760Kb used=2409Kb max_used=2484Kb free=3350Kb
 bounds [0x000001ac8a930000, 0x000001ac8abb0000, 0x000001ac8aed0000]
 total_blobs=11925 nmethods=10974 adapters=863
 compilation: enabled
              stopped_count=0, restarted_count=0
 full_count=0

Compilation events (20 events):
Event: 31.015 Thread 0x000001ac99c90ff0 nmethod 12436 0x000001ac848eb590 code [0x000001ac848eb740, 0x000001ac848eb9a8]
Event: 31.015 Thread 0x000001ac99c90ff0 12437       3       org.gradle.internal.execution.steps.CaptureStateBeforeExecutionStep::lambda$captureExecutionState$1 (50 bytes)
Event: 31.016 Thread 0x000001ac99c90ff0 nmethod 12437 0x000001ac848eba90 code [0x000001ac848ebc60, 0x000001ac848ebfe8]
Event: 31.016 Thread 0x000001ac99c90ff0 12438       3       org.gradle.internal.execution.impl.DefaultOutputSnapshotter::snapshotOutputs (25 bytes)
Event: 31.018 Thread 0x000001ac99c90ff0 nmethod 12438 0x000001ac848ec210 code [0x000001ac848ec440, 0x000001ac848ecd18]
Event: 31.018 Thread 0x000001ac99c90ff0 12439       3       org.gradle.internal.execution.impl.DefaultOutputSnapshotter$1::<init> (15 bytes)
Event: 31.018 Thread 0x000001ac99c90ff0 nmethod 12439 0x000001ac848ed090 code [0x000001ac848ed240, 0x000001ac848ed458]
Event: 31.018 Thread 0x000001ac99c90ff0 12440       3       org.gradle.internal.execution.steps.SkipEmptyWorkStep::execute (10 bytes)
Event: 31.019 Thread 0x000001ac99c90ff0 nmethod 12440 0x000001ac848ed510 code [0x000001ac848ed6c0, 0x000001ac848ed8e8]
Event: 31.019 Thread 0x000001ac99c90ff0 12441       3       org.gradle.internal.execution.steps.CaptureStateBeforeExecutionStep$$Lambda$503/0x00000001005d87c0::<init> (20 bytes)
Event: 31.019 Thread 0x000001ac99c90ff0 nmethod 12441 0x000001ac848ed990 code [0x000001ac848edb40, 0x000001ac848eddb8]
Event: 31.019 Thread 0x000001ac99c90ff0 12442       3       org.gradle.internal.execution.steps.BuildOperationStep::operation (20 bytes)
Event: 31.020 Thread 0x000001ac99c90ff0 nmethod 12442 0x000001ac848ede90 code [0x000001ac848ee060, 0x000001ac848ee508]
Event: 31.020 Thread 0x000001ac99c90ff0 12443       3       org.gradle.internal.execution.steps.BuildOperationStep$1::<init> (20 bytes)
Event: 31.021 Thread 0x000001ac99c90ff0 nmethod 12443 0x000001ac848ee710 code [0x000001ac848ee8c0, 0x000001ac848eeb38]
Event: 31.021 Thread 0x000001ac99c90ff0 12444       3       org.gradle.internal.execution.steps.SkipEmptyWorkStep::fingerprintPrimaryInputs (64 bytes)
Event: 31.026 Thread 0x000001ac99c90ff0 nmethod 12444 0x000001ac848eec10 code [0x000001ac848ef000, 0x000001ac848f1198]
Event: 31.026 Thread 0x000001ac99c90ff0 12445       3       org.gradle.internal.execution.steps.SkipEmptyWorkStep::lambda$fingerprintPrimaryInputs$2 (16 bytes)
Event: 31.027 Thread 0x000001ac99c90ff0 nmethod 12445 0x000001ac848f1b90 code [0x000001ac848f1d40, 0x000001ac848f20e8]
Event: 31.027 Thread 0x000001ac99c90ff0 12446   !   3       jdk.proxy1.$Proxy49::onExecute (38 bytes)

GC Heap History (20 events):
Event: 21.471 GC heap before
{Heap before GC invocations=29 (full 0):
 garbage-first heap   total 117760K, used 72016K [0x0000000080000000, 0x0000000100000000)
  region size 1024K, 8 young (8192K), 2 survivors (2048K)
 Metaspace       used 77322K, committed 77952K, reserved 1122304K
  class space    used 10284K, committed 10560K, reserved 1048576K
}
Event: 21.476 GC heap after
{Heap after GC invocations=30 (full 0):
 garbage-first heap   total 117760K, used 67122K [0x0000000080000000, 0x0000000100000000)
  region size 1024K, 2 young (2048K), 2 survivors (2048K)
 Metaspace       used 77322K, committed 77952K, reserved 1122304K
  class space    used 10284K, committed 10560K, reserved 1048576K
}
Event: 22.409 GC heap before
{Heap before GC invocations=31 (full 0):
 garbage-first heap   total 121856K, used 96818K [0x0000000080000000, 0x0000000100000000)
  region size 1024K, 30 young (30720K), 2 survivors (2048K)
 Metaspace       used 80929K, committed 81536K, reserved 1122304K
  class space    used 10978K, committed 11264K, reserved 1048576K
}
Event: 22.414 GC heap after
{Heap after GC invocations=32 (full 0):
 garbage-first heap   total 121856K, used 68269K [0x0000000080000000, 0x0000000100000000)
  region size 1024K, 3 young (3072K), 3 survivors (3072K)
 Metaspace       used 80929K, committed 81536K, reserved 1122304K
  class space    used 10978K, committed 11264K, reserved 1048576K
}
Event: 22.462 GC heap before
{Heap before GC invocations=32 (full 0):
 garbage-first heap   total 121856K, used 70317K [0x0000000080000000, 0x0000000100000000)
  region size 1024K, 5 young (5120K), 3 survivors (3072K)
 Metaspace       used 81164K, committed 81792K, reserved 1122304K
  class space    used 11007K, committed 11328K, reserved 1048576K
}
Event: 22.469 GC heap after
{Heap after GC invocations=33 (full 0):
 garbage-first heap   total 121856K, used 68156K [0x0000000080000000, 0x0000000100000000)
  region size 1024K, 1 young (1024K), 1 survivors (1024K)
 Metaspace       used 81164K, committed 81792K, reserved 1122304K
  class space    used 11007K, committed 11328K, reserved 1048576K
}
Event: 23.472 GC heap before
{Heap before GC invocations=33 (full 0):
 garbage-first heap   total 121856K, used 98876K [0x0000000080000000, 0x0000000100000000)
  region size 1024K, 31 young (31744K), 1 survivors (1024K)
 Metaspace       used 84212K, committed 84800K, reserved 1122304K
  class space    used 11436K, committed 11712K, reserved 1048576K
}
Event: 23.479 GC heap after
{Heap after GC invocations=34 (full 0):
 garbage-first heap   total 173056K, used 70320K [0x0000000080000000, 0x0000000100000000)
  region size 1024K, 3 young (3072K), 3 survivors (3072K)
 Metaspace       used 84212K, committed 84800K, reserved 1122304K
  class space    used 11436K, committed 11712K, reserved 1048576K
}
Event: 25.396 GC heap before
{Heap before GC invocations=35 (full 0):
 garbage-first heap   total 173056K, used 135856K [0x0000000080000000, 0x0000000100000000)
  region size 1024K, 67 young (68608K), 3 survivors (3072K)
 Metaspace       used 91486K, committed 92160K, reserved 1130496K
  class space    used 12484K, committed 12800K, reserved 1048576K
}
Event: 25.411 GC heap after
{Heap after GC invocations=36 (full 0):
 garbage-first heap   total 173056K, used 75668K [0x0000000080000000, 0x0000000100000000)
  region size 1024K, 8 young (8192K), 8 survivors (8192K)
 Metaspace       used 91486K, committed 92160K, reserved 1130496K
  class space    used 12484K, committed 12800K, reserved 1048576K
}
Event: 25.430 GC heap before
{Heap before GC invocations=36 (full 0):
 garbage-first heap   total 173056K, used 76692K [0x0000000080000000, 0x0000000100000000)
  region size 1024K, 9 young (9216K), 8 survivors (8192K)
 Metaspace       used 91528K, committed 92160K, reserved 1130496K
  class space    used 12489K, committed 12800K, reserved 1048576K
}
Event: 25.444 GC heap after
{Heap after GC invocations=37 (full 0):
 garbage-first heap   total 173056K, used 76332K [0x0000000080000000, 0x0000000100000000)
  region size 1024K, 2 young (2048K), 2 survivors (2048K)
 Metaspace       used 91528K, committed 92160K, reserved 1130496K
  class space    used 12489K, committed 12800K, reserved 1048576K
}
Event: 26.531 GC heap before
{Heap before GC invocations=37 (full 0):
 garbage-first heap   total 173056K, used 137772K [0x0000000080000000, 0x0000000100000000)
  region size 1024K, 62 young (63488K), 2 survivors (2048K)
 Metaspace       used 92896K, committed 93568K, reserved 1130496K
  class space    used 12676K, committed 12992K, reserved 1048576K
}
Event: 26.543 GC heap after
{Heap after GC invocations=38 (full 0):
 garbage-first heap   total 173056K, used 84386K [0x0000000080000000, 0x0000000100000000)
  region size 1024K, 8 young (8192K), 8 survivors (8192K)
 Metaspace       used 92896K, committed 93568K, reserved 1130496K
  class space    used 12676K, committed 12992K, reserved 1048576K
}
Event: 27.728 GC heap before
{Heap before GC invocations=38 (full 0):
 garbage-first heap   total 173056K, used 136610K [0x0000000080000000, 0x0000000100000000)
  region size 1024K, 60 young (61440K), 8 survivors (8192K)
 Metaspace       used 94847K, committed 95488K, reserved 1138688K
  class space    used 13019K, committed 13312K, reserved 1048576K
}
Event: 27.754 GC heap after
{Heap after GC invocations=39 (full 0):
 garbage-first heap   total 173056K, used 89605K [0x0000000080000000, 0x0000000100000000)
  region size 1024K, 5 young (5120K), 5 survivors (5120K)
 Metaspace       used 94847K, committed 95488K, reserved 1138688K
  class space    used 13019K, committed 13312K, reserved 1048576K
}
Event: 29.162 GC heap before
{Heap before GC invocations=39 (full 0):
 garbage-first heap   total 173056K, used 139781K [0x0000000080000000, 0x0000000100000000)
  region size 1024K, 54 young (55296K), 5 survivors (5120K)
 Metaspace       used 95658K, committed 96320K, reserved 1138688K
  class space    used 13088K, committed 13376K, reserved 1048576K
}
Event: 29.179 GC heap after
{Heap after GC invocations=40 (full 0):
 garbage-first heap   total 173056K, used 92847K [0x0000000080000000, 0x0000000100000000)
  region size 1024K, 4 young (4096K), 4 survivors (4096K)
 Metaspace       used 95658K, committed 96320K, reserved 1138688K
  class space    used 13088K, committed 13376K, reserved 1048576K
}
Event: 30.507 GC heap before
{Heap before GC invocations=40 (full 0):
 garbage-first heap   total 173056K, used 140975K [0x0000000080000000, 0x0000000100000000)
  region size 1024K, 52 young (53248K), 4 survivors (4096K)
 Metaspace       used 99053K, committed 99712K, reserved 1138688K
  class space    used 13537K, committed 13824K, reserved 1048576K
}
Event: 30.522 GC heap after
{Heap after GC invocations=41 (full 0):
 garbage-first heap   total 173056K, used 96971K [0x0000000080000000, 0x0000000100000000)
  region size 1024K, 7 young (7168K), 7 survivors (7168K)
 Metaspace       used 99053K, committed 99712K, reserved 1138688K
  class space    used 13537K, committed 13824K, reserved 1048576K
}

Dll operation events (2 events):
Event: 0.017 Loaded shared library C:\Program Files\Android\Android Studio\jbr\bin\java.dll
Event: 0.526 Loaded shared library C:\Program Files\Android\Android Studio\jbr\bin\verify.dll

Deoptimization events (20 events):
Event: 30.950 Thread 0x000001ac9f3b0e70 DEOPT PACKING pc=0x000001ac8487bd6c sp=0x0000005723cfda40
Event: 30.950 Thread 0x000001ac9f3b0e70 DEOPT UNPACKING pc=0x000001ac8a987143 sp=0x0000005723cfcf98 mode 0
Event: 30.983 Thread 0x000001ac9f3ae7f0 Uncommon trap: trap_request=0xffffffd6 fr.pc=0x000001ac8b552c9c relative=0x0000000000001b1c
Event: 30.983 Thread 0x000001ac9f3ae7f0 Uncommon trap: reason=array_check action=maybe_recompile pc=0x000001ac8b552c9c method=java.util.TimSort.reverseRange([Ljava/lang/Object;II)V @ 20 c2
Event: 30.983 Thread 0x000001ac9f3ae7f0 DEOPT PACKING pc=0x000001ac8b552c9c sp=0x0000005723afcc50
Event: 30.983 Thread 0x000001ac9f3ae7f0 DEOPT UNPACKING pc=0x000001ac8a9869a3 sp=0x0000005723afca90 mode 2
Event: 30.983 Thread 0x000001ac9ea2b2f0 Uncommon trap: trap_request=0xffffffd6 fr.pc=0x000001ac8b552c9c relative=0x0000000000001b1c
Event: 30.983 Thread 0x000001ac9ea2b2f0 Uncommon trap: reason=array_check action=maybe_recompile pc=0x000001ac8b552c9c method=java.util.TimSort.reverseRange([Ljava/lang/Object;II)V @ 20 c2
Event: 30.983 Thread 0x000001ac9ea2b2f0 DEOPT PACKING pc=0x000001ac8b552c9c sp=0x00000057251fca40
Event: 30.983 Thread 0x000001ac9ea2b2f0 DEOPT UNPACKING pc=0x000001ac8a9869a3 sp=0x00000057251fc880 mode 2
Event: 30.985 Thread 0x000001ac9ea29fb0 Uncommon trap: trap_request=0xffffffd6 fr.pc=0x000001ac8b552c9c relative=0x0000000000001b1c
Event: 30.985 Thread 0x000001ac9ea29fb0 Uncommon trap: reason=array_check action=maybe_recompile pc=0x000001ac8b552c9c method=java.util.TimSort.reverseRange([Ljava/lang/Object;II)V @ 20 c2
Event: 30.985 Thread 0x000001ac9ea29fb0 DEOPT PACKING pc=0x000001ac8b552c9c sp=0x00000057260fcb90
Event: 30.985 Thread 0x000001ac9ea29fb0 DEOPT UNPACKING pc=0x000001ac8a9869a3 sp=0x00000057260fc9d0 mode 2
Event: 30.986 Thread 0x000001ac9ea2a950 Uncommon trap: trap_request=0xffffffd6 fr.pc=0x000001ac8b552c9c relative=0x0000000000001b1c
Event: 30.986 Thread 0x000001ac9ea2a950 Uncommon trap: reason=array_check action=maybe_recompile pc=0x000001ac8b552c9c method=java.util.TimSort.reverseRange([Ljava/lang/Object;II)V @ 20 c2
Event: 30.986 Thread 0x000001ac9ea2a950 DEOPT PACKING pc=0x000001ac8b552c9c sp=0x0000005724ffcf00
Event: 30.986 Thread 0x000001ac9ea2a950 DEOPT UNPACKING pc=0x000001ac8a9869a3 sp=0x0000005724ffcd40 mode 2
Event: 30.987 Thread 0x000001ac9ea282d0 DEOPT PACKING pc=0x000001ac8487bd6c sp=0x0000005725dfdbd0
Event: 30.987 Thread 0x000001ac9ea282d0 DEOPT UNPACKING pc=0x000001ac8a987143 sp=0x0000005725dfd128 mode 0

Classes unloaded (0 events):
No events

Classes redefined (0 events):
No events

Internal exceptions (20 events):
Event: 27.849 Thread 0x000001ac9b4cabc0 Implicit null exception at 0x000001ac8b06d760 to 0x000001ac8b06d7ec
Event: 28.334 Thread 0x000001ac9b4c93b0 Implicit null exception at 0x000001ac8b46aae7 to 0x000001ac8b46b600
Event: 28.334 Thread 0x000001ac9ea2bc90 Implicit null exception at 0x000001ac8b46aae7 to 0x000001ac8b46b600
Event: 28.463 Thread 0x000001ac9ac09e60 Exception <a 'java/lang/NoSuchMethodError'{0x0000000088c09d50}: static Lcom/android/build/gradle/internal/scope/InternalArtifactType;.<clinit>()V> (0x0000000088c09d50) 
thrown [s\src\hotspot\share\prims\jni.cpp, line 1108]
Event: 28.463 Thread 0x000001ac9ac09e60 Exception <a 'java/lang/NoSuchMethodError'{0x0000000088c0b4a8}: static Lcom/android/build/gradle/internal/scope/InternalArtifactType;.<clinit>()V> (0x0000000088c0b4a8) 
thrown [s\src\hotspot\share\prims\jni.cpp, line 1108]
Event: 28.464 Thread 0x000001ac9ac09e60 Exception <a 'java/lang/NoSuchMethodError'{0x0000000088c0e648}: static Lcom/android/build/api/artifact/Artifact$Single;.<clinit>()V> (0x0000000088c0e648) 
thrown [s\src\hotspot\share\prims\jni.cpp, line 1108]
Event: 28.464 Thread 0x000001ac9ac09e60 Exception <a 'java/lang/NoSuchMethodError'{0x0000000088c10bd8}: static Ljava/lang/Object;.<clinit>()V> (0x0000000088c10bd8) 
thrown [s\src\hotspot\share\prims\jni.cpp, line 1108]
Event: 28.466 Thread 0x000001ac9ac09e60 Exception <a 'java/lang/NoSuchMethodError'{0x0000000088c270e8}: static Lcom/android/build/api/artifact/ArtifactKind;.<clinit>()V> (0x0000000088c270e8) 
thrown [s\src\hotspot\share\prims\jni.cpp, line 1108]
Event: 28.467 Thread 0x000001ac9ac09e60 Exception <a 'java/lang/NoSuchMethodError'{0x0000000088c282a8}: static Lcom/android/build/api/artifact/ArtifactKind;.<clinit>()V> (0x0000000088c282a8) 
thrown [s\src\hotspot\share\prims\jni.cpp, line 1108]
Event: 29.070 Thread 0x000001ac9ac0a800 Exception <a 'java/lang/NoSuchMethodError'{0x000000008796aed0}: 'int java.lang.invoke.DirectMethodHandle$Holder.invokeSpecial(java.lang.Object, java.lang.Object, java.lang.Object, java.lang.Object, java.lang.Object)'> (0x000000008796aed0) 
thrown [s\src\hotspot\share\interpreter\linkResolver.cpp, line 771]
Event: 29.337 Thread 0x000001ac9ac0a800 Exception <a 'java/lang/NoSuchMethodError'{0x0000000089c31068}: 'void java.lang.invoke.DirectMethodHandle$Holder.invokeVirtual(java.lang.Object, java.lang.Object)'> (0x0000000089c31068) 
thrown [s\src\hotspot\share\interpreter\linkResolver.cpp, line 771]
Event: 30.339 Thread 0x000001ac9ac0a800 Exception <a 'java/lang/NoSuchMethodError'{0x0000000088077628}: static Lorg/jetbrains/kotlin/incremental/ChangedFiles$Known;.<clinit>()V> (0x0000000088077628) 
thrown [s\src\hotspot\share\prims\jni.cpp, line 1108]
Event: 30.343 Thread 0x000001ac9ac0a800 Exception <a 'java/lang/NoSuchMethodError'{0x0000000088097f18}: static Lorg/jetbrains/kotlin/incremental/ClasspathChanges;.<clinit>()V> (0x0000000088097f18) 
thrown [s\src\hotspot\share\prims\jni.cpp, line 1108]
Event: 30.344 Thread 0x000001ac9ac0a800 Exception <a 'java/lang/NoSuchMethodError'{0x0000000088099720}: static Lorg/jetbrains/kotlin/incremental/ClasspathChanges;.<clinit>()V> (0x0000000088099720) 
thrown [s\src\hotspot\share\prims\jni.cpp, line 1108]
Event: 30.353 Thread 0x000001ac9ac0a800 Exception <a 'java/lang/NoSuchMethodError'{0x0000000087f00ab0}: static Lorg/jetbrains/kotlin/build/report/metrics/BuildMetricsReporterImpl;.<clinit>()V> (0x0000000087f00ab0) 
thrown [s\src\hotspot\share\prims\jni.cpp, line 1108]
Event: 30.398 Thread 0x000001ac9ac09990 Exception <a 'sun/nio/fs/WindowsException'{0x0000000087e1c998}> (0x0000000087e1c998) 
thrown [s\src\hotspot\share\prims\jni.cpp, line 517]
Event: 30.658 Thread 0x000001ac9feaf250 Exception <a 'java/lang/NoSuchMethodError'{0x0000000089f990d8}: 'void java.lang.invoke.DirectMethodHandle$Holder.invokeStatic(java.lang.Object, long)'> (0x0000000089f990d8) 
thrown [s\src\hotspot\share\interpreter\linkResolver.cpp, line 771]
Event: 30.660 Thread 0x000001ac9feaf250 Exception <a 'java/lang/NoSuchMethodError'{0x0000000089e11fd0}: 'java.lang.Object java.lang.invoke.DirectMethodHandle$Holder.newInvokeSpecial(java.lang.Object, long)'> (0x0000000089e11fd0) 
thrown [s\src\hotspot\share\interpreter\linkResolver.cpp, line 771]
Event: 30.663 Thread 0x000001ac9feaf250 Exception <a 'java/lang/NoSuchMethodError'{0x0000000089e39b40}: 'java.lang.Object java.lang.invoke.DirectMethodHandle$Holder.invokeStatic(java.lang.Object, java.lang.Object, long, java.lang.Object)'> (0x0000000089e39b40) 
thrown [s\src\hotspot\share\interpreter\linkResolver.cpp, line 771]
Event: 30.665 Thread 0x000001ac9feaf250 Exception <a 'java/lang/NoSuchMethodError'{0x0000000089e3d5c0}: 'java.lang.Object java.lang.invoke.DirectMethodHandle$Holder.invokeStaticInit(java.lang.Object, java.lang.Object, long, java.lang.Object)'> (0x0000000089e3d5c0) 
thrown [s\src\hotspot\share\interpreter\linkResolver.cpp, line 771]

VM Operations (20 events):
Event: 29.067 Executing VM operation: HandshakeAllThreads
Event: 29.068 Executing VM operation: HandshakeAllThreads done
Event: 29.153 Executing VM operation: ICBufferFull
Event: 29.153 Executing VM operation: ICBufferFull done
Event: 29.162 Executing VM operation: G1CollectForAllocation
Event: 29.181 Executing VM operation: G1CollectForAllocation done
Event: 29.849 Executing VM operation: ICBufferFull
Event: 29.849 Executing VM operation: ICBufferFull done
Event: 30.215 Executing VM operation: HandshakeAllThreads
Event: 30.215 Executing VM operation: HandshakeAllThreads done
Event: 30.400 Executing VM operation: ICBufferFull
Event: 30.401 Executing VM operation: ICBufferFull done
Event: 30.507 Executing VM operation: G1CollectForAllocation
Event: 30.522 Executing VM operation: G1CollectForAllocation done
Event: 30.669 Executing VM operation: HandshakeAllThreads
Event: 30.669 Executing VM operation: HandshakeAllThreads done
Event: 30.684 Executing VM operation: HandshakeAllThreads
Event: 30.685 Executing VM operation: HandshakeAllThreads done
Event: 30.752 Executing VM operation: ICBufferFull
Event: 30.753 Executing VM operation: ICBufferFull done

Events (20 events):
Event: 30.633 Loaded shared library C:\Users\Admin\AppData\Local\Temp\native-platform8024057062200056963dir\native-platform.dll
Event: 30.648 loading class java/lang/ProcessImpl
Event: 30.649 loading class java/lang/ProcessImpl done
Event: 30.661 loading class java/lang/ProcessHandleImpl
Event: 30.662 loading class java/lang/ProcessHandleImpl done
Event: 30.666 loading class java/lang/ProcessImpl$2
Event: 30.666 loading class java/lang/ProcessImpl$2 done
Event: 30.666 loading class java/lang/Process$PipeInputStream
Event: 30.666 loading class java/lang/Process$PipeInputStream done
Event: 30.670 loading class java/lang/ProcessBuilder$NullInputStream
Event: 30.670 loading class java/lang/ProcessBuilder$NullInputStream done
Event: 30.670 loading class jdk/internal/event/ProcessStartEvent
Event: 30.670 loading class jdk/internal/event/ProcessStartEvent done
Event: 30.671 loading class java/util/concurrent/Semaphore$NonfairSync
Event: 30.671 loading class java/util/concurrent/Semaphore$Sync
Event: 30.671 loading class java/util/concurrent/Semaphore$Sync done
Event: 30.671 loading class java/util/concurrent/Semaphore$NonfairSync done
Event: 30.675 Thread 0x000001ac9f626850 Thread added: 0x000001ac9f626850
Event: 30.701 Thread 0x000001ac99c918f0 flushing nmethod 0x000001ac83a00d90
Event: 30.717 Thread 0x000001ac99c918f0 flushing nmethod 0x000001ac843fa910


Dynamic libraries:
0x00007ff641ac0000 - 0x00007ff641aca000 	C:\Program Files\Android\Android Studio\jbr\bin\java.exe
0x00007ff9c7030000 - 0x00007ff9c7244000 	C:\Windows\SYSTEM32\ntdll.dll
0x00007ff9c5130000 - 0x00007ff9c51f3000 	C:\Windows\System32\KERNEL32.DLL
0x00007ff9c47e0000 - 0x00007ff9c4b7d000 	C:\Windows\System32\KERNELBASE.dll
0x00007ff9c4450000 - 0x00007ff9c4561000 	C:\Windows\System32\ucrtbase.dll
0x00007ff9a9df0000 - 0x00007ff9a9e07000 	C:\Program Files\Android\Android Studio\jbr\bin\jli.dll
0x00007ff9c54e0000 - 0x00007ff9c568d000 	C:\Windows\System32\USER32.dll
0x00007ff9c4690000 - 0x00007ff9c46b6000 	C:\Windows\System32\win32u.dll
0x00007ff9aa550000 - 0x00007ff9aa7de000 	C:\Windows\WinSxS\amd64_microsoft.windows.common-controls_6595b64144ccf1df_6.0.22621.608_none_a9444ca7c10bb01d\COMCTL32.dll
0x00007ff9c5b40000 - 0x00007ff9c5b69000 	C:\Windows\System32\GDI32.dll
0x00007ff9c53b0000 - 0x00007ff9c5457000 	C:\Windows\System32\msvcrt.dll
0x00007ff9c46c0000 - 0x00007ff9c47d2000 	C:\Windows\System32\gdi32full.dll
0x00007ff9c4570000 - 0x00007ff9c460a000 	C:\Windows\System32\msvcp_win.dll
0x00007ff9a5720000 - 0x00007ff9a573b000 	C:\Program Files\Android\Android Studio\jbr\bin\VCRUNTIME140.dll
0x00007ff9c6fb0000 - 0x00007ff9c6fe2000 	C:\Windows\System32\IMM32.DLL
0x00007ff9aa7e0000 - 0x00007ff9aa7ec000 	C:\Program Files\Android\Android Studio\jbr\bin\vcruntime140_1.dll
0x00007ff965710000 - 0x00007ff96579d000 	C:\Program Files\Android\Android Studio\jbr\bin\msvcp140.dll
0x00007ff96eb20000 - 0x00007ff96f78e000 	C:\Program Files\Android\Android Studio\jbr\bin\server\jvm.dll
0x00007ff9c5780000 - 0x00007ff9c582e000 	C:\Windows\System32\ADVAPI32.dll
0x00007ff9c5a90000 - 0x00007ff9c5b34000 	C:\Windows\System32\sechost.dll
0x00007ff9c5290000 - 0x00007ff9c53a5000 	C:\Windows\System32\RPCRT4.dll
0x00007ff9bd660000 - 0x00007ff9bd694000 	C:\Windows\SYSTEM32\WINMM.dll
0x00007ff9bdd50000 - 0x00007ff9bdd59000 	C:\Windows\SYSTEM32\WSOCK32.dll
0x00007ff9bdbf0000 - 0x00007ff9bdbfa000 	C:\Windows\SYSTEM32\VERSION.dll
0x00007ff9c5830000 - 0x00007ff9c58a1000 	C:\Windows\System32\WS2_32.dll
0x00007ff9c3490000 - 0x00007ff9c34a8000 	C:\Windows\SYSTEM32\kernel.appcore.dll
0x00007ff9bd960000 - 0x00007ff9bd96a000 	C:\Program Files\Android\Android Studio\jbr\bin\jimage.dll
0x00007ff9b3680000 - 0x00007ff9b38ae000 	C:\Windows\SYSTEM32\DBGHELP.DLL
0x00007ff9c5bd0000 - 0x00007ff9c5f5a000 	C:\Windows\System32\combase.dll
0x00007ff9c59b0000 - 0x00007ff9c5a87000 	C:\Windows\System32\OLEAUT32.dll
0x00007ff9b83b0000 - 0x00007ff9b83e2000 	C:\Windows\SYSTEM32\dbgcore.DLL
0x00007ff9c4610000 - 0x00007ff9c468b000 	C:\Windows\System32\bcryptPrimitives.dll
0x00007ff9b9390000 - 0x00007ff9b93b5000 	C:\Program Files\Android\Android Studio\jbr\bin\java.dll
0x00007ff9bbe50000 - 0x00007ff9bbe68000 	C:\Program Files\Android\Android Studio\jbr\bin\zip.dll
0x00007ff9c6140000 - 0x00007ff9c692f000 	C:\Windows\System32\SHELL32.dll
0x00007ff9c2460000 - 0x00007ff9c2d28000 	C:\Windows\SYSTEM32\windows.storage.dll
0x00007ff9c2320000 - 0x00007ff9c245e000 	C:\Windows\SYSTEM32\wintypes.dll
0x00007ff9c4fd0000 - 0x00007ff9c50c1000 	C:\Windows\System32\SHCORE.dll
0x00007ff9c5b70000 - 0x00007ff9c5bce000 	C:\Windows\System32\shlwapi.dll
0x00007ff9c4380000 - 0x00007ff9c43a1000 	C:\Windows\SYSTEM32\profapi.dll
0x00007ff9ab4b0000 - 0x00007ff9ab4c9000 	C:\Program Files\Android\Android Studio\jbr\bin\net.dll
0x00007ff9bce20000 - 0x00007ff9bcf4f000 	C:\Windows\SYSTEM32\WINHTTP.dll
0x00007ff9c38f0000 - 0x00007ff9c3959000 	C:\Windows\system32\mswsock.dll
0x00007ff9aab80000 - 0x00007ff9aab96000 	C:\Program Files\Android\Android Studio\jbr\bin\nio.dll
0x00007ff9bd950000 - 0x00007ff9bd960000 	C:\Program Files\Android\Android Studio\jbr\bin\verify.dll
0x00007ff9a6080000 - 0x00007ff9a60a7000 	C:\Users\Admin\.gradle\native\68d5fa5c4cc2d200863cafc0d521ce42e7d3e7ee720ec0a83991735586a16f82\windows-amd64\native-platform.dll
0x00007ff960160000 - 0x00007ff9602a4000 	C:\Users\Admin\.gradle\native\e376f236ea51e6404a007f0833ffe2c6e607c4080706a723a18a27aeea778392\windows-amd64\native-platform-file-events.dll
0x00007ff9bd010000 - 0x00007ff9bd019000 	C:\Program Files\Android\Android Studio\jbr\bin\management.dll
0x00007ff9bc300000 - 0x00007ff9bc30b000 	C:\Program Files\Android\Android Studio\jbr\bin\management_ext.dll
0x00007ff9c4e20000 - 0x00007ff9c4e28000 	C:\Windows\System32\PSAPI.DLL
0x00007ff9c3b50000 - 0x00007ff9c3b6b000 	C:\Windows\SYSTEM32\CRYPTSP.dll
0x00007ff9c3400000 - 0x00007ff9c3435000 	C:\Windows\system32\rsaenh.dll
0x00007ff9c39e0000 - 0x00007ff9c3a08000 	C:\Windows\SYSTEM32\USERENV.dll
0x00007ff9c3d20000 - 0x00007ff9c3d48000 	C:\Windows\SYSTEM32\bcrypt.dll
0x00007ff9c3b40000 - 0x00007ff9c3b4c000 	C:\Windows\SYSTEM32\CRYPTBASE.dll
0x00007ff9c3010000 - 0x00007ff9c303d000 	C:\Windows\SYSTEM32\IPHLPAPI.DLL
0x00007ff9c5760000 - 0x00007ff9c5769000 	C:\Windows\System32\NSI.dll
0x00007ff9bca80000 - 0x00007ff9bca99000 	C:\Windows\SYSTEM32\dhcpcsvc6.DLL
0x00007ff9bca60000 - 0x00007ff9bca7f000 	C:\Windows\SYSTEM32\dhcpcsvc.DLL
0x00007ff9c3040000 - 0x00007ff9c3132000 	C:\Windows\SYSTEM32\DNSAPI.dll
0x00007ff9a99f0000 - 0x00007ff9a99f8000 	C:\Windows\system32\wshunix.dll
0x00007ff9a8be0000 - 0x00007ff9a8bf7000 	C:\Windows\system32\napinsp.dll
0x00007ff9a76a0000 - 0x00007ff9a76bb000 	C:\Windows\system32\pnrpnsp.dll
0x00007ff9a5440000 - 0x00007ff9a5451000 	C:\Windows\System32\winrnr.dll
0x00007ff9bc9c0000 - 0x00007ff9bc9d5000 	C:\Windows\system32\wshbth.dll
0x00007ff9a9d70000 - 0x00007ff9a9d91000 	C:\Windows\system32\nlansp_c.dll
0x00007ff9b7c80000 - 0x00007ff9b7c8a000 	C:\Windows\System32\rasadhlp.dll
0x00007ff9bb970000 - 0x00007ff9bb9f3000 	C:\Windows\System32\fwpuclnt.dll
0x00007ff9a5270000 - 0x00007ff9a528e000 	C:\Users\Admin\AppData\Local\Temp\native-platform8024057062200056963dir\native-platform.dll

dbghelp: loaded successfully - version: 4.0.5 - missing functions: none
symbol engine: initialized successfully - sym options: 0x614 - pdb path: .;C:\Program Files\Android\Android Studio\jbr\bin;C:\Windows\SYSTEM32;C:\Windows\WinSxS\amd64_microsoft.windows.common-controls_6595b64144ccf1df_6.0.22621.608_none_a9444ca7c10bb01d;C:\Program Files\Android\Android Studio\jbr\bin\server;C:\Users\Admin\.gradle\native\68d5fa5c4cc2d200863cafc0d521ce42e7d3e7ee720ec0a83991735586a16f82\windows-amd64;C:\Users\Admin\.gradle\native\e376f236ea51e6404a007f0833ffe2c6e607c4080706a723a18a27aeea778392\windows-amd64;C:\Users\Admin\AppData\Local\Temp\native-platform8024057062200056963dir

VM Arguments:
jvm_args: --add-opens=java.base/java.util=ALL-UNNAMED --add-opens=java.base/java.lang=ALL-UNNAMED --add-opens=java.base/java.lang.invoke=ALL-UNNAMED --add-opens=java.prefs/java.util.prefs=ALL-UNNAMED --add-opens=java.base/java.nio.charset=ALL-UNNAMED --add-opens=java.base/java.net=ALL-UNNAMED --add-opens=java.base/java.util.concurrent.atomic=ALL-UNNAMED -Xmx2048m -Dfile.encoding=UTF-8 -Duser.country=ID -Duser.language=en -Duser.variant 
java_command: org.gradle.launcher.daemon.bootstrap.GradleDaemon 8.0
java_class_path (initial): C:\Users\Admin\.gradle\wrapper\dists\gradle-8.0-bin\ca5e32bp14vu59qr306oxotwh\gradle-8.0\lib\gradle-launcher-8.0.jar
Launcher Type: SUN_STANDARD

[Global flags]
     intx CICompilerCount                          = 4                                         {product} {ergonomic}
     uint ConcGCThreads                            = 2                                         {product} {ergonomic}
     uint G1ConcRefinementThreads                  = 8                                         {product} {ergonomic}
   size_t G1HeapRegionSize                         = 1048576                                   {product} {ergonomic}
    uintx GCDrainStackTargetSize                   = 64                                        {product} {ergonomic}
   size_t InitialHeapSize                          = 201326592                                 {product} {ergonomic}
   size_t MarkStackSize                            = 4194304                                   {product} {ergonomic}
   size_t MaxHeapSize                              = 2147483648                                {product} {command line}
   size_t MaxNewSize                               = 1287651328                                {product} {ergonomic}
   size_t MinHeapDeltaBytes                        = 1048576                                   {product} {ergonomic}
   size_t MinHeapSize                              = 8388608                                   {product} {ergonomic}
    uintx NonNMethodCodeHeapSize                   = 5839372                                {pd product} {ergonomic}
    uintx NonProfiledCodeHeapSize                  = 122909434                              {pd product} {ergonomic}
    uintx ProfiledCodeHeapSize                     = 122909434                              {pd product} {ergonomic}
    uintx ReservedCodeCacheSize                    = 251658240                              {pd product} {ergonomic}
     bool SegmentedCodeCache                       = true                                      {product} {ergonomic}
   size_t SoftMaxHeapSize                          = 2147483648                             {manageable} {ergonomic}
     bool UseCompressedClassPointers               = true                           {product lp64_product} {ergonomic}
     bool UseCompressedOops                        = true                           {product lp64_product} {ergonomic}
     bool UseG1GC                                  = true                                      {product} {ergonomic}
     bool UseLargePagesIndividualAllocation        = false                                  {pd product} {ergonomic}

Logging:
Log output configuration:
 #0: stdout all=warning uptime,level,tags
 #1: stderr all=off uptime,level,tags

Environment Variables:
PATH=C:\Program Files\Eclipse Adoptium\jdk-17.0.6.10-hotspot\bin;C:\Windows\system32;C:\Windows;C:\Windows\System32\Wbem;C:\Windows\System32\WindowsPowerShell\v1.0\;C:\Windows\System32\OpenSSH\;C:\xampp\php;C:\ProgramData\ComposerSetup\bin;C:\Program Files\Git\cmd;C:\Program Files\nodejs\;C:\ProgramData\chocolatey\bin;C:\Program Files\Cloudflare\Cloudflare WARP\;C:\Users\Admin\AppData\Local\Microsoft\WindowsApps;C:\Users\Admin\AppData\Local\Programs\Microsoft VS Code\bin;C:\Users\Admin\AppData\Roaming\Composer\vendor\bin;C:\Users\Admin\AppData\Roaming\npm;C:\xampp\mysql\bin;C:\Users\Admin\AppData\Local\GitHubDesktop\bin;C:\ProgramData\Admin\GitHubDesktop\bin
USERNAME=Admin
OS=Windows_NT
PROCESSOR_IDENTIFIER=Intel64 Family 6 Model 142 Stepping 10, GenuineIntel
TMP=C:\Users\Admin\AppData\Local\Temp
TEMP=C:\Users\Admin\AppData\Local\Temp


JNI global refs:
JNI global refs: 28, weak refs: 1

JNI global refs memory usage: 843, weak refs: 841


---------------  S Y S T E M  ---------------

OS:
 Windows 11 , 64 bit Build 22621 (10.0.22621.963)
OS uptime: 0 days 7:59 hours

CPU: total 8 (initial active 8) (4 cores per cpu, 2 threads per core) family 6 model 142 stepping 10 microcode 0xe0, cx8, cmov, fxsr, ht, mmx, 3dnowpref, sse, sse2, sse3, ssse3, sse4.1, sse4.2, popcnt, lzcnt, tsc, tscinvbit, avx, avx2, aes, erms, clmul, bmi1, bmi2, adx, fma, vzeroupper, clflush, clflushopt

Memory: 4k page, system-wide physical 12174M (532M free)
TotalPageFile size 12174M (AvailPageFile size 2M)
current process WorkingSet (physical memory assigned to process): 427M, peak: 439M
current process commit charge ("private bytes"): 462M, peak: 474M

vm_info: OpenJDK 64-Bit Server VM (17.0.6+0-b2043.56-10027231) for windows-amd64 JRE (17.0.6+0-b2043.56-10027231), built on Apr 28 2023 00:43:19 by "androidbuild" with MS VC++ 16.10 / 16.11 (VS2019)

END.
